#
# There is insufficient memory for the Java Runtime Environment to continue.
# Native memory allocation (malloc) failed to allocate 911936 bytes. Error detail: Chunk::new
# Possible reasons:
#   The system is out of physical RAM or swap space
#   This process is running with CompressedOops enabled, and the Java Heap may be blocking the growth of the native heap
# Possible solutions:
#   Reduce memory load on the system
#   Increase physical memory or swap space
#   Check if swap backing store is full
#   Decrease Java heap size (-Xmx/-Xms)
#   Decrease number of Java threads
#   Decrease Java thread stack sizes (-Xss)
#   Set larger code cache with -XX:ReservedCodeCacheSize=
#   JVM is running with Zero Based Compressed Oops mode in which the Java heap is
#     placed in the first 32GB address space. The Java Heap base address is the
#     maximum limit for the native heap growth. Please use -XX:HeapBaseMinAddress
#     to set the Java Heap base and to place the Java Heap above 32GB virtual address.
# This output file may be truncated or incomplete.
#
#  Out of Memory Error (arena.cpp:149), pid=46072, tid=28952
#
# JRE version: Java(TM) SE Runtime Environment (23.0+37) (build 23+37-2369)
# Java VM: Java HotSpot(TM) 64-Bit Server VM (23+37-2369, mixed mode, sharing, tiered, compressed oops, compressed class ptrs, g1 gc, windows-amd64)
# No core dump will be written. Minidumps are not enabled by default on client versions of Windows
#

---------------  S U M M A R Y ------------

Command Line: -Djavax.net.ssl.keyStore=NONE -Djavax.net.ssl.keyStoreType=Windows-my -Djavax.net.ssl.trustStore=NONE -Djavax.net.ssl.trustStoreType=Windows-ROOT -ea -Dfile.encoding=UTF-8 -Dstdout.encoding=UTF-8 -Dstderr.encoding=UTF-8 -XX:+ShowCodeDetailsInExceptionMessages org.testng.remote.RemoteTestNG -serport 59332 -protocol json -d C:\Users\Sahil.Sharma\EclipseEn\DHFAutomation\test-output C:\Users\SAHIL~1.SHA\AppData\Local\Temp\2\testng-eclipse-848764993\testng-customsuite.xml

Host: AMD EPYC 7763 64-Core Processor                , 4 cores, 15G,  Windows 10 , 64 bit Build 19041 (10.0.19041.4957)
Time: Tue Nov 12 07:46:18 2024 India Standard Time elapsed time: 24.435281 seconds (0d 0h 0m 24s)

---------------  T H R E A D  ---------------

Current thread (0x000002a16824e730):  JavaThread "C2 CompilerThread1" daemon [_thread_in_native, id=28952, stack(0x000000e31fb00000,0x000000e31fc00000) (1024K)]


Current CompileTask:
C2:24435 5984       4       sun.security.ec.ECOperations::setDouble (463 bytes)

Stack: [0x000000e31fb00000,0x000000e31fc00000]
Native frames: (J=compiled Java code, j=interpreted, Vv=VM code, C=native code)
V  [jvm.dll+0x6e08a9]  (no source info available)
V  [jvm.dll+0x87da63]  (no source info available)
V  [jvm.dll+0x87feee]  (no source info available)
V  [jvm.dll+0x8805c3]  (no source info available)
V  [jvm.dll+0x27aee6]  (no source info available)
V  [jvm.dll+0xbc06f]  (no source info available)
V  [jvm.dll+0xbc2cb]  (no source info available)
V  [jvm.dll+0x2ee94d]  (no source info available)
V  [jvm.dll+0x6063c9]  (no source info available)
V  [jvm.dll+0x24ddf2]  (no source info available)
V  [jvm.dll+0x24e1d5]  (no source info available)
V  [jvm.dll+0x246b54]  (no source info available)
V  [jvm.dll+0x243d04]  (no source info available)
V  [jvm.dll+0x1c33a0]  (no source info available)
V  [jvm.dll+0x253cf1]  (no source info available)
V  [jvm.dll+0x251faa]  (no source info available)
V  [jvm.dll+0x3ee036]  (no source info available)
V  [jvm.dll+0x824f1b]  (no source info available)
V  [jvm.dll+0x6df055]  (no source info available)
C  [ucrtbase.dll+0x21bb2]  (no source info available)
C  [KERNEL32.DLL+0x17374]  (no source info available)
C  [ntdll.dll+0x4cc91]  (no source info available)

Lock stack of current Java thread (top to bottom):


---------------  P R O C E S S  ---------------

Threads class SMR info:
_java_thread_list=0x000002a16776e390, length=28, elements={
0x000002a1028d5f60, 0x000002a1214be460, 0x000002a1214bfcd0, 0x000002a1214c2e80,
0x000002a1214c58f0, 0x000002a1214c6eb0, 0x000002a1214cefd0, 0x000002a1214d0320,
0x000002a121508070, 0x000002a12162a560, 0x000002a12162f1a0, 0x000002a167678640,
0x000002a169da3430, 0x000002a1684c0430, 0x000002a168c150f0, 0x000002a168c12990,
0x000002a168c13020, 0x000002a168c15780, 0x000002a168c14a60, 0x000002a168c12300,
0x000002a169acdda0, 0x000002a169acd080, 0x000002a169acb640, 0x000002a169acbcd0,
0x000002a169acc360, 0x000002a169acafb0, 0x000002a169acd710, 0x000002a16824e730
}

Java Threads: ( => current thread )
  0x000002a1028d5f60 JavaThread "main"                              [_thread_in_vm, id=48924, stack(0x000000e31d500000,0x000000e31d600000) (1024K)]
  0x000002a1214be460 JavaThread "Reference Handler"          daemon [_thread_blocked, id=30980, stack(0x000000e31dd00000,0x000000e31de00000) (1024K)]
  0x000002a1214bfcd0 JavaThread "Finalizer"                  daemon [_thread_blocked, id=47896, stack(0x000000e31de00000,0x000000e31df00000) (1024K)]
  0x000002a1214c2e80 JavaThread "Signal Dispatcher"          daemon [_thread_blocked, id=12156, stack(0x000000e31df00000,0x000000e31e000000) (1024K)]
  0x000002a1214c58f0 JavaThread "Attach Listener"            daemon [_thread_blocked, id=9148, stack(0x000000e31e000000,0x000000e31e100000) (1024K)]
  0x000002a1214c6eb0 JavaThread "Service Thread"             daemon [_thread_blocked, id=51324, stack(0x000000e31e100000,0x000000e31e200000) (1024K)]
  0x000002a1214cefd0 JavaThread "Monitor Deflation Thread"   daemon [_thread_blocked, id=52720, stack(0x000000e31e200000,0x000000e31e300000) (1024K)]
  0x000002a1214d0320 JavaThread "C2 CompilerThread0"         daemon [_thread_blocked, id=46476, stack(0x000000e31e300000,0x000000e31e400000) (1024K)]
  0x000002a121508070 JavaThread "C1 CompilerThread0"         daemon [_thread_in_vm, id=55092, stack(0x000000e31e400000,0x000000e31e500000) (1024K)]
  0x000002a12162a560 JavaThread "Notification Thread"        daemon [_thread_blocked, id=47736, stack(0x000000e31e500000,0x000000e31e600000) (1024K)]
  0x000002a12162f1a0 JavaThread "Common-Cleaner"             daemon [_thread_blocked, id=41076, stack(0x000000e31e600000,0x000000e31e700000) (1024K)]
  0x000002a167678640 JavaThread "ReaderThread"                      [_thread_in_native, id=15144, stack(0x000000e31e900000,0x000000e31ea00000) (1024K)]
  0x000002a169da3430 JavaThread "ForkJoinPool.commonPool-worker-1" daemon [_thread_blocked, id=16040, stack(0x000000e31ee00000,0x000000e31ef00000) (1024K)]
  0x000002a1684c0430 JavaThread "HttpClient-1-SelectorManager" daemon [_thread_in_native, id=41380, stack(0x000000e31ef00000,0x000000e31f000000) (1024K)]
  0x000002a168c150f0 JavaThread "External Process Output Forwarder - C:\Users\Sahil.Sharma\.cache\selenium\chromedriver\win64\130.0.6723.116\chromedriver.exe" daemon [_thread_in_native, id=49724, stack(0x000000e31f000000,0x000000e31f100000) (1024K)]
  0x000002a168c12990 JavaThread "Driver Service Executor"    daemon [_thread_blocked, id=45548, stack(0x000000e31f100000,0x000000e31f200000) (1024K)]
  0x000002a168c13020 JavaThread "Driver Service Executor"    daemon [_thread_blocked, id=33124, stack(0x000000e31f200000,0x000000e31f300000) (1024K)]
  0x000002a168c15780 JavaThread "UrlChecker-2"               daemon [_thread_blocked, id=25780, stack(0x000000e31f300000,0x000000e31f400000) (1024K)]
  0x000002a168c14a60 JavaThread "pool-2-thread-1"                   [_thread_blocked, id=21488, stack(0x000000e31f400000,0x000000e31f500000) (1024K)]
  0x000002a168c12300 JavaThread "pool-2-thread-2"                   [_thread_blocked, id=56236, stack(0x000000e31f500000,0x000000e31f600000) (1024K)]
  0x000002a169acdda0 JavaThread "pool-2-thread-3"                   [_thread_blocked, id=36876, stack(0x000000e31f600000,0x000000e31f700000) (1024K)]
  0x000002a169acd080 JavaThread "HttpClient-2-SelectorManager" daemon [_thread_in_native, id=13172, stack(0x000000e31f700000,0x000000e31f800000) (1024K)]
  0x000002a169acb640 JavaThread "pool-3-thread-1"                   [_thread_blocked, id=18732, stack(0x000000e31f800000,0x000000e31f900000) (1024K)]
  0x000002a169acbcd0 JavaThread "pool-3-thread-2"                   [_thread_blocked, id=54720, stack(0x000000e31f900000,0x000000e31fa00000) (1024K)]
  0x000002a169acc360 JavaThread "pool-3-thread-3"                   [_thread_blocked, id=15632, stack(0x000000e31fa00000,0x000000e31fb00000) (1024K)]
  0x000002a169acafb0 JavaThread "Java2D Disposer"            daemon [_thread_blocked, id=24380, stack(0x000000e31e700000,0x000000e31e800000) (1024K)]
  0x000002a169acd710 JavaThread "AWT-Windows"                daemon [_thread_in_native, id=12232, stack(0x000000e31fc00000,0x000000e31fd00000) (1024K)]
=>0x000002a16824e730 JavaThread "C2 CompilerThread1"         daemon [_thread_in_native, id=28952, stack(0x000000e31fb00000,0x000000e31fc00000) (1024K)]
Total: 28

Other Threads:
  0x000002a1214a1b10 VMThread "VM Thread"                           [id=40624, stack(0x000000e31dc00000,0x000000e31dd00000) (1024K)]
  0x000002a121490850 WatcherThread "VM Periodic Task Thread"        [id=28340, stack(0x000000e31db00000,0x000000e31dc00000) (1024K)]
  0x000002a1029425b0 WorkerThread "GC Thread#0"                     [id=47344, stack(0x000000e31d600000,0x000000e31d700000) (1024K)]
  0x000002a1217b39b0 WorkerThread "GC Thread#1"                     [id=17076, stack(0x000000e31ea00000,0x000000e31eb00000) (1024K)]
  0x000002a1677f8ab0 WorkerThread "GC Thread#2"                     [id=21984, stack(0x000000e31eb00000,0x000000e31ec00000) (1024K)]
  0x000002a167558d20 WorkerThread "GC Thread#3"                     [id=45984, stack(0x000000e31ec00000,0x000000e31ed00000) (1024K)]
  0x000002a102958430 ConcurrentGCThread "G1 Main Marker"            [id=54636, stack(0x000000e31d700000,0x000000e31d800000) (1024K)]
  0x000002a102959a60 WorkerThread "G1 Conc#0"                       [id=49700, stack(0x000000e31d800000,0x000000e31d900000) (1024K)]
  0x000002a121354990 ConcurrentGCThread "G1 Refine#0"               [id=54940, stack(0x000000e31d900000,0x000000e31da00000) (1024K)]
  0x000002a121356430 ConcurrentGCThread "G1 Service"                [id=20340, stack(0x000000e31da00000,0x000000e31db00000) (1024K)]
Total: 10

Threads with active compile tasks:
C2 CompilerThread0  24543 6052       4       sun.security.util.DerValue::<init> (445 bytes)
C2 CompilerThread1  24543 5984       4       sun.security.ec.ECOperations::setDouble (463 bytes)
Total: 2

VM state: not at safepoint (normal execution)

VM Mutex/Monitor currently owned by a thread: None

Heap address: 0x0000000700c00000, size: 4084 MB, Compressed Oops mode: Zero based, Oop shift amount: 3

CDS archive(s) mapped at: [0x000002a122000000-0x000002a122d70000-0x000002a122d70000), size 14090240, SharedBaseAddress: 0x000002a122000000, ArchiveRelocationMode: 1.
Compressed class space mapped at: 0x000002a123000000-0x000002a163000000, reserved size: 1073741824
Narrow klass base: 0x000002a122000000, Narrow klass shift: 0, Narrow klass range: 0x41000000

GC Precious Log:
 CardTable entry size: 512
 Card Set container configuration: InlinePtr #cards 4 size 8 Array Of Cards #cards 16 size 48 Howl #buckets 8 coarsen threshold 3686 Howl Bitmap #cards 512 size 80 coarsen threshold 460 Card regions per heap region 1 cards per card region 4096
 CPUs: 4 total, 4 available
 Memory: 16332M
 Large Page Support: Disabled
 NUMA Support: Disabled
 Compressed Oops: Enabled (Zero based)
 Heap Region Size: 2M
 Heap Min Capacity: 8M
 Heap Initial Capacity: 256M
 Heap Max Capacity: 4084M
 Pre-touch: Disabled
 Parallel Workers: 4
 Concurrent Workers: 1
 Concurrent Refinement Workers: 4
 Periodic GC: Disabled

Heap:
 garbage-first heap   total reserved 4182016K, committed 49152K, used 34629K [0x0000000700c00000, 0x0000000800000000)
  region size 2048K, 8 young (16384K), 1 survivors (2048K)
 Metaspace       used 42028K, committed 42688K, reserved 1114112K
  class space    used 5339K, committed 5632K, reserved 1048576K

Heap Regions: E=young(eden), S=young(survivor), O=old, HS=humongous(starts), HC=humongous(continues), CS=collection set, F=free, TAMS=top-at-mark-start, PB=parsable bottom
|   0|0x0000000700c00000, 0x0000000700e00000, 0x0000000700e00000|100%| O|  |TAMS 0x0000000700c00000| PB 0x0000000700c00000| Untracked |  0
|   1|0x0000000700e00000, 0x0000000701000000, 0x0000000701000000|100%| O|  |TAMS 0x0000000700e00000| PB 0x0000000700e00000| Untracked |  0
|   2|0x0000000701000000, 0x0000000701200000, 0x0000000701200000|100%| O|  |TAMS 0x0000000701000000| PB 0x0000000701000000| Untracked |  0
|   3|0x0000000701200000, 0x0000000701369430, 0x0000000701400000| 70%| O|Cm|TAMS 0x0000000701200000| PB 0x0000000701200000| Complete |  0
|   4|0x0000000701400000, 0x0000000701600000, 0x0000000701600000|100%| O|  |TAMS 0x0000000701400000| PB 0x0000000701400000| Untracked |  0
|   5|0x0000000701600000, 0x0000000701800000, 0x0000000701800000|100%| O|  |TAMS 0x0000000701600000| PB 0x0000000701600000| Untracked |  0
|   6|0x0000000701800000, 0x0000000701a00000, 0x0000000701a00000|100%| O|  |TAMS 0x0000000701800000| PB 0x0000000701800000| Untracked |  0
|   7|0x0000000701a00000, 0x0000000701c00000, 0x0000000701c00000|100%| O|  |TAMS 0x0000000701a00000| PB 0x0000000701a00000| Untracked |  0
|   8|0x0000000701c00000, 0x0000000701e00000, 0x0000000701e00000|100%| O|  |TAMS 0x0000000701c00000| PB 0x0000000701c00000| Untracked |  0
|   9|0x0000000701e00000, 0x0000000702000000, 0x0000000702000000|100%| O|  |TAMS 0x0000000701e00000| PB 0x0000000701e00000| Untracked |  0
|  10|0x0000000702000000, 0x0000000702200000, 0x0000000702200000|100%| O|  |TAMS 0x0000000702000000| PB 0x0000000702000000| Untracked |  0
|  11|0x0000000702200000, 0x0000000702200000, 0x0000000702400000|  0%| F|  |TAMS 0x0000000702200000| PB 0x0000000702200000| Untracked |  0
|  12|0x0000000702400000, 0x00000007025eb120, 0x0000000702600000| 95%| O|  |TAMS 0x0000000702400000| PB 0x0000000702400000| Untracked |  0
|  13|0x0000000702600000, 0x0000000702600000, 0x0000000702800000|  0%| F|  |TAMS 0x0000000702600000| PB 0x0000000702600000| Untracked |  0
|  14|0x0000000702800000, 0x000000070287d270, 0x0000000702a00000| 24%| S|CS|TAMS 0x0000000702800000| PB 0x0000000702800000| Complete |  0
|  15|0x0000000702a00000, 0x0000000702a00000, 0x0000000702c00000|  0%| F|  |TAMS 0x0000000702a00000| PB 0x0000000702a00000| Untracked |  0
|  16|0x0000000702c00000, 0x0000000702c00000, 0x0000000702e00000|  0%| F|  |TAMS 0x0000000702c00000| PB 0x0000000702c00000| Untracked |  0
|  17|0x0000000702e00000, 0x0000000702f95c80, 0x0000000703000000| 79%| E|  |TAMS 0x0000000702e00000| PB 0x0000000702e00000| Complete |  0
|  18|0x0000000703000000, 0x0000000703200000, 0x0000000703200000|100%| E|  |TAMS 0x0000000703000000| PB 0x0000000703000000| Complete |  0
|  19|0x0000000703200000, 0x0000000703400000, 0x0000000703400000|100%| E|CS|TAMS 0x0000000703200000| PB 0x0000000703200000| Complete |  0
| 114|0x000000070f000000, 0x000000070f200000, 0x000000070f200000|100%| E|CS|TAMS 0x000000070f000000| PB 0x000000070f000000| Complete |  0
| 115|0x000000070f200000, 0x000000070f400000, 0x000000070f400000|100%| E|CS|TAMS 0x000000070f200000| PB 0x000000070f200000| Complete |  0
| 116|0x000000070f400000, 0x000000070f600000, 0x000000070f600000|100%| E|CS|TAMS 0x000000070f400000| PB 0x000000070f400000| Complete |  0
| 127|0x0000000710a00000, 0x0000000710c00000, 0x0000000710c00000|100%| E|CS|TAMS 0x0000000710a00000| PB 0x0000000710a00000| Complete |  0

Card table byte_map: [0x000002a11a800000,0x000002a11b000000] _byte_map_base: 0x000002a116ffa000

Marking Bits: (CMBitMap*) 0x000002a102943be0
 Bits: [0x000002a11b000000, 0x000002a11efd0000)

Polling page: 0x000002a1004a0000

Metaspace:

Usage:
  Non-class:     35.83 MB used.
      Class:      5.21 MB used.
       Both:     41.05 MB used.

Virtual space:
  Non-class space:       64.00 MB reserved,      36.19 MB ( 57%) committed,  1 nodes.
      Class space:        1.00 GB reserved,       5.50 MB ( <1%) committed,  1 nodes.
             Both:        1.06 GB reserved,      41.69 MB (  4%) committed. 

Chunk freelists:
   Non-Class:  11.00 MB
       Class:  10.51 MB
        Both:  21.51 MB

MaxMetaspaceSize: unlimited
CompressedClassSpaceSize: 1.00 GB
Initial GC threshold: 21.00 MB
Current GC threshold: 59.06 MB
CDS: on
 - commit_granule_bytes: 65536.
 - commit_granule_words: 8192.
 - virtual_space_node_default_size: 8388608.
 - enlarge_chunks_in_place: 1.
 - use_allocation_guard: 0.


Internal statistics:

num_allocs_failed_limit: 6.
num_arena_births: 836.
num_arena_deaths: 0.
num_vsnodes_births: 2.
num_vsnodes_deaths: 0.
num_space_committed: 666.
num_space_uncommitted: 0.
num_chunks_returned_to_freelist: 6.
num_chunks_taken_from_freelist: 2065.
num_chunk_merges: 6.
num_chunk_splits: 1339.
num_chunks_enlarged: 903.
num_inconsistent_stats: 0.

CodeHeap 'non-profiled nmethods': size=120064Kb used=2004Kb max_used=2004Kb free=118059Kb
 bounds [0x000002a112ac0000, 0x000002a112d30000, 0x000002a11a000000]
CodeHeap 'profiled nmethods': size=120000Kb used=8857Kb max_used=8857Kb free=111143Kb
 bounds [0x000002a10b000000, 0x000002a10b8b0000, 0x000002a112530000]
CodeHeap 'non-nmethods': size=5696Kb used=1741Kb max_used=1750Kb free=3954Kb
 bounds [0x000002a112530000, 0x000002a1127a0000, 0x000002a112ac0000]
CodeCache: size=245760Kb, used=12602Kb, max_used=12611Kb, free=233156Kb
 total_blobs=6434, nmethods=5664, adapters=672, full_count=0
Compilation: enabled, stopped_count=0, restarted_count=0

Compilation events (20 events):
Event: 24.360 Thread 0x000002a1214d0320 nmethod 5973 0x000002a112caf008 code [0x000002a112caf140, 0x000002a112caf490]
Event: 24.361 Thread 0x000002a121508070 5977       3       sun.security.util.math.intpoly.IntegerPolynomial$Element::mutable (5 bytes)
Event: 24.361 Thread 0x000002a121508070 nmethod 5977 0x000002a10b885708 code [0x000002a10b885820, 0x000002a10b8859e0]
Event: 24.361 Thread 0x000002a121508070 5978       3       sun.security.util.math.intpoly.IntegerPolynomial$Element::mutable (26 bytes)
Event: 24.362 Thread 0x000002a121508070 nmethod 5978 0x000002a10b885a08 code [0x000002a10b885b40, 0x000002a10b886028]
Event: 24.362 Thread 0x000002a121508070 5979       3       sun.security.util.math.intpoly.IntegerPolynomial$MutableElement::<init> (13 bytes)
Event: 24.362 Thread 0x000002a121508070 nmethod 5979 0x000002a10b886088 code [0x000002a10b8861c0, 0x000002a10b8864b8]
Event: 24.367 Thread 0x000002a121508070 5980       3       sun.security.util.ArrayUtil::swap (15 bytes)
Event: 24.367 Thread 0x000002a121508070 nmethod 5980 0x000002a10b886508 code [0x000002a10b886620, 0x000002a10b886768]
Event: 24.369 Thread 0x000002a1214d0320 5981       4       sun.security.ec.ECOperations$PointMultiplier::lookup (84 bytes)
Event: 24.372 Thread 0x000002a121508070 5982       3       sun.security.util.math.intpoly.MontgomeryIntegerPolynomialP256::get0 (5 bytes)
Event: 24.373 Thread 0x000002a121508070 nmethod 5982 0x000002a10b886808 code [0x000002a10b886920, 0x000002a10b886a58]
Event: 24.373 Thread 0x000002a121508070 5983       3       sun.security.util.math.intpoly.MontgomeryIntegerPolynomialP256::get0 (13 bytes)
Event: 24.373 Thread 0x000002a121508070 nmethod 5983 0x000002a10b886b08 code [0x000002a10b886c40, 0x000002a10b886fa8]
Event: 24.374 Thread 0x000002a16824e730 5984       4       sun.security.ec.ECOperations::setDouble (463 bytes)
Event: 24.387 Thread 0x000002a1214d0320 nmethod 5981 0x000002a112caf508 code [0x000002a112caf680, 0x000002a112cb0030]
Event: 24.425 Thread 0x000002a121508070 5985       3       sun.security.ec.ECOperations$Secp256R1GeneratorMontgomeryMultiplier::bit (13 bytes)
Event: 24.425 Thread 0x000002a121508070 nmethod 5985 0x000002a10b887008 code [0x000002a10b887120, 0x000002a10b887248]
Event: 24.425 Thread 0x000002a1214d0320 5986       4       sun.security.util.math.intpoly.IntegerPolynomial$MutableElement::setSquare (5 bytes)
Event: 24.427 Thread 0x000002a1214d0320 nmethod 5986 0x000002a112cb0088 code [0x000002a112cb01c0, 0x000002a112cb0388]

GC Heap History (20 events):
Event: 0.808 GC heap before
{Heap before GC invocations=0 (full 0):
 garbage-first heap   total reserved 4182016K, committed 262144K, used 12288K [0x0000000700c00000, 0x0000000800000000)
  region size 2048K, 7 young (14336K), 0 survivors (0K)
 Metaspace       used 5004K, committed 5248K, reserved 1114112K
  class space    used 569K, committed 704K, reserved 1048576K
}
Event: 0.812 GC heap after
{Heap after GC invocations=1 (full 0):
 garbage-first heap   total reserved 4182016K, committed 262144K, used 7398K [0x0000000700c00000, 0x0000000800000000)
  region size 2048K, 1 young (2048K), 1 survivors (2048K)
 Metaspace       used 5004K, committed 5248K, reserved 1114112K
  class space    used 569K, committed 704K, reserved 1048576K
}
Event: 1.120 GC heap before
{Heap before GC invocations=1 (full 0):
 garbage-first heap   total reserved 4182016K, committed 262144K, used 17638K [0x0000000700c00000, 0x0000000800000000)
  region size 2048K, 6 young (12288K), 1 survivors (2048K)
 Metaspace       used 7735K, committed 8064K, reserved 1114112K
  class space    used 918K, committed 1088K, reserved 1048576K
}
Event: 1.123 GC heap after
{Heap after GC invocations=2 (full 0):
 garbage-first heap   total reserved 4182016K, committed 262144K, used 8351K [0x0000000700c00000, 0x0000000800000000)
  region size 2048K, 1 young (2048K), 1 survivors (2048K)
 Metaspace       used 7735K, committed 8064K, reserved 1114112K
  class space    used 918K, committed 1088K, reserved 1048576K
}
Event: 1.807 GC heap before
{Heap before GC invocations=2 (full 0):
 garbage-first heap   total reserved 4182016K, committed 262144K, used 41119K [0x0000000700c00000, 0x0000000800000000)
  region size 2048K, 18 young (36864K), 1 survivors (2048K)
 Metaspace       used 16382K, committed 16768K, reserved 1114112K
  class space    used 1978K, committed 2176K, reserved 1048576K
}
Event: 1.810 GC heap after
{Heap after GC invocations=3 (full 0):
 garbage-first heap   total reserved 4182016K, committed 262144K, used 10763K [0x0000000700c00000, 0x0000000800000000)
  region size 2048K, 2 young (4096K), 2 survivors (4096K)
 Metaspace       used 16382K, committed 16768K, reserved 1114112K
  class space    used 1978K, committed 2176K, reserved 1048576K
}
Event: 2.504 GC heap before
{Heap before GC invocations=3 (full 0):
 garbage-first heap   total reserved 4182016K, committed 262144K, used 31243K [0x0000000700c00000, 0x0000000800000000)
  region size 2048K, 13 young (26624K), 2 survivors (4096K)
 Metaspace       used 21165K, committed 21504K, reserved 1114112K
  class space    used 2606K, committed 2752K, reserved 1048576K
}
Event: 2.509 GC heap after
{Heap after GC invocations=4 (full 0):
 garbage-first heap   total reserved 4182016K, committed 262144K, used 13621K [0x0000000700c00000, 0x0000000800000000)
  region size 2048K, 3 young (6144K), 3 survivors (6144K)
 Metaspace       used 21165K, committed 21504K, reserved 1114112K
  class space    used 2606K, committed 2752K, reserved 1048576K
}
Event: 3.185 GC heap before
{Heap before GC invocations=5 (full 0):
 garbage-first heap   total reserved 4182016K, committed 49152K, used 36149K [0x0000000700c00000, 0x0000000800000000)
  region size 2048K, 14 young (28672K), 3 survivors (6144K)
 Metaspace       used 25365K, committed 25856K, reserved 1114112K
  class space    used 3219K, committed 3392K, reserved 1048576K
}
Event: 3.191 GC heap after
{Heap after GC invocations=6 (full 0):
 garbage-first heap   total reserved 4182016K, committed 49152K, used 15248K [0x0000000700c00000, 0x0000000800000000)
  region size 2048K, 1 young (2048K), 1 survivors (2048K)
 Metaspace       used 25365K, committed 25856K, reserved 1114112K
  class space    used 3219K, committed 3392K, reserved 1048576K
}
Event: 3.659 GC heap before
{Heap before GC invocations=6 (full 0):
 garbage-first heap   total reserved 4182016K, committed 49152K, used 35728K [0x0000000700c00000, 0x0000000800000000)
  region size 2048K, 11 young (22528K), 1 survivors (2048K)
 Metaspace       used 28748K, committed 29312K, reserved 1114112K
  class space    used 3594K, committed 3840K, reserved 1048576K
}
Event: 3.665 GC heap after
{Heap after GC invocations=7 (full 0):
 garbage-first heap   total reserved 4182016K, committed 49152K, used 19402K [0x0000000700c00000, 0x0000000800000000)
  region size 2048K, 2 young (4096K), 2 survivors (4096K)
 Metaspace       used 28748K, committed 29312K, reserved 1114112K
  class space    used 3594K, committed 3840K, reserved 1048576K
}
Event: 4.263 GC heap before
{Heap before GC invocations=7 (full 0):
 garbage-first heap   total reserved 4182016K, committed 49152K, used 37834K [0x0000000700c00000, 0x0000000800000000)
  region size 2048K, 11 young (22528K), 2 survivors (4096K)
 Metaspace       used 32341K, committed 32960K, reserved 1114112K
  class space    used 4083K, committed 4352K, reserved 1048576K
}
Event: 4.270 GC heap after
{Heap after GC invocations=8 (full 0):
 garbage-first heap   total reserved 4182016K, committed 49152K, used 22644K [0x0000000700c00000, 0x0000000800000000)
  region size 2048K, 2 young (4096K), 2 survivors (4096K)
 Metaspace       used 32341K, committed 32960K, reserved 1114112K
  class space    used 4083K, committed 4352K, reserved 1048576K
}
Event: 12.040 GC heap before
{Heap before GC invocations=8 (full 0):
 garbage-first heap   total reserved 4182016K, committed 49152K, used 39028K [0x0000000700c00000, 0x0000000800000000)
  region size 2048K, 10 young (20480K), 2 survivors (4096K)
 Metaspace       used 35340K, committed 35968K, reserved 1114112K
  class space    used 4527K, committed 4800K, reserved 1048576K
}
Event: 12.043 GC heap after
{Heap after GC invocations=9 (full 0):
 garbage-first heap   total reserved 4182016K, committed 49152K, used 23927K [0x0000000700c00000, 0x0000000800000000)
  region size 2048K, 1 young (2048K), 1 survivors (2048K)
 Metaspace       used 35340K, committed 35968K, reserved 1114112K
  class space    used 4527K, committed 4800K, reserved 1048576K
}
Event: 12.989 GC heap before
{Heap before GC invocations=9 (full 0):
 garbage-first heap   total reserved 4182016K, committed 49152K, used 32119K [0x0000000700c00000, 0x0000000800000000)
  region size 2048K, 6 young (12288K), 1 survivors (2048K)
 Metaspace       used 35518K, committed 36096K, reserved 1114112K
  class space    used 4531K, committed 4800K, reserved 1048576K
}
Event: 12.990 GC heap after
{Heap after GC invocations=10 (full 0):
 garbage-first heap   total reserved 4182016K, committed 49152K, used 24186K [0x0000000700c00000, 0x0000000800000000)
  region size 2048K, 1 young (2048K), 1 survivors (2048K)
 Metaspace       used 35518K, committed 36096K, reserved 1114112K
  class space    used 4531K, committed 4800K, reserved 1048576K
}
Event: 23.516 GC heap before
{Heap before GC invocations=11 (full 0):
 garbage-first heap   total reserved 4182016K, committed 49152K, used 38522K [0x0000000700c00000, 0x0000000800000000)
  region size 2048K, 9 young (18432K), 1 survivors (2048K)
 Metaspace       used 38617K, committed 39232K, reserved 1114112K
  class space    used 4912K, committed 5184K, reserved 1048576K
}
Event: 23.517 GC heap after
{Heap after GC invocations=12 (full 0):
 garbage-first heap   total reserved 4182016K, committed 49152K, used 24389K [0x0000000700c00000, 0x0000000800000000)
  region size 2048K, 1 young (2048K), 1 survivors (2048K)
 Metaspace       used 38617K, committed 39232K, reserved 1114112K
  class space    used 4912K, committed 5184K, reserved 1048576K
}

Dll operation events (10 events):
Event: 0.023 Loaded shared library C:\Program Files\Java\jdk-23\bin\java.dll
Event: 0.096 Loaded shared library C:\Program Files\Java\jdk-23\bin\jsvml.dll
Event: 0.242 Loaded shared library C:\Program Files\Java\jdk-23\bin\net.dll
Event: 0.246 Loaded shared library C:\Program Files\Java\jdk-23\bin\nio.dll
Event: 0.252 Loaded shared library C:\Program Files\Java\jdk-23\bin\zip.dll
Event: 0.438 Loaded shared library C:\Program Files\Java\jdk-23\bin\jimage.dll
Event: 0.574 Loaded shared library C:\Program Files\Java\jdk-23\bin\verify.dll
Event: 0.662 Loaded shared library C:\Program Files\Java\jdk-23\bin\extnet.dll
Event: 3.254 Loaded shared library C:\Program Files\Java\jdk-23\bin\sunmscapi.dll
Event: 17.386 Loaded shared library C:\Program Files\Java\jdk-23\bin\awt.dll

Deoptimization events (20 events):
Event: 23.991 Thread 0x000002a1028d5f60 DEOPT PACKING pc=0x000002a10b84d878 sp=0x000000e31d5fd910
Event: 23.991 Thread 0x000002a1028d5f60 DEOPT UNPACKING pc=0x000002a112584b22 sp=0x000000e31d5fcd80 mode 0
Event: 24.037 Thread 0x000002a1028d5f60 DEOPT PACKING pc=0x000002a10b479b1c sp=0x000000e31d5fd660
Event: 24.037 Thread 0x000002a1028d5f60 DEOPT UNPACKING pc=0x000002a112584b22 sp=0x000000e31d5fcbb8 mode 0
Event: 24.246 Thread 0x000002a1028d5f60 Uncommon trap: trap_request=0xffffffde fr.pc=0x000002a112c2b900 relative=0x00000000000001e0
Event: 24.246 Thread 0x000002a1028d5f60 Uncommon trap: reason=class_check action=maybe_recompile pc=0x000002a112c2b900 method=java.io.DataInputStream.readUnsignedByte()I @ 4 c2
Event: 24.246 Thread 0x000002a1028d5f60 DEOPT PACKING pc=0x000002a112c2b900 sp=0x000000e31d5fc4f0
Event: 24.246 Thread 0x000002a1028d5f60 DEOPT UNPACKING pc=0x000002a112584402 sp=0x000000e31d5fc448 mode 2
Event: 24.246 Thread 0x000002a1028d5f60 Uncommon trap: trap_request=0xffffffde fr.pc=0x000002a112c2b900 relative=0x00000000000001e0
Event: 24.246 Thread 0x000002a1028d5f60 Uncommon trap: reason=class_check action=maybe_recompile pc=0x000002a112c2b900 method=java.io.DataInputStream.readUnsignedByte()I @ 4 c2
Event: 24.246 Thread 0x000002a1028d5f60 DEOPT PACKING pc=0x000002a112c2b900 sp=0x000000e31d5fc4f0
Event: 24.246 Thread 0x000002a1028d5f60 DEOPT UNPACKING pc=0x000002a112584402 sp=0x000000e31d5fc448 mode 2
Event: 24.246 Thread 0x000002a1028d5f60 Uncommon trap: trap_request=0xffffffde fr.pc=0x000002a112c2b900 relative=0x00000000000001e0
Event: 24.246 Thread 0x000002a1028d5f60 Uncommon trap: reason=class_check action=maybe_recompile pc=0x000002a112c2b900 method=java.io.DataInputStream.readUnsignedByte()I @ 4 c2
Event: 24.246 Thread 0x000002a1028d5f60 DEOPT PACKING pc=0x000002a112c2b900 sp=0x000000e31d5fc4f0
Event: 24.246 Thread 0x000002a1028d5f60 DEOPT UNPACKING pc=0x000002a112584402 sp=0x000000e31d5fc448 mode 2
Event: 24.246 Thread 0x000002a1028d5f60 Uncommon trap: trap_request=0xffffffde fr.pc=0x000002a112c2b900 relative=0x00000000000001e0
Event: 24.246 Thread 0x000002a1028d5f60 Uncommon trap: reason=class_check action=maybe_recompile pc=0x000002a112c2b900 method=java.io.DataInputStream.readUnsignedByte()I @ 4 c2
Event: 24.246 Thread 0x000002a1028d5f60 DEOPT PACKING pc=0x000002a112c2b900 sp=0x000000e31d5fc4f0
Event: 24.246 Thread 0x000002a1028d5f60 DEOPT UNPACKING pc=0x000002a112584402 sp=0x000000e31d5fc448 mode 2

Classes loaded (20 events):
Event: 24.297 Loading class sun/security/util/ArrayUtil
Event: 24.297 Loading class sun/security/util/ArrayUtil done
Event: 24.297 Loading class sun/security/ec/ECOperations$Secp256R1GeneratorMontgomeryMultiplier
Event: 24.297 Loading class sun/security/ec/ECOperations$PointMultiplier
Event: 24.297 Loading class sun/security/ec/ECOperations$PointMultiplier done
Event: 24.298 Loading class sun/security/ec/ECOperations$Secp256R1GeneratorMontgomeryMultiplier done
Event: 24.298 Loading class sun/security/ec/ECOperations$DefaultMultiplier
Event: 24.298 Loading class sun/security/ec/ECOperations$DefaultMultiplier done
Event: 24.298 Loading class sun/security/ec/point/ProjectivePoint$Mutable
Event: 24.298 Loading class sun/security/ec/point/MutablePoint
Event: 24.298 Loading class sun/security/ec/point/MutablePoint done
Event: 24.298 Loading class sun/security/ec/point/ProjectivePoint$Mutable done
Event: 24.425 Loading class sun/security/util/math/IntegerModuloP$MultiplicativeInverser$Secp256R1
Event: 24.425 Loading class sun/security/util/math/IntegerModuloP$MultiplicativeInverser$Secp256R1 done
Event: 24.427 Loading class sun/security/ssl/KeyShareExtension$CHKeyShareSpec
Event: 24.427 Loading class sun/security/ssl/KeyShareExtension$CHKeyShareSpec done
Event: 24.427 Loading class sun/security/ssl/OutputRecord$T13PaddingHolder
Event: 24.427 Loading class sun/security/ssl/OutputRecord$T13PaddingHolder done
Event: 24.427 Loading class sun/security/ssl/ContentType
Event: 24.427 Loading class sun/security/ssl/ContentType done

Classes unloaded (0 events):
No events

Classes redefined (0 events):
No events

Internal exceptions (20 events):
Event: 23.767 Thread 0x000002a1028d5f60 Exception <a 'java/lang/ClassNotFoundException'{0x000000070f248450}: com/aventstack/extentreports/reporter/configuration/ViewNameBeanInfo> (0x000000070f248450) 
thrown [s\open\src\hotspot\share\classfile\systemDictionary.cpp, line 313]
Event: 23.767 Thread 0x000002a1028d5f60 Exception <a 'java/lang/ClassNotFoundException'{0x000000070f24c0c0}: com/aventstack/extentreports/reporter/configuration/ViewNameCustomizer> (0x000000070f24c0c0) 
thrown [s\open\src\hotspot\share\classfile\systemDictionary.cpp, line 313]
Event: 23.769 Thread 0x000002a1028d5f60 Exception <a 'java/lang/ClassNotFoundException'{0x000000070f25be20}: com/aventstack/extentreports/model/context/NamedAttributeContextManagerBeanInfo> (0x000000070f25be20) 
thrown [s\open\src\hotspot\share\classfile\systemDictionary.cpp, line 313]
Event: 23.769 Thread 0x000002a1028d5f60 Exception <a 'java/lang/ClassNotFoundException'{0x000000070f2605b8}: com/aventstack/extentreports/model/context/NamedAttributeContextManagerCustomizer> (0x000000070f2605b8) 
thrown [s\open\src\hotspot\share\classfile\systemDictionary.cpp, line 313]
Event: 23.819 Thread 0x000002a1028d5f60 Exception <a 'java/lang/ClassNotFoundException'{0x000000070f2d2858}: com/aventstack/extentreports/model/context/NamedAttributeContextBeanInfo> (0x000000070f2d2858) 
thrown [s\open\src\hotspot\share\classfile\systemDictionary.cpp, line 313]
Event: 23.819 Thread 0x000002a1028d5f60 Exception <a 'java/lang/ClassNotFoundException'{0x000000070f2d6e28}: com/aventstack/extentreports/model/context/NamedAttributeContextCustomizer> (0x000000070f2d6e28) 
thrown [s\open\src\hotspot\share\classfile\systemDictionary.cpp, line 313]
Event: 23.820 Thread 0x000002a1028d5f60 Exception <a 'java/lang/ClassNotFoundException'{0x000000070f2ea0a8}: com/aventstack/extentreports/model/CategoryBeanInfo> (0x000000070f2ea0a8) 
thrown [s\open\src\hotspot\share\classfile\systemDictionary.cpp, line 313]
Event: 23.821 Thread 0x000002a1028d5f60 Exception <a 'java/lang/ClassNotFoundException'{0x000000070f2ee2c8}: com/aventstack/extentreports/model/NamedAttributeBeanInfo> (0x000000070f2ee2c8) 
thrown [s\open\src\hotspot\share\classfile\systemDictionary.cpp, line 313]
Event: 23.821 Thread 0x000002a1028d5f60 Exception <a 'java/lang/ClassNotFoundException'{0x000000070f2f2500}: com/aventstack/extentreports/model/NamedAttributeCustomizer> (0x000000070f2f2500) 
thrown [s\open\src\hotspot\share\classfile\systemDictionary.cpp, line 313]
Event: 23.822 Thread 0x000002a1028d5f60 Exception <a 'java/lang/ClassNotFoundException'{0x000000070f2f9d60}: com/aventstack/extentreports/model/CategoryCustomizer> (0x000000070f2f9d60) 
thrown [s\open\src\hotspot\share\classfile\systemDictionary.cpp, line 313]
Event: 23.823 Thread 0x000002a1028d5f60 Exception <a 'java/lang/ClassNotFoundException'{0x000000070f309640}: com/aventstack/extentreports/model/TestBeanInfo> (0x000000070f309640) 
thrown [s\open\src\hotspot\share\classfile\systemDictionary.cpp, line 313]
Event: 23.823 Thread 0x000002a1028d5f60 Exception <a 'java/lang/ClassNotFoundException'{0x000000070f30ce50}: com/aventstack/extentreports/model/TestCustomizer> (0x000000070f30ce50) 
thrown [s\open\src\hotspot\share\classfile\systemDictionary.cpp, line 313]
Event: 23.840 Thread 0x000002a1028d5f60 Exception <a 'java/lang/ClassNotFoundException'{0x000000070f3b9a38}: java/lang/ClassBeanInfo> (0x000000070f3b9a38) 
thrown [s\open\src\hotspot\share\classfile\systemDictionary.cpp, line 313]
Event: 23.840 Thread 0x000002a1028d5f60 Exception <a 'java/lang/ClassNotFoundException'{0x000000070f3bb1c0}: java/lang/ClassCustomizer> (0x000000070f3bb1c0) 
thrown [s\open\src\hotspot\share\classfile\systemDictionary.cpp, line 313]
Event: 23.878 Thread 0x000002a1028d5f60 Exception <a 'java/lang/ClassNotFoundException'{0x000000070f04dfd8}: com/aventstack/extentreports/model/LogBeanInfo> (0x000000070f04dfd8) 
thrown [s\open\src\hotspot\share\classfile\systemDictionary.cpp, line 313]
Event: 23.879 Thread 0x000002a1028d5f60 Exception <a 'java/lang/ClassNotFoundException'{0x000000070f052258}: com/aventstack/extentreports/model/LogCustomizer> (0x000000070f052258) 
thrown [s\open\src\hotspot\share\classfile\systemDictionary.cpp, line 313]
Event: 23.924 Thread 0x000002a1028d5f60 Exception <a 'java/lang/ClassNotFoundException'{0x000000070f190850}: java/util/concurrent/ConcurrentHashMapBeanInfo> (0x000000070f190850) 
thrown [s\open\src\hotspot\share\classfile\systemDictionary.cpp, line 313]
Event: 23.924 Thread 0x000002a1028d5f60 Exception <a 'java/lang/ClassNotFoundException'{0x000000070f191ab8}: java/util/AbstractMapBeanInfo> (0x000000070f191ab8) 
thrown [s\open\src\hotspot\share\classfile\systemDictionary.cpp, line 313]
Event: 23.924 Thread 0x000002a1028d5f60 Exception <a 'java/lang/ClassNotFoundException'{0x000000070f192ce8}: java/util/AbstractMapCustomizer> (0x000000070f192ce8) 
thrown [s\open\src\hotspot\share\classfile\systemDictionary.cpp, line 313]
Event: 23.929 Thread 0x000002a1028d5f60 Exception <a 'java/lang/ClassNotFoundException'{0x000000070f1c5808}: java/util/concurrent/ConcurrentHashMapCustomizer> (0x000000070f1c5808) 
thrown [s\open\src\hotspot\share\classfile\systemDictionary.cpp, line 313]

VM Operations (20 events):
Event: 12.040 Executing VM operation: G1CollectForAllocation (G1 Evacuation Pause)
Event: 12.043 Executing VM operation: G1CollectForAllocation (G1 Evacuation Pause) done
Event: 12.989 Executing VM operation: CollectForMetadataAllocation (Metadata GC Threshold)
Event: 12.990 Executing VM operation: CollectForMetadataAllocation (Metadata GC Threshold) done
Event: 13.023 Executing VM operation: G1PauseRemark
Event: 13.027 Executing VM operation: G1PauseRemark done
Event: 13.041 Executing VM operation: G1PauseCleanup
Event: 13.041 Executing VM operation: G1PauseCleanup done
Event: 23.516 Executing VM operation: G1CollectForAllocation (G1 Evacuation Pause)
Event: 23.517 Executing VM operation: G1CollectForAllocation (G1 Evacuation Pause) done
Event: 23.642 Executing VM operation: HandshakeAllThreads (Deoptimize)
Event: 23.642 Executing VM operation: HandshakeAllThreads (Deoptimize) done
Event: 23.642 Executing VM operation: HandshakeAllThreads (Deoptimize)
Event: 23.642 Executing VM operation: HandshakeAllThreads (Deoptimize) done
Event: 23.676 Executing VM operation: HandshakeAllThreads (Deoptimize)
Event: 23.676 Executing VM operation: HandshakeAllThreads (Deoptimize) done
Event: 23.843 Executing VM operation: HandshakeAllThreads (Deoptimize)
Event: 23.843 Executing VM operation: HandshakeAllThreads (Deoptimize) done
Event: 24.117 Executing VM operation: HandshakeAllThreads (Deoptimize)
Event: 24.117 Executing VM operation: HandshakeAllThreads (Deoptimize) done

Memory protections (0 events):
No events

Nmethod flushes (20 events):
Event: 13.026 Thread 0x000002a1214a1b10 flushing  nmethod 0x000002a10b138c08
Event: 13.026 Thread 0x000002a1214a1b10 flushing  nmethod 0x000002a10b15ec88
Event: 13.026 Thread 0x000002a1214a1b10 flushing  nmethod 0x000002a10b1a5d88
Event: 13.026 Thread 0x000002a1214a1b10 flushing  nmethod 0x000002a10b1d4208
Event: 13.026 Thread 0x000002a1214a1b10 flushing  nmethod 0x000002a10b1d5088
Event: 13.026 Thread 0x000002a1214a1b10 flushing  nmethod 0x000002a10b21d108
Event: 13.026 Thread 0x000002a1214a1b10 flushing  nmethod 0x000002a10b223008
Event: 13.026 Thread 0x000002a1214a1b10 flushing  nmethod 0x000002a10b237e08
Event: 13.026 Thread 0x000002a1214a1b10 flushing  nmethod 0x000002a10b238e88
Event: 13.026 Thread 0x000002a1214a1b10 flushing  nmethod 0x000002a10b259e88
Event: 13.026 Thread 0x000002a1214a1b10 flushing  nmethod 0x000002a10b27f988
Event: 13.026 Thread 0x000002a1214a1b10 flushing  nmethod 0x000002a10b284308
Event: 13.026 Thread 0x000002a1214a1b10 flushing  nmethod 0x000002a10b2cd788
Event: 13.026 Thread 0x000002a1214a1b10 flushing  nmethod 0x000002a10b2d0888
Event: 13.026 Thread 0x000002a1214a1b10 flushing  nmethod 0x000002a10b2dfd88
Event: 13.026 Thread 0x000002a1214a1b10 flushing  nmethod 0x000002a10b323f88
Event: 13.026 Thread 0x000002a1214a1b10 flushing  nmethod 0x000002a10b329388
Event: 13.026 Thread 0x000002a1214a1b10 flushing  nmethod 0x000002a10b32b988
Event: 13.026 Thread 0x000002a1214a1b10 flushing  nmethod 0x000002a10b468788
Event: 13.026 Thread 0x000002a1214a1b10 flushing  nmethod 0x000002a10b495388

Events (20 events):
Event: 4.038 Thread 0x000002a1028d5f60 Thread added: 0x000002a168c12990
Event: 4.039 Thread 0x000002a1028d5f60 Thread added: 0x000002a168c13020
Event: 4.049 Thread 0x000002a168c12990 Thread added: 0x000002a168c15780
Event: 4.049 Thread 0x000002a1217bd100 Thread exited: 0x000002a1217bd100
Event: 4.250 Thread 0x000002a168c15780 Thread added: 0x000002a168c143d0
Event: 4.331 Thread 0x000002a1028d5f60 Thread added: 0x000002a168c14a60
Event: 4.362 Thread 0x000002a1684c0430 Thread added: 0x000002a168c12300
Event: 4.362 Thread 0x000002a1684c0430 Thread added: 0x000002a169acdda0
Event: 6.299 Thread 0x000002a1028d5f60 Thread added: 0x000002a169acd080
Event: 6.300 Thread 0x000002a1028d5f60 Thread added: 0x000002a169acb640
Event: 6.313 Thread 0x000002a169acd080 Thread added: 0x000002a169acbcd0
Event: 6.331 Thread 0x000002a169acd080 Thread added: 0x000002a169acc360
Event: 14.266 Thread 0x000002a168c143d0 Thread exited: 0x000002a168c143d0
Event: 17.472 Thread 0x000002a1028d5f60 Thread added: 0x000002a169acafb0
Event: 17.473 Thread 0x000002a1028d5f60 Thread added: 0x000002a169acc9f0
Event: 17.479 Thread 0x000002a1028d5f60 Thread added: 0x000002a169acd710
Event: 18.533 Thread 0x000002a169acc9f0 Thread exited: 0x000002a169acc9f0
Event: 23.931 Thread 0x000002a121508070 Thread added: 0x000002a16824f4d0
Event: 24.203 Thread 0x000002a16824f4d0 Thread exited: 0x000002a16824f4d0
Event: 24.314 Thread 0x000002a121508070 Thread added: 0x000002a16824e730


Dynamic libraries:
0x00007ff6acbf0000 - 0x00007ff6acc00000 	C:\Program Files\Java\jdk-23\bin\javaw.exe
0x00007ff88a330000 - 0x00007ff88a528000 	C:\Windows\SYSTEM32\ntdll.dll
0x00007ff888860000 - 0x00007ff888922000 	C:\Windows\System32\KERNEL32.DLL
0x00007ff887b40000 - 0x00007ff887e3e000 	C:\Windows\System32\KERNELBASE.dll
0x00007ff887a40000 - 0x00007ff887b40000 	C:\Windows\System32\ucrtbase.dll
0x00007ff86d8c0000 - 0x00007ff86d8d7000 	C:\Program Files\Java\jdk-23\bin\jli.dll
0x00007ff86bf70000 - 0x00007ff86bf8b000 	C:\Program Files\Java\jdk-23\bin\VCRUNTIME140.dll
0x00007ff889460000 - 0x00007ff8895fd000 	C:\Windows\System32\USER32.dll
0x00007ff887ee0000 - 0x00007ff887f02000 	C:\Windows\System32\win32u.dll
0x00007ff889350000 - 0x00007ff88937b000 	C:\Windows\System32\GDI32.dll
0x00007ff879e10000 - 0x00007ff87a0aa000 	C:\Windows\WinSxS\amd64_microsoft.windows.common-controls_6595b64144ccf1df_6.0.19041.4355_none_60b8b9eb71f62e16\COMCTL32.dll
0x00007ff888230000 - 0x00007ff888347000 	C:\Windows\System32\gdi32full.dll
0x00007ff888350000 - 0x00007ff8883ee000 	C:\Windows\System32\msvcrt.dll
0x00007ff887e40000 - 0x00007ff887edd000 	C:\Windows\System32\msvcp_win.dll
0x00007ff888a80000 - 0x00007ff888aaf000 	C:\Windows\System32\IMM32.DLL
0x000002a100690000 - 0x000002a1006a4000 	C:\Windows\System32\umppc18721.dll
0x00007ff86d280000 - 0x00007ff86d28c000 	C:\Program Files\Java\jdk-23\bin\vcruntime140_1.dll
0x00007ff865500000 - 0x00007ff86558e000 	C:\Program Files\Java\jdk-23\bin\msvcp140.dll
0x00007fffe7350000 - 0x00007fffe809f000 	C:\Program Files\Java\jdk-23\bin\server\jvm.dll
0x00007ff888be0000 - 0x00007ff888c92000 	C:\Windows\System32\ADVAPI32.dll
0x00007ff888b40000 - 0x00007ff888be0000 	C:\Windows\System32\sechost.dll
0x00007ff889920000 - 0x00007ff889a43000 	C:\Windows\System32\RPCRT4.dll
0x00007ff8881b0000 - 0x00007ff8881d7000 	C:\Windows\System32\bcrypt.dll
0x00007ff889380000 - 0x00007ff8893eb000 	C:\Windows\System32\WS2_32.dll
0x00007ff887830000 - 0x00007ff88787b000 	C:\Windows\SYSTEM32\POWRPROF.dll
0x00007ff87c920000 - 0x00007ff87c947000 	C:\Windows\SYSTEM32\WINMM.dll
0x00007ff87eaa0000 - 0x00007ff87eaaa000 	C:\Windows\SYSTEM32\VERSION.dll
0x00007ff887810000 - 0x00007ff887822000 	C:\Windows\SYSTEM32\UMPDC.dll
0x00007ff885fe0000 - 0x00007ff885ff2000 	C:\Windows\SYSTEM32\kernel.appcore.dll
0x00007ff881000000 - 0x00007ff88100a000 	C:\Program Files\Java\jdk-23\bin\jimage.dll
0x00007ff885a20000 - 0x00007ff885c04000 	C:\Windows\SYSTEM32\DBGHELP.DLL
0x00007ff880560000 - 0x00007ff880594000 	C:\Windows\SYSTEM32\dbgcore.DLL
0x00007ff887fc0000 - 0x00007ff888042000 	C:\Windows\System32\bcryptPrimitives.dll
0x00007ff87f140000 - 0x00007ff87f15e000 	C:\Program Files\Java\jdk-23\bin\java.dll
0x00007ff889a50000 - 0x00007ff889b7b000 	C:\Windows\System32\ole32.dll
0x00007ff888fd0000 - 0x00007ff889323000 	C:\Windows\System32\combase.dll
0x00007ff889b80000 - 0x00007ff88a2ef000 	C:\Windows\System32\SHELL32.dll
0x00007ff884910000 - 0x00007ff8850b4000 	C:\Windows\SYSTEM32\windows.storage.dll
0x00007ff887330000 - 0x00007ff88735e000 	C:\Windows\SYSTEM32\Wldp.dll
0x00007ff888930000 - 0x00007ff8889fd000 	C:\Windows\System32\OLEAUT32.dll
0x00007ff888f20000 - 0x00007ff888fcd000 	C:\Windows\System32\SHCORE.dll
0x00007ff8898c0000 - 0x00007ff889915000 	C:\Windows\System32\shlwapi.dll
0x00007ff887900000 - 0x00007ff887924000 	C:\Windows\SYSTEM32\profapi.dll
0x00007ff84ad30000 - 0x00007ff84ae07000 	C:\Program Files\Java\jdk-23\bin\jsvml.dll
0x00007ff87fc60000 - 0x00007ff87fc70000 	C:\Program Files\Java\jdk-23\bin\net.dll
0x00007ff887090000 - 0x00007ff8870fa000 	C:\Windows\system32\mswsock.dll
0x00007ff87fb60000 - 0x00007ff87fb76000 	C:\Program Files\Java\jdk-23\bin\nio.dll
0x00007ff86e2e0000 - 0x00007ff86e2f7000 	C:\Program Files\Java\jdk-23\bin\zip.dll
0x00007ff870100000 - 0x00007ff870110000 	C:\Program Files\Java\jdk-23\bin\verify.dll
0x00007ff886db0000 - 0x00007ff886e7a000 	C:\Windows\SYSTEM32\DNSAPI.dll
0x00007ff886d70000 - 0x00007ff886dab000 	C:\Windows\SYSTEM32\IPHLPAPI.DLL
0x00007ff888ca0000 - 0x00007ff888ca8000 	C:\Windows\System32\NSI.dll
0x00007ff8810f0000 - 0x00007ff8810fa000 	C:\Windows\System32\rasadhlp.dll
0x00007ff883240000 - 0x00007ff8832c0000 	C:\Windows\System32\fwpuclnt.dll
0x00007ff86d790000 - 0x00007ff86d799000 	C:\Program Files\Java\jdk-23\bin\extnet.dll
0x00007ff887280000 - 0x00007ff887298000 	C:\Windows\SYSTEM32\CRYPTSP.dll
0x00007ff8868a0000 - 0x00007ff8868d4000 	C:\Windows\system32\rsaenh.dll
0x00007ff887880000 - 0x00007ff8878ae000 	C:\Windows\SYSTEM32\USERENV.dll
0x00007ff8872a0000 - 0x00007ff8872ac000 	C:\Windows\SYSTEM32\CRYPTBASE.dll
0x00007ff87e5f0000 - 0x00007ff87e607000 	C:\Windows\system32\napinsp.dll
0x00007ff87e610000 - 0x00007ff87e62b000 	C:\Windows\system32\pnrpnsp.dll
0x00007ff87e630000 - 0x00007ff87e645000 	C:\Windows\system32\wshbth.dll
0x00007ff8815d0000 - 0x00007ff8815ed000 	C:\Windows\system32\NLAapi.dll
0x00007ff87e6a0000 - 0x00007ff87e6b2000 	C:\Windows\System32\winrnr.dll
0x00007ff86d7a0000 - 0x00007ff86d7ae000 	C:\Program Files\Java\jdk-23\bin\sunmscapi.dll
0x00007ff888050000 - 0x00007ff8881ac000 	C:\Windows\System32\CRYPT32.dll
0x00007ff8873a0000 - 0x00007ff8873c7000 	C:\Windows\SYSTEM32\ncrypt.dll
0x00007ff887360000 - 0x00007ff88739b000 	C:\Windows\SYSTEM32\NTASN1.dll
0x00007ff8874c0000 - 0x00007ff8874d2000 	C:\Windows\SYSTEM32\MSASN1.dll
0x00007ff886370000 - 0x00007ff886393000 	C:\Windows\SYSTEM32\gpapi.dll
0x00007ff86c8f0000 - 0x00007ff86c8f7000 	C:\Windows\system32\wshunix.dll
0x00007ff82b470000 - 0x00007ff82b5fe000 	C:\Program Files\Java\jdk-23\bin\awt.dll
0x00007ff883000000 - 0x00007ff883094000 	C:\Windows\SYSTEM32\apphelp.dll
0x00007ff884430000 - 0x00007ff88445f000 	C:\Windows\system32\DWMAPI.DLL
0x00007ff884150000 - 0x00007ff8841ee000 	C:\Windows\system32\uxtheme.dll
0x00007ff83c140000 - 0x00007ff83c268000 	C:\Windows\system32\opengl32.dll
0x00007ff86b2f0000 - 0x00007ff86b31c000 	C:\Windows\SYSTEM32\GLU32.dll
0x00007ff888da0000 - 0x00007ff888eb5000 	C:\Windows\System32\MSCTF.dll
0x00007ff882f40000 - 0x00007ff882f7b000 	C:\Windows\SYSTEM32\dxcore.dll
0x00007ff8881e0000 - 0x00007ff88822e000 	C:\Windows\System32\cfgmgr32.dll

dbghelp: loaded successfully - version: 4.0.5 - missing functions: none
symbol engine: initialized successfully - sym options: 0x614 - pdb path: .;C:\Program Files\Java\jdk-23\bin;C:\Windows\SYSTEM32;C:\Windows\WinSxS\amd64_microsoft.windows.common-controls_6595b64144ccf1df_6.0.19041.4355_none_60b8b9eb71f62e16;C:\Program Files\Java\jdk-23\bin\server

VM Arguments:
jvm_args: -Djavax.net.ssl.keyStore=NONE -Djavax.net.ssl.keyStoreType=Windows-my -Djavax.net.ssl.trustStore=NONE -Djavax.net.ssl.trustStoreType=Windows-ROOT -ea -Dfile.encoding=UTF-8 -Dstdout.encoding=UTF-8 -Dstderr.encoding=UTF-8 -XX:+ShowCodeDetailsInExceptionMessages 
java_command: org.testng.remote.RemoteTestNG -serport 59332 -protocol json -d C:\Users\Sahil.Sharma\EclipseEn\DHFAutomation\test-output C:\Users\SAHIL~1.SHA\AppData\Local\Temp\2\testng-eclipse-848764993\testng-customsuite.xml
java_class_path (initial): C:\Users\Sahil.Sharma\java-2024-09\eclipse\configuration\org.eclipse.osgi\524\0\.cp\lib\testng-remote.jar;C:\Users\Sahil.Sharma\EclipseEn\DHFAutomation\target\test-classes;C:\Users\Sahil.Sharma\EclipseEn\DHFAutomation\target\classes;C:\Users\Sahil.Sharma\.m2\repository\org\testng\testng\7.9.0\testng-7.9.0.jar;C:\Users\Sahil.Sharma\.m2\repository\org\slf4j\slf4j-api\1.7.36\slf4j-api-1.7.36.jar;C:\Users\Sahil.Sharma\.m2\repository\com\beust\jcommander\1.82\jcommander-1.82.jar;C:\Users\Sahil.Sharma\.m2\repository\org\webjars\jquery\3.7.1\jquery-3.7.1.jar;C:\Users\Sahil.Sharma\.m2\repository\org\slf4j\slf4j-simple\1.7.32\slf4j-simple-1.7.32.jar;C:\Users\Sahil.Sharma\.m2\repository\commons-io\commons-io\2.16.1\commons-io-2.16.1.jar;C:\Users\Sahil.Sharma\.m2\repository\org\apache\logging\log4j\log4j-core\3.0.0-beta2\log4j-core-3.0.0-beta2.jar;C:\Users\Sahil.Sharma\.m2\repository\org\apache\logging\log4j\log4j-plugins\3.0.0-beta2\log4j-plugins-3.0.0-beta2.jar;C:\Users\Sahil.Sharma\.m2\repository\org\apache\logging\log4j\log4j-api\3.0.0-beta2\log4j-api-3.0.0-beta2.jar;C:\Users\Sahil.Sharma\.m2\repository\io\github\bonigarcia\webdrivermanager\5.9.2\webdrivermanager-5.9.2.jar;C:\Users\Sahil.Sharma\.m2\repository\com\google\code\gson\gson\2.11.0\gson-2.11.0.jar;C:\Users\Sahil.Sharma\.m2\repository\com\google\errorprone\error_prone_annotations\2.27.0\error_prone_annotations-2.27.0.jar;C:\Users\Sahil.Sharma\.m2\repository\com\github\docker-java\docker-java\3.4.0\docker-java-3.4.0.jar;C:\Users\Sahil.Sharma\.m2\repository\com\github\docker-java\docker-java-core\3.4.0\docker-java-core-3.4.0.jar;C:\Users\Sahil.Sharma\.m2\repository\com\github\docker-java\docker-java-api\3.4.0\docker-java-api-3.4.0.jar;C:\Users\Sahil.Sharma\.m2\repository\com\fasterxml\jackson\core\jackson-annotations\2.10.3\jackson-annotations-2.10.3.jar;C:\Users\Sahil.Sharma\.m2\repository\com\fasterxml\jackson\core\jackson-databind\2.10.3\jackson-databind-2.10.3.jar;C:\Users\Sahil.Sharma\.m2\repository\com\fasterxml\jackson\core\jackson-core\2.10.3\jackson-core-2.10.3.jar;C:\Users\Sahil.Sharma\.m2\repository\org\slf4j\jcl-over-slf4j\1.7.30\jcl-over-slf4j-1.7.30.jar;C:\Users\Sahil.Sharma\.m2\repository\com\github\docker-java\docker-java-transport-httpclient5\3.4.0\docker-java-transport-httpclient5-3.4.0.jar;C:\Users\Sahil.Sharma\.m2\repository\com\github\docker-java\docker-java-transport\3.4.0\docker-java-transport-3.4.0.jar;C:\Users\Sahil.Sharma\.m2\repository\net\java\dev\jna\jna\5.13.0\jna-5.13.0.jar;C:\Users\Sahil.Sharma\.m2\repository\org\brotli\dec\0.1.2\dec-0.1.2.jar;C:\Users\Sahil.Sharma\.m2\repository\org\apache\commons\commons-lang3\3.15.0\commons-lang3-3.15.0.jar;C:\Users\Sahil.Sharma\.m2\repository\org\apache\commons\commons-compress\1.26.2\commons-compress-1.26.2.jar;C:\Users\Sahil.Sharma\.m2\repository\commons-codec\commons-codec\1.17.0\commons-codec-1.17.0.jar;C:\Users\Sahil.Sharma\.m2\repository\org\apache\httpcomponents\client5\httpclient5\5.2.1\httpclient5-5.2.1.jar;C:\Users\Sahil.Sharma\.m2\repository\org\apache\httpcomponents\core5\httpcore5\5.2\httpcore5-5.2.jar;C:\Users\Sahil.Sharma\.m2\repository\org\apache\httpcomponents\core5\httpcore5-h2\5.2\httpcore5-h2-5.2.jar;C:\Users\Sahil.Sharma\.m2\repository\org\seleniumhq\selenium\selenium-java\4.18.1\selenium-java-4.18.1.jar;C:\Users\Sahil.Sharma\.m2\repository\org\seleniumhq\selenium\selenium-api\4.18.1\selenium-api-4.18.1.jar;C:\Users\Sahil.Sharma\.m2\repository\org\seleniumhq\selenium\selenium-chrome-driver\4.18.1\selenium-chrome-driver-4.18.1.jar;C:\Users\Sahil.Sharma\.m2\repository\com\google\auto\service\auto-service-annotations\1.1.1\auto-service-annotations-1.1.1.jar;C:\Users\Sahil.Sharma\.m2\repository\org\seleniumhq\selenium\selenium-chromium-driver\4.18.1\selenium-chromium-driver-4.18.1.jar;C:\Users\Sahil.Sharma\.m2\repository\org\seleniumhq\selenium\selenium-json\4.18.1\selenium-json-4.18.1.jar;C:\Users\Sahil.Sharma\.m2\repository\org\seleniumhq\selenium\selenium-manager\4.18.1\selenium-manager-4.18.1.jar;C:\Users\Sahil.Sharma\.m2\repository\org\seleniumhq\selenium\selenium-devtools-v120\4.18.1\selenium-devtools-v120-4.18.1.jar;C:\Users\Sahil.Sharma\.m2\repository\org\seleniumhq\selenium\selenium-devtools-v121\4.18.1\selenium-devtools-v121-4.18.1.jar;C:\Users\Sahil.Sharma\.m2\repository\org\seleniumhq\selenium\selenium-devtools-v122\4.18.1\selenium-devtools-v122-4.18.1.jar;C:\Users\Sahil.Sharma\.m2\repository\org\seleniumhq\selenium\selenium-devtools-v85\4.18.1\selenium-devtools-v85-4.18.1.jar;C:\Users\Sahil.Sharma\.m2\repository\org\seleniumhq\selenium\selenium-edge-driver\4.18.1\selenium-edge-driver-4.18.1.jar;C:\Users\Sahil.Sharma\.m2\repository\org\seleniumhq\selenium\selenium-firefox-driver\4.18.1\selenium-firefox-driver-4.18.1.jar;C:\Users\Sahil.Sharma\.m2\repository\org\seleniumhq\selenium\selenium-http\4.18.1\selenium-http-4.18.1.jar;C:\Users\Sahil.Sharma\.m2\repository\dev\failsafe\failsafe\3.3.2\failsafe-3.3.2.jar;C:\Users\Sahil.Sharma\.m2\repository\org\seleniumhq\selenium\selenium-ie-driver\4.18.1\selenium-ie-driver-4.18.1.jar;C:\Users\Sahil.Sharma\.m2\repository\org\seleniumhq\selenium\selenium-remote-driver\4.18.1\selenium-remote-driver-4.18.1.jar;C:\Users\Sahil.Sharma\.m2\repository\com\google\guava\guava\33.0.0-jre\guava-33.0.0-jre.jar;C:\Users\Sahil.Sharma\.m2\repository\com\google\guava\failureaccess\1.0.2\failureaccess-1.0.2.jar;C:\Users\Sahil.Sharma\.m2\repository\com\google\guava\listenablefuture\9999.0-empty-to-avoid-conflict-with-guava\listenablefuture-9999.0-empty-to-avoid-conflict-with-guava.jar;C:\Users\Sahil.Sharma\.m2\repository\com\google\code\findbugs\jsr305\3.0.2\jsr305-3.0.2.jar;C:\Users\Sahil.Sharma\.m2\repository\org\checkerframework\checker-qual\3.41.0\checker-qual-3.41.0.jar;C:\Users\Sahil.Sharma\.m2\repository\com\google\j2objc\j2objc-annotations\2.8\j2objc-annotations-2.8.jar;C:\Users\Sahil.Sharma\.m2\repository\io\opentelemetry\semconv\opentelemetry-semconv\1.23.1-alpha\opentelemetry-semconv-1.23.1-alpha.jar;C:\Users\Sahil.Sharma\.m2\repository\io\opentelemetry\opentelemetry-api\1.35.0\opentelemetry-api-1.35.0.jar;C:\Users\Sahil.Sharma\.m2\repository\io\opentelemetry\opentelemetry-context\1.35.0\opentelemetry-context-1.35.0.jar;C:\Users\Sahil.Sharma\.m2\repository\io\opentelemetry\opentelemetry-exporter-logging\1.35.0\opentelemetry-exporter-logging-1.35.0.jar;C:\Users\Sahil.Sharma\.m2\repository\io\opentelemetry\opentelemetry-sdk-common\1.35.0\opentelemetry-sdk-common-1.35.0.jar;C:\Users\Sahil.Sharma\.m2\repository\io\opentelemetry\opentelemetry-sdk-extension-autoconfigure-spi\1.35.0\opentelemetry-sdk-extension-autoconfigure-spi-1.35.0.jar;C:\Users\Sahil.Sharma\.m2\repository\io\opentelemetry\opentelemetry-sdk-extension-autoconfigure\1.35.0\opentelemetry-sdk-extension-autoconfigure-1.35.0.jar;C:\Users\Sahil.Sharma\.m2\repository\io\opentelemetry\opentelemetry-api-events\1.35.0-alpha\opentelemetry-api-events-1.35.0-alpha.jar;C:\Users\Sahil.Sharma\.m2\repository\io\opentelemetry\opentelemetry-sdk-trace\1.35.0\opentelemetry-sdk-trace-1.35.0.jar;C:\Users\Sahil.Sharma\.m2\repository\io\opentelemetry\opentelemetry-extension-incubator\1.35.0-alpha\opentelemetry-extension-incubator-1.35.0-alpha.jar;C:\Users\Sahil.Sharma\.m2\repository\io\opentelemetry\opentelemetry-sdk\1.35.0\opentelemetry-sdk-1.35.0.jar;C:\Users\Sahil.Sharma\.m2\repository\io\opentelemetry\opentelemetry-sdk-metrics\1.35.0\opentelemetry-sdk-metrics-1.35.0.jar;C:\Users\Sahil.Sharma\.m2\repository\io\opentelemetry\opentelemetry-sdk-logs\1.35.0\opentelemetry-sdk-logs-1.35.0.jar;C:\Users\Sahil.Sharma\.m2\repository\net\bytebuddy\byte-buddy\1.14.12\byte-buddy-1.14.12.jar;C:\Users\Sahil.Sharma\.m2\repository\org\seleniumhq\selenium\selenium-os\4.18.1\selenium-os-4.18.1.jar;C:\Users\Sahil.Sharma\.m2\repository\org\apache\commons\commons-exec\1.3\commons-exec-1.3.jar;C:\Users\Sahil.Sharma\.m2\repository\org\seleniumhq\selenium\selenium-safari-driver\4.18.1\selenium-safari-driver-4.18.1.jar;C:\Users\Sahil.Sharma\.m2\repository\org\seleniumhq\selenium\selenium-support\4.18.1\selenium-support-4.18.1.jar;C:\Users\Sahil.Sharma\.m2\repository\io\cucumber\cucumber-java\7.11.0\cucumber-java-7.11.0.jar;C:\Users\Sahil.Sharma\.m2\repository\io\cucumber\cucumber-core\7.11.0\cucumber-core-7.11.0.jar;C:\Users\Sahil.Sharma\.m2\repository\io\cucumber\cucumber-gherkin\7.11.0\cucumber-gherkin-7.11.0.jar;C:\Users\Sahil.Sharma\.m2\repository\io\cucumber\cucumber-gherkin-messages\7.11.0\cucumber-gherkin-messages-7.11.0.jar;C:\Users\Sahil.Sharma\.m2\repository\io\cucumber\gherkin\26.0.3\gherkin-26.0.3.jar;C:\Users\Sahil.Sharma\.m2\repository\io\cucumber\messages\21.0.1\messages-21.0.1.jar;C:\Users\Sahil.Sharma\.m2\repository\io\cucumber\tag-expressions\5.0.1\tag-expressions-5.0.1.jar;C:\Users\Sahil.Sharma\.m2\repository\io\cucumber\cucumber-expressions\16.1.1\cucumber-expressions-16.1.1.jar;C:\Users\Sahil.Sharma\.m2\repository\io\cucumber\datatable\7.11.0\datatable-7.11.0.jar;C:\Users\Sahil.Sharma\.m2\repository\io\cucumber\cucumber-plugin\7.11.0\cucumber-plugin-7.11.0.jar;C:\Users\Sahil.Sharma\.m2\repository\io\cucumber\docstring\7.11.0\docstring-7.11.0.jar;C:\Users\Sahil.Sharma\.m2\repository\io\cucumber\html-formatter\20.2.1\html-formatter-20.2.1.jar;C:\Users\Sahil.Sharma\.m2\repository\io\cucumber\junit-xml-formatter\0.1.0\junit-xml-formatter-0.1.0.jar;C:\Users\Sahil.Sharma\.m2\repository\io\cucumber\ci-environment\9.1.0\ci-environment-9.1.0.jar;C:\Users\Sahil.Sharma\.m2\repository\org\apiguardian\apiguardian-api\1.1.2\apiguardian-api-1.1.2.jar;C:\Users\Sahil.Sharma\.m2\repository\io\cucumber\cucumber-testng\7.11.0\cucumber-testng-7.11.0.jar;C:\Users\Sahil.Sharma\.m2\repository\com\aventstack\extentreports\5.1.2\extentreports-5.1.2.jar;C:\Users\Sahil.Sharma\.m2\repository\io\reactivex\rxjava3\rxjava\3.1.6\rxjava-3.1.6.jar;C:\Users\Sahil.Sharma\.m2\repository\org\reactivestreams\reactive-streams\1.0.4\reactive-streams-1.0.4.jar;C:\Users\Sahil.Sharma\.m2\repository\org\freemarker\freemarker\2.3.32\freemarker-2.3.32.jar;C:\Users\Sahil.Sharma\.m2\repository\org\projectlombok\lombok\1.18.26\lombok-1.18.26.jar;C:\Users\Sahil.Sharma\.m2\repository\tech\grasshopper\extentreports-cucumber7-adapter\1.14.0\extentreports-cucumber7-adapter-1.14.0.jar;C:\Users\Sahil.Sharma\.m2\repository\tech\grasshopper\extent-pdf-report\2.12.0\extent-pdf-report-2.12.0.jar;C:\Users\Sahil.Sharma\.m2\repository\tech\grasshopper\cucumber-pdf-report\2.14.0\cucumber-pdf-report-2.14.0.jar;C:\Users\Sahil.Sharma\.m2\repository\org\apache\pdfbox\pdfbox\2.0.26\pdfbox-2.0.26.jar;C:\Users\Sahil.Sharma\.m2\repository\org\apache\pdfbox\fontbox\2.0.26\fontbox-2.0.26.jar;C:\Users\Sahil.Sharma\.m2\repository\org\knowm\xchart\xchart\3.8.0\xchart-3.8.0.jar;C:\Users\Sahil.Sharma\.m2\repository\de\erichseifert\vectorgraphics2d\VectorGraphics2D\0.13\VectorGraphics2D-0.13.jar;C:\Users\Sahil.Sharma\.m2\repository\de\rototor\pdfbox\graphics2d\0.30\graphics2d-0.30.jar;C:\Users\Sahil.Sharma\.m2\repository\com\madgag\animated-gif-lib\1.4\animated-gif-lib-1.4.jar;C:\Users\Sahil.Sharma\.m2\repository\org\yaml\snakeyaml\2.0\snakeyaml-2.0.jar;C:\Users\Sahil.Sharma\.m2\repository\tech\grasshopper\table-layout\1.5.1\table-layout-1.5.1.jar;C:\Users\Sahil.Sharma\.m2\repository\tech\grasshopper\rest-assured-cucumber-pdf-report\1.5.0\rest-assured-cucumber-pdf-report-1.5.0.jar;C:\Users\Sahil.Sharma\.m2\repository\org\jsoup\jsoup\1.15.3\jsoup-1.15.3.jar;C:\Users\Sahil.Sharma\.m2\repository\com\aventstack\klov-reporter\5.1.0\klov-reporter-5.1.0.jar;C:\Users\Sahil.Sharma\.m2\repository\org\mongodb\mongodb-driver\3.6.4\mongodb-driver-3.6.4.jar;C:\Users\Sahil.Sharma\.m2\repository\org\mongodb\mongodb-driver-core\3.6.4\mongodb-driver-core-3.6.4.jar;C:\Users\Sahil.Sharma\.m2\repository\org\mongodb\bson\3.6.4\bson-3.6.4.jar;C:\Users\Sahil.Sharma\.m2\repository\org\apache\httpcomponents\httpclient\4.5.13\httpclient-4.5.13.jar;C:\Users\Sahil.Sharma\.m2\repository\org\apache\httpcomponents\httpcore\4.4.13\httpcore-4.4.13.jar;C:\Users\Sahil.Sharma\.m2\repository\commons-logging\commons-logging\1.2\commons-logging-1.2.jar;C:\Users\Sahil.Sharma\.m2\repository\org\apache\httpcomponents\httpmime\4.5.13\httpmime-4.5.13.jar;C:\Users\Sahil.Sharma\.m2\repository\tech\grasshopper\htmlextentreporter\1.1.0\htmlextentreporter-1.1.0.jar;C:\Users\Sahil.Sharma\.m2\repository\tech\grasshopper\extent-excel-report\1.4.0\extent-excel-report-1.4.0.jar;C:\Users\Sahil.Sharma\.m2\repository\org\apache\poi\poi\5.2.3\poi-5.2.3.jar;C:\Users\Sahil.Sharma\.m2\repository\org\apache\commons\commons-collections4\4.4\commons-collections4-4.4.jar;C:\Users\Sahil.Sharma\.m2\repository\org\apache\commons\commons-math3\3.6.1\commons-math3-3.6.1.jar;C:\Users\Sahil.Sharma\.m2\repository\com\zaxxer\SparseBitSet\1.2\SparseBitSet-1.2.jar;C:\Users\Sahil.Sharma\.m2\repository\org\apache\poi\poi-ooxml\5.2.3\poi-ooxml-5.2.3.jar;C:\Users\Sahil.Sharma\.m2\repository\org\apache\poi\poi-ooxml-lite\5.2.3\poi-ooxml-lite-5.2.3.jar;C:\Users\Sahil.Sharma\.m2\repository\org\apache\xmlbeans\xmlbeans\5.1.1\xmlbeans-5.1.1.jar;C:\Users\Sahil.Sharma\.m2\repository\com\github\virtuald\curvesapi\1.07\curvesapi-1.07.jar
Launcher Type: SUN_STANDARD

[Global flags]
     intx CICompilerCount                          = 3                                         {product} {ergonomic}
     uint ConcGCThreads                            = 1                                         {product} {ergonomic}
     uint G1ConcRefinementThreads                  = 4                                         {product} {ergonomic}
   size_t G1HeapRegionSize                         = 2097152                                   {product} {ergonomic}
   size_t InitialHeapSize                          = 268435456                                 {product} {ergonomic}
   size_t MarkStackSize                            = 4194304                                   {product} {ergonomic}
   size_t MarkStackSizeMax                         = 536870912                                 {product} {ergonomic}
   size_t MaxHeapSize                              = 4282384384                                {product} {ergonomic}
   size_t MaxNewSize                               = 2569011200                                {product} {ergonomic}
   size_t MinHeapDeltaBytes                        = 2097152                                   {product} {ergonomic}
   size_t MinHeapSize                              = 8388608                                   {product} {ergonomic}
    uintx NonNMethodCodeHeapSize                   = 5832704                                {pd product} {ergonomic}
    uintx NonProfiledCodeHeapSize                  = 122945536                              {pd product} {ergonomic}
    uintx ProfiledCodeHeapSize                     = 122880000                              {pd product} {ergonomic}
    uintx ReservedCodeCacheSize                    = 251658240                              {pd product} {ergonomic}
     bool SegmentedCodeCache                       = true                                      {product} {ergonomic}
     bool ShowCodeDetailsInExceptionMessages       = true                                   {manageable} {command line}
   size_t SoftMaxHeapSize                          = 4282384384                             {manageable} {ergonomic}
     bool UseCompressedOops                        = true                           {product lp64_product} {ergonomic}
     bool UseG1GC                                  = true                                      {product} {ergonomic}
     bool UseLargePagesIndividualAllocation        = false                                  {pd product} {ergonomic}

Logging:
Log output configuration:
 #0: stdout all=warning uptime,level,tags foldmultilines=false
 #1: stderr all=off uptime,level,tags foldmultilines=false

Environment Variables:
JAVA_HOME=C:\Program Files\Java\jdk-23
PATH=C:/Program Files/Java/jdk-23/bin/server;C:/Program Files/Java/jdk-23/bin;C:\Windows\system32;C:\Windows;C:\Windows\System32\Wbem;C:\Windows\System32\WindowsPowerShell\v1.0\;C:\Windows\System32\OpenSSH\;C:\Program Files\Java\jdk-23\bin;C:\Program Files\apache-maven-3.9.9\bin;C:\Program Files\Git\cmd;C:\Program Files\Git\mingw64\bin;C:\Program Files\Git\usr\bin;C:\Users\Sahil.Sharma\AppData\Local\Microsoft\WindowsApps;;C:\Windows\system32;
USERNAME=Sahil.Sharma
OS=Windows_NT
PROCESSOR_IDENTIFIER=AMD64 Family 25 Model 1 Stepping 1, AuthenticAMD
TMP=C:\Users\SAHIL~1.SHA\AppData\Local\Temp\2
TEMP=C:\Users\SAHIL~1.SHA\AppData\Local\Temp\2




Periodic native trim disabled

---------------  S Y S T E M  ---------------

OS:
 Windows 10 , 64 bit Build 19041 (10.0.19041.4957)
OS uptime: 12 days 9:51 hours
Hyper-V virtualization detected

CPU: total 4 (initial active 4) (16 cores per cpu, 2 threads per core) family 25 model 1 stepping 1 microcode 0x0, cx8, cmov, fxsr, ht, mmx, 3dnowpref, sse, sse2, sse3, ssse3, sse4a, sse4.1, sse4.2, popcnt, lzcnt, tsc, tscinvbit, avx, avx2, aes, erms, clmul, bmi1, bmi2, adx, sha, fma, vzeroupper, clflush, clflushopt, hv, rdtscp, rdpid, fsrm, f16c, cet_ss
Processor Information for the first 4 processors :
  Max Mhz: 2445, Current Mhz: 2445, Mhz Limit: 2445

Memory: 4k page, system-wide physical 16332M (826M free)
TotalPageFile size 32646M (AvailPageFile size 5M)
current process WorkingSet (physical memory assigned to process): 185M, peak: 185M
current process commit charge ("private bytes"): 211M, peak: 401M

vm_info: Java HotSpot(TM) 64-Bit Server VM (23+37-2369) for windows-amd64 JRE (23+37-2369), built on 2024-08-20T16:01:23Z with MS VC++ 17.6 (VS2022)

END.
