#
# There is insufficient memory for the Java Runtime Environment to continue.
# Native memory allocation (malloc) failed to allocate 2052880 bytes. Error detail: Chunk::new
# Possible reasons:
#   The system is out of physical RAM or swap space
#   This process is running with CompressedOops enabled, and the Java Heap may be blocking the growth of the native heap
# Possible solutions:
#   Reduce memory load on the system
#   Increase physical memory or swap space
#   Check if swap backing store is full
#   Decrease Java heap size (-Xmx/-Xms)
#   Decrease number of Java threads
#   Decrease Java thread stack sizes (-Xss)
#   Set larger code cache with -XX:ReservedCodeCacheSize=
#   JVM is running with Zero Based Compressed Oops mode in which the Java heap is
#     placed in the first 32GB address space. The Java Heap base address is the
#     maximum limit for the native heap growth. Please use -XX:HeapBaseMinAddress
#     to set the Java Heap base and to place the Java Heap above 32GB virtual address.
# This output file may be truncated or incomplete.
#
#  Out of Memory Error (arena.cpp:149), pid=32824, tid=53344
#
# JRE version: Java(TM) SE Runtime Environment (23.0+37) (build 23+37-2369)
# Java VM: Java HotSpot(TM) 64-Bit Server VM (23+37-2369, mixed mode, sharing, tiered, compressed oops, compressed class ptrs, g1 gc, windows-amd64)
# No core dump will be written. Minidumps are not enabled by default on client versions of Windows
#

---------------  S U M M A R Y ------------

Command Line: -Djavax.net.ssl.keyStore=NONE -Djavax.net.ssl.keyStoreType=Windows-my -Djavax.net.ssl.trustStore=NONE -Djavax.net.ssl.trustStoreType=Windows-ROOT -ea -Dfile.encoding=UTF-8 -Dstdout.encoding=UTF-8 -Dstderr.encoding=UTF-8 -XX:+ShowCodeDetailsInExceptionMessages org.testng.remote.RemoteTestNG -serport 62971 -protocol json -d C:\Users\Sahil.Sharma\EclipseEn\DHFAutomation\test-output C:\Users\SAHIL~1.SHA\AppData\Local\Temp\2\testng-eclipse-1075997296\testng-customsuite.xml

Host: AMD EPYC 7763 64-Core Processor                , 4 cores, 15G,  Windows 10 , 64 bit Build 19041 (10.0.19041.4957)
Time: Mon Nov 11 14:20:14 2024 India Standard Time elapsed time: 1.897536 seconds (0d 0h 0m 1s)

---------------  T H R E A D  ---------------

Current thread (0x000001af73009b70):  JavaThread "C2 CompilerThread0" daemon [_thread_in_native, id=53344, stack(0x0000002b56800000,0x0000002b56900000) (1024K)]


Current CompileTask:
C2:1897 2322       4       java.lang.invoke.MethodType::makeImpl (109 bytes)

Stack: [0x0000002b56800000,0x0000002b56900000]
Native frames: (J=compiled Java code, j=interpreted, Vv=VM code, C=native code)
V  [jvm.dll+0x6e08a9]  (no source info available)
V  [jvm.dll+0x87da63]  (no source info available)
V  [jvm.dll+0x87feee]  (no source info available)
V  [jvm.dll+0x8805c3]  (no source info available)
V  [jvm.dll+0x27aee6]  (no source info available)
V  [jvm.dll+0xbc06f]  (no source info available)
V  [jvm.dll+0xbc2cb]  (no source info available)
V  [jvm.dll+0x3b3a9c]  (no source info available)
V  [jvm.dll+0x38a42b]  (no source info available)
V  [jvm.dll+0x38989a]  (no source info available)
V  [jvm.dll+0x244aa1]  (no source info available)
V  [jvm.dll+0x243dff]  (no source info available)
V  [jvm.dll+0x1c33a0]  (no source info available)
V  [jvm.dll+0x253cf1]  (no source info available)
V  [jvm.dll+0x251faa]  (no source info available)
V  [jvm.dll+0x3ee036]  (no source info available)
V  [jvm.dll+0x824f1b]  (no source info available)
V  [jvm.dll+0x6df055]  (no source info available)
C  [ucrtbase.dll+0x21bb2]  (no source info available)
C  [KERNEL32.DLL+0x17374]  (no source info available)
C  [ntdll.dll+0x4cc91]  (no source info available)

Lock stack of current Java thread (top to bottom):


---------------  P R O C E S S  ---------------

Threads class SMR info:
_java_thread_list=0x000001af45aa7340, length=13, elements={
0x000001af5215e640, 0x000001af72ffc500, 0x000001af72ffdd70, 0x000001af73000710,
0x000001af73003180, 0x000001af73003be0, 0x000001af73004f90, 0x000001af73009b70,
0x000001af7301e9e0, 0x000001af451393f0, 0x000001af45145590, 0x000001af4529ff90,
0x000001af45a53770
}

Java Threads: ( => current thread )
  0x000001af5215e640 JavaThread "main"                              [_thread_blocked, id=52864, stack(0x0000002b55a00000,0x0000002b55b00000) (1024K)]
  0x000001af72ffc500 JavaThread "Reference Handler"          daemon [_thread_blocked, id=54540, stack(0x0000002b56200000,0x0000002b56300000) (1024K)]
  0x000001af72ffdd70 JavaThread "Finalizer"                  daemon [_thread_blocked, id=54956, stack(0x0000002b56300000,0x0000002b56400000) (1024K)]
  0x000001af73000710 JavaThread "Signal Dispatcher"          daemon [_thread_blocked, id=54940, stack(0x0000002b56400000,0x0000002b56500000) (1024K)]
  0x000001af73003180 JavaThread "Attach Listener"            daemon [_thread_blocked, id=20256, stack(0x0000002b56500000,0x0000002b56600000) (1024K)]
  0x000001af73003be0 JavaThread "Service Thread"             daemon [_thread_blocked, id=54424, stack(0x0000002b56600000,0x0000002b56700000) (1024K)]
  0x000001af73004f90 JavaThread "Monitor Deflation Thread"   daemon [_thread_blocked, id=21260, stack(0x0000002b56700000,0x0000002b56800000) (1024K)]
=>0x000001af73009b70 JavaThread "C2 CompilerThread0"         daemon [_thread_in_native, id=53344, stack(0x0000002b56800000,0x0000002b56900000) (1024K)]
  0x000001af7301e9e0 JavaThread "C1 CompilerThread0"         daemon [_thread_in_vm, id=14916, stack(0x0000002b56900000,0x0000002b56a00000) (1024K)]
  0x000001af451393f0 JavaThread "Notification Thread"        daemon [_thread_blocked, id=55196, stack(0x0000002b56a00000,0x0000002b56b00000) (1024K)]
  0x000001af45145590 JavaThread "Common-Cleaner"             daemon [_thread_blocked, id=17536, stack(0x0000002b56b00000,0x0000002b56c00000) (1024K)]
  0x000001af4529ff90 JavaThread "C2 CompilerThread1"         daemon [_thread_in_native, id=42740, stack(0x0000002b56c00000,0x0000002b56d00000) (1024K)]
  0x000001af45a53770 JavaThread "ReaderThread"                      [_thread_in_native, id=55316, stack(0x0000002b56e00000,0x0000002b56f00000) (1024K)]
Total: 13

Other Threads:
  0x000001af72fdfc50 VMThread "VM Thread"                           [id=43260, stack(0x0000002b56100000,0x0000002b56200000) (1024K)]
  0x000001af72fce190 WatcherThread "VM Periodic Task Thread"        [id=55132, stack(0x0000002b56000000,0x0000002b56100000) (1024K)]
  0x000001af54481cd0 WorkerThread "GC Thread#0"                     [id=53692, stack(0x0000002b55b00000,0x0000002b55c00000) (1024K)]
  0x000001af45ab4ac0 WorkerThread "GC Thread#1"                     [id=54544, stack(0x0000002b56f00000,0x0000002b57000000) (1024K)]
  0x000001af45a9a060 WorkerThread "GC Thread#2"                     [id=40320, stack(0x0000002b57000000,0x0000002b57100000) (1024K)]
  0x000001af45a9a410 WorkerThread "GC Thread#3"                     [id=52392, stack(0x0000002b57100000,0x0000002b57200000) (1024K)]
  0x000001af54497b50 ConcurrentGCThread "G1 Main Marker"            [id=48052, stack(0x0000002b55c00000,0x0000002b55d00000) (1024K)]
  0x000001af54499180 WorkerThread "G1 Conc#0"                       [id=52412, stack(0x0000002b55d00000,0x0000002b55e00000) (1024K)]
  0x000001af544ce4b0 ConcurrentGCThread "G1 Refine#0"               [id=21204, stack(0x0000002b55e00000,0x0000002b55f00000) (1024K)]
  0x000001af72e95ef0 ConcurrentGCThread "G1 Service"                [id=53104, stack(0x0000002b55f00000,0x0000002b56000000) (1024K)]
Total: 10

Threads with active compile tasks:
C2 CompilerThread0  1993 2322       4       java.lang.invoke.MethodType::makeImpl (109 bytes)
C1 CompilerThread0  1993 2711       3       jdk.internal.reflect.DirectMethodHandleAccessor::invokeImpl (108 bytes)
C2 CompilerThread1  1993 2640       4       java.lang.invoke.MethodType::methodType (69 bytes)
Total: 3

VM state: not at safepoint (normal execution)

VM Mutex/Monitor currently owned by a thread: None

Heap address: 0x0000000700c00000, size: 4084 MB, Compressed Oops mode: Zero based, Oop shift amount: 3

CDS archive(s) mapped at: [0x000001af00000000-0x000001af00d70000-0x000001af00d70000), size 14090240, SharedBaseAddress: 0x000001af00000000, ArchiveRelocationMode: 1.
Compressed class space mapped at: 0x000001af01000000-0x000001af41000000, reserved size: 1073741824
Narrow klass base: 0x000001af00000000, Narrow klass shift: 0, Narrow klass range: 0x41000000

GC Precious Log:
 CardTable entry size: 512
 Card Set container configuration: InlinePtr #cards 4 size 8 Array Of Cards #cards 16 size 48 Howl #buckets 8 coarsen threshold 3686 Howl Bitmap #cards 512 size 80 coarsen threshold 460 Card regions per heap region 1 cards per card region 4096
 CPUs: 4 total, 4 available
 Memory: 16332M
 Large Page Support: Disabled
 NUMA Support: Disabled
 Compressed Oops: Enabled (Zero based)
 Heap Region Size: 2M
 Heap Min Capacity: 8M
 Heap Initial Capacity: 256M
 Heap Max Capacity: 4084M
 Pre-touch: Disabled
 Parallel Workers: 4
 Concurrent Workers: 1
 Concurrent Refinement Workers: 4
 Periodic GC: Disabled

Heap:
 garbage-first heap   total reserved 4182016K, committed 262144K, used 16931K [0x0000000700c00000, 0x0000000800000000)
  region size 2048K, 7 young (14336K), 2 survivors (4096K)
 Metaspace       used 18423K, committed 18752K, reserved 1114112K
  class space    used 2235K, committed 2368K, reserved 1048576K

Heap Regions: E=young(eden), S=young(survivor), O=old, HS=humongous(starts), HC=humongous(continues), CS=collection set, F=free, TAMS=top-at-mark-start, PB=parsable bottom
|   0|0x0000000700c00000, 0x0000000700e00000, 0x0000000700e00000|100%| O|  |TAMS 0x0000000700c00000| PB 0x0000000700c00000| Untracked |  0
|   1|0x0000000700e00000, 0x0000000701000000, 0x0000000701000000|100%| O|  |TAMS 0x0000000700e00000| PB 0x0000000700e00000| Untracked |  0
|   2|0x0000000701000000, 0x0000000701200000, 0x0000000701200000|100%| O|  |TAMS 0x0000000701000000| PB 0x0000000701000000| Untracked |  0
|   3|0x0000000701200000, 0x0000000701364980, 0x0000000701400000| 69%| O|  |TAMS 0x0000000701200000| PB 0x0000000701200000| Untracked |  0
|   4|0x0000000701400000, 0x0000000701400000, 0x0000000701600000|  0%| F|  |TAMS 0x0000000701400000| PB 0x0000000701400000| Untracked |  0
|   5|0x0000000701600000, 0x0000000701600000, 0x0000000701800000|  0%| F|  |TAMS 0x0000000701600000| PB 0x0000000701600000| Untracked |  0
|   6|0x0000000701800000, 0x0000000701800000, 0x0000000701a00000|  0%| F|  |TAMS 0x0000000701800000| PB 0x0000000701800000| Untracked |  0
|   7|0x0000000701a00000, 0x0000000701a00000, 0x0000000701c00000|  0%| F|  |TAMS 0x0000000701a00000| PB 0x0000000701a00000| Untracked |  0
|   8|0x0000000701c00000, 0x0000000701c00000, 0x0000000701e00000|  0%| F|  |TAMS 0x0000000701c00000| PB 0x0000000701c00000| Untracked |  0
|   9|0x0000000701e00000, 0x0000000701e00000, 0x0000000702000000|  0%| F|  |TAMS 0x0000000701e00000| PB 0x0000000701e00000| Untracked |  0
|  10|0x0000000702000000, 0x0000000702000000, 0x0000000702200000|  0%| F|  |TAMS 0x0000000702000000| PB 0x0000000702000000| Untracked |  0
|  11|0x0000000702200000, 0x0000000702200000, 0x0000000702400000|  0%| F|  |TAMS 0x0000000702200000| PB 0x0000000702200000| Untracked |  0
|  12|0x0000000702400000, 0x0000000702400000, 0x0000000702600000|  0%| F|  |TAMS 0x0000000702400000| PB 0x0000000702400000| Untracked |  0
|  13|0x0000000702600000, 0x0000000702600000, 0x0000000702800000|  0%| F|  |TAMS 0x0000000702600000| PB 0x0000000702600000| Untracked |  0
|  14|0x0000000702800000, 0x0000000702800000, 0x0000000702a00000|  0%| F|  |TAMS 0x0000000702800000| PB 0x0000000702800000| Untracked |  0
|  15|0x0000000702a00000, 0x0000000702a00000, 0x0000000702c00000|  0%| F|  |TAMS 0x0000000702a00000| PB 0x0000000702a00000| Untracked |  0
|  16|0x0000000702c00000, 0x0000000702c00000, 0x0000000702e00000|  0%| F|  |TAMS 0x0000000702c00000| PB 0x0000000702c00000| Untracked |  0
|  17|0x0000000702e00000, 0x0000000702e00000, 0x0000000703000000|  0%| F|  |TAMS 0x0000000702e00000| PB 0x0000000702e00000| Untracked |  0
|  18|0x0000000703000000, 0x0000000703000000, 0x0000000703200000|  0%| F|  |TAMS 0x0000000703000000| PB 0x0000000703000000| Untracked |  0
|  19|0x0000000703200000, 0x0000000703200000, 0x0000000703400000|  0%| F|  |TAMS 0x0000000703200000| PB 0x0000000703200000| Untracked |  0
|  20|0x0000000703400000, 0x0000000703400000, 0x0000000703600000|  0%| F|  |TAMS 0x0000000703400000| PB 0x0000000703400000| Untracked |  0
|  21|0x0000000703600000, 0x0000000703600000, 0x0000000703800000|  0%| F|  |TAMS 0x0000000703600000| PB 0x0000000703600000| Untracked |  0
|  22|0x0000000703800000, 0x0000000703800000, 0x0000000703a00000|  0%| F|  |TAMS 0x0000000703800000| PB 0x0000000703800000| Untracked |  0
|  23|0x0000000703a00000, 0x0000000703a00000, 0x0000000703c00000|  0%| F|  |TAMS 0x0000000703a00000| PB 0x0000000703a00000| Untracked |  0
|  24|0x0000000703c00000, 0x0000000703c00000, 0x0000000703e00000|  0%| F|  |TAMS 0x0000000703c00000| PB 0x0000000703c00000| Untracked |  0
|  25|0x0000000703e00000, 0x0000000703e00000, 0x0000000704000000|  0%| F|  |TAMS 0x0000000703e00000| PB 0x0000000703e00000| Untracked |  0
|  26|0x0000000704000000, 0x0000000704000000, 0x0000000704200000|  0%| F|  |TAMS 0x0000000704000000| PB 0x0000000704000000| Untracked |  0
|  27|0x0000000704200000, 0x0000000704200000, 0x0000000704400000|  0%| F|  |TAMS 0x0000000704200000| PB 0x0000000704200000| Untracked |  0
|  28|0x0000000704400000, 0x0000000704400000, 0x0000000704600000|  0%| F|  |TAMS 0x0000000704400000| PB 0x0000000704400000| Untracked |  0
|  29|0x0000000704600000, 0x0000000704600000, 0x0000000704800000|  0%| F|  |TAMS 0x0000000704600000| PB 0x0000000704600000| Untracked |  0
|  30|0x0000000704800000, 0x0000000704800000, 0x0000000704a00000|  0%| F|  |TAMS 0x0000000704800000| PB 0x0000000704800000| Untracked |  0
|  31|0x0000000704a00000, 0x0000000704a00000, 0x0000000704c00000|  0%| F|  |TAMS 0x0000000704a00000| PB 0x0000000704a00000| Untracked |  0
|  32|0x0000000704c00000, 0x0000000704c00000, 0x0000000704e00000|  0%| F|  |TAMS 0x0000000704c00000| PB 0x0000000704c00000| Untracked |  0
|  33|0x0000000704e00000, 0x0000000704e00000, 0x0000000705000000|  0%| F|  |TAMS 0x0000000704e00000| PB 0x0000000704e00000| Untracked |  0
|  34|0x0000000705000000, 0x0000000705000000, 0x0000000705200000|  0%| F|  |TAMS 0x0000000705000000| PB 0x0000000705000000| Untracked |  0
|  35|0x0000000705200000, 0x0000000705200000, 0x0000000705400000|  0%| F|  |TAMS 0x0000000705200000| PB 0x0000000705200000| Untracked |  0
|  36|0x0000000705400000, 0x0000000705400000, 0x0000000705600000|  0%| F|  |TAMS 0x0000000705400000| PB 0x0000000705400000| Untracked |  0
|  37|0x0000000705600000, 0x0000000705600000, 0x0000000705800000|  0%| F|  |TAMS 0x0000000705600000| PB 0x0000000705600000| Untracked |  0
|  38|0x0000000705800000, 0x0000000705800000, 0x0000000705a00000|  0%| F|  |TAMS 0x0000000705800000| PB 0x0000000705800000| Untracked |  0
|  39|0x0000000705a00000, 0x0000000705a00000, 0x0000000705c00000|  0%| F|  |TAMS 0x0000000705a00000| PB 0x0000000705a00000| Untracked |  0
|  40|0x0000000705c00000, 0x0000000705c00000, 0x0000000705e00000|  0%| F|  |TAMS 0x0000000705c00000| PB 0x0000000705c00000| Untracked |  0
|  41|0x0000000705e00000, 0x0000000705e00000, 0x0000000706000000|  0%| F|  |TAMS 0x0000000705e00000| PB 0x0000000705e00000| Untracked |  0
|  42|0x0000000706000000, 0x0000000706000000, 0x0000000706200000|  0%| F|  |TAMS 0x0000000706000000| PB 0x0000000706000000| Untracked |  0
|  43|0x0000000706200000, 0x0000000706200000, 0x0000000706400000|  0%| F|  |TAMS 0x0000000706200000| PB 0x0000000706200000| Untracked |  0
|  44|0x0000000706400000, 0x0000000706400000, 0x0000000706600000|  0%| F|  |TAMS 0x0000000706400000| PB 0x0000000706400000| Untracked |  0
|  45|0x0000000706600000, 0x0000000706600000, 0x0000000706800000|  0%| F|  |TAMS 0x0000000706600000| PB 0x0000000706600000| Untracked |  0
|  46|0x0000000706800000, 0x0000000706800000, 0x0000000706a00000|  0%| F|  |TAMS 0x0000000706800000| PB 0x0000000706800000| Untracked |  0
|  47|0x0000000706a00000, 0x0000000706a00000, 0x0000000706c00000|  0%| F|  |TAMS 0x0000000706a00000| PB 0x0000000706a00000| Untracked |  0
|  48|0x0000000706c00000, 0x0000000706c00000, 0x0000000706e00000|  0%| F|  |TAMS 0x0000000706c00000| PB 0x0000000706c00000| Untracked |  0
|  49|0x0000000706e00000, 0x0000000706e00000, 0x0000000707000000|  0%| F|  |TAMS 0x0000000706e00000| PB 0x0000000706e00000| Untracked |  0
|  50|0x0000000707000000, 0x0000000707000000, 0x0000000707200000|  0%| F|  |TAMS 0x0000000707000000| PB 0x0000000707000000| Untracked |  0
|  51|0x0000000707200000, 0x0000000707200000, 0x0000000707400000|  0%| F|  |TAMS 0x0000000707200000| PB 0x0000000707200000| Untracked |  0
|  52|0x0000000707400000, 0x0000000707400000, 0x0000000707600000|  0%| F|  |TAMS 0x0000000707400000| PB 0x0000000707400000| Untracked |  0
|  53|0x0000000707600000, 0x0000000707600000, 0x0000000707800000|  0%| F|  |TAMS 0x0000000707600000| PB 0x0000000707600000| Untracked |  0
|  54|0x0000000707800000, 0x0000000707800000, 0x0000000707a00000|  0%| F|  |TAMS 0x0000000707800000| PB 0x0000000707800000| Untracked |  0
|  55|0x0000000707a00000, 0x0000000707a00000, 0x0000000707c00000|  0%| F|  |TAMS 0x0000000707a00000| PB 0x0000000707a00000| Untracked |  0
|  56|0x0000000707c00000, 0x0000000707c00000, 0x0000000707e00000|  0%| F|  |TAMS 0x0000000707c00000| PB 0x0000000707c00000| Untracked |  0
|  57|0x0000000707e00000, 0x0000000707e00000, 0x0000000708000000|  0%| F|  |TAMS 0x0000000707e00000| PB 0x0000000707e00000| Untracked |  0
|  58|0x0000000708000000, 0x0000000708000000, 0x0000000708200000|  0%| F|  |TAMS 0x0000000708000000| PB 0x0000000708000000| Untracked |  0
|  59|0x0000000708200000, 0x0000000708200000, 0x0000000708400000|  0%| F|  |TAMS 0x0000000708200000| PB 0x0000000708200000| Untracked |  0
|  60|0x0000000708400000, 0x0000000708400000, 0x0000000708600000|  0%| F|  |TAMS 0x0000000708400000| PB 0x0000000708400000| Untracked |  0
|  61|0x0000000708600000, 0x0000000708600000, 0x0000000708800000|  0%| F|  |TAMS 0x0000000708600000| PB 0x0000000708600000| Untracked |  0
|  62|0x0000000708800000, 0x0000000708800000, 0x0000000708a00000|  0%| F|  |TAMS 0x0000000708800000| PB 0x0000000708800000| Untracked |  0
|  63|0x0000000708a00000, 0x0000000708a00000, 0x0000000708c00000|  0%| F|  |TAMS 0x0000000708a00000| PB 0x0000000708a00000| Untracked |  0
|  64|0x0000000708c00000, 0x0000000708c00000, 0x0000000708e00000|  0%| F|  |TAMS 0x0000000708c00000| PB 0x0000000708c00000| Untracked |  0
|  65|0x0000000708e00000, 0x0000000708e00000, 0x0000000709000000|  0%| F|  |TAMS 0x0000000708e00000| PB 0x0000000708e00000| Untracked |  0
|  66|0x0000000709000000, 0x0000000709000000, 0x0000000709200000|  0%| F|  |TAMS 0x0000000709000000| PB 0x0000000709000000| Untracked |  0
|  67|0x0000000709200000, 0x0000000709200000, 0x0000000709400000|  0%| F|  |TAMS 0x0000000709200000| PB 0x0000000709200000| Untracked |  0
|  68|0x0000000709400000, 0x0000000709400000, 0x0000000709600000|  0%| F|  |TAMS 0x0000000709400000| PB 0x0000000709400000| Untracked |  0
|  69|0x0000000709600000, 0x0000000709600000, 0x0000000709800000|  0%| F|  |TAMS 0x0000000709600000| PB 0x0000000709600000| Untracked |  0
|  70|0x0000000709800000, 0x0000000709800000, 0x0000000709a00000|  0%| F|  |TAMS 0x0000000709800000| PB 0x0000000709800000| Untracked |  0
|  71|0x0000000709a00000, 0x0000000709a00000, 0x0000000709c00000|  0%| F|  |TAMS 0x0000000709a00000| PB 0x0000000709a00000| Untracked |  0
|  72|0x0000000709c00000, 0x0000000709c00000, 0x0000000709e00000|  0%| F|  |TAMS 0x0000000709c00000| PB 0x0000000709c00000| Untracked |  0
|  73|0x0000000709e00000, 0x0000000709e00000, 0x000000070a000000|  0%| F|  |TAMS 0x0000000709e00000| PB 0x0000000709e00000| Untracked |  0
|  74|0x000000070a000000, 0x000000070a000000, 0x000000070a200000|  0%| F|  |TAMS 0x000000070a000000| PB 0x000000070a000000| Untracked |  0
|  75|0x000000070a200000, 0x000000070a200000, 0x000000070a400000|  0%| F|  |TAMS 0x000000070a200000| PB 0x000000070a200000| Untracked |  0
|  76|0x000000070a400000, 0x000000070a400000, 0x000000070a600000|  0%| F|  |TAMS 0x000000070a400000| PB 0x000000070a400000| Untracked |  0
|  77|0x000000070a600000, 0x000000070a600000, 0x000000070a800000|  0%| F|  |TAMS 0x000000070a600000| PB 0x000000070a600000| Untracked |  0
|  78|0x000000070a800000, 0x000000070a800000, 0x000000070aa00000|  0%| F|  |TAMS 0x000000070a800000| PB 0x000000070a800000| Untracked |  0
|  79|0x000000070aa00000, 0x000000070aa00000, 0x000000070ac00000|  0%| F|  |TAMS 0x000000070aa00000| PB 0x000000070aa00000| Untracked |  0
|  80|0x000000070ac00000, 0x000000070ac00000, 0x000000070ae00000|  0%| F|  |TAMS 0x000000070ac00000| PB 0x000000070ac00000| Untracked |  0
|  81|0x000000070ae00000, 0x000000070ae00000, 0x000000070b000000|  0%| F|  |TAMS 0x000000070ae00000| PB 0x000000070ae00000| Untracked |  0
|  82|0x000000070b000000, 0x000000070b000000, 0x000000070b200000|  0%| F|  |TAMS 0x000000070b000000| PB 0x000000070b000000| Untracked |  0
|  83|0x000000070b200000, 0x000000070b200000, 0x000000070b400000|  0%| F|  |TAMS 0x000000070b200000| PB 0x000000070b200000| Untracked |  0
|  84|0x000000070b400000, 0x000000070b400000, 0x000000070b600000|  0%| F|  |TAMS 0x000000070b400000| PB 0x000000070b400000| Untracked |  0
|  85|0x000000070b600000, 0x000000070b600000, 0x000000070b800000|  0%| F|  |TAMS 0x000000070b600000| PB 0x000000070b600000| Untracked |  0
|  86|0x000000070b800000, 0x000000070b800000, 0x000000070ba00000|  0%| F|  |TAMS 0x000000070b800000| PB 0x000000070b800000| Untracked |  0
|  87|0x000000070ba00000, 0x000000070ba00000, 0x000000070bc00000|  0%| F|  |TAMS 0x000000070ba00000| PB 0x000000070ba00000| Untracked |  0
|  88|0x000000070bc00000, 0x000000070bc00000, 0x000000070be00000|  0%| F|  |TAMS 0x000000070bc00000| PB 0x000000070bc00000| Untracked |  0
|  89|0x000000070be00000, 0x000000070be00000, 0x000000070c000000|  0%| F|  |TAMS 0x000000070be00000| PB 0x000000070be00000| Untracked |  0
|  90|0x000000070c000000, 0x000000070c000000, 0x000000070c200000|  0%| F|  |TAMS 0x000000070c000000| PB 0x000000070c000000| Untracked |  0
|  91|0x000000070c200000, 0x000000070c200000, 0x000000070c400000|  0%| F|  |TAMS 0x000000070c200000| PB 0x000000070c200000| Untracked |  0
|  92|0x000000070c400000, 0x000000070c400000, 0x000000070c600000|  0%| F|  |TAMS 0x000000070c400000| PB 0x000000070c400000| Untracked |  0
|  93|0x000000070c600000, 0x000000070c600000, 0x000000070c800000|  0%| F|  |TAMS 0x000000070c600000| PB 0x000000070c600000| Untracked |  0
|  94|0x000000070c800000, 0x000000070c800000, 0x000000070ca00000|  0%| F|  |TAMS 0x000000070c800000| PB 0x000000070c800000| Untracked |  0
|  95|0x000000070ca00000, 0x000000070ca00000, 0x000000070cc00000|  0%| F|  |TAMS 0x000000070ca00000| PB 0x000000070ca00000| Untracked |  0
|  96|0x000000070cc00000, 0x000000070cc00000, 0x000000070ce00000|  0%| F|  |TAMS 0x000000070cc00000| PB 0x000000070cc00000| Untracked |  0
|  97|0x000000070ce00000, 0x000000070ce00000, 0x000000070d000000|  0%| F|  |TAMS 0x000000070ce00000| PB 0x000000070ce00000| Untracked |  0
|  98|0x000000070d000000, 0x000000070d000000, 0x000000070d200000|  0%| F|  |TAMS 0x000000070d000000| PB 0x000000070d000000| Untracked |  0
|  99|0x000000070d200000, 0x000000070d200000, 0x000000070d400000|  0%| F|  |TAMS 0x000000070d200000| PB 0x000000070d200000| Untracked |  0
| 100|0x000000070d400000, 0x000000070d400000, 0x000000070d600000|  0%| F|  |TAMS 0x000000070d400000| PB 0x000000070d400000| Untracked |  0
| 101|0x000000070d600000, 0x000000070d600000, 0x000000070d800000|  0%| F|  |TAMS 0x000000070d600000| PB 0x000000070d600000| Untracked |  0
| 102|0x000000070d800000, 0x000000070d800000, 0x000000070da00000|  0%| F|  |TAMS 0x000000070d800000| PB 0x000000070d800000| Untracked |  0
| 103|0x000000070da00000, 0x000000070da00000, 0x000000070dc00000|  0%| F|  |TAMS 0x000000070da00000| PB 0x000000070da00000| Untracked |  0
| 104|0x000000070dc00000, 0x000000070dc00000, 0x000000070de00000|  0%| F|  |TAMS 0x000000070dc00000| PB 0x000000070dc00000| Untracked |  0
| 105|0x000000070de00000, 0x000000070de00000, 0x000000070e000000|  0%| F|  |TAMS 0x000000070de00000| PB 0x000000070de00000| Untracked |  0
| 106|0x000000070e000000, 0x000000070e000000, 0x000000070e200000|  0%| F|  |TAMS 0x000000070e000000| PB 0x000000070e000000| Untracked |  0
| 107|0x000000070e200000, 0x000000070e200000, 0x000000070e400000|  0%| F|  |TAMS 0x000000070e200000| PB 0x000000070e200000| Untracked |  0
| 108|0x000000070e400000, 0x000000070e524280, 0x000000070e600000| 57%| S|CS|TAMS 0x000000070e400000| PB 0x000000070e400000| Complete |  0
| 109|0x000000070e600000, 0x000000070e800000, 0x000000070e800000|100%| S|CS|TAMS 0x000000070e600000| PB 0x000000070e600000| Complete |  0
| 110|0x000000070e800000, 0x000000070e800000, 0x000000070ea00000|  0%| F|  |TAMS 0x000000070e800000| PB 0x000000070e800000| Untracked |  0
| 111|0x000000070ea00000, 0x000000070ea00000, 0x000000070ec00000|  0%| F|  |TAMS 0x000000070ea00000| PB 0x000000070ea00000| Untracked |  0
| 112|0x000000070ec00000, 0x000000070ec00000, 0x000000070ee00000|  0%| F|  |TAMS 0x000000070ec00000| PB 0x000000070ec00000| Untracked |  0
| 113|0x000000070ee00000, 0x000000070ee00000, 0x000000070f000000|  0%| F|  |TAMS 0x000000070ee00000| PB 0x000000070ee00000| Untracked |  0
| 114|0x000000070f000000, 0x000000070f000000, 0x000000070f200000|  0%| F|  |TAMS 0x000000070f000000| PB 0x000000070f000000| Untracked |  0
| 115|0x000000070f200000, 0x000000070f200000, 0x000000070f400000|  0%| F|  |TAMS 0x000000070f200000| PB 0x000000070f200000| Untracked |  0
| 116|0x000000070f400000, 0x000000070f400000, 0x000000070f600000|  0%| F|  |TAMS 0x000000070f400000| PB 0x000000070f400000| Untracked |  0
| 117|0x000000070f600000, 0x000000070f600000, 0x000000070f800000|  0%| F|  |TAMS 0x000000070f600000| PB 0x000000070f600000| Untracked |  0
| 118|0x000000070f800000, 0x000000070f800000, 0x000000070fa00000|  0%| F|  |TAMS 0x000000070f800000| PB 0x000000070f800000| Untracked |  0
| 119|0x000000070fa00000, 0x000000070fa00000, 0x000000070fc00000|  0%| F|  |TAMS 0x000000070fa00000| PB 0x000000070fa00000| Untracked |  0
| 120|0x000000070fc00000, 0x000000070fc00000, 0x000000070fe00000|  0%| F|  |TAMS 0x000000070fc00000| PB 0x000000070fc00000| Untracked |  0
| 121|0x000000070fe00000, 0x000000070fe00000, 0x0000000710000000|  0%| F|  |TAMS 0x000000070fe00000| PB 0x000000070fe00000| Untracked |  0
| 122|0x0000000710000000, 0x0000000710000000, 0x0000000710200000|  0%| F|  |TAMS 0x0000000710000000| PB 0x0000000710000000| Untracked |  0
| 123|0x0000000710200000, 0x000000071033d090, 0x0000000710400000| 61%| E|  |TAMS 0x0000000710200000| PB 0x0000000710200000| Complete |  0
| 124|0x0000000710400000, 0x0000000710600000, 0x0000000710600000|100%| E|CS|TAMS 0x0000000710400000| PB 0x0000000710400000| Complete |  0
| 125|0x0000000710600000, 0x0000000710800000, 0x0000000710800000|100%| E|CS|TAMS 0x0000000710600000| PB 0x0000000710600000| Complete |  0
| 126|0x0000000710800000, 0x0000000710a00000, 0x0000000710a00000|100%| E|  |TAMS 0x0000000710800000| PB 0x0000000710800000| Complete |  0
| 127|0x0000000710a00000, 0x0000000710c00000, 0x0000000710c00000|100%| E|CS|TAMS 0x0000000710a00000| PB 0x0000000710a00000| Complete |  0

Card table byte_map: [0x000001af6c340000,0x000001af6cb40000] _byte_map_base: 0x000001af68b3a000

Marking Bits: (CMBitMap*) 0x000001af54483300
 Bits: [0x000001af6cb40000, 0x000001af70b10000)

Polling page: 0x000001af52110000

Metaspace:

Usage:
  Non-class:     15.83 MB used.
      Class:      2.18 MB used.
       Both:     18.01 MB used.

Virtual space:
  Non-class space:       64.00 MB reserved,      16.00 MB ( 25%) committed,  1 nodes.
      Class space:        1.00 GB reserved,       2.31 MB ( <1%) committed,  1 nodes.
             Both:        1.06 GB reserved,      18.31 MB (  2%) committed. 

Chunk freelists:
   Non-Class:  15.87 MB
       Class:  13.69 MB
        Both:  29.57 MB

MaxMetaspaceSize: unlimited
CompressedClassSpaceSize: 1.00 GB
Initial GC threshold: 21.00 MB
Current GC threshold: 21.00 MB
CDS: on
 - commit_granule_bytes: 65536.
 - commit_granule_words: 8192.
 - virtual_space_node_default_size: 8388608.
 - enlarge_chunks_in_place: 1.
 - use_allocation_guard: 0.


Internal statistics:

num_allocs_failed_limit: 0.
num_arena_births: 354.
num_arena_deaths: 0.
num_vsnodes_births: 2.
num_vsnodes_deaths: 0.
num_space_committed: 293.
num_space_uncommitted: 0.
num_chunks_returned_to_freelist: 0.
num_chunks_taken_from_freelist: 904.
num_chunk_merges: 0.
num_chunk_splits: 597.
num_chunks_enlarged: 402.
num_inconsistent_stats: 0.

CodeHeap 'non-profiled nmethods': size=120064Kb used=846Kb max_used=846Kb free=119217Kb
 bounds [0x000001af64600000, 0x000001af64870000, 0x000001af6bb40000]
CodeHeap 'profiled nmethods': size=120000Kb used=4031Kb max_used=4031Kb free=115968Kb
 bounds [0x000001af5cb40000, 0x000001af5cf30000, 0x000001af64070000]
CodeHeap 'non-nmethods': size=5696Kb used=1497Kb max_used=1521Kb free=4198Kb
 bounds [0x000001af64070000, 0x000001af642e0000, 0x000001af64600000]
CodeCache: size=245760Kb, used=6374Kb, max_used=6398Kb, free=239383Kb
 total_blobs=3314, nmethods=2727, adapters=492, full_count=0
Compilation: enabled, stopped_count=0, restarted_count=0

Compilation events (20 events):
Event: 1.885 Thread 0x000001af7301e9e0 nmethod 2529 0x000001af5ceb7808 code [0x000001af5ceb7940, 0x000001af5ceb7bb8]
Event: 1.885 Thread 0x000001af7301e9e0 2527       1       io.cucumber.core.internal.com.fasterxml.jackson.databind.introspect.JacksonAnnotationIntrospector::findRenameByField (2 bytes)
Event: 1.885 Thread 0x000001af7301e9e0 nmethod 2527 0x000001af646ca508 code [0x000001af646ca620, 0x000001af646ca6f0]
Event: 1.885 Thread 0x000001af7301e9e0 2528       1       io.cucumber.core.internal.com.fasterxml.jackson.databind.introspect.AnnotatedField::getAnnotated (5 bytes)
Event: 1.885 Thread 0x000001af7301e9e0 nmethod 2528 0x000001af646ca808 code [0x000001af646ca920, 0x000001af646ca9f0]
Event: 1.885 Thread 0x000001af7301e9e0 2531       3       java.lang.invoke.LambdaFormEditor::getInCache (165 bytes)
Event: 1.885 Thread 0x000001af7301e9e0 nmethod 2531 0x000001af5ceb7c08 code [0x000001af5ceb7de0, 0x000001af5ceb8bc0]
Event: 1.885 Thread 0x000001af7301e9e0 2532       3       jdk.internal.misc.VM::isJavaLangInvokeInited (4 bytes)
Event: 1.885 Thread 0x000001af7301e9e0 nmethod 2532 0x000001af5ceb8c08 code [0x000001af5ceb8d20, 0x000001af5ceb8e10]
Event: 1.885 Thread 0x000001af7301e9e0 2533       3       java.lang.invoke.LambdaForm$MH/0x000001af01009800::invoke (25 bytes)
Event: 1.886 Thread 0x000001af7301e9e0 nmethod 2533 0x000001af5ceb8f08 code [0x000001af5ceb9040, 0x000001af5ceb9550]
Event: 1.886 Thread 0x000001af7301e9e0 2534       3       java.util.concurrent.ConcurrentHashMap$Traverser::advance (188 bytes)
Event: 1.887 Thread 0x000001af7301e9e0 nmethod 2534 0x000001af5ceb9588 code [0x000001af5ceb9740, 0x000001af5ceba168]
Event: 1.887 Thread 0x000001af7301e9e0 2535       3       java.lang.invoke.DirectMethodHandle$Holder::invokeSpecial (15 bytes)
Event: 1.887 Thread 0x000001af7301e9e0 nmethod 2535 0x000001af5ceba188 code [0x000001af5ceba2c0, 0x000001af5ceba800]
Event: 1.887 Thread 0x000001af7301e9e0 2536       3       java.util.Optional::isPresent (13 bytes)
Event: 1.887 Thread 0x000001af7301e9e0 nmethod 2536 0x000001af5ceba888 code [0x000001af5ceba9a0, 0x000001af5cebab00]
Event: 1.889 Thread 0x000001af7301e9e0 2537       3       java.lang.invoke.LambdaForm$MH/0x000001af01009c00::invoke (35 bytes)
Event: 1.889 Thread 0x000001af7301e9e0 nmethod 2537 0x000001af5cebab88 code [0x000001af5cebace0, 0x000001af5cebb360]
Event: 1.891 Thread 0x000001af4529ff90 2538       4       java.net.URLStreamHandler::setURL (156 bytes)

GC Heap History (6 events):
Event: 0.726 GC heap before
{Heap before GC invocations=0 (full 0):
 garbage-first heap   total reserved 4182016K, committed 262144K, used 12288K [0x0000000700c00000, 0x0000000800000000)
  region size 2048K, 7 young (14336K), 0 survivors (0K)
 Metaspace       used 5006K, committed 5248K, reserved 1114112K
  class space    used 570K, committed 704K, reserved 1048576K
}
Event: 0.730 GC heap after
{Heap after GC invocations=1 (full 0):
 garbage-first heap   total reserved 4182016K, committed 262144K, used 7306K [0x0000000700c00000, 0x0000000800000000)
  region size 2048K, 1 young (2048K), 1 survivors (2048K)
 Metaspace       used 5006K, committed 5248K, reserved 1114112K
  class space    used 570K, committed 704K, reserved 1048576K
}
Event: 1.012 GC heap before
{Heap before GC invocations=1 (full 0):
 garbage-first heap   total reserved 4182016K, committed 262144K, used 17546K [0x0000000700c00000, 0x0000000800000000)
  region size 2048K, 6 young (12288K), 1 survivors (2048K)
 Metaspace       used 7706K, committed 8064K, reserved 1114112K
  class space    used 918K, committed 1088K, reserved 1048576K
}
Event: 1.015 GC heap after
{Heap after GC invocations=2 (full 0):
 garbage-first heap   total reserved 4182016K, committed 262144K, used 8243K [0x0000000700c00000, 0x0000000800000000)
  region size 2048K, 1 young (2048K), 1 survivors (2048K)
 Metaspace       used 7706K, committed 8064K, reserved 1114112K
  class space    used 918K, committed 1088K, reserved 1048576K
}
Event: 1.710 GC heap before
{Heap before GC invocations=2 (full 0):
 garbage-first heap   total reserved 4182016K, committed 262144K, used 41011K [0x0000000700c00000, 0x0000000800000000)
  region size 2048K, 18 young (36864K), 1 survivors (2048K)
 Metaspace       used 16399K, committed 16832K, reserved 1114112K
  class space    used 1985K, committed 2176K, reserved 1048576K
}
Event: 1.713 GC heap after
{Heap after GC invocations=3 (full 0):
 garbage-first heap   total reserved 4182016K, committed 262144K, used 10787K [0x0000000700c00000, 0x0000000800000000)
  region size 2048K, 2 young (4096K), 2 survivors (4096K)
 Metaspace       used 16399K, committed 16832K, reserved 1114112K
  class space    used 1985K, committed 2176K, reserved 1048576K
}

Dll operation events (8 events):
Event: 0.024 Loaded shared library C:\Program Files\Java\jdk-23\bin\java.dll
Event: 0.077 Loaded shared library C:\Program Files\Java\jdk-23\bin\jsvml.dll
Event: 0.217 Loaded shared library C:\Program Files\Java\jdk-23\bin\net.dll
Event: 0.222 Loaded shared library C:\Program Files\Java\jdk-23\bin\nio.dll
Event: 0.229 Loaded shared library C:\Program Files\Java\jdk-23\bin\zip.dll
Event: 0.369 Loaded shared library C:\Program Files\Java\jdk-23\bin\jimage.dll
Event: 0.514 Loaded shared library C:\Program Files\Java\jdk-23\bin\verify.dll
Event: 0.608 Loaded shared library C:\Program Files\Java\jdk-23\bin\extnet.dll

Deoptimization events (20 events):
Event: 1.783 Thread 0x000001af5215e640 DEOPT PACKING pc=0x000001af646ab8c4 sp=0x0000002b55afd9c0
Event: 1.783 Thread 0x000001af5215e640 DEOPT UNPACKING pc=0x000001af640c4402 sp=0x0000002b55afd968 mode 2
Event: 1.783 Thread 0x000001af5215e640 Uncommon trap: trap_request=0xffffffde fr.pc=0x000001af646ab8c4 relative=0x0000000000000344
Event: 1.783 Thread 0x000001af5215e640 Uncommon trap: reason=class_check action=maybe_recompile pc=0x000001af646ab8c4 method=java.util.regex.Pattern$GroupHead.match(Ljava/util/regex/Matcher;ILjava/lang/CharSequence;)Z @ 28 c2
Event: 1.783 Thread 0x000001af5215e640 DEOPT PACKING pc=0x000001af646ab8c4 sp=0x0000002b55afd770
Event: 1.783 Thread 0x000001af5215e640 DEOPT UNPACKING pc=0x000001af640c4402 sp=0x0000002b55afd6f8 mode 2
Event: 1.783 Thread 0x000001af5215e640 Uncommon trap: trap_request=0xffffffde fr.pc=0x000001af646ab944 relative=0x00000000000003c4
Event: 1.783 Thread 0x000001af5215e640 Uncommon trap: reason=class_check action=maybe_recompile pc=0x000001af646ab944 method=java.util.regex.Pattern$BmpCharProperty.match(Ljava/util/regex/Matcher;ILjava/lang/CharSequence;)Z @ 19 c2
Event: 1.783 Thread 0x000001af5215e640 DEOPT PACKING pc=0x000001af646ab944 sp=0x0000002b55afd620
Event: 1.783 Thread 0x000001af5215e640 DEOPT UNPACKING pc=0x000001af640c4402 sp=0x0000002b55afd560 mode 2
Event: 1.785 Thread 0x000001af5215e640 Uncommon trap: trap_request=0xffffff45 fr.pc=0x000001af646b75b4 relative=0x0000000000000094
Event: 1.785 Thread 0x000001af5215e640 Uncommon trap: reason=unstable_if action=reinterpret pc=0x000001af646b75b4 method=java.lang.ref.ReferenceQueue.poll()Ljava/lang/ref/Reference; @ 4 c2
Event: 1.785 Thread 0x000001af5215e640 DEOPT PACKING pc=0x000001af646b75b4 sp=0x0000002b55afda00
Event: 1.785 Thread 0x000001af5215e640 DEOPT UNPACKING pc=0x000001af640c4402 sp=0x0000002b55afd8e8 mode 2
Event: 1.852 Thread 0x000001af5215e640 Uncommon trap: trap_request=0xffffff45 fr.pc=0x000001af646582e8 relative=0x00000000000002a8
Event: 1.852 Thread 0x000001af5215e640 Uncommon trap: reason=unstable_if action=reinterpret pc=0x000001af646582e8 method=java.util.concurrent.ConcurrentHashMap.get(Ljava/lang/Object;)Ljava/lang/Object; @ 152 c2
Event: 1.852 Thread 0x000001af5215e640 DEOPT PACKING pc=0x000001af646582e8 sp=0x0000002b55afd510
Event: 1.852 Thread 0x000001af5215e640 DEOPT UNPACKING pc=0x000001af640c4402 sp=0x0000002b55afd488 mode 2
Event: 1.886 Thread 0x000001af5215e640 DEOPT PACKING pc=0x000001af5cc4950a sp=0x0000002b55afd950
Event: 1.886 Thread 0x000001af5215e640 DEOPT UNPACKING pc=0x000001af640c4b22 sp=0x0000002b55afcde8 mode 3

Classes loaded (20 events):
Event: 1.796 Loading class java/util/OptionalLong
Event: 1.796 Loading class java/util/OptionalLong done
Event: 1.796 Loading class java/util/OptionalDouble
Event: 1.796 Loading class java/util/OptionalDouble done
Event: 1.801 Loading class java/util/stream/LongStream
Event: 1.801 Loading class java/util/stream/LongStream done
Event: 1.801 Loading class java/util/stream/DoubleStream
Event: 1.801 Loading class java/util/stream/DoubleStream done
Event: 1.829 Loading class jdk/internal/ValueBased
Event: 1.829 Loading class jdk/internal/ValueBased done
Event: 1.831 Loading class java/lang/annotation/ElementType
Event: 1.831 Loading class java/lang/annotation/ElementType done
Event: 1.854 Loading class sun/reflect/generics/scope/ConstructorScope
Event: 1.854 Loading class sun/reflect/generics/scope/ConstructorScope done
Event: 1.854 Loading class sun/reflect/generics/tree/VoidDescriptor
Event: 1.854 Loading class sun/reflect/generics/tree/VoidDescriptor done
Event: 1.861 Loading class java/util/concurrent/ConcurrentHashMap$TreeNode
Event: 1.861 Loading class java/util/concurrent/ConcurrentHashMap$TreeNode done
Event: 1.861 Loading class java/util/concurrent/ConcurrentHashMap$TreeBin
Event: 1.861 Loading class java/util/concurrent/ConcurrentHashMap$TreeBin done

Classes unloaded (0 events):
No events

Classes redefined (0 events):
No events

Internal exceptions (20 events):
Event: 1.475 Thread 0x000001af5215e640 Exception <a 'sun/nio/fs/WindowsException'{0x000000070f1b0a40}> (0x000000070f1b0a40) 
thrown [s\open\src\hotspot\share\prims\jni.cpp, line 520]
Event: 1.633 Thread 0x000001af5215e640 Exception <a 'java/lang/ClassNotFoundException'{0x000000070eb9aba0}: com/aventstack/extentreports/StatusBeanInfo> (0x000000070eb9aba0) 
thrown [s\open\src\hotspot\share\classfile\systemDictionary.cpp, line 313]
Event: 1.633 Thread 0x000001af5215e640 Exception <a 'java/lang/ClassNotFoundException'{0x000000070eb9bb70}: java/lang/EnumBeanInfo> (0x000000070eb9bb70) 
thrown [s\open\src\hotspot\share\classfile\systemDictionary.cpp, line 313]
Event: 1.634 Thread 0x000001af5215e640 Exception <a 'java/lang/ClassNotFoundException'{0x000000070eb9cdb0}: java/lang/ObjectBeanInfo> (0x000000070eb9cdb0) 
thrown [s\open\src\hotspot\share\classfile\systemDictionary.cpp, line 313]
Event: 1.634 Thread 0x000001af5215e640 Exception <a 'java/lang/ClassNotFoundException'{0x000000070eb9e680}: java/lang/ObjectCustomizer> (0x000000070eb9e680) 
thrown [s\open\src\hotspot\share\classfile\systemDictionary.cpp, line 313]
Event: 1.637 Thread 0x000001af5215e640 Exception <a 'java/lang/ClassNotFoundException'{0x000000070ebad380}: java/lang/EnumCustomizer> (0x000000070ebad380) 
thrown [s\open\src\hotspot\share\classfile\systemDictionary.cpp, line 313]
Event: 1.639 Thread 0x000001af5215e640 Exception <a 'java/lang/ClassNotFoundException'{0x000000070ebbdfc8}: com/aventstack/extentreports/StatusCustomizer> (0x000000070ebbdfc8) 
thrown [s\open\src\hotspot\share\classfile\systemDictionary.cpp, line 313]
Event: 1.652 Thread 0x000001af5215e640 Exception <a 'java/lang/ClassNotFoundException'{0x000000070e843020}: com/aventstack/extentreports/view/IcoBeanInfo> (0x000000070e843020) 
thrown [s\open\src\hotspot\share\classfile\systemDictionary.cpp, line 313]
Event: 1.652 Thread 0x000001af5215e640 Exception <a 'java/lang/ClassNotFoundException'{0x000000070e845fc0}: com/aventstack/extentreports/view/IcoCustomizer> (0x000000070e845fc0) 
thrown [s\open\src\hotspot\share\classfile\systemDictionary.cpp, line 313]
Event: 1.657 Thread 0x000001af5215e640 Exception <a 'java/lang/ClassNotFoundException'{0x000000070e88a5c0}: com/aventstack/extentreports/model/service/TestServiceBeanInfo> (0x000000070e88a5c0) 
thrown [s\open\src\hotspot\share\classfile\systemDictionary.cpp, line 313]
Event: 1.658 Thread 0x000001af5215e640 Exception <a 'java/lang/ClassNotFoundException'{0x000000070e88d938}: com/aventstack/extentreports/model/service/TestServiceCustomizer> (0x000000070e88d938) 
thrown [s\open\src\hotspot\share\classfile\systemDictionary.cpp, line 313]
Event: 1.662 Thread 0x000001af5215e640 Exception <a 'java/lang/NoSuchMethodError'{0x000000070e8a13f0}: 'void java.lang.invoke.DirectMethodHandle$Holder.invokeStaticInit(java.lang.Object, java.lang.Object, java.lang.Object)'> (0x000000070e8a13f0) 
thrown [s\open\src\hotspot\share\interpreter\linkResolver.cpp, line 796]
Event: 1.674 Thread 0x000001af5215e640 Exception <a 'java/lang/NoSuchMethodError'{0x000000070e8de800}: 'java.lang.ClassLoader java.lang.Class.getClassLoader(java.lang.Class)'> (0x000000070e8de800) 
thrown [s\open\src\hotspot\share\interpreter\linkResolver.cpp, line 796]
Event: 1.676 Thread 0x000001af5215e640 Exception <a 'java/lang/NoSuchMethodError'{0x000000070e8e3158}: 'java.lang.Object java.lang.invoke.DirectMethodHandle$Holder.invokeStatic(java.lang.Object, java.lang.Object, int)'> (0x000000070e8e3158) 
thrown [s\open\src\hotspot\share\interpreter\linkResolver.cpp, line 796]
Event: 1.677 Thread 0x000001af5215e640 Exception <a 'java/lang/NoSuchMethodError'{0x000000070e8ed800}: 'void java.lang.invoke.DelegatingMethodHandle$Holder.delegate(java.lang.Object, java.lang.Object, int, java.lang.Object)'> (0x000000070e8ed800) 
thrown [s\open\src\hotspot\share\interpreter\linkResolver.cpp, line 796]
Event: 1.680 Thread 0x000001af5215e640 Exception <a 'java/lang/NoSuchMethodError'{0x000000070e90fcf0}: 'int java.lang.invoke.DirectMethodHandle$Holder.invokeSpecialIFC(java.lang.Object, java.lang.Object, java.lang.Object, java.lang.Object)'> (0x000000070e90fcf0) 
thrown [s\open\src\hotspot\share\interpreter\linkResolver.cpp, line 796]
Event: 1.694 Thread 0x000001af5215e640 Exception <a 'java/lang/NoSuchMethodError'{0x000000070e98d010}: 'java.lang.Object java.lang.invoke.DirectMethodHandle$Holder.newInvokeSpecial(java.lang.Object, java.lang.Object, java.lang.Object, java.lang.Object, java.lang.Object, java.lang.Object)'> (0x000000070e98d010) 
thrown [s\open\src\hotspot\share\interpreter\linkResolver.cpp, line 796]
Event: 1.696 Thread 0x000001af5215e640 Exception <a 'java/lang/NoSuchMethodError'{0x000000070e999ce0}: 'void java.lang.invoke.DirectMethodHandle$Holder.invokeStaticInit(java.lang.Object)'> (0x000000070e999ce0) 
thrown [s\open\src\hotspot\share\interpreter\linkResolver.cpp, line 796]
Event: 1.700 Thread 0x000001af5215e640 Exception <a 'java/lang/NoSuchMethodError'{0x000000070e9b08e0}: 'java.lang.Object java.lang.invoke.DirectMethodHandle$Holder.invokeSpecialIFC(java.lang.Object, java.lang.Object, java.lang.Object, java.lang.Object, java.lang.Object)'> (0x000000070e9b08e0) 
thrown [s\open\src\hotspot\share\interpreter\linkResolver.cpp, line 796]
Event: 1.794 Thread 0x000001af5215e640 Exception <a 'java/lang/NoSuchMethodError'{0x0000000710946e60}: 'void java.lang.invoke.DirectMethodHandle$Holder.invokeSpecial(java.lang.Object, java.lang.Object, java.lang.Object, java.lang.Object, java.lang.Object)'> (0x0000000710946e60) 
thrown [s\open\src\hotspot\share\interpreter\linkResolver.cpp, line 796]

VM Operations (20 events):
Event: 1.012 Executing VM operation: G1CollectForAllocation (G1 Evacuation Pause)
Event: 1.015 Executing VM operation: G1CollectForAllocation (G1 Evacuation Pause) done
Event: 1.060 Executing VM operation: HandshakeAllThreads (Deoptimize)
Event: 1.060 Executing VM operation: HandshakeAllThreads (Deoptimize) done
Event: 1.063 Executing VM operation: HandshakeAllThreads (Deoptimize)
Event: 1.063 Executing VM operation: HandshakeAllThreads (Deoptimize) done
Event: 1.141 Executing VM operation: HandshakeAllThreads (Deoptimize)
Event: 1.141 Executing VM operation: HandshakeAllThreads (Deoptimize) done
Event: 1.227 Executing VM operation: HandshakeAllThreads (Deoptimize)
Event: 1.227 Executing VM operation: HandshakeAllThreads (Deoptimize) done
Event: 1.260 Executing VM operation: HandshakeAllThreads (Deoptimize)
Event: 1.260 Executing VM operation: HandshakeAllThreads (Deoptimize) done
Event: 1.560 Executing VM operation: HandshakeAllThreads (Deoptimize)
Event: 1.560 Executing VM operation: HandshakeAllThreads (Deoptimize) done
Event: 1.675 Executing VM operation: HandshakeAllThreads (Deoptimize)
Event: 1.675 Executing VM operation: HandshakeAllThreads (Deoptimize) done
Event: 1.710 Executing VM operation: G1CollectForAllocation (G1 Evacuation Pause)
Event: 1.713 Executing VM operation: G1CollectForAllocation (G1 Evacuation Pause) done
Event: 1.808 Executing VM operation: HandshakeAllThreads (Deoptimize)
Event: 1.808 Executing VM operation: HandshakeAllThreads (Deoptimize) done

Memory protections (0 events):
No events

Nmethod flushes (0 events):
No events

Events (13 events):
Event: 0.052 Thread 0x000001af5215e640 Thread added: 0x000001af5215e640
Event: 0.073 Thread 0x000001af5215e640 Thread added: 0x000001af72ffc500
Event: 0.074 Thread 0x000001af5215e640 Thread added: 0x000001af72ffdd70
Event: 0.074 Thread 0x000001af5215e640 Thread added: 0x000001af73000710
Event: 0.074 Thread 0x000001af5215e640 Thread added: 0x000001af73003180
Event: 0.074 Thread 0x000001af5215e640 Thread added: 0x000001af73003be0
Event: 0.075 Thread 0x000001af5215e640 Thread added: 0x000001af73004f90
Event: 0.075 Thread 0x000001af5215e640 Thread added: 0x000001af73009b70
Event: 0.075 Thread 0x000001af5215e640 Thread added: 0x000001af7301e9e0
Event: 0.211 Thread 0x000001af5215e640 Thread added: 0x000001af451393f0
Event: 0.213 Thread 0x000001af5215e640 Thread added: 0x000001af45145590
Event: 0.348 Thread 0x000001af7301e9e0 Thread added: 0x000001af4529ff90
Event: 0.616 Thread 0x000001af5215e640 Thread added: 0x000001af45a53770


Dynamic libraries:
0x00007ff60f400000 - 0x00007ff60f410000 	C:\Program Files\Java\jdk-23\bin\javaw.exe
0x00007ff88a330000 - 0x00007ff88a528000 	C:\Windows\SYSTEM32\ntdll.dll
0x00007ff888860000 - 0x00007ff888922000 	C:\Windows\System32\KERNEL32.DLL
0x00007ff887b40000 - 0x00007ff887e3e000 	C:\Windows\System32\KERNELBASE.dll
0x00007ff887a40000 - 0x00007ff887b40000 	C:\Windows\System32\ucrtbase.dll
0x00007ff866d90000 - 0x00007ff866da7000 	C:\Program Files\Java\jdk-23\bin\jli.dll
0x00007ff866d70000 - 0x00007ff866d8b000 	C:\Program Files\Java\jdk-23\bin\VCRUNTIME140.dll
0x00007ff889460000 - 0x00007ff8895fd000 	C:\Windows\System32\USER32.dll
0x00007ff887ee0000 - 0x00007ff887f02000 	C:\Windows\System32\win32u.dll
0x00007ff879e10000 - 0x00007ff87a0aa000 	C:\Windows\WinSxS\amd64_microsoft.windows.common-controls_6595b64144ccf1df_6.0.19041.4355_none_60b8b9eb71f62e16\COMCTL32.dll
0x00007ff889350000 - 0x00007ff88937b000 	C:\Windows\System32\GDI32.dll
0x00007ff888350000 - 0x00007ff8883ee000 	C:\Windows\System32\msvcrt.dll
0x00007ff888230000 - 0x00007ff888347000 	C:\Windows\System32\gdi32full.dll
0x00007ff887e40000 - 0x00007ff887edd000 	C:\Windows\System32\msvcp_win.dll
0x00007ff888a80000 - 0x00007ff888aaf000 	C:\Windows\System32\IMM32.DLL
0x000001af539d0000 - 0x000001af539e4000 	C:\Windows\System32\umppc18721.dll
0x00007ff87fe80000 - 0x00007ff87fe8c000 	C:\Program Files\Java\jdk-23\bin\vcruntime140_1.dll
0x00007ff865500000 - 0x00007ff86558e000 	C:\Program Files\Java\jdk-23\bin\msvcp140.dll
0x00007fffe7350000 - 0x00007fffe809f000 	C:\Program Files\Java\jdk-23\bin\server\jvm.dll
0x00007ff888be0000 - 0x00007ff888c92000 	C:\Windows\System32\ADVAPI32.dll
0x00007ff888b40000 - 0x00007ff888be0000 	C:\Windows\System32\sechost.dll
0x00007ff889920000 - 0x00007ff889a43000 	C:\Windows\System32\RPCRT4.dll
0x00007ff8881b0000 - 0x00007ff8881d7000 	C:\Windows\System32\bcrypt.dll
0x00007ff889380000 - 0x00007ff8893eb000 	C:\Windows\System32\WS2_32.dll
0x00007ff887830000 - 0x00007ff88787b000 	C:\Windows\SYSTEM32\POWRPROF.dll
0x00007ff87c920000 - 0x00007ff87c947000 	C:\Windows\SYSTEM32\WINMM.dll
0x00007ff87eaa0000 - 0x00007ff87eaaa000 	C:\Windows\SYSTEM32\VERSION.dll
0x00007ff887810000 - 0x00007ff887822000 	C:\Windows\SYSTEM32\UMPDC.dll
0x00007ff885fe0000 - 0x00007ff885ff2000 	C:\Windows\SYSTEM32\kernel.appcore.dll
0x00007ff881000000 - 0x00007ff88100a000 	C:\Program Files\Java\jdk-23\bin\jimage.dll
0x00007ff885a20000 - 0x00007ff885c04000 	C:\Windows\SYSTEM32\DBGHELP.DLL
0x00007ff880560000 - 0x00007ff880594000 	C:\Windows\SYSTEM32\dbgcore.DLL
0x00007ff887fc0000 - 0x00007ff888042000 	C:\Windows\System32\bcryptPrimitives.dll
0x00007ff87f140000 - 0x00007ff87f15e000 	C:\Program Files\Java\jdk-23\bin\java.dll
0x00007ff889a50000 - 0x00007ff889b7b000 	C:\Windows\System32\ole32.dll
0x00007ff888fd0000 - 0x00007ff889323000 	C:\Windows\System32\combase.dll
0x00007ff889b80000 - 0x00007ff88a2ef000 	C:\Windows\System32\SHELL32.dll
0x00007ff884910000 - 0x00007ff8850b4000 	C:\Windows\SYSTEM32\windows.storage.dll
0x00007ff887330000 - 0x00007ff88735e000 	C:\Windows\SYSTEM32\Wldp.dll
0x00007ff888930000 - 0x00007ff8889fd000 	C:\Windows\System32\OLEAUT32.dll
0x00007ff888f20000 - 0x00007ff888fcd000 	C:\Windows\System32\SHCORE.dll
0x00007ff8898c0000 - 0x00007ff889915000 	C:\Windows\System32\shlwapi.dll
0x00007ff887900000 - 0x00007ff887924000 	C:\Windows\SYSTEM32\profapi.dll
0x00007ff84ad30000 - 0x00007ff84ae07000 	C:\Program Files\Java\jdk-23\bin\jsvml.dll
0x00007ff87fc60000 - 0x00007ff87fc70000 	C:\Program Files\Java\jdk-23\bin\net.dll
0x00007ff887090000 - 0x00007ff8870fa000 	C:\Windows\system32\mswsock.dll
0x00007ff87fb60000 - 0x00007ff87fb76000 	C:\Program Files\Java\jdk-23\bin\nio.dll
0x00007ff86e2e0000 - 0x00007ff86e2f7000 	C:\Program Files\Java\jdk-23\bin\zip.dll
0x00007ff870100000 - 0x00007ff870110000 	C:\Program Files\Java\jdk-23\bin\verify.dll
0x00007ff886db0000 - 0x00007ff886e7a000 	C:\Windows\SYSTEM32\DNSAPI.dll
0x00007ff886d70000 - 0x00007ff886dab000 	C:\Windows\SYSTEM32\IPHLPAPI.DLL
0x00007ff888ca0000 - 0x00007ff888ca8000 	C:\Windows\System32\NSI.dll
0x00007ff8810f0000 - 0x00007ff8810fa000 	C:\Windows\System32\rasadhlp.dll
0x00007ff883240000 - 0x00007ff8832c0000 	C:\Windows\System32\fwpuclnt.dll
0x00007ff86d790000 - 0x00007ff86d799000 	C:\Program Files\Java\jdk-23\bin\extnet.dll
0x00007ff887280000 - 0x00007ff887298000 	C:\Windows\SYSTEM32\CRYPTSP.dll
0x00007ff8868a0000 - 0x00007ff8868d4000 	C:\Windows\system32\rsaenh.dll
0x00007ff887880000 - 0x00007ff8878ae000 	C:\Windows\SYSTEM32\USERENV.dll
0x00007ff8872a0000 - 0x00007ff8872ac000 	C:\Windows\SYSTEM32\CRYPTBASE.dll

dbghelp: loaded successfully - version: 4.0.5 - missing functions: none
symbol engine: initialized successfully - sym options: 0x614 - pdb path: .;C:\Program Files\Java\jdk-23\bin;C:\Windows\SYSTEM32;C:\Windows\WinSxS\amd64_microsoft.windows.common-controls_6595b64144ccf1df_6.0.19041.4355_none_60b8b9eb71f62e16;C:\Program Files\Java\jdk-23\bin\server

VM Arguments:
jvm_args: -Djavax.net.ssl.keyStore=NONE -Djavax.net.ssl.keyStoreType=Windows-my -Djavax.net.ssl.trustStore=NONE -Djavax.net.ssl.trustStoreType=Windows-ROOT -ea -Dfile.encoding=UTF-8 -Dstdout.encoding=UTF-8 -Dstderr.encoding=UTF-8 -XX:+ShowCodeDetailsInExceptionMessages 
java_command: org.testng.remote.RemoteTestNG -serport 62971 -protocol json -d C:\Users\Sahil.Sharma\EclipseEn\DHFAutomation\test-output C:\Users\SAHIL~1.SHA\AppData\Local\Temp\2\testng-eclipse-1075997296\testng-customsuite.xml
java_class_path (initial): C:\Users\Sahil.Sharma\java-2024-09\eclipse\configuration\org.eclipse.osgi\524\0\.cp\lib\testng-remote.jar;C:\Users\Sahil.Sharma\EclipseEn\DHFAutomation\target\test-classes;C:\Users\Sahil.Sharma\EclipseEn\DHFAutomation\target\classes;C:\Users\Sahil.Sharma\.m2\repository\org\testng\testng\7.9.0\testng-7.9.0.jar;C:\Users\Sahil.Sharma\.m2\repository\org\slf4j\slf4j-api\1.7.36\slf4j-api-1.7.36.jar;C:\Users\Sahil.Sharma\.m2\repository\com\beust\jcommander\1.82\jcommander-1.82.jar;C:\Users\Sahil.Sharma\.m2\repository\org\webjars\jquery\3.7.1\jquery-3.7.1.jar;C:\Users\Sahil.Sharma\.m2\repository\org\slf4j\slf4j-simple\1.7.32\slf4j-simple-1.7.32.jar;C:\Users\Sahil.Sharma\.m2\repository\commons-io\commons-io\2.16.1\commons-io-2.16.1.jar;C:\Users\Sahil.Sharma\.m2\repository\org\apache\logging\log4j\log4j-core\3.0.0-beta2\log4j-core-3.0.0-beta2.jar;C:\Users\Sahil.Sharma\.m2\repository\org\apache\logging\log4j\log4j-plugins\3.0.0-beta2\log4j-plugins-3.0.0-beta2.jar;C:\Users\Sahil.Sharma\.m2\repository\org\apache\logging\log4j\log4j-api\3.0.0-beta2\log4j-api-3.0.0-beta2.jar;C:\Users\Sahil.Sharma\.m2\repository\io\github\bonigarcia\webdrivermanager\5.9.2\webdrivermanager-5.9.2.jar;C:\Users\Sahil.Sharma\.m2\repository\com\google\code\gson\gson\2.11.0\gson-2.11.0.jar;C:\Users\Sahil.Sharma\.m2\repository\com\google\errorprone\error_prone_annotations\2.27.0\error_prone_annotations-2.27.0.jar;C:\Users\Sahil.Sharma\.m2\repository\com\github\docker-java\docker-java\3.4.0\docker-java-3.4.0.jar;C:\Users\Sahil.Sharma\.m2\repository\com\github\docker-java\docker-java-core\3.4.0\docker-java-core-3.4.0.jar;C:\Users\Sahil.Sharma\.m2\repository\com\github\docker-java\docker-java-api\3.4.0\docker-java-api-3.4.0.jar;C:\Users\Sahil.Sharma\.m2\repository\com\fasterxml\jackson\core\jackson-annotations\2.10.3\jackson-annotations-2.10.3.jar;C:\Users\Sahil.Sharma\.m2\repository\com\fasterxml\jackson\core\jackson-databind\2.10.3\jackson-databind-2.10.3.jar;C:\Users\Sahil.Sharma\.m2\repository\com\fasterxml\jackson\core\jackson-core\2.10.3\jackson-core-2.10.3.jar;C:\Users\Sahil.Sharma\.m2\repository\org\slf4j\jcl-over-slf4j\1.7.30\jcl-over-slf4j-1.7.30.jar;C:\Users\Sahil.Sharma\.m2\repository\com\github\docker-java\docker-java-transport-httpclient5\3.4.0\docker-java-transport-httpclient5-3.4.0.jar;C:\Users\Sahil.Sharma\.m2\repository\com\github\docker-java\docker-java-transport\3.4.0\docker-java-transport-3.4.0.jar;C:\Users\Sahil.Sharma\.m2\repository\net\java\dev\jna\jna\5.13.0\jna-5.13.0.jar;C:\Users\Sahil.Sharma\.m2\repository\org\brotli\dec\0.1.2\dec-0.1.2.jar;C:\Users\Sahil.Sharma\.m2\repository\org\apache\commons\commons-lang3\3.15.0\commons-lang3-3.15.0.jar;C:\Users\Sahil.Sharma\.m2\repository\org\apache\commons\commons-compress\1.26.2\commons-compress-1.26.2.jar;C:\Users\Sahil.Sharma\.m2\repository\commons-codec\commons-codec\1.17.0\commons-codec-1.17.0.jar;C:\Users\Sahil.Sharma\.m2\repository\org\apache\httpcomponents\client5\httpclient5\5.2.1\httpclient5-5.2.1.jar;C:\Users\Sahil.Sharma\.m2\repository\org\apache\httpcomponents\core5\httpcore5\5.2\httpcore5-5.2.jar;C:\Users\Sahil.Sharma\.m2\repository\org\apache\httpcomponents\core5\httpcore5-h2\5.2\httpcore5-h2-5.2.jar;C:\Users\Sahil.Sharma\.m2\repository\org\seleniumhq\selenium\selenium-java\4.18.1\selenium-java-4.18.1.jar;C:\Users\Sahil.Sharma\.m2\repository\org\seleniumhq\selenium\selenium-api\4.18.1\selenium-api-4.18.1.jar;C:\Users\Sahil.Sharma\.m2\repository\org\seleniumhq\selenium\selenium-chrome-driver\4.18.1\selenium-chrome-driver-4.18.1.jar;C:\Users\Sahil.Sharma\.m2\repository\com\google\auto\service\auto-service-annotations\1.1.1\auto-service-annotations-1.1.1.jar;C:\Users\Sahil.Sharma\.m2\repository\org\seleniumhq\selenium\selenium-chromium-driver\4.18.1\selenium-chromium-driver-4.18.1.jar;C:\Users\Sahil.Sharma\.m2\repository\org\seleniumhq\selenium\selenium-json\4.18.1\selenium-json-4.18.1.jar;C:\Users\Sahil.Sharma\.m2\repository\org\seleniumhq\selenium\selenium-manager\4.18.1\selenium-manager-4.18.1.jar;C:\Users\Sahil.Sharma\.m2\repository\org\seleniumhq\selenium\selenium-devtools-v120\4.18.1\selenium-devtools-v120-4.18.1.jar;C:\Users\Sahil.Sharma\.m2\repository\org\seleniumhq\selenium\selenium-devtools-v121\4.18.1\selenium-devtools-v121-4.18.1.jar;C:\Users\Sahil.Sharma\.m2\repository\org\seleniumhq\selenium\selenium-devtools-v122\4.18.1\selenium-devtools-v122-4.18.1.jar;C:\Users\Sahil.Sharma\.m2\repository\org\seleniumhq\selenium\selenium-devtools-v85\4.18.1\selenium-devtools-v85-4.18.1.jar;C:\Users\Sahil.Sharma\.m2\repository\org\seleniumhq\selenium\selenium-edge-driver\4.18.1\selenium-edge-driver-4.18.1.jar;C:\Users\Sahil.Sharma\.m2\repository\org\seleniumhq\selenium\selenium-firefox-driver\4.18.1\selenium-firefox-driver-4.18.1.jar;C:\Users\Sahil.Sharma\.m2\repository\org\seleniumhq\selenium\selenium-http\4.18.1\selenium-http-4.18.1.jar;C:\Users\Sahil.Sharma\.m2\repository\dev\failsafe\failsafe\3.3.2\failsafe-3.3.2.jar;C:\Users\Sahil.Sharma\.m2\repository\org\seleniumhq\selenium\selenium-ie-driver\4.18.1\selenium-ie-driver-4.18.1.jar;C:\Users\Sahil.Sharma\.m2\repository\org\seleniumhq\selenium\selenium-remote-driver\4.18.1\selenium-remote-driver-4.18.1.jar;C:\Users\Sahil.Sharma\.m2\repository\com\google\guava\guava\33.0.0-jre\guava-33.0.0-jre.jar;C:\Users\Sahil.Sharma\.m2\repository\com\google\guava\failureaccess\1.0.2\failureaccess-1.0.2.jar;C:\Users\Sahil.Sharma\.m2\repository\com\google\guava\listenablefuture\9999.0-empty-to-avoid-conflict-with-guava\listenablefuture-9999.0-empty-to-avoid-conflict-with-guava.jar;C:\Users\Sahil.Sharma\.m2\repository\com\google\code\findbugs\jsr305\3.0.2\jsr305-3.0.2.jar;C:\Users\Sahil.Sharma\.m2\repository\org\checkerframework\checker-qual\3.41.0\checker-qual-3.41.0.jar;C:\Users\Sahil.Sharma\.m2\repository\com\google\j2objc\j2objc-annotations\2.8\j2objc-annotations-2.8.jar;C:\Users\Sahil.Sharma\.m2\repository\io\opentelemetry\semconv\opentelemetry-semconv\1.23.1-alpha\opentelemetry-semconv-1.23.1-alpha.jar;C:\Users\Sahil.Sharma\.m2\repository\io\opentelemetry\opentelemetry-api\1.35.0\opentelemetry-api-1.35.0.jar;C:\Users\Sahil.Sharma\.m2\repository\io\opentelemetry\opentelemetry-context\1.35.0\opentelemetry-context-1.35.0.jar;C:\Users\Sahil.Sharma\.m2\repository\io\opentelemetry\opentelemetry-exporter-logging\1.35.0\opentelemetry-exporter-logging-1.35.0.jar;C:\Users\Sahil.Sharma\.m2\repository\io\opentelemetry\opentelemetry-sdk-common\1.35.0\opentelemetry-sdk-common-1.35.0.jar;C:\Users\Sahil.Sharma\.m2\repository\io\opentelemetry\opentelemetry-sdk-extension-autoconfigure-spi\1.35.0\opentelemetry-sdk-extension-autoconfigure-spi-1.35.0.jar;C:\Users\Sahil.Sharma\.m2\repository\io\opentelemetry\opentelemetry-sdk-extension-autoconfigure\1.35.0\opentelemetry-sdk-extension-autoconfigure-1.35.0.jar;C:\Users\Sahil.Sharma\.m2\repository\io\opentelemetry\opentelemetry-api-events\1.35.0-alpha\opentelemetry-api-events-1.35.0-alpha.jar;C:\Users\Sahil.Sharma\.m2\repository\io\opentelemetry\opentelemetry-sdk-trace\1.35.0\opentelemetry-sdk-trace-1.35.0.jar;C:\Users\Sahil.Sharma\.m2\repository\io\opentelemetry\opentelemetry-extension-incubator\1.35.0-alpha\opentelemetry-extension-incubator-1.35.0-alpha.jar;C:\Users\Sahil.Sharma\.m2\repository\io\opentelemetry\opentelemetry-sdk\1.35.0\opentelemetry-sdk-1.35.0.jar;C:\Users\Sahil.Sharma\.m2\repository\io\opentelemetry\opentelemetry-sdk-metrics\1.35.0\opentelemetry-sdk-metrics-1.35.0.jar;C:\Users\Sahil.Sharma\.m2\repository\io\opentelemetry\opentelemetry-sdk-logs\1.35.0\opentelemetry-sdk-logs-1.35.0.jar;C:\Users\Sahil.Sharma\.m2\repository\net\bytebuddy\byte-buddy\1.14.12\byte-buddy-1.14.12.jar;C:\Users\Sahil.Sharma\.m2\repository\org\seleniumhq\selenium\selenium-os\4.18.1\selenium-os-4.18.1.jar;C:\Users\Sahil.Sharma\.m2\repository\org\apache\commons\commons-exec\1.3\commons-exec-1.3.jar;C:\Users\Sahil.Sharma\.m2\repository\org\seleniumhq\selenium\selenium-safari-driver\4.18.1\selenium-safari-driver-4.18.1.jar;C:\Users\Sahil.Sharma\.m2\repository\org\seleniumhq\selenium\selenium-support\4.18.1\selenium-support-4.18.1.jar;C:\Users\Sahil.Sharma\.m2\repository\io\cucumber\cucumber-java\7.11.0\cucumber-java-7.11.0.jar;C:\Users\Sahil.Sharma\.m2\repository\io\cucumber\cucumber-core\7.11.0\cucumber-core-7.11.0.jar;C:\Users\Sahil.Sharma\.m2\repository\io\cucumber\cucumber-gherkin\7.11.0\cucumber-gherkin-7.11.0.jar;C:\Users\Sahil.Sharma\.m2\repository\io\cucumber\cucumber-gherkin-messages\7.11.0\cucumber-gherkin-messages-7.11.0.jar;C:\Users\Sahil.Sharma\.m2\repository\io\cucumber\gherkin\26.0.3\gherkin-26.0.3.jar;C:\Users\Sahil.Sharma\.m2\repository\io\cucumber\messages\21.0.1\messages-21.0.1.jar;C:\Users\Sahil.Sharma\.m2\repository\io\cucumber\tag-expressions\5.0.1\tag-expressions-5.0.1.jar;C:\Users\Sahil.Sharma\.m2\repository\io\cucumber\cucumber-expressions\16.1.1\cucumber-expressions-16.1.1.jar;C:\Users\Sahil.Sharma\.m2\repository\io\cucumber\datatable\7.11.0\datatable-7.11.0.jar;C:\Users\Sahil.Sharma\.m2\repository\io\cucumber\cucumber-plugin\7.11.0\cucumber-plugin-7.11.0.jar;C:\Users\Sahil.Sharma\.m2\repository\io\cucumber\docstring\7.11.0\docstring-7.11.0.jar;C:\Users\Sahil.Sharma\.m2\repository\io\cucumber\html-formatter\20.2.1\html-formatter-20.2.1.jar;C:\Users\Sahil.Sharma\.m2\repository\io\cucumber\junit-xml-formatter\0.1.0\junit-xml-formatter-0.1.0.jar;C:\Users\Sahil.Sharma\.m2\repository\io\cucumber\ci-environment\9.1.0\ci-environment-9.1.0.jar;C:\Users\Sahil.Sharma\.m2\repository\org\apiguardian\apiguardian-api\1.1.2\apiguardian-api-1.1.2.jar;C:\Users\Sahil.Sharma\.m2\repository\io\cucumber\cucumber-testng\7.11.0\cucumber-testng-7.11.0.jar;C:\Users\Sahil.Sharma\.m2\repository\com\aventstack\extentreports\5.1.2\extentreports-5.1.2.jar;C:\Users\Sahil.Sharma\.m2\repository\io\reactivex\rxjava3\rxjava\3.1.6\rxjava-3.1.6.jar;C:\Users\Sahil.Sharma\.m2\repository\org\reactivestreams\reactive-streams\1.0.4\reactive-streams-1.0.4.jar;C:\Users\Sahil.Sharma\.m2\repository\org\freemarker\freemarker\2.3.32\freemarker-2.3.32.jar;C:\Users\Sahil.Sharma\.m2\repository\org\projectlombok\lombok\1.18.26\lombok-1.18.26.jar;C:\Users\Sahil.Sharma\.m2\repository\tech\grasshopper\extentreports-cucumber7-adapter\1.14.0\extentreports-cucumber7-adapter-1.14.0.jar;C:\Users\Sahil.Sharma\.m2\repository\tech\grasshopper\extent-pdf-report\2.12.0\extent-pdf-report-2.12.0.jar;C:\Users\Sahil.Sharma\.m2\repository\tech\grasshopper\cucumber-pdf-report\2.14.0\cucumber-pdf-report-2.14.0.jar;C:\Users\Sahil.Sharma\.m2\repository\org\apache\pdfbox\pdfbox\2.0.26\pdfbox-2.0.26.jar;C:\Users\Sahil.Sharma\.m2\repository\org\apache\pdfbox\fontbox\2.0.26\fontbox-2.0.26.jar;C:\Users\Sahil.Sharma\.m2\repository\org\knowm\xchart\xchart\3.8.0\xchart-3.8.0.jar;C:\Users\Sahil.Sharma\.m2\repository\de\erichseifert\vectorgraphics2d\VectorGraphics2D\0.13\VectorGraphics2D-0.13.jar;C:\Users\Sahil.Sharma\.m2\repository\de\rototor\pdfbox\graphics2d\0.30\graphics2d-0.30.jar;C:\Users\Sahil.Sharma\.m2\repository\com\madgag\animated-gif-lib\1.4\animated-gif-lib-1.4.jar;C:\Users\Sahil.Sharma\.m2\repository\org\yaml\snakeyaml\2.0\snakeyaml-2.0.jar;C:\Users\Sahil.Sharma\.m2\repository\tech\grasshopper\table-layout\1.5.1\table-layout-1.5.1.jar;C:\Users\Sahil.Sharma\.m2\repository\tech\grasshopper\rest-assured-cucumber-pdf-report\1.5.0\rest-assured-cucumber-pdf-report-1.5.0.jar;C:\Users\Sahil.Sharma\.m2\repository\org\jsoup\jsoup\1.15.3\jsoup-1.15.3.jar;C:\Users\Sahil.Sharma\.m2\repository\com\aventstack\klov-reporter\5.1.0\klov-reporter-5.1.0.jar;C:\Users\Sahil.Sharma\.m2\repository\org\mongodb\mongodb-driver\3.6.4\mongodb-driver-3.6.4.jar;C:\Users\Sahil.Sharma\.m2\repository\org\mongodb\mongodb-driver-core\3.6.4\mongodb-driver-core-3.6.4.jar;C:\Users\Sahil.Sharma\.m2\repository\org\mongodb\bson\3.6.4\bson-3.6.4.jar;C:\Users\Sahil.Sharma\.m2\repository\org\apache\httpcomponents\httpclient\4.5.13\httpclient-4.5.13.jar;C:\Users\Sahil.Sharma\.m2\repository\org\apache\httpcomponents\httpcore\4.4.13\httpcore-4.4.13.jar;C:\Users\Sahil.Sharma\.m2\repository\commons-logging\commons-logging\1.2\commons-logging-1.2.jar;C:\Users\Sahil.Sharma\.m2\repository\org\apache\httpcomponents\httpmime\4.5.13\httpmime-4.5.13.jar;C:\Users\Sahil.Sharma\.m2\repository\tech\grasshopper\htmlextentreporter\1.1.0\htmlextentreporter-1.1.0.jar;C:\Users\Sahil.Sharma\.m2\repository\tech\grasshopper\extent-excel-report\1.4.0\extent-excel-report-1.4.0.jar;C:\Users\Sahil.Sharma\.m2\repository\org\apache\poi\poi\5.2.3\poi-5.2.3.jar;C:\Users\Sahil.Sharma\.m2\repository\org\apache\commons\commons-collections4\4.4\commons-collections4-4.4.jar;C:\Users\Sahil.Sharma\.m2\repository\org\apache\commons\commons-math3\3.6.1\commons-math3-3.6.1.jar;C:\Users\Sahil.Sharma\.m2\repository\com\zaxxer\SparseBitSet\1.2\SparseBitSet-1.2.jar;C:\Users\Sahil.Sharma\.m2\repository\org\apache\poi\poi-ooxml\5.2.3\poi-ooxml-5.2.3.jar;C:\Users\Sahil.Sharma\.m2\repository\org\apache\poi\poi-ooxml-lite\5.2.3\poi-ooxml-lite-5.2.3.jar;C:\Users\Sahil.Sharma\.m2\repository\org\apache\xmlbeans\xmlbeans\5.1.1\xmlbeans-5.1.1.jar;C:\Users\Sahil.Sharma\.m2\repository\com\github\virtuald\curvesapi\1.07\curvesapi-1.07.jar
Launcher Type: SUN_STANDARD

[Global flags]
     intx CICompilerCount                          = 3                                         {product} {ergonomic}
     uint ConcGCThreads                            = 1                                         {product} {ergonomic}
     uint G1ConcRefinementThreads                  = 4                                         {product} {ergonomic}
   size_t G1HeapRegionSize                         = 2097152                                   {product} {ergonomic}
   size_t InitialHeapSize                          = 268435456                                 {product} {ergonomic}
   size_t MarkStackSize                            = 4194304                                   {product} {ergonomic}
   size_t MarkStackSizeMax                         = 536870912                                 {product} {ergonomic}
   size_t MaxHeapSize                              = 4282384384                                {product} {ergonomic}
   size_t MaxNewSize                               = 2569011200                                {product} {ergonomic}
   size_t MinHeapDeltaBytes                        = 2097152                                   {product} {ergonomic}
   size_t MinHeapSize                              = 8388608                                   {product} {ergonomic}
    uintx NonNMethodCodeHeapSize                   = 5832704                                {pd product} {ergonomic}
    uintx NonProfiledCodeHeapSize                  = 122945536                              {pd product} {ergonomic}
    uintx ProfiledCodeHeapSize                     = 122880000                              {pd product} {ergonomic}
    uintx ReservedCodeCacheSize                    = 251658240                              {pd product} {ergonomic}
     bool SegmentedCodeCache                       = true                                      {product} {ergonomic}
     bool ShowCodeDetailsInExceptionMessages       = true                                   {manageable} {command line}
   size_t SoftMaxHeapSize                          = 4282384384                             {manageable} {ergonomic}
     bool UseCompressedOops                        = true                           {product lp64_product} {ergonomic}
     bool UseG1GC                                  = true                                      {product} {ergonomic}
     bool UseLargePagesIndividualAllocation        = false                                  {pd product} {ergonomic}

Logging:
Log output configuration:
 #0: stdout all=warning uptime,level,tags foldmultilines=false
 #1: stderr all=off uptime,level,tags foldmultilines=false

Environment Variables:
JAVA_HOME=C:\Program Files\Java\jdk-23
PATH=C:/Program Files/Java/jdk-23/bin/server;C:/Program Files/Java/jdk-23/bin;C:\Windows\system32;C:\Windows;C:\Windows\System32\Wbem;C:\Windows\System32\WindowsPowerShell\v1.0\;C:\Windows\System32\OpenSSH\;C:\Program Files\Java\jdk-23\bin;C:\Program Files\apache-maven-3.9.9\bin;C:\Program Files\Git\cmd;C:\Program Files\Git\mingw64\bin;C:\Program Files\Git\usr\bin;C:\Users\Sahil.Sharma\AppData\Local\Microsoft\WindowsApps;;C:\Windows\system32;
USERNAME=Sahil.Sharma
OS=Windows_NT
PROCESSOR_IDENTIFIER=AMD64 Family 25 Model 1 Stepping 1, AuthenticAMD
TMP=C:\Users\SAHIL~1.SHA\AppData\Local\Temp\2
TEMP=C:\Users\SAHIL~1.SHA\AppData\Local\Temp\2




Periodic native trim disabled

---------------  S Y S T E M  ---------------

OS:
 Windows 10 , 64 bit Build 19041 (10.0.19041.4957)
OS uptime: 11 days 16:25 hours
Hyper-V virtualization detected

CPU: total 4 (initial active 4) (16 cores per cpu, 2 threads per core) family 25 model 1 stepping 1 microcode 0x0, cx8, cmov, fxsr, ht, mmx, 3dnowpref, sse, sse2, sse3, ssse3, sse4a, sse4.1, sse4.2, popcnt, lzcnt, tsc, tscinvbit, avx, avx2, aes, erms, clmul, bmi1, bmi2, adx, sha, fma, vzeroupper, clflush, clflushopt, hv, rdtscp, rdpid, fsrm, f16c, cet_ss
Processor Information for the first 4 processors :
  Max Mhz: 2445, Current Mhz: 2445, Mhz Limit: 2445

Memory: 4k page, system-wide physical 16332M (1231M free)
TotalPageFile size 32646M (AvailPageFile size 3M)
current process WorkingSet (physical memory assigned to process): 138M, peak: 138M
current process commit charge ("private bytes"): 385M, peak: 385M

vm_info: Java HotSpot(TM) 64-Bit Server VM (23+37-2369) for windows-amd64 JRE (23+37-2369), built on 2024-08-20T16:01:23Z with MS VC++ 17.6 (VS2022)

END.
