08:52:26.268 [main] INFO  - 'Get Quote' button clicked successfully.
08:52:27.631 [main] INFO  - Selected cover for: Single
08:52:28.127 [main] INFO  - Selected residence: NSW
08:52:29.457 [main] INFO  - Selected annual income: Below $97k
08:58:19.410 [main] INFO  - Browser selected: chrome
08:58:22.080 [main] INFO  - ChromeDriver initialized.
08:58:25.116 [main] INFO  - Navigated to URL: https://dms.uat.doctorshealthfund.com.au/
08:58:25.173 [main] INFO  - Navigating to the quote page.
08:58:25.207 [main] INFO  - Page title: Private Health Insurance for Doctors | Doctors' Health Fund
08:58:25.579 [main] INFO  - Clicking the 'Get Quote' button.
08:58:25.764 [main] INFO  - 'Get Quote' button clicked successfully.
08:58:27.007 [main] INFO  - Selected cover for: Single
08:58:27.585 [main] INFO  - Selected residence: NSW
08:58:28.976 [main] INFO  - Selected annual income: Below $97k
08:59:12.644 [main] INFO  - Browser selected: chrome
08:59:16.428 [main] INFO  - ChromeDriver initialized.
08:59:17.994 [main] INFO  - Navigated to URL: https://dms.uat.doctorshealthfund.com.au/
08:59:18.090 [main] INFO  - Navigating to the quote page.
08:59:19.020 [main] INFO  - Page title: Private Health Insurance for Doctors | Doctors' Health Fund
08:59:19.397 [main] INFO  - Clicking the 'Get Quote' button.
08:59:19.644 [main] INFO  - 'Get Quote' button clicked successfully.
08:59:21.426 [main] INFO  - Selected cover for: Single
08:59:21.931 [main] INFO  - Selected residence: NSW
08:59:23.208 [main] INFO  - Selected annual income: Below $97k
09:00:21.662 [main] INFO  - Browser selected: chrome
09:00:24.773 [main] INFO  - ChromeDriver initialized.
09:00:26.442 [main] INFO  - Navigated to URL: https://dms.uat.doctorshealthfund.com.au/
09:00:26.559 [main] INFO  - Navigating to the quote page.
09:00:26.684 [main] INFO  - Page title: Private Health Insurance for Doctors | Doctors' Health Fund
09:00:27.312 [main] INFO  - Clicking the 'Get Quote' button.
09:00:28.225 [main] INFO  - 'Get Quote' button clicked successfully.
09:00:29.589 [main] INFO  - Selected cover for: Single
09:00:30.158 [main] INFO  - Selected residence: NSW
09:00:31.470 [main] INFO  - Selected annual income: Below $97k
09:01:57.897 [main] INFO  - Browser selected: chrome
09:02:00.717 [main] INFO  - ChromeDriver initialized.
09:02:01.246 [main] INFO  - Navigated to URL: https://dms.uat.doctorshealthfund.com.au/
09:02:01.306 [main] INFO  - Navigating to the quote page.
09:02:02.722 [main] INFO  - Page title: Private Health Insurance for Doctors | Doctors' Health Fund
09:02:03.279 [main] INFO  - Clicking the 'Get Quote' button.
09:02:03.938 [main] INFO  - 'Get Quote' button clicked successfully.
09:02:05.337 [main] INFO  - Selected cover for: Single
09:02:05.915 [main] INFO  - Selected residence: NSW
09:02:07.225 [main] INFO  - Selected annual income: Below $97k
09:08:15.221 [main] INFO  - Browser selected: chrome
09:08:18.245 [main] INFO  - ChromeDriver initialized.
09:08:21.596 [main] INFO  - Navigated to URL: https://dms.uat.doctorshealthfund.com.au/
09:08:21.645 [main] INFO  - Navigating to the quote page.
09:08:21.684 [main] INFO  - Page title: Private Health Insurance for Doctors | Doctors' Health Fund
09:08:22.071 [main] INFO  - Clicking the 'Get Quote' button.
09:08:22.270 [main] INFO  - 'Get Quote' button clicked successfully.
09:08:23.511 [main] INFO  - Selected cover for: Single
09:08:24.024 [main] INFO  - Selected residence: NSW
09:08:25.329 [main] INFO  - Selected annual income: Below $97k
09:10:20.609 [main] INFO  - Browser selected: chrome
09:10:23.256 [main] INFO  - ChromeDriver initialized.
09:10:23.920 [main] INFO  - Navigated to URL: https://dms.uat.doctorshealthfund.com.au/
09:10:23.981 [main] INFO  - Navigating to the quote page.
09:10:26.223 [main] INFO  - Page title: Private Health Insurance for Doctors | Doctors' Health Fund
09:10:26.594 [main] INFO  - Clicking the 'Get Quote' button.
09:10:26.840 [main] INFO  - 'Get Quote' button clicked successfully.
09:10:28.236 [main] INFO  - Selected cover for: Single
09:10:28.789 [main] INFO  - Selected residence: NSW
09:10:30.100 [main] INFO  - Selected annual income: Below $97k
09:12:01.996 [main] INFO  - Browser selected: chrome
09:12:04.720 [main] INFO  - ChromeDriver initialized.
09:12:07.935 [main] INFO  - Navigated to URL: https://dms.uat.doctorshealthfund.com.au/
09:12:07.988 [main] INFO  - Navigating to the quote page.
09:12:08.020 [main] INFO  - Page title: Private Health Insurance for Doctors | Doctors' Health Fund
09:12:08.357 [main] INFO  - Clicking the 'Get Quote' button.
09:12:08.623 [main] INFO  - 'Get Quote' button clicked successfully.
09:12:09.157 [main] INFO  - Selected cover for: Single
09:12:09.767 [main] INFO  - Selected residence: NSW
09:12:11.403 [main] INFO  - Selected annual income: Below $97k
09:15:43.747 [main] INFO  - Browser selected: chrome
09:15:46.517 [main] INFO  - ChromeDriver initialized.
09:15:50.034 [main] INFO  - Navigated to URL: https://dms.uat.doctorshealthfund.com.au/
09:15:50.105 [main] INFO  - Navigating to the quote page.
09:15:50.136 [main] INFO  - Page title: Private Health Insurance for Doctors | Doctors' Health Fund
09:15:50.610 [main] INFO  - Clicking the 'Get Quote' button.
09:15:50.783 [main] INFO  - 'Get Quote' button clicked successfully.
09:15:51.999 [main] INFO  - Selected cover for: Single
09:15:52.529 [main] INFO  - Selected residence: NSW
09:15:54.128 [main] INFO  - Selected annual income: Below $97k
09:21:48.258 [main] INFO  - Browser selected: chrome
09:21:51.590 [main] INFO  - ChromeDriver initialized.
09:21:54.998 [main] INFO  - Navigated to URL: https://dms.uat.doctorshealthfund.com.au/
09:21:55.053 [main] INFO  - Navigating to the quote page.
09:21:55.084 [main] INFO  - Page title: Private Health Insurance for Doctors | Doctors' Health Fund
09:21:55.447 [main] INFO  - Clicking the 'Get Quote' button.
09:21:55.669 [main] INFO  - 'Get Quote' button clicked successfully.
09:21:56.201 [main] INFO  - Selected cover for: Single
09:21:56.723 [main] INFO  - Selected residence: NSW
09:21:58.053 [main] INFO  - Selected annual income: Below $97k
09:22:41.344 [main] INFO  - Browser selected: chrome
09:22:44.001 [main] INFO  - ChromeDriver initialized.
09:22:44.654 [main] INFO  - Navigated to URL: https://dms.uat.doctorshealthfund.com.au/
09:22:44.721 [main] INFO  - Navigating to the quote page.
09:22:45.909 [main] INFO  - Page title: Private Health Insurance for Doctors | Doctors' Health Fund
09:22:46.676 [main] INFO  - Clicking the 'Get Quote' button.
09:22:47.163 [main] INFO  - 'Get Quote' button clicked successfully.
09:22:48.091 [main] INFO  - Selected cover for: Single
09:22:48.858 [main] INFO  - Selected residence: NSW
09:22:50.277 [main] INFO  - Selected annual income: Below $97k
09:25:07.714 [main] INFO  - Browser selected: chrome
09:25:10.756 [main] INFO  - ChromeDriver initialized.
09:25:14.547 [main] INFO  - Navigated to URL: https://dms.uat.doctorshealthfund.com.au/
09:25:14.623 [main] INFO  - Navigating to the quote page.
09:25:14.786 [main] INFO  - Page title: Private Health Insurance for Doctors | Doctors' Health Fund
09:25:15.184 [main] INFO  - Clicking the 'Get Quote' button.
09:25:15.619 [main] INFO  - 'Get Quote' button clicked successfully.
09:25:16.856 [main] INFO  - Selected cover for: Single
09:25:17.390 [main] INFO  - Selected residence: NSW
09:25:18.753 [main] INFO  - Selected annual income: Below $97k
09:26:21.658 [main] INFO  - Browser selected: chrome
09:26:24.331 [main] INFO  - ChromeDriver initialized.
09:26:26.966 [main] INFO  - Navigated to URL: https://dms.uat.doctorshealthfund.com.au/
09:26:27.065 [main] INFO  - Navigating to the quote page.
09:26:28.034 [main] INFO  - Page title: Private Health Insurance for Doctors | Doctors' Health Fund
09:26:28.512 [main] INFO  - Clicking the 'Get Quote' button.
09:26:46.833 [main] INFO  - Browser selected: chrome
09:26:49.669 [main] INFO  - ChromeDriver initialized.
09:26:51.318 [main] INFO  - Navigated to URL: https://dms.uat.doctorshealthfund.com.au/
09:26:51.395 [main] INFO  - Navigating to the quote page.
09:26:53.155 [main] INFO  - Page title: Private Health Insurance for Doctors | Doctors' Health Fund
09:26:53.534 [main] INFO  - Clicking the 'Get Quote' button.
09:26:53.793 [main] INFO  - 'Get Quote' button clicked successfully.
09:26:54.509 [main] INFO  - Selected cover for: Single
09:26:55.152 [main] INFO  - Selected residence: NSW
09:26:56.554 [main] INFO  - Selected annual income: Below $97k
10:13:50.681 [main] INFO  - Browser selected: chrome
10:13:54.542 [main] INFO  - ChromeDriver initialized.
10:13:59.785 [main] INFO  - Navigated to URL: https://dms.uat.doctorshealthfund.com.au/
10:13:59.832 [main] INFO  - Navigating to the quote page.
10:14:00.437 [main] INFO  - Page title: Private Health Insurance for Doctors | Doctors' Health Fund
10:14:00.776 [main] INFO  - Clicking the 'Get Quote' button.
10:14:00.927 [main] INFO  - 'Get Quote' button clicked successfully.
10:14:02.098 [main] INFO  - Selected cover for: Single
10:14:02.629 [main] INFO  - Selected residence: NSW
10:14:03.867 [main] INFO  - Selected annual income: Below $97k
10:34:40.380 [main] INFO  - Browser selected: chrome
10:34:42.972 [main] INFO  - ChromeDriver initialized.
10:34:50.489 [main] INFO  - Navigated to URL: https://dms.uat.doctorshealthfund.com.au/
10:34:50.534 [main] INFO  - Navigating to the quote page.
10:34:50.567 [main] INFO  - Page title: Private Health Insurance for Doctors | Doctors' Health Fund
10:34:50.932 [main] INFO  - Clicking the 'Get Quote' button.
10:34:51.176 [main] INFO  - 'Get Quote' button clicked successfully.
10:34:52.353 [main] INFO  - Selected cover for: Single
10:34:52.987 [main] INFO  - Selected residence: NSW
10:34:54.235 [main] INFO  - Selected annual income: Below $97k
10:45:14.157 [main] INFO  - Browser selected: chrome
10:45:16.830 [main] INFO  - ChromeDriver initialized.
10:45:21.320 [main] INFO  - Navigated to URL: https://dms.uat.doctorshealthfund.com.au/
10:45:21.415 [main] INFO  - Navigating to the quote page.
10:45:21.677 [main] INFO  - Page title: Private Health Insurance for Doctors | Doctors' Health Fund
10:45:22.060 [main] INFO  - Clicking the 'Get Quote' button.
10:45:22.260 [main] INFO  - 'Get Quote' button clicked successfully.
10:45:23.407 [main] INFO  - Selected cover for: Single
10:45:23.881 [main] INFO  - Selected residence: NSW
10:45:25.121 [main] INFO  - Selected annual income: Below $97k
11:27:56.444 [main] INFO  - Browser selected: chrome
11:27:59.674 [main] INFO  - ChromeDriver initialized.
11:28:06.245 [main] INFO  - Navigated to URL: https://dms.uat.doctorshealthfund.com.au/
11:28:06.350 [main] INFO  - Navigating to the quote page.
11:28:06.440 [main] INFO  - Page title: Private Health Insurance for Doctors | Doctors' Health Fund
11:28:06.801 [main] INFO  - Clicking the 'Get Quote' button.
11:28:06.983 [main] INFO  - 'Get Quote' button clicked successfully.
11:28:08.171 [main] INFO  - Selected cover for: Single
11:28:08.704 [main] INFO  - Selected residence: NSW
11:28:09.939 [main] INFO  - Selected annual income: Below $97k
11:40:54.434 [main] INFO  - Browser selected: chrome
11:40:57.061 [main] INFO  - ChromeDriver initialized.
11:41:01.984 [main] INFO  - Navigated to URL: https://dms.uat.doctorshealthfund.com.au/
11:41:02.032 [main] INFO  - Navigating to the quote page.
11:41:02.074 [main] INFO  - Page title: Private Health Insurance for Doctors | Doctors' Health Fund
11:41:02.245 [main] INFO  - Clicking the 'Get Quote' button.
11:41:03.440 [main] INFO  - 'Get Quote' button clicked successfully.
11:41:04.892 [main] INFO  - Selected cover for: Single
11:41:05.397 [main] INFO  - Selected residence: NSW
11:41:06.786 [main] INFO  - Selected annual income: Below $97k
11:50:13.077 [main] INFO  - Browser selected: chrome
11:50:15.812 [main] INFO  - ChromeDriver initialized.
11:50:16.349 [main] INFO  - Navigated to URL: https://dms.uat.doctorshealthfund.com.au/
11:50:16.402 [main] INFO  - Navigating to the quote page.
11:50:18.857 [main] INFO  - Page title: Private Health Insurance for Doctors | Doctors' Health Fund
11:50:19.236 [main] INFO  - Clicking the 'Get Quote' button.
11:50:19.450 [main] INFO  - 'Get Quote' button clicked successfully.
11:50:20.354 [main] INFO  - Selected cover for: Single
11:50:20.929 [main] INFO  - Selected residence: NSW
11:50:22.222 [main] INFO  - Selected annual income: Below $97k
11:51:01.410 [main] INFO  - Browser selected: chrome
11:51:04.685 [main] INFO  - ChromeDriver initialized.
11:51:07.771 [main] INFO  - Navigated to URL: https://dms.uat.doctorshealthfund.com.au/
11:51:07.826 [main] INFO  - Navigating to the quote page.
11:51:07.857 [main] INFO  - Page title: Private Health Insurance for Doctors | Doctors' Health Fund
11:51:08.263 [main] INFO  - Clicking the 'Get Quote' button.
11:51:08.443 [main] INFO  - 'Get Quote' button clicked successfully.
11:51:09.077 [main] INFO  - Selected cover for: Single
11:51:09.613 [main] INFO  - Selected residence: NSW
11:51:10.822 [main] INFO  - Selected annual income: Below $97k
14:05:43.324 [main] INFO  - Browser selected: chrome
14:05:46.410 [main] INFO  - ChromeDriver initialized.
14:05:52.550 [main] INFO  - Navigated to URL: https://dms.uat.doctorshealthfund.com.au/
14:05:52.595 [main] INFO  - Navigating to the quote page.
14:05:52.652 [main] INFO  - Page title: Private Health Insurance for Doctors | Doctors' Health Fund
14:05:52.923 [main] INFO  - Clicking the 'Get Quote' button.
14:05:53.274 [main] INFO  - 'Get Quote' button clicked successfully.
14:05:54.549 [main] INFO  - Selected cover for: Single
14:05:55.023 [main] INFO  - Selected residence: NSW
14:05:56.210 [main] INFO  - Selected annual income: Below $97k
14:07:09.839 [main] INFO  - Browser selected: chrome
14:07:12.533 [main] INFO  - ChromeDriver initialized.
14:07:15.521 [main] INFO  - Navigated to URL: https://dms.uat.doctorshealthfund.com.au/
14:07:15.575 [main] INFO  - Navigating to the quote page.
14:07:15.608 [main] INFO  - Page title: Private Health Insurance for Doctors | Doctors' Health Fund
14:07:15.953 [main] INFO  - Clicking the 'Get Quote' button.
14:07:16.139 [main] INFO  - 'Get Quote' button clicked successfully.
14:07:17.510 [main] INFO  - Selected cover for: Single
14:07:18.112 [main] INFO  - Selected residence: NSW
14:07:19.554 [main] INFO  - Selected annual income: Below $97k
14:08:05.871 [main] INFO  - Browser selected: chrome
14:08:08.675 [main] INFO  - ChromeDriver initialized.
14:08:11.831 [main] INFO  - Navigated to URL: https://dms.uat.doctorshealthfund.com.au/
14:08:11.881 [main] INFO  - Navigating to the quote page.
14:08:11.919 [main] INFO  - Page title: Private Health Insurance for Doctors | Doctors' Health Fund
14:08:12.391 [main] INFO  - Clicking the 'Get Quote' button.
14:08:12.600 [main] INFO  - 'Get Quote' button clicked successfully.
14:08:13.246 [main] INFO  - Selected cover for: Single
14:08:13.751 [main] INFO  - Selected residence: NSW
14:08:15.002 [main] INFO  - Selected annual income: Below $97k
14:10:14.200 [main] INFO  - Browser selected: chrome
14:10:16.977 [main] INFO  - ChromeDriver initialized.
14:10:18.418 [main] INFO  - Navigated to URL: https://dms.uat.doctorshealthfund.com.au/
14:10:18.487 [main] INFO  - Navigating to the quote page.
14:10:19.023 [main] INFO  - Page title: Private Health Insurance for Doctors | Doctors' Health Fund
14:10:19.900 [main] INFO  - Clicking the 'Get Quote' button.
14:10:51.890 [main] INFO  - Browser selected: chrome
14:10:54.646 [main] INFO  - ChromeDriver initialized.
14:10:55.040 [main] INFO  - Navigated to URL: https://dms.uat.doctorshealthfund.com.au/
14:10:55.111 [main] INFO  - Navigating to the quote page.
14:10:55.907 [main] INFO  - Page title: Private Health Insurance for Doctors | Doctors' Health Fund
14:10:56.889 [main] INFO  - Clicking the 'Get Quote' button.
14:10:57.374 [main] INFO  - 'Get Quote' button clicked successfully.
14:10:58.067 [main] INFO  - Selected cover for: Single
14:10:58.687 [main] INFO  - Selected residence: NSW
14:11:00.103 [main] INFO  - Selected annual income: Below $97k
14:26:02.943 [main] INFO  - Browser selected: chrome
14:26:05.797 [main] INFO  - ChromeDriver initialized.
14:26:11.405 [main] INFO  - Navigated to URL: https://dms.uat.doctorshealthfund.com.au/
14:26:11.470 [main] INFO  - Navigating to the quote page.
14:26:11.943 [main] INFO  - Page title: Private Health Insurance for Doctors | Doctors' Health Fund
14:26:12.339 [main] INFO  - Clicking the 'Get Quote' button.
14:26:12.491 [main] INFO  - 'Get Quote' button clicked successfully.
14:26:13.659 [main] INFO  - Selected cover for: Single
14:26:14.170 [main] INFO  - Selected residence: NSW
14:26:15.486 [main] INFO  - Selected annual income: Below $97k
14:31:59.628 [main] INFO  - Browser selected: chrome
14:32:02.488 [main] INFO  - ChromeDriver initialized.
14:32:14.743 [main] INFO  - Navigated to URL: https://dms.uat.doctorshealthfund.com.au/
14:32:14.823 [main] INFO  - Navigating to the quote page.
14:32:24.588 [main] INFO  - Browser selected: chrome
14:32:27.137 [main] INFO  - ChromeDriver initialized.
14:32:29.607 [main] INFO  - Navigated to URL: https://dms.uat.doctorshealthfund.com.au/
14:32:29.652 [main] INFO  - Navigating to the quote page.
14:32:29.686 [main] INFO  - Page title: Private Health Insurance for Doctors | Doctors' Health Fund
14:32:30.064 [main] INFO  - Clicking the 'Get Quote' button.
14:32:30.270 [main] INFO  - 'Get Quote' button clicked successfully.
14:32:30.853 [main] INFO  - Selected cover for: Single
14:32:31.391 [main] INFO  - Selected residence: NSW
14:32:32.749 [main] INFO  - Selected annual income: Below $97k
14:43:03.212 [main] INFO  - Browser selected: chrome
14:43:05.885 [main] INFO  - ChromeDriver initialized.
14:43:10.102 [main] INFO  - Navigated to URL: https://dms.uat.doctorshealthfund.com.au/
14:43:10.156 [main] INFO  - Navigating to the quote page.
14:43:10.730 [main] INFO  - Page title: Private Health Insurance for Doctors | Doctors' Health Fund
14:43:11.055 [main] INFO  - Clicking the 'Get Quote' button.
14:43:11.186 [main] INFO  - 'Get Quote' button clicked successfully.
14:43:12.388 [main] INFO  - Selected cover for: Single
14:43:12.898 [main] INFO  - Selected residence: NSW
14:43:14.101 [main] INFO  - Selected annual income: Below $97k
14:49:06.167 [main] INFO  - Browser selected: chrome
14:49:08.941 [main] INFO  - ChromeDriver initialized.
14:49:10.074 [main] INFO  - Navigated to URL: https://dms.uat.doctorshealthfund.com.au/
14:49:10.119 [main] INFO  - Navigating to the quote page.
14:49:11.253 [main] INFO  - Page title: Private Health Insurance for Doctors | Doctors' Health Fund
14:49:11.863 [main] INFO  - Clicking the 'Get Quote' button.
14:49:12.193 [main] INFO  - 'Get Quote' button clicked successfully.
14:49:13.346 [main] INFO  - Selected cover for: Single
14:49:13.875 [main] INFO  - Selected residence: NSW
14:49:15.109 [main] INFO  - Selected annual income: Below $97k
14:49:44.919 [main] INFO  - Browser selected: chrome
14:49:47.714 [main] INFO  - ChromeDriver initialized.
14:49:50.366 [main] INFO  - Navigated to URL: https://dms.uat.doctorshealthfund.com.au/
14:49:50.425 [main] INFO  - Navigating to the quote page.
14:49:50.454 [main] INFO  - Page title: Private Health Insurance for Doctors | Doctors' Health Fund
14:49:50.861 [main] INFO  - Clicking the 'Get Quote' button.
14:49:51.091 [main] INFO  - 'Get Quote' button clicked successfully.
14:49:52.252 [main] INFO  - Selected cover for: Single
14:49:52.771 [main] INFO  - Selected residence: NSW
14:49:54.122 [main] INFO  - Selected annual income: Below $97k
14:51:26.790 [main] INFO  - Browser selected: chrome
14:51:29.619 [main] INFO  - ChromeDriver initialized.
14:51:32.843 [main] INFO  - Navigated to URL: https://dms.uat.doctorshealthfund.com.au/
14:51:32.899 [main] INFO  - Navigating to the quote page.
14:51:32.929 [main] INFO  - Page title: Private Health Insurance for Doctors | Doctors' Health Fund
14:51:33.331 [main] INFO  - Clicking the 'Get Quote' button.
14:51:33.508 [main] INFO  - 'Get Quote' button clicked successfully.
14:51:34.877 [main] INFO  - Selected cover for: Single
14:51:35.350 [main] INFO  - Selected residence: NSW
14:51:36.777 [main] INFO  - Selected annual income: Below $97k
14:52:21.983 [main] INFO  - Browser selected: chrome
14:52:24.717 [main] INFO  - ChromeDriver initialized.
14:52:28.049 [main] INFO  - Navigated to URL: https://dms.uat.doctorshealthfund.com.au/
14:52:28.095 [main] INFO  - Navigating to the quote page.
14:52:28.125 [main] INFO  - Page title: Private Health Insurance for Doctors | Doctors' Health Fund
14:52:28.590 [main] INFO  - Clicking the 'Get Quote' button.
14:52:28.822 [main] INFO  - 'Get Quote' button clicked successfully.
14:52:29.392 [main] INFO  - Selected cover for: Single
14:52:29.979 [main] INFO  - Selected residence: NSW
14:52:31.474 [main] INFO  - Selected annual income: Below $97k
14:57:43.504 [main] INFO  - Browser selected: chrome
14:58:02.490 [main] INFO  - Browser selected: chrome
14:58:05.465 [main] INFO  - ChromeDriver initialized.
14:58:09.534 [main] INFO  - Navigated to URL: https://dms.uat.doctorshealthfund.com.au/
14:58:09.587 [main] INFO  - Navigating to the quote page.
14:58:10.024 [main] INFO  - Page title: Private Health Insurance for Doctors | Doctors' Health Fund
14:58:10.412 [main] INFO  - Clicking the 'Get Quote' button.
14:58:42.242 [main] INFO  - Browser selected: chrome
14:58:44.950 [main] INFO  - ChromeDriver initialized.
14:58:46.446 [main] INFO  - Navigated to URL: https://dms.uat.doctorshealthfund.com.au/
14:58:46.548 [main] INFO  - Navigating to the quote page.
14:58:46.762 [main] INFO  - Page title: Private Health Insurance for Doctors | Doctors' Health Fund
14:58:47.386 [main] INFO  - Clicking the 'Get Quote' button.
14:58:47.756 [main] INFO  - 'Get Quote' button clicked successfully.
14:58:49.053 [main] INFO  - Selected cover for: Single
14:58:49.570 [main] INFO  - Selected residence: NSW
14:58:50.780 [main] INFO  - Selected annual income: Below $97k
14:59:53.841 [main] INFO  - Browser selected: chrome
14:59:56.471 [main] INFO  - ChromeDriver initialized.
14:59:59.391 [main] INFO  - Navigated to URL: https://dms.uat.doctorshealthfund.com.au/
14:59:59.452 [main] INFO  - Navigating to the quote page.
14:59:59.506 [main] INFO  - Page title: Private Health Insurance for Doctors | Doctors' Health Fund
14:59:59.889 [main] INFO  - Clicking the 'Get Quote' button.
15:00:00.252 [main] INFO  - 'Get Quote' button clicked successfully.
15:00:01.822 [main] INFO  - Selected cover for: Single
15:00:02.537 [main] INFO  - Selected residence: NSW
15:00:04.102 [main] INFO  - Selected annual income: Below $97k
15:06:01.751 [main] INFO  - Browser selected: chrome
15:06:04.880 [main] INFO  - ChromeDriver initialized.
15:06:08.740 [main] INFO  - Navigated to URL: https://dms.uat.doctorshealthfund.com.au/
15:06:08.854 [main] INFO  - Navigating to the quote page.
15:06:09.141 [main] INFO  - Page title: Private Health Insurance for Doctors | Doctors' Health Fund
15:06:09.474 [main] INFO  - Clicking the 'Get Quote' button.
15:06:09.696 [main] INFO  - 'Get Quote' button clicked successfully.
15:06:10.861 [main] INFO  - Selected cover for: Single
15:06:11.346 [main] INFO  - Selected residence: NSW
15:06:12.491 [main] INFO  - Selected annual income: Below $97k
15:08:02.094 [main] INFO  - Browser selected: chrome
15:08:04.871 [main] INFO  - ChromeDriver initialized.
15:08:06.711 [main] INFO  - Navigated to URL: https://dms.uat.doctorshealthfund.com.au/
15:08:06.823 [main] INFO  - Navigating to the quote page.
15:08:06.878 [main] INFO  - Page title: Private Health Insurance for Doctors | Doctors' Health Fund
15:08:07.716 [main] INFO  - Clicking the 'Get Quote' button.
15:08:08.293 [main] INFO  - 'Get Quote' button clicked successfully.
15:08:09.554 [main] INFO  - Selected cover for: Single
15:08:10.048 [main] INFO  - Selected residence: NSW
15:08:11.299 [main] INFO  - Selected annual income: Below $97k
16:38:10.256 [main] INFO  - Browser selected: chrome
16:38:14.002 [main] INFO  - ChromeDriver initialized.
16:38:20.133 [main] INFO  - Navigated to URL: https://dms.uat.doctorshealthfund.com.au/
16:38:20.208 [main] INFO  - Navigating to the quote page.
16:38:20.334 [main] INFO  - Page title: Private Health Insurance for Doctors | Doctors' Health Fund
16:38:20.697 [main] INFO  - Clicking the 'Get Quote' button.
16:38:20.890 [main] INFO  - 'Get Quote' button clicked successfully.
16:38:22.029 [main] INFO  - Selected cover for: Single
16:38:22.590 [main] INFO  - Selected residence: NSW
16:38:23.778 [main] INFO  - Selected annual income: Below $97k
16:39:50.187 [main] INFO  - Browser selected: chrome
16:39:52.977 [main] INFO  - ChromeDriver initialized.
16:39:55.955 [main] INFO  - Navigated to URL: https://dms.uat.doctorshealthfund.com.au/
16:39:55.999 [main] INFO  - Navigating to the quote page.
16:39:56.028 [main] INFO  - Page title: Private Health Insurance for Doctors | Doctors' Health Fund
16:39:56.658 [main] INFO  - Clicking the 'Get Quote' button.
16:39:57.023 [main] INFO  - 'Get Quote' button clicked successfully.
16:39:58.270 [main] INFO  - Selected cover for: Single
16:39:58.802 [main] INFO  - Selected residence: NSW
16:39:59.987 [main] INFO  - Selected annual income: Below $97k
16:40:54.915 [main] INFO  - Browser selected: chrome
16:40:57.622 [main] INFO  - ChromeDriver initialized.
16:41:00.682 [main] INFO  - Navigated to URL: https://dms.uat.doctorshealthfund.com.au/
16:41:00.724 [main] INFO  - Navigating to the quote page.
16:41:00.841 [main] INFO  - Page title: Private Health Insurance for Doctors | Doctors' Health Fund
16:41:01.244 [main] INFO  - Clicking the 'Get Quote' button.
16:41:01.477 [main] INFO  - 'Get Quote' button clicked successfully.
16:41:01.976 [main] INFO  - Selected cover for: Single
16:41:02.463 [main] INFO  - Selected residence: NSW
16:41:03.747 [main] INFO  - Selected annual income: Below $97k
16:42:05.863 [main] INFO  - Browser selected: chrome
16:42:08.544 [main] INFO  - ChromeDriver initialized.
16:42:11.688 [main] INFO  - Navigated to URL: https://dms.uat.doctorshealthfund.com.au/
16:42:11.735 [main] INFO  - Navigating to the quote page.
16:42:11.763 [main] INFO  - Page title: Private Health Insurance for Doctors | Doctors' Health Fund
16:42:12.204 [main] INFO  - Clicking the 'Get Quote' button.
16:42:12.450 [main] INFO  - 'Get Quote' button clicked successfully.
16:42:13.689 [main] INFO  - Selected cover for: Single
16:42:14.167 [main] INFO  - Selected residence: NSW
16:42:15.445 [main] INFO  - Selected annual income: Below $97k
16:50:29.066 [main] INFO  - Browser selected: chrome
16:50:31.680 [main] INFO  - ChromeDriver initialized.
16:50:32.321 [main] INFO  - Navigated to URL: https://dms.uat.doctorshealthfund.com.au/
16:50:32.373 [main] INFO  - Navigating to the quote page.
16:50:35.595 [main] INFO  - Page title: Private Health Insurance for Doctors | Doctors' Health Fund
16:50:36.028 [main] INFO  - Clicking the 'Get Quote' button.
16:50:36.410 [main] INFO  - 'Get Quote' button clicked successfully.
16:50:37.767 [main] INFO  - Selected cover for: Single
16:50:38.256 [main] INFO  - Selected residence: NSW
16:50:39.437 [main] INFO  - Selected annual income: Below $97k
07:32:45.906 [main] INFO  - Browser selected: chrome
07:32:54.036 [main] INFO  - ChromeDriver initialized.
07:32:59.511 [main] INFO  - Navigated to URL: https://dms.uat.doctorshealthfund.com.au/
07:32:59.627 [main] INFO  - Navigating to the quote page.
07:33:00.290 [main] INFO  - Page title: Private Health Insurance for Doctors | Doctors' Health Fund
07:33:00.617 [main] INFO  - Clicking the 'Get Quote' button.
07:33:00.806 [main] INFO  - 'Get Quote' button clicked successfully.
07:33:02.035 [main] INFO  - Selected cover for: Single
07:33:02.640 [main] INFO  - Selected residence: NSW
07:33:03.950 [main] INFO  - Selected annual income: Below $97k
07:33:10.367 [main] INFO  - Selected 'Mr' from dropdown.
07:52:43.955 [main] INFO  - Browser selected: chrome
07:52:47.201 [main] INFO  - ChromeDriver initialized.
07:52:52.014 [main] INFO  - Navigated to URL: https://dms.uat.doctorshealthfund.com.au/
07:52:52.066 [main] INFO  - Navigating to the quote page.
07:52:52.097 [main] INFO  - Page title: Private Health Insurance for Doctors | Doctors' Health Fund
07:52:52.698 [main] INFO  - Clicking the 'Get Quote' button.
07:52:52.992 [main] INFO  - 'Get Quote' button clicked successfully.
07:52:54.204 [main] INFO  - Selected cover for: Single
07:52:54.707 [main] INFO  - Selected residence: NSW
07:52:55.928 [main] INFO  - Selected annual income: Below $97k
07:53:02.211 [main] INFO  - Selected 'Mr' from dropdown.
07:54:14.583 [main] INFO  - Browser selected: chrome
07:54:17.308 [main] INFO  - ChromeDriver initialized.
07:54:20.814 [main] INFO  - Navigated to URL: https://dms.uat.doctorshealthfund.com.au/
07:54:20.869 [main] INFO  - Navigating to the quote page.
07:54:20.906 [main] INFO  - Page title: Private Health Insurance for Doctors | Doctors' Health Fund
07:54:21.355 [main] INFO  - Clicking the 'Get Quote' button.
07:54:21.615 [main] INFO  - 'Get Quote' button clicked successfully.
07:54:22.231 [main] INFO  - Selected cover for: Single
07:54:22.728 [main] INFO  - Selected residence: NSW
07:54:24.212 [main] INFO  - Selected annual income: Below $97k
07:55:11.331 [main] INFO  - Browser selected: chrome
07:55:14.274 [main] INFO  - ChromeDriver initialized.
07:55:17.174 [main] INFO  - Navigated to URL: https://dms.uat.doctorshealthfund.com.au/
07:55:17.221 [main] INFO  - Navigating to the quote page.
07:55:17.298 [main] INFO  - Page title: Private Health Insurance for Doctors | Doctors' Health Fund
07:55:17.714 [main] INFO  - Clicking the 'Get Quote' button.
07:55:18.015 [main] INFO  - 'Get Quote' button clicked successfully.
07:55:18.707 [main] INFO  - Selected cover for: Single
07:55:19.276 [main] INFO  - Selected residence: NSW
07:55:20.621 [main] INFO  - Selected annual income: Below $97k
07:55:59.469 [main] INFO  - Browser selected: chrome
07:56:02.286 [main] INFO  - ChromeDriver initialized.
07:56:03.047 [main] INFO  - Navigated to URL: https://dms.uat.doctorshealthfund.com.au/
07:56:03.110 [main] INFO  - Navigating to the quote page.
07:56:05.785 [main] INFO  - Page title: Private Health Insurance for Doctors | Doctors' Health Fund
07:56:06.132 [main] INFO  - Clicking the 'Get Quote' button.
07:56:06.378 [main] INFO  - 'Get Quote' button clicked successfully.
07:56:07.764 [main] INFO  - Selected cover for: Single
07:56:08.351 [main] INFO  - Selected residence: NSW
07:56:09.878 [main] INFO  - Selected annual income: Below $97k
07:56:17.021 [main] INFO  - Selected 'Mr' from dropdown.
08:22:41.873 [main] INFO  - Browser selected: chrome
08:22:44.489 [main] INFO  - ChromeDriver initialized.
08:22:50.934 [main] INFO  - Navigated to URL: https://dms.uat.doctorshealthfund.com.au/
08:22:51.018 [main] INFO  - Navigating to the quote page.
08:22:51.061 [main] INFO  - Page title: Private Health Insurance for Doctors | Doctors' Health Fund
08:22:51.431 [main] INFO  - Clicking the 'Get Quote' button.
08:22:51.721 [main] INFO  - 'Get Quote' button clicked successfully.
08:22:52.987 [main] INFO  - Selected cover for: Single
08:22:53.734 [main] INFO  - Selected residence: NSW
08:22:54.960 [main] INFO  - Selected annual income: Below $97k
08:23:25.886 [main] INFO  - Browser selected: chrome
08:23:29.809 [main] INFO  - ChromeDriver initialized.
08:23:32.677 [main] INFO  - Navigated to URL: https://dms.uat.doctorshealthfund.com.au/
08:23:32.721 [main] INFO  - Navigating to the quote page.
08:23:32.757 [main] INFO  - Page title: Private Health Insurance for Doctors | Doctors' Health Fund
08:23:33.159 [main] INFO  - Clicking the 'Get Quote' button.
08:23:33.522 [main] INFO  - 'Get Quote' button clicked successfully.
08:23:34.804 [main] INFO  - Selected cover for: Single
08:23:35.385 [main] INFO  - Selected residence: NSW
08:23:36.622 [main] INFO  - Selected annual income: Below $97k
08:23:42.873 [main] INFO  - Selected 'Mr' from dropdown.
08:49:33.673 [main] INFO  - Browser selected: chrome
08:49:37.662 [main] INFO  - ChromeDriver initialized.
08:49:43.948 [main] INFO  - Navigated to URL: https://dms.uat.doctorshealthfund.com.au/
08:49:44.008 [main] INFO  - Navigating to the quote page.
08:49:44.066 [main] INFO  - Page title: Private Health Insurance for Doctors | Doctors' Health Fund
08:49:44.436 [main] INFO  - Clicking the 'Get Quote' button.
08:49:44.666 [main] INFO  - 'Get Quote' button clicked successfully.
08:49:45.833 [main] INFO  - Selected cover for: Single
08:49:46.430 [main] INFO  - Selected residence: NSW
08:49:47.751 [main] INFO  - Selected annual income: Below $97k
08:49:53.859 [main] INFO  - Selected 'Mr' from dropdown.
08:50:59.508 [main] INFO  - Browser selected: chrome
08:51:02.236 [main] INFO  - ChromeDriver initialized.
08:51:05.524 [main] INFO  - Navigated to URL: https://dms.uat.doctorshealthfund.com.au/
08:51:05.576 [main] INFO  - Navigating to the quote page.
08:51:05.605 [main] INFO  - Page title: Private Health Insurance for Doctors | Doctors' Health Fund
08:51:06.039 [main] INFO  - Clicking the 'Get Quote' button.
08:51:37.415 [main] INFO  - Browser selected: chrome
08:51:40.208 [main] INFO  - ChromeDriver initialized.
08:51:43.503 [main] INFO  - Navigated to URL: https://dms.uat.doctorshealthfund.com.au/
08:51:43.555 [main] INFO  - Navigating to the quote page.
08:51:43.587 [main] INFO  - Page title: Private Health Insurance for Doctors | Doctors' Health Fund
08:51:44.014 [main] INFO  - Clicking the 'Get Quote' button.
08:51:44.260 [main] INFO  - 'Get Quote' button clicked successfully.
08:51:44.822 [main] INFO  - Selected cover for: Single
08:51:45.304 [main] INFO  - Selected residence: NSW
08:51:46.801 [main] INFO  - Selected annual income: Below $97k
08:52:38.147 [main] INFO  - Browser selected: chrome
08:52:41.022 [main] INFO  - ChromeDriver initialized.
08:52:44.016 [main] INFO  - Navigated to URL: https://dms.uat.doctorshealthfund.com.au/
08:52:44.062 [main] INFO  - Navigating to the quote page.
08:52:44.102 [main] INFO  - Page title: Private Health Insurance for Doctors | Doctors' Health Fund
08:52:44.518 [main] INFO  - Clicking the 'Get Quote' button.
08:52:44.785 [main] INFO  - 'Get Quote' button clicked successfully.
08:52:46.263 [main] INFO  - Selected cover for: Single
08:52:46.820 [main] INFO  - Selected residence: NSW
08:52:48.056 [main] INFO  - Selected annual income: Below $97k
08:53:43.190 [main] INFO  - Browser selected: chrome
08:53:46.040 [main] INFO  - ChromeDriver initialized.
08:53:46.443 [main] INFO  - Navigated to URL: https://dms.uat.doctorshealthfund.com.au/
08:53:46.515 [main] INFO  - Navigating to the quote page.
08:53:49.301 [main] INFO  - Page title: Private Health Insurance for Doctors | Doctors' Health Fund
08:53:49.697 [main] INFO  - Clicking the 'Get Quote' button.
08:53:49.940 [main] INFO  - 'Get Quote' button clicked successfully.
08:53:51.217 [main] INFO  - Selected cover for: Single
08:53:51.906 [main] INFO  - Selected residence: NSW
08:53:53.274 [main] INFO  - Selected annual income: Below $97k
09:01:03.712 [main] INFO  - Browser selected: chrome
09:01:06.722 [main] INFO  - ChromeDriver initialized.
09:01:11.222 [main] INFO  - Navigated to URL: https://dms.uat.doctorshealthfund.com.au/
09:01:11.283 [main] INFO  - Navigating to the quote page.
09:01:11.504 [main] INFO  - Page title: Private Health Insurance for Doctors | Doctors' Health Fund
09:01:11.858 [main] INFO  - Clicking the 'Get Quote' button.
09:01:12.073 [main] INFO  - 'Get Quote' button clicked successfully.
09:01:13.449 [main] INFO  - Selected cover for: Single
09:01:13.970 [main] INFO  - Selected residence: NSW
09:01:15.410 [main] INFO  - Selected annual income: Below $97k
09:07:00.125 [main] INFO  - Browser selected: chrome
09:07:02.855 [main] INFO  - ChromeDriver initialized.
09:07:06.308 [main] INFO  - Navigated to URL: https://dms.uat.doctorshealthfund.com.au/
09:07:06.362 [main] INFO  - Navigating to the quote page.
09:07:06.410 [main] INFO  - Page title: Private Health Insurance for Doctors | Doctors' Health Fund
09:07:06.833 [main] INFO  - Clicking the 'Get Quote' button.
09:07:07.053 [main] INFO  - 'Get Quote' button clicked successfully.
09:07:08.342 [main] INFO  - Selected cover for: Single
09:07:08.818 [main] INFO  - Selected residence: NSW
09:07:10.068 [main] INFO  - Selected annual income: Below $97k
09:09:26.259 [main] INFO  - Browser selected: chrome
09:09:28.813 [main] INFO  - ChromeDriver initialized.
09:09:35.694 [main] INFO  - Navigated to URL: https://dms.uat.doctorshealthfund.com.au/
09:09:35.745 [main] INFO  - Navigating to the quote page.
09:09:35.775 [main] INFO  - Page title: Private Health Insurance for Doctors | Doctors' Health Fund
09:09:36.144 [main] INFO  - Clicking the 'Get Quote' button.
09:09:36.422 [main] INFO  - 'Get Quote' button clicked successfully.
09:09:37.766 [main] INFO  - Selected cover for: Single
09:09:38.433 [main] INFO  - Selected residence: NSW
09:09:39.848 [main] INFO  - Selected annual income: Below $97k
09:11:01.467 [main] INFO  - Browser selected: chrome
09:11:04.043 [main] INFO  - ChromeDriver initialized.
09:11:06.409 [main] INFO  - Navigated to URL: https://dms.uat.doctorshealthfund.com.au/
09:11:06.480 [main] INFO  - Navigating to the quote page.
09:11:06.921 [main] INFO  - Page title: Private Health Insurance for Doctors | Doctors' Health Fund
09:11:07.339 [main] INFO  - Clicking the 'Get Quote' button.
09:11:07.565 [main] INFO  - 'Get Quote' button clicked successfully.
09:11:08.834 [main] INFO  - Selected cover for: Single
09:11:09.328 [main] INFO  - Selected residence: NSW
09:11:10.648 [main] INFO  - Selected annual income: Below $97k
09:14:55.210 [main] INFO  - Browser selected: chrome
09:14:58.718 [main] INFO  - ChromeDriver initialized.
09:15:01.884 [main] INFO  - Navigated to URL: https://dms.uat.doctorshealthfund.com.au/
09:15:01.954 [main] INFO  - Navigating to the quote page.
09:15:02.035 [main] INFO  - Page title: Private Health Insurance for Doctors | Doctors' Health Fund
09:15:02.395 [main] INFO  - Clicking the 'Get Quote' button.
09:15:19.819 [main] INFO  - Browser selected: chrome
09:15:22.512 [main] INFO  - ChromeDriver initialized.
09:15:25.715 [main] INFO  - Navigated to URL: https://dms.uat.doctorshealthfund.com.au/
09:15:25.775 [main] INFO  - Navigating to the quote page.
09:15:25.807 [main] INFO  - Page title: Private Health Insurance for Doctors | Doctors' Health Fund
09:15:26.184 [main] INFO  - Clicking the 'Get Quote' button.
09:15:26.445 [main] INFO  - 'Get Quote' button clicked successfully.
09:15:27.009 [main] INFO  - Selected cover for: Single
09:15:27.564 [main] INFO  - Selected residence: NSW
09:15:28.819 [main] INFO  - Selected annual income: Below $97k
09:16:16.313 [main] INFO  - Browser selected: chrome
09:16:18.941 [main] INFO  - ChromeDriver initialized.
09:16:20.767 [main] INFO  - Navigated to URL: https://dms.uat.doctorshealthfund.com.au/
09:16:20.832 [main] INFO  - Navigating to the quote page.
09:16:22.287 [main] INFO  - Page title: Private Health Insurance for Doctors | Doctors' Health Fund
09:16:22.647 [main] INFO  - Clicking the 'Get Quote' button.
09:16:22.990 [main] INFO  - 'Get Quote' button clicked successfully.
09:16:24.524 [main] INFO  - Selected cover for: Single
09:16:25.268 [main] INFO  - Selected residence: NSW
09:16:26.710 [main] INFO  - Selected annual income: Below $97k
09:17:01.078 [main] INFO  - Browser selected: chrome
09:17:03.854 [main] INFO  - ChromeDriver initialized.
09:17:06.671 [main] INFO  - Navigated to URL: https://dms.uat.doctorshealthfund.com.au/
09:17:06.732 [main] INFO  - Navigating to the quote page.
09:17:06.823 [main] INFO  - Page title: Private Health Insurance for Doctors | Doctors' Health Fund
09:17:07.215 [main] INFO  - Clicking the 'Get Quote' button.
09:17:07.449 [main] INFO  - 'Get Quote' button clicked successfully.
09:17:07.967 [main] INFO  - Selected cover for: Single
09:17:08.597 [main] INFO  - Selected residence: NSW
09:17:09.890 [main] INFO  - Selected annual income: Below $97k
09:21:41.800 [main] INFO  - Browser selected: chrome
09:21:44.600 [main] INFO  - ChromeDriver initialized.
09:21:45.894 [main] INFO  - Navigated to URL: https://dms.uat.doctorshealthfund.com.au/
09:21:45.966 [main] INFO  - Navigating to the quote page.
09:21:47.310 [main] INFO  - Page title: Private Health Insurance for Doctors | Doctors' Health Fund
09:21:47.792 [main] INFO  - Clicking the 'Get Quote' button.
09:21:48.033 [main] INFO  - 'Get Quote' button clicked successfully.
09:21:48.654 [main] INFO  - Selected cover for: Single
09:21:49.162 [main] INFO  - Selected residence: NSW
09:21:50.453 [main] INFO  - Selected annual income: Below $97k
09:22:52.290 [main] INFO  - Browser selected: chrome
09:22:55.299 [main] INFO  - ChromeDriver initialized.
09:22:58.231 [main] INFO  - Navigated to URL: https://dms.uat.doctorshealthfund.com.au/
09:22:58.287 [main] INFO  - Navigating to the quote page.
09:22:58.318 [main] INFO  - Page title: Private Health Insurance for Doctors | Doctors' Health Fund
09:22:58.958 [main] INFO  - Clicking the 'Get Quote' button.
09:22:59.220 [main] INFO  - 'Get Quote' button clicked successfully.
09:22:59.807 [main] INFO  - Selected cover for: Single
09:23:00.479 [main] INFO  - Selected residence: NSW
09:23:02.041 [main] INFO  - Selected annual income: Below $97k
09:23:43.447 [main] INFO  - Browser selected: chrome
09:23:46.584 [main] INFO  - ChromeDriver initialized.
09:23:50.023 [main] INFO  - Navigated to URL: https://dms.uat.doctorshealthfund.com.au/
09:23:50.069 [main] INFO  - Navigating to the quote page.
09:23:50.132 [main] INFO  - Page title: Private Health Insurance for Doctors | Doctors' Health Fund
09:23:50.631 [main] INFO  - Clicking the 'Get Quote' button.
09:25:01.291 [main] INFO  - Browser selected: chrome
09:25:04.409 [main] INFO  - ChromeDriver initialized.
09:25:07.864 [main] INFO  - Navigated to URL: https://dms.uat.doctorshealthfund.com.au/
09:25:07.911 [main] INFO  - Navigating to the quote page.
09:25:07.944 [main] INFO  - Page title: Private Health Insurance for Doctors | Doctors' Health Fund
09:25:08.352 [main] INFO  - Clicking the 'Get Quote' button.
09:25:08.618 [main] INFO  - 'Get Quote' button clicked successfully.
09:25:09.095 [main] INFO  - Selected cover for: Single
09:25:09.611 [main] INFO  - Selected residence: NSW
09:25:10.844 [main] INFO  - Selected annual income: Below $97k
09:59:46.457 [main] INFO  - Browser selected: chrome
09:59:50.520 [main] INFO  - ChromeDriver initialized.
09:59:54.079 [main] INFO  - Navigated to URL: https://dms.uat.doctorshealthfund.com.au/
09:59:54.127 [main] INFO  - Navigating to the quote page.
09:59:54.159 [main] INFO  - Page title: Private Health Insurance for Doctors | Doctors' Health Fund
09:59:54.593 [main] INFO  - Clicking the 'Get Quote' button.
09:59:54.832 [main] INFO  - 'Get Quote' button clicked successfully.
09:59:55.343 [main] INFO  - Selected cover for: Single
09:59:55.844 [main] INFO  - Selected residence: NSW
09:59:57.093 [main] INFO  - Selected annual income: Below $97k
10:05:10.394 [main] INFO  - Browser selected: chrome
10:05:12.851 [main] INFO  - ChromeDriver initialized.
10:05:16.588 [main] INFO  - Navigated to URL: https://dms.uat.doctorshealthfund.com.au/
10:05:16.661 [main] INFO  - Navigating to the quote page.
10:05:16.912 [main] INFO  - Page title: Private Health Insurance for Doctors | Doctors' Health Fund
10:05:17.310 [main] INFO  - Clicking the 'Get Quote' button.
10:07:12.569 [main] INFO  - Browser selected: chrome
10:07:15.164 [main] INFO  - ChromeDriver initialized.
10:07:18.526 [main] INFO  - Navigated to URL: https://dms.uat.doctorshealthfund.com.au/
10:07:18.570 [main] INFO  - Navigating to the quote page.
10:07:18.604 [main] INFO  - Page title: Private Health Insurance for Doctors | Doctors' Health Fund
10:07:19.045 [main] INFO  - Clicking the 'Get Quote' button.
10:07:19.235 [main] INFO  - 'Get Quote' button clicked successfully.
10:07:19.836 [main] INFO  - Selected cover for: Single
10:07:20.395 [main] INFO  - Selected residence: NSW
10:07:21.687 [main] INFO  - Selected annual income: Below $97k
10:10:00.198 [main] INFO  - Browser selected: chrome
10:10:02.987 [main] INFO  - ChromeDriver initialized.
10:10:06.336 [main] INFO  - Navigated to URL: https://dms.uat.doctorshealthfund.com.au/
10:10:06.386 [main] INFO  - Navigating to the quote page.
10:10:06.482 [main] INFO  - Page title: Private Health Insurance for Doctors | Doctors' Health Fund
10:10:06.883 [main] INFO  - Clicking the 'Get Quote' button.
10:10:07.128 [main] INFO  - 'Get Quote' button clicked successfully.
10:10:08.362 [main] INFO  - Selected cover for: Single
10:10:09.047 [main] INFO  - Selected residence: NSW
10:10:10.426 [main] INFO  - Selected annual income: Below $97k
10:14:06.209 [main] INFO  - Browser selected: chrome
10:14:09.047 [main] INFO  - ChromeDriver initialized.
10:14:12.217 [main] INFO  - Navigated to URL: https://dms.uat.doctorshealthfund.com.au/
10:14:12.266 [main] INFO  - Navigating to the quote page.
10:14:12.293 [main] INFO  - Page title: Private Health Insurance for Doctors | Doctors' Health Fund
10:14:12.709 [main] INFO  - Clicking the 'Get Quote' button.
10:14:12.930 [main] INFO  - 'Get Quote' button clicked successfully.
10:14:14.589 [main] INFO  - Selected cover for: Single
10:14:15.287 [main] INFO  - Selected residence: NSW
10:14:16.521 [main] INFO  - Selected annual income: Below $97k
10:15:30.534 [main] INFO  - Browser selected: chrome
10:15:33.288 [main] INFO  - ChromeDriver initialized.
10:15:36.239 [main] INFO  - Navigated to URL: https://dms.uat.doctorshealthfund.com.au/
10:15:36.297 [main] INFO  - Navigating to the quote page.
10:15:36.331 [main] INFO  - Page title: Private Health Insurance for Doctors | Doctors' Health Fund
10:15:36.700 [main] INFO  - Clicking the 'Get Quote' button.
10:15:36.933 [main] INFO  - 'Get Quote' button clicked successfully.
10:15:37.418 [main] INFO  - Selected cover for: Single
10:15:37.976 [main] INFO  - Selected residence: NSW
10:15:39.234 [main] INFO  - Selected annual income: Below $97k
10:17:25.952 [main] INFO  - Browser selected: chrome
10:17:28.974 [main] INFO  - ChromeDriver initialized.
10:17:30.786 [main] INFO  - Navigated to URL: https://dms.uat.doctorshealthfund.com.au/
10:17:30.877 [main] INFO  - Navigating to the quote page.
10:17:31.434 [main] INFO  - Page title: Private Health Insurance for Doctors | Doctors' Health Fund
10:17:31.861 [main] INFO  - Clicking the 'Get Quote' button.
10:17:32.267 [main] INFO  - 'Get Quote' button clicked successfully.
10:17:33.800 [main] INFO  - Selected cover for: Single
10:17:34.324 [main] INFO  - Selected residence: NSW
10:17:35.595 [main] INFO  - Selected annual income: Below $97k
10:21:25.097 [main] INFO  - Browser selected: chrome
10:21:28.292 [main] INFO  - ChromeDriver initialized.
10:21:31.544 [main] INFO  - Navigated to URL: https://dms.uat.doctorshealthfund.com.au/
10:21:31.605 [main] INFO  - Navigating to the quote page.
10:21:31.635 [main] INFO  - Page title: Private Health Insurance for Doctors | Doctors' Health Fund
10:21:32.052 [main] INFO  - Clicking the 'Get Quote' button.
10:21:32.285 [main] INFO  - 'Get Quote' button clicked successfully.
10:21:32.861 [main] INFO  - Selected cover for: Single
10:21:33.419 [main] INFO  - Selected residence: NSW
10:21:34.945 [main] INFO  - Selected annual income: Below $97k
10:22:26.281 [main] INFO  - Browser selected: chrome
10:22:29.184 [main] INFO  - ChromeDriver initialized.
10:22:29.874 [main] INFO  - Navigated to URL: https://dms.uat.doctorshealthfund.com.au/
10:22:29.937 [main] INFO  - Navigating to the quote page.
10:22:32.640 [main] INFO  - Page title: Private Health Insurance for Doctors | Doctors' Health Fund
10:22:33.062 [main] INFO  - Clicking the 'Get Quote' button.
10:22:33.285 [main] INFO  - 'Get Quote' button clicked successfully.
10:22:33.845 [main] INFO  - Selected cover for: Single
10:22:34.393 [main] INFO  - Selected residence: NSW
10:22:35.814 [main] INFO  - Selected annual income: Below $97k
10:24:07.332 [main] INFO  - Browser selected: chrome
10:24:11.113 [main] INFO  - ChromeDriver initialized.
10:24:14.278 [main] INFO  - Navigated to URL: https://dms.uat.doctorshealthfund.com.au/
10:24:14.335 [main] INFO  - Navigating to the quote page.
10:24:14.367 [main] INFO  - Page title: Private Health Insurance for Doctors | Doctors' Health Fund
10:24:14.770 [main] INFO  - Clicking the 'Get Quote' button.
10:24:14.944 [main] INFO  - 'Get Quote' button clicked successfully.
10:24:15.440 [main] INFO  - Selected cover for: Single
10:24:16.117 [main] INFO  - Selected residence: NSW
10:24:17.544 [main] INFO  - Selected annual income: Below $97k
10:25:26.386 [main] INFO  - Browser selected: chrome
10:25:29.164 [main] INFO  - ChromeDriver initialized.
10:25:33.014 [main] INFO  - Navigated to URL: https://dms.uat.doctorshealthfund.com.au/
10:25:33.074 [main] INFO  - Navigating to the quote page.
10:25:33.124 [main] INFO  - Page title: Private Health Insurance for Doctors | Doctors' Health Fund
10:25:33.548 [main] INFO  - Clicking the 'Get Quote' button.
10:25:33.751 [main] INFO  - 'Get Quote' button clicked successfully.
