10:49:36.257 [main] INFO  - 'Yes' radio button for citizenship status selected successfully.
10:49:36.275 [main] INFO  - Attempting to click the 'Medical Practitioner' button.
10:49:36.404 [main] INFO  - 'Medical Practitioner' button clicked successfully.
10:49:36.408 [main] INFO  - Attempting to select the radio button for: Resident
10:49:36.544 [main] INFO  - Radio button for 'Resident' selected successfully.
10:49:36.552 [main] INFO  - Attempting to select Avant member option: No
10:49:36.765 [main] INFO  - Avant member option 'No' selected successfully.
10:49:40.004 [main] INFO  - Clicked on Continue button
10:49:41.027 [main] INFO  - Attempting to select Avant member option: Yes
10:49:41.144 [main] INFO  - Avant member option 'Yes' selected successfully.
10:49:41.152 [main] INFO  - Attempting to select Avant member option: No
10:49:41.283 [main] INFO  - Avant member option 'No' selected successfully.
10:49:44.832 [main] INFO  - Clicked on Continue button
10:49:45.844 [main] INFO  - Selecting option for transferring from another fund: No
10:49:45.961 [main] INFO  - 'No' selected for transferring from another fund.
10:49:46.663 [main] INFO  - Attempting to accept alert/modal.
10:49:46.856 [main] INFO  - Alert/modal accepted successfully.
10:49:46.867 [main] INFO  - Attempting to click the 'Next' button.
10:49:47.092 [main] INFO  - 'Next' button clicked successfully.
10:49:47.107 [main] INFO  - Selecting title from dropdown: Mr
10:49:47.514 [main] INFO  - Selected 'Mr' from dropdown.
10:49:47.682 [main] INFO  - Entered First Name: Taylor
10:49:47.820 [main] INFO  - Entered Middle Name: Ray
10:49:47.993 [main] INFO  - Entered Last Name: Thomas
10:49:47.993 [main] INFO  - Entered random full name: Taylor Ray Thomas
10:49:48.093 [main] INFO  - Selected Male radio button
10:49:48.134 [main] INFO  - Attempting to click the 'Next' button.
10:49:48.331 [main] INFO  - 'Next' button clicked successfully.
10:49:48.503 [main] INFO  - Entered random email: dhf.testing+703@gmail.com
10:49:48.703 [main] INFO  - Entered random phone number: 0498361738
10:49:48.703 [main] INFO  - Phone number format validation passed: 0498361738
10:49:49.014 [main] INFO  - Entered address input: 123 A'
10:49:50.533 [main] INFO  - Selected address input: 123 A'
10:49:52.747 [main] INFO  - Clicked on Continue button
10:49:53.978 [main] INFO  - Selecting Medicare eligibility option: Yes
10:49:54.111 [main] INFO  - Selected 'Yes' for Medicare eligibility.
10:49:54.112 [main] INFO  - Selecting the green card option...
10:49:54.255 [main] INFO  - Green card image is successfully displayed!
10:49:54.255 [main] INFO  - Selecting the blue card option...
10:49:54.399 [main] INFO  - Blue card image is successfully displayed!
10:49:54.400 [main] INFO  - Entering card number: 2298233698
10:49:54.624 [main] INFO  - Card number entered successfully.
10:49:54.626 [main] INFO  - Entering card reference number: 3
10:49:54.775 [main] INFO  - Card reference number entered successfully.
10:49:54.779 [main] INFO  - Entering validity details: Day = 2, Month = 12, Year = 2028
10:49:54.894 [main] INFO  - Day entered successfully: 2
10:49:55.098 [main] INFO  - Month entered successfully: 12
10:49:55.276 [main] INFO  - Year entered successfully: 2028
10:49:55.277 [main] INFO  - Selecting rebate option: Yes
10:49:55.390 [main] INFO  - Selected 'Yes' for rebate option.
10:49:55.397 [main] INFO  - Selecting policy coverage option: Yes
10:49:55.557 [main] INFO  - Selected 'Yes' for policy coverage.
10:49:58.568 [main] INFO  - Toggling checkbox to select state.
10:49:58.679 [main] INFO  - Checkbox selected successfully.
10:49:58.687 [main] INFO  - Clicking the Continue button.
10:50:00.897 [main] INFO  - Continue button clicked successfully.
10:50:54.801 [main] INFO  - Browser selected: chrome
10:50:57.150 [main] INFO  - ChromeDriver initialized.
10:51:00.520 [main] INFO  - Navigated to URL: https://uat.doctorshealthfund.com.au/
10:51:00.747 [main] INFO  - All cookies cleared before starting the test.
10:51:00.819 [main] INFO  - Navigating to the quote page.
10:51:00.886 [main] INFO  - Page title: Private Health Insurance for Doctors | Doctors' Health Fund
10:51:00.890 [main] INFO  - Clicking the 'Get Quote' button.
10:51:00.891 [main] INFO  - Attempting to click the 'Get Quote' button...
10:51:01.125 [main] INFO  - 'Get Quote' button clicked successfully.
10:51:01.126 [main] INFO  - 'Get Quote' button clicked successfully.
10:51:01.130 [main] INFO  - Selecting cover type: Single...
10:51:02.501 [main] INFO  - Cover type 'Single' selected successfully.
10:51:02.504 [main] INFO  - Clicking the 'Next' button...
10:51:02.694 [main] INFO  - 'Next' button clicked successfully.
10:51:02.699 [main] INFO  - Selecting residence: NSW...
10:51:02.897 [main] INFO  - Residence 'NSW' selected successfully.
10:51:02.899 [main] INFO  - Clicking the 'Next' button...
10:51:03.096 [main] INFO  - 'Next' button clicked successfully.
10:51:03.098 [main] INFO  - Entering day of birth: 01...
10:51:03.264 [main] INFO  - Day of birth entered successfully.
10:51:03.265 [main] INFO  - Entering month of birth: 01...
10:51:03.398 [main] INFO  - Month of birth entered successfully.
10:51:03.398 [main] INFO  - Entering year of birth: 1987...
10:51:03.495 [main] INFO  - Year of birth entered successfully.
10:51:03.497 [main] INFO  - Clicking the 'Next' button...
10:51:03.632 [main] INFO  - 'Next' button clicked successfully.
10:51:03.638 [main] INFO  - Selecting annual income: Below $97k...
10:51:03.761 [main] INFO  - Annual income 'Below $97k' selected successfully.
10:51:03.765 [main] INFO  - Clicking 'Calculate Cover' button...
10:51:04.292 [main] INFO  - 'Calculate Cover' button clicked successfully.
10:51:04.319 [main] INFO  - Selecting hospital cover: Top Cover...
10:51:05.878 [main] INFO  - Selected the Extras Cover: Total Extras
10:51:06.111 [main] INFO  - Clicked on the Apply Now button for the selected plan.
10:51:06.145 [main] INFO  - Attempting to select 'No' for member status.
10:51:06.534 [main] INFO  - 'No' radio button for member status selected successfully.
10:51:06.537 [main] INFO  - Attempting to select 'Yes' for Australian citizenship status.
10:51:06.707 [main] INFO  - 'Yes' radio button for citizenship status selected successfully.
10:51:06.717 [main] INFO  - Attempting to click the 'Medical Practitioner' button.
10:51:06.839 [main] INFO  - 'Medical Practitioner' button clicked successfully.
10:51:06.845 [main] INFO  - Attempting to select the radio button for: Resident
10:51:06.964 [main] INFO  - Radio button for 'Resident' selected successfully.
10:51:06.971 [main] INFO  - Attempting to select Avant member option: No
10:51:07.117 [main] INFO  - Avant member option 'No' selected successfully.
10:51:10.330 [main] INFO  - Clicked on Continue button
10:51:10.338 [main] INFO  - Attempting to select Avant member option: Yes
10:51:10.441 [main] INFO  - Avant member option 'Yes' selected successfully.
10:51:10.449 [main] INFO  - Attempting to select Avant member option: No
10:51:10.562 [main] INFO  - Avant member option 'No' selected successfully.
10:51:13.876 [main] INFO  - Clicked on Continue button
10:51:13.878 [main] INFO  - Selecting option for transferring from another fund: No
10:51:14.067 [main] INFO  - 'No' selected for transferring from another fund.
10:51:14.782 [main] INFO  - Attempting to accept alert/modal.
10:51:15.023 [main] INFO  - Alert/modal accepted successfully.
10:51:15.095 [main] INFO  - Attempting to click the 'Next' button.
10:51:15.332 [main] INFO  - 'Next' button clicked successfully.
10:51:15.341 [main] INFO  - Selecting title from dropdown: Mr
10:51:16.309 [main] INFO  - Selected 'Mr' from dropdown.
10:51:16.515 [main] INFO  - Entered First Name: Chris
10:51:16.849 [main] INFO  - Entered Middle Name: James
10:51:17.147 [main] INFO  - Entered Last Name: Smith
10:51:17.148 [main] INFO  - Entered random full name: Chris James Smith
10:51:17.328 [main] INFO  - Selected Male radio button
10:51:17.336 [main] INFO  - Attempting to click the 'Next' button.
10:51:17.628 [main] INFO  - 'Next' button clicked successfully.
10:51:17.907 [main] INFO  - Entered random email: dhf.testing+817@gmail.com
10:51:18.131 [main] INFO  - Entered random phone number: 0498361149
10:51:18.132 [main] INFO  - Phone number format validation passed: 0498361149
10:51:18.449 [main] INFO  - Entered address input: 123 A'
10:51:19.968 [main] INFO  - Selected address input: 123 A'
10:51:22.178 [main] INFO  - Clicked on Continue button
10:52:02.485 [main] INFO  - Browser selected: chrome
10:52:05.072 [main] INFO  - ChromeDriver initialized.
10:52:08.267 [main] INFO  - Navigated to URL: https://uat.doctorshealthfund.com.au/
10:52:08.554 [main] INFO  - All cookies cleared before starting the test.
10:52:08.607 [main] INFO  - Navigating to the quote page.
10:52:08.637 [main] INFO  - Page title: Private Health Insurance for Doctors | Doctors' Health Fund
10:52:08.642 [main] INFO  - Clicking the 'Get Quote' button.
10:52:08.642 [main] INFO  - Attempting to click the 'Get Quote' button...
10:52:08.954 [main] INFO  - 'Get Quote' button clicked successfully.
10:52:08.954 [main] INFO  - 'Get Quote' button clicked successfully.
10:52:08.958 [main] INFO  - Selecting cover type: Single...
10:52:09.409 [main] INFO  - Cover type 'Single' selected successfully.
10:52:09.412 [main] INFO  - Clicking the 'Next' button...
10:52:09.544 [main] INFO  - 'Next' button clicked successfully.
10:52:09.547 [main] INFO  - Selecting residence: NSW...
10:52:09.697 [main] INFO  - Residence 'NSW' selected successfully.
10:52:09.700 [main] INFO  - Clicking the 'Next' button...
10:52:09.892 [main] INFO  - 'Next' button clicked successfully.
10:52:09.895 [main] INFO  - Entering day of birth: 01...
10:52:10.054 [main] INFO  - Day of birth entered successfully.
10:52:10.055 [main] INFO  - Entering month of birth: 01...
10:52:10.167 [main] INFO  - Month of birth entered successfully.
10:52:10.167 [main] INFO  - Entering year of birth: 1987...
10:52:10.284 [main] INFO  - Year of birth entered successfully.
10:52:10.286 [main] INFO  - Clicking the 'Next' button...
10:52:10.422 [main] INFO  - 'Next' button clicked successfully.
10:52:10.425 [main] INFO  - Selecting annual income: Below $97k...
10:52:10.546 [main] INFO  - Annual income 'Below $97k' selected successfully.
10:52:10.549 [main] INFO  - Clicking 'Calculate Cover' button...
10:52:11.062 [main] INFO  - 'Calculate Cover' button clicked successfully.
10:52:11.091 [main] INFO  - Selecting hospital cover: Top Cover...
10:52:12.071 [main] INFO  - Selected the Extras Cover: Total Extras
10:52:12.247 [main] INFO  - Clicked on the Apply Now button for the selected plan.
10:52:12.257 [main] INFO  - Attempting to select 'No' for member status.
10:52:12.618 [main] INFO  - 'No' radio button for member status selected successfully.
10:52:12.621 [main] INFO  - Attempting to select 'Yes' for Australian citizenship status.
10:52:12.784 [main] INFO  - 'Yes' radio button for citizenship status selected successfully.
10:52:12.797 [main] INFO  - Attempting to click the 'Medical Practitioner' button.
10:52:12.927 [main] INFO  - 'Medical Practitioner' button clicked successfully.
10:52:12.934 [main] INFO  - Attempting to select the radio button for: Resident
10:52:13.057 [main] INFO  - Radio button for 'Resident' selected successfully.
10:52:13.065 [main] INFO  - Attempting to select Avant member option: No
10:52:13.271 [main] INFO  - Avant member option 'No' selected successfully.
10:52:16.497 [main] INFO  - Clicked on Continue button
10:52:16.505 [main] INFO  - Attempting to select Avant member option: Yes
10:52:16.608 [main] INFO  - Avant member option 'Yes' selected successfully.
10:52:16.616 [main] INFO  - Attempting to select Avant member option: No
10:52:16.724 [main] INFO  - Avant member option 'No' selected successfully.
10:52:20.035 [main] INFO  - Clicked on Continue button
10:52:20.039 [main] INFO  - Selecting option for transferring from another fund: No
10:52:20.234 [main] INFO  - 'No' selected for transferring from another fund.
10:52:20.938 [main] INFO  - Attempting to accept alert/modal.
10:52:21.111 [main] INFO  - Alert/modal accepted successfully.
10:52:21.120 [main] INFO  - Attempting to click the 'Next' button.
10:52:21.305 [main] INFO  - 'Next' button clicked successfully.
10:52:21.315 [main] INFO  - Selecting title from dropdown: Mr
10:52:21.878 [main] INFO  - Selected 'Mr' from dropdown.
10:52:22.096 [main] INFO  - Entered First Name: Alex
10:52:22.321 [main] INFO  - Entered Middle Name: Ray
10:52:22.510 [main] INFO  - Entered Last Name: Smith
10:52:22.511 [main] INFO  - Entered random full name: Alex Ray Smith
10:52:22.721 [main] INFO  - Selected Male radio button
10:52:22.730 [main] INFO  - Attempting to click the 'Next' button.
10:52:23.031 [main] INFO  - 'Next' button clicked successfully.
10:52:23.757 [main] INFO  - Entered random email: dhf.testing+382@gmail.com
10:52:23.928 [main] INFO  - Entered random phone number: 0498368258
10:52:23.928 [main] INFO  - Phone number format validation passed: 0498368258
10:52:24.453 [main] INFO  - Entered address input: 123 A'
10:52:25.975 [main] INFO  - Selected address input: 123 A'
10:52:28.200 [main] INFO  - Clicked on Continue button
10:53:02.208 [main] INFO  - Browser selected: chrome
10:53:04.706 [main] INFO  - ChromeDriver initialized.
10:53:07.941 [main] INFO  - Navigated to URL: https://uat.doctorshealthfund.com.au/
10:53:08.200 [main] INFO  - All cookies cleared before starting the test.
10:53:08.260 [main] INFO  - Navigating to the quote page.
10:53:08.293 [main] INFO  - Page title: Private Health Insurance for Doctors | Doctors' Health Fund
10:53:08.298 [main] INFO  - Clicking the 'Get Quote' button.
10:53:08.298 [main] INFO  - Attempting to click the 'Get Quote' button...
10:53:08.583 [main] WARN  - Encountered StaleElementReferenceException for 'Get Quote' button. Reinitializing elements and retrying...
10:53:08.775 [main] INFO  - 'Get Quote' button clicked successfully after retrying.
10:53:08.775 [main] INFO  - 'Get Quote' button clicked successfully.
10:53:08.779 [main] INFO  - Selecting cover type: Single...
10:53:10.099 [main] INFO  - Cover type 'Single' selected successfully.
10:53:10.101 [main] INFO  - Clicking the 'Next' button...
10:53:10.238 [main] INFO  - 'Next' button clicked successfully.
10:53:10.241 [main] INFO  - Selecting residence: NSW...
10:53:10.371 [main] INFO  - Residence 'NSW' selected successfully.
10:53:10.372 [main] INFO  - Clicking the 'Next' button...
10:53:10.571 [main] INFO  - 'Next' button clicked successfully.
10:53:10.575 [main] INFO  - Entering day of birth: 01...
10:53:10.738 [main] INFO  - Day of birth entered successfully.
10:53:10.738 [main] INFO  - Entering month of birth: 01...
10:53:10.866 [main] INFO  - Month of birth entered successfully.
10:53:10.866 [main] INFO  - Entering year of birth: 1987...
10:53:11.021 [main] INFO  - Year of birth entered successfully.
10:53:11.024 [main] INFO  - Clicking the 'Next' button...
10:53:11.246 [main] INFO  - 'Next' button clicked successfully.
10:53:11.248 [main] INFO  - Selecting annual income: Below $97k...
10:53:11.416 [main] INFO  - Annual income 'Below $97k' selected successfully.
10:53:11.420 [main] INFO  - Clicking 'Calculate Cover' button...
10:53:12.049 [main] INFO  - 'Calculate Cover' button clicked successfully.
10:53:12.071 [main] INFO  - Selecting hospital cover: Top Cover...
10:53:13.671 [main] INFO  - Selected the Extras Cover: Total Extras
10:53:13.870 [main] INFO  - Clicked on the Apply Now button for the selected plan.
10:53:13.878 [main] INFO  - Attempting to select 'No' for member status.
10:53:14.258 [main] INFO  - 'No' radio button for member status selected successfully.
10:53:14.265 [main] INFO  - Attempting to select 'Yes' for Australian citizenship status.
10:53:14.473 [main] INFO  - 'Yes' radio button for citizenship status selected successfully.
10:53:14.485 [main] INFO  - Attempting to click the 'Medical Practitioner' button.
10:53:14.725 [main] INFO  - 'Medical Practitioner' button clicked successfully.
10:53:14.729 [main] INFO  - Attempting to select the radio button for: Resident
10:53:15.245 [main] INFO  - Radio button for 'Resident' selected successfully.
10:53:15.260 [main] INFO  - Attempting to select Avant member option: No
10:53:15.455 [main] INFO  - Avant member option 'No' selected successfully.
10:53:18.837 [main] INFO  - Clicked on Continue button
10:53:18.845 [main] INFO  - Attempting to select Avant member option: Yes
10:53:18.944 [main] INFO  - Avant member option 'Yes' selected successfully.
10:53:18.956 [main] INFO  - Attempting to select Avant member option: No
10:53:19.085 [main] INFO  - Avant member option 'No' selected successfully.
10:53:22.332 [main] INFO  - Clicked on Continue button
10:53:22.335 [main] INFO  - Selecting option for transferring from another fund: No
10:53:22.490 [main] INFO  - 'No' selected for transferring from another fund.
10:53:23.196 [main] INFO  - Attempting to accept alert/modal.
10:53:23.372 [main] INFO  - Alert/modal accepted successfully.
10:53:23.381 [main] INFO  - Attempting to click the 'Next' button.
10:53:23.566 [main] INFO  - 'Next' button clicked successfully.
10:53:23.581 [main] INFO  - Selecting title from dropdown: Mr
10:53:24.066 [main] INFO  - Selected 'Mr' from dropdown.
10:53:24.287 [main] INFO  - Entered First Name: Chris
10:53:24.460 [main] INFO  - Entered Middle Name: Ann
10:53:24.631 [main] INFO  - Entered Last Name: Thomas
10:53:24.631 [main] INFO  - Entered random full name: Chris Ann Thomas
10:53:24.747 [main] INFO  - Selected Male radio button
10:53:24.790 [main] INFO  - Attempting to click the 'Next' button.
10:53:25.021 [main] INFO  - 'Next' button clicked successfully.
10:53:25.292 [main] INFO  - Entered random email: dhf.testing+187@gmail.com
10:53:25.448 [main] INFO  - Entered random phone number: 0498362559
10:53:25.448 [main] INFO  - Phone number format validation passed: 0498362559
10:53:25.754 [main] INFO  - Entered address input: 123 A'
10:53:27.276 [main] INFO  - Selected address input: 123 A'
10:53:29.476 [main] INFO  - Clicked on Continue button
10:53:54.235 [main] INFO  - Browser selected: chrome
10:53:56.790 [main] INFO  - ChromeDriver initialized.
10:53:59.899 [main] INFO  - Navigated to URL: https://uat.doctorshealthfund.com.au/
10:54:00.117 [main] INFO  - All cookies cleared before starting the test.
10:54:00.202 [main] INFO  - Navigating to the quote page.
10:54:00.337 [main] INFO  - Page title: Private Health Insurance for Doctors | Doctors' Health Fund
10:54:00.343 [main] INFO  - Clicking the 'Get Quote' button.
10:54:00.343 [main] INFO  - Attempting to click the 'Get Quote' button...
10:54:00.567 [main] INFO  - 'Get Quote' button clicked successfully.
10:54:00.568 [main] INFO  - 'Get Quote' button clicked successfully.
10:54:00.571 [main] INFO  - Selecting cover type: Single...
10:54:01.948 [main] INFO  - Cover type 'Single' selected successfully.
10:54:01.951 [main] INFO  - Clicking the 'Next' button...
10:54:02.098 [main] INFO  - 'Next' button clicked successfully.
10:54:02.101 [main] INFO  - Selecting residence: NSW...
10:54:02.240 [main] INFO  - Residence 'NSW' selected successfully.
10:54:02.242 [main] INFO  - Clicking the 'Next' button...
10:54:02.384 [main] INFO  - 'Next' button clicked successfully.
10:54:02.390 [main] INFO  - Entering day of birth: 01...
10:54:02.536 [main] INFO  - Day of birth entered successfully.
10:54:02.536 [main] INFO  - Entering month of birth: 01...
10:54:02.637 [main] INFO  - Month of birth entered successfully.
10:54:02.637 [main] INFO  - Entering year of birth: 1987...
10:54:02.742 [main] INFO  - Year of birth entered successfully.
10:54:02.745 [main] INFO  - Clicking the 'Next' button...
10:54:02.868 [main] INFO  - 'Next' button clicked successfully.
10:54:02.870 [main] INFO  - Selecting annual income: Below $97k...
10:54:02.986 [main] INFO  - Annual income 'Below $97k' selected successfully.
10:54:02.989 [main] INFO  - Clicking 'Calculate Cover' button...
10:54:03.376 [main] INFO  - 'Calculate Cover' button clicked successfully.
10:54:03.395 [main] INFO  - Selecting hospital cover: Top Cover...
10:54:04.472 [main] INFO  - Selected the Extras Cover: Total Extras
10:54:04.655 [main] INFO  - Clicked on the Apply Now button for the selected plan.
10:54:04.665 [main] INFO  - Attempting to select 'No' for member status.
10:54:05.026 [main] INFO  - 'No' radio button for member status selected successfully.
10:54:05.030 [main] INFO  - Attempting to select 'Yes' for Australian citizenship status.
10:54:05.190 [main] INFO  - 'Yes' radio button for citizenship status selected successfully.
10:54:05.199 [main] INFO  - Attempting to click the 'Medical Practitioner' button.
10:54:05.320 [main] INFO  - 'Medical Practitioner' button clicked successfully.
10:54:05.324 [main] INFO  - Attempting to select the radio button for: Resident
10:54:05.448 [main] INFO  - Radio button for 'Resident' selected successfully.
10:54:05.458 [main] INFO  - Attempting to select Avant member option: No
10:54:05.649 [main] INFO  - Avant member option 'No' selected successfully.
10:54:08.832 [main] INFO  - Clicked on Continue button
10:54:08.838 [main] INFO  - Attempting to select Avant member option: Yes
10:54:30.442 [main] INFO  - Browser selected: chrome
10:54:32.828 [main] INFO  - ChromeDriver initialized.
10:54:35.984 [main] INFO  - Navigated to URL: https://uat.doctorshealthfund.com.au/
10:54:36.317 [main] INFO  - All cookies cleared before starting the test.
10:54:36.366 [main] INFO  - Navigating to the quote page.
10:54:36.392 [main] INFO  - Page title: Private Health Insurance for Doctors | Doctors' Health Fund
10:54:36.397 [main] INFO  - Clicking the 'Get Quote' button.
10:54:36.397 [main] INFO  - Attempting to click the 'Get Quote' button...
10:54:36.632 [main] INFO  - 'Get Quote' button clicked successfully.
10:54:36.632 [main] INFO  - 'Get Quote' button clicked successfully.
10:54:36.635 [main] INFO  - Selecting cover type: Single...
10:54:37.083 [main] INFO  - Cover type 'Single' selected successfully.
10:54:37.086 [main] INFO  - Clicking the 'Next' button...
10:54:37.224 [main] INFO  - 'Next' button clicked successfully.
10:54:37.226 [main] INFO  - Selecting residence: NSW...
10:54:37.358 [main] INFO  - Residence 'NSW' selected successfully.
10:54:37.360 [main] INFO  - Clicking the 'Next' button...
10:54:37.500 [main] INFO  - 'Next' button clicked successfully.
10:54:37.503 [main] INFO  - Entering day of birth: 01...
10:54:37.655 [main] INFO  - Day of birth entered successfully.
10:54:37.655 [main] INFO  - Entering month of birth: 01...
10:54:37.756 [main] INFO  - Month of birth entered successfully.
10:54:37.756 [main] INFO  - Entering year of birth: 1987...
10:54:37.856 [main] INFO  - Year of birth entered successfully.
10:54:37.859 [main] INFO  - Clicking the 'Next' button...
10:54:38.001 [main] INFO  - 'Next' button clicked successfully.
10:54:38.003 [main] INFO  - Selecting annual income: Below $97k...
10:54:38.127 [main] INFO  - Annual income 'Below $97k' selected successfully.
10:54:38.130 [main] INFO  - Clicking 'Calculate Cover' button...
10:54:38.678 [main] INFO  - 'Calculate Cover' button clicked successfully.
10:54:38.709 [main] INFO  - Selecting hospital cover: Top Cover...
10:54:40.359 [main] INFO  - Selected the Extras Cover: Total Extras
10:54:40.577 [main] INFO  - Clicked on the Apply Now button for the selected plan.
10:54:40.596 [main] INFO  - Attempting to select 'No' for member status.
10:54:41.000 [main] INFO  - 'No' radio button for member status selected successfully.
10:54:41.003 [main] INFO  - Attempting to select 'Yes' for Australian citizenship status.
10:54:41.187 [main] INFO  - 'Yes' radio button for citizenship status selected successfully.
10:54:41.197 [main] INFO  - Attempting to click the 'Medical Practitioner' button.
10:54:41.375 [main] INFO  - 'Medical Practitioner' button clicked successfully.
10:54:41.380 [main] INFO  - Attempting to select the radio button for: Resident
10:54:41.586 [main] INFO  - Radio button for 'Resident' selected successfully.
10:54:41.594 [main] INFO  - Attempting to select Avant member option: No
10:54:41.729 [main] INFO  - Avant member option 'No' selected successfully.
10:54:44.938 [main] INFO  - Clicked on Continue button
10:54:44.946 [main] INFO  - Attempting to select Avant member option: Yes
10:54:45.051 [main] INFO  - Avant member option 'Yes' selected successfully.
10:54:45.061 [main] INFO  - Attempting to select Avant member option: No
10:54:45.182 [main] INFO  - Avant member option 'No' selected successfully.
10:54:48.637 [main] INFO  - Clicked on Continue button
10:54:48.644 [main] INFO  - Selecting option for transferring from another fund: No
10:54:48.938 [main] INFO  - 'No' selected for transferring from another fund.
10:54:49.661 [main] INFO  - Attempting to accept alert/modal.
10:54:50.186 [main] INFO  - Alert/modal accepted successfully.
10:54:50.323 [main] INFO  - Attempting to click the 'Next' button.
10:54:50.561 [main] INFO  - 'Next' button clicked successfully.
10:54:50.571 [main] INFO  - Selecting title from dropdown: Mr
10:54:51.288 [main] INFO  - Selected 'Mr' from dropdown.
10:54:51.499 [main] INFO  - Entered First Name: John
10:54:51.997 [main] INFO  - Entered Middle Name: Ann
10:54:52.273 [main] INFO  - Entered Last Name: Smith
10:54:52.274 [main] INFO  - Entered random full name: John Ann Smith
10:54:52.416 [main] INFO  - Selected Male radio button
10:54:52.431 [main] INFO  - Attempting to click the 'Next' button.
10:54:52.669 [main] INFO  - 'Next' button clicked successfully.
10:54:52.938 [main] INFO  - Entered random email: dhf.testing+833@gmail.com
10:54:53.097 [main] INFO  - Entered random phone number: 0498369900
10:54:53.097 [main] INFO  - Phone number format validation passed: 0498369900
10:54:53.403 [main] INFO  - Entered address input: 123 A'
10:54:54.926 [main] INFO  - Selected address input: 123 A'
10:54:57.118 [main] INFO  - Clicked on Continue button
07:37:12.133 [main] INFO  - Browser selected: chrome
07:37:15.881 [main] INFO  - ChromeDriver initialized.
07:37:21.694 [main] INFO  - Navigated to URL: https://uat.doctorshealthfund.com.au/
07:37:22.148 [main] INFO  - All cookies cleared before starting the test.
07:37:22.195 [main] INFO  - Navigating to the quote page.
07:37:22.217 [main] INFO  - Page title: Private Health Insurance for Doctors | Doctors' Health Fund
07:37:22.221 [main] INFO  - Clicking the 'Get Quote' button.
07:37:22.221 [main] INFO  - Attempting to click the 'Get Quote' button...
07:37:22.403 [main] INFO  - 'Get Quote' button clicked successfully.
07:37:22.403 [main] INFO  - 'Get Quote' button clicked successfully.
07:37:22.406 [main] INFO  - Selecting cover type: Single...
07:37:23.618 [main] INFO  - Cover type 'Single' selected successfully.
07:37:23.620 [main] INFO  - Clicking the 'Next' button...
07:37:23.758 [main] INFO  - 'Next' button clicked successfully.
07:37:23.760 [main] INFO  - Selecting residence: NSW...
07:37:23.897 [main] INFO  - Residence 'NSW' selected successfully.
07:37:23.899 [main] INFO  - Clicking the 'Next' button...
07:37:24.040 [main] INFO  - 'Next' button clicked successfully.
07:37:24.043 [main] INFO  - Entering day of birth: 01...
07:37:24.185 [main] INFO  - Day of birth entered successfully.
07:37:24.185 [main] INFO  - Entering month of birth: 01...
07:37:24.295 [main] INFO  - Month of birth entered successfully.
07:37:24.296 [main] INFO  - Entering year of birth: 1987...
07:37:24.392 [main] INFO  - Year of birth entered successfully.
07:37:24.395 [main] INFO  - Clicking the 'Next' button...
07:37:24.544 [main] INFO  - 'Next' button clicked successfully.
07:37:24.547 [main] INFO  - Selecting annual income: Below $97k...
07:37:24.669 [main] INFO  - Annual income 'Below $97k' selected successfully.
07:37:24.672 [main] INFO  - Clicking 'Calculate Cover' button...
07:37:25.118 [main] INFO  - 'Calculate Cover' button clicked successfully.
07:37:25.211 [main] INFO  - Selecting hospital cover: Top Cover...
07:37:27.901 [main] INFO  - Selected the Extras Cover: Total Extras
07:37:28.177 [main] INFO  - Clicked on the Apply Now button for the selected plan.
07:37:28.205 [main] INFO  - Attempting to select 'No' for member status.
07:37:28.725 [main] INFO  - 'No' radio button for member status selected successfully.
07:37:28.729 [main] INFO  - Attempting to select 'Yes' for Australian citizenship status.
07:37:28.943 [main] INFO  - 'Yes' radio button for citizenship status selected successfully.
07:37:28.955 [main] INFO  - Attempting to click the 'Medical Practitioner' button.
07:37:29.143 [main] INFO  - 'Medical Practitioner' button clicked successfully.
07:37:29.148 [main] INFO  - Attempting to select the radio button for: Resident
07:37:29.248 [main] INFO  - Radio button for 'Resident' selected successfully.
07:37:29.276 [main] INFO  - Attempting to select Avant member option: No
07:37:29.379 [main] INFO  - Avant member option 'No' selected successfully.
07:37:32.666 [main] INFO  - Clicked on Continue button
07:37:32.678 [main] INFO  - Attempting to select Avant member option: Yes
07:37:32.876 [main] INFO  - Avant member option 'Yes' selected successfully.
07:37:32.896 [main] INFO  - Attempting to select Avant member option: No
07:37:33.252 [main] INFO  - Avant member option 'No' selected successfully.
07:37:36.575 [main] INFO  - Clicked on Continue button
07:37:36.577 [main] INFO  - Selecting option for transferring from another fund: No
07:37:36.772 [main] INFO  - 'No' selected for transferring from another fund.
07:37:37.474 [main] INFO  - Attempting to accept alert/modal.
07:37:37.617 [main] INFO  - Alert/modal accepted successfully.
07:37:37.625 [main] INFO  - Attempting to click the 'Next' button.
07:37:37.820 [main] INFO  - 'Next' button clicked successfully.
07:37:37.831 [main] INFO  - Selecting title from dropdown: Mr
07:37:38.183 [main] INFO  - Selected 'Mr' from dropdown.
07:37:38.331 [main] INFO  - Entered First Name: Sam
07:37:38.458 [main] INFO  - Entered Middle Name: Lee
07:37:38.650 [main] INFO  - Entered Last Name: Thomas
07:37:38.650 [main] INFO  - Entered random full name: Sam Lee Thomas
07:37:38.751 [main] INFO  - Selected Male radio button
07:37:38.796 [main] INFO  - Attempting to click the 'Next' button.
07:37:38.971 [main] INFO  - 'Next' button clicked successfully.
07:37:39.154 [main] INFO  - Entered random email: dhf.testing+605@gmail.com
07:37:39.372 [main] INFO  - Entered random phone number: 0498368101
07:37:39.372 [main] INFO  - Phone number format validation passed: 0498368101
07:37:39.658 [main] INFO  - Entered address input: 123 A'
07:37:41.175 [main] INFO  - Selected address input: 123 A'
07:37:43.373 [main] INFO  - Clicked on Continue button
07:37:44.586 [main] INFO  - Selecting Medicare eligibility option: Yes
07:37:44.687 [main] INFO  - Selected 'Yes' for Medicare eligibility.
07:37:44.689 [main] INFO  - Selecting the green card option...
07:37:45.339 [main] INFO  - Green card image is successfully displayed!
07:37:45.339 [main] INFO  - Selecting the blue card option...
07:37:45.464 [main] INFO  - Blue card image is successfully displayed!
07:37:45.466 [main] INFO  - Entering card number: 2298233698
07:37:45.709 [main] INFO  - Card number entered successfully.
07:37:45.711 [main] INFO  - Entering card reference number: 3
07:37:45.867 [main] INFO  - Card reference number entered successfully.
07:37:45.870 [main] INFO  - Entering validity details: Day = 2, Month = 12, Year = 2028
07:37:45.996 [main] INFO  - Day entered successfully: 2
07:37:46.166 [main] INFO  - Month entered successfully: 12
07:37:46.329 [main] INFO  - Year entered successfully: 2028
07:37:46.331 [main] INFO  - Selecting rebate option: Yes
07:37:46.509 [main] INFO  - Selected 'Yes' for rebate option.
07:37:46.533 [main] INFO  - Selecting policy coverage option: Yes
07:37:46.692 [main] INFO  - Selected 'Yes' for policy coverage.
07:37:49.716 [main] INFO  - Toggling checkbox to select state.
07:37:49.824 [main] INFO  - Checkbox selected successfully.
07:37:49.831 [main] INFO  - Clicking the Continue button.
07:37:52.029 [main] INFO  - Continue button clicked successfully.
07:37:55.234 [main] INFO  - Attempting to select radio button for choice: No
07:37:55.316 [main] INFO  - Selected 'No' radio button.
07:37:55.318 [main] INFO  - Selecting Avant Group Member option: No
07:37:55.431 [main] INFO  - Selected 'No' radio button for Avant Group Member.
07:37:55.433 [main] INFO  - Attempting to select 'How did you hear about us' option: Internet Search
07:37:55.614 [main] INFO  - Selected option: Internet Search
07:37:55.682 [main] INFO  - Selecting 'Check In' option: No
07:37:55.815 [main] INFO  - Selected 'No' radio button for 'Check In'.
07:37:55.826 [main] INFO  - Setting 'Terms and Conditions' checkbox to: true
07:37:55.981 [main] INFO  - 'Terms and Conditions' checkbox selected.
07:37:55.983 [main] INFO  - Setting 'Agree Using Personal Information' checkbox to: true
07:37:56.092 [main] INFO  - 'Agree Using Personal Information' checkbox selected.
07:37:56.093 [main] INFO  - Setting 'AHSA Privacy Policy' checkbox to: true
07:37:56.235 [main] INFO  - 'AHSA Privacy Policy' checkbox selected.
07:37:56.237 [main] INFO  - Setting 'Confirm Application is True' checkbox to: true
07:37:56.394 [main] INFO  - 'Confirm Application is True' checkbox selected.
07:37:57.432 [main] INFO  - Attempting to click 'Continue' button.
07:37:59.599 [main] INFO  - 'Continue' button clicked.
07:38:00.613 [main] INFO  - Setting 'Confirm Application is True' checkbox to: true
07:38:00.712 [main] INFO  - 'Confirm Application is True' checkbox selected.
07:38:00.714 [main] INFO  - Setting 'Confirm Application is True' checkbox to: true
07:38:00.813 [main] INFO  - 'Confirm Application is True' checkbox selected.
07:38:01.825 [main] INFO  - Attempting to click 'Continue' button.
07:38:04.044 [main] INFO  - 'Continue' button clicked.
07:38:05.050 [main] INFO  - Entering BSB number: 032-059
07:38:05.165 [main] INFO  - BSB number entered successfully.
07:38:05.166 [main] INFO  - Entering account number: 85668757
07:38:05.307 [main] INFO  - Account number entered successfully.
07:38:05.314 [main] INFO  - Generating a random Australian account name.
07:38:05.314 [main] INFO  - Generated account name: Jack Jones
07:38:05.470 [main] INFO  - Random account name entered successfully.
07:38:05.492 [main] INFO  - Clicking the direct debit checkbox.
07:38:05.581 [main] INFO  - Direct debit checkbox clicked successfully.
07:38:06.602 [main] INFO  - Clicking the submit form button.
07:38:07.396 [main] INFO  - Submit form button clicked successfully.
07:38:07.397 [main] INFO  - Double-clicking the checkbox: 'How would you like us to pay any claim benefits back to you?'.
07:38:07.475 [main] INFO  - First click on the checkbox completed.
07:38:08.550 [main] INFO  - Second click on the checkbox completed. Checkbox toggled successfully.
07:38:09.564 [main] INFO  - Clicking the submit form button.
07:38:10.369 [main] INFO  - Submit form button clicked successfully.
07:44:20.025 [main] INFO  - Browser selected: chrome
07:44:23.050 [main] INFO  - ChromeDriver initialized.
07:44:24.113 [main] INFO  - Navigated to URL: https://uat.doctorshealthfund.com.au/
07:44:26.403 [main] INFO  - All cookies cleared before starting the test.
07:44:26.482 [main] INFO  - Navigating to the quote page.
07:44:26.523 [main] INFO  - Page title: Private Health Insurance for Doctors | Doctors' Health Fund
07:44:26.532 [main] INFO  - Clicking the 'Get Quote' button.
07:44:26.533 [main] INFO  - Attempting to click the 'Get Quote' button...
07:44:26.862 [main] INFO  - 'Get Quote' button clicked successfully.
07:44:26.862 [main] INFO  - 'Get Quote' button clicked successfully.
07:44:26.867 [main] INFO  - Selecting cover type: Single...
07:44:28.062 [main] INFO  - Cover type 'Single' selected successfully.
07:44:28.064 [main] INFO  - Clicking the 'Next' button...
07:44:28.201 [main] INFO  - 'Next' button clicked successfully.
07:44:28.205 [main] INFO  - Selecting residence: NSW...
07:44:28.348 [main] INFO  - Residence 'NSW' selected successfully.
07:44:28.350 [main] INFO  - Clicking the 'Next' button...
07:44:28.505 [main] INFO  - 'Next' button clicked successfully.
07:44:28.508 [main] INFO  - Entering day of birth: 01...
07:44:28.640 [main] INFO  - Day of birth entered successfully.
07:44:28.640 [main] INFO  - Entering month of birth: 01...
07:44:28.743 [main] INFO  - Month of birth entered successfully.
07:44:28.743 [main] INFO  - Entering year of birth: 1987...
07:44:28.853 [main] INFO  - Year of birth entered successfully.
07:44:28.856 [main] INFO  - Clicking the 'Next' button...
07:44:29.008 [main] INFO  - 'Next' button clicked successfully.
07:44:29.012 [main] INFO  - Selecting annual income: Below $97k...
07:44:29.150 [main] INFO  - Annual income 'Below $97k' selected successfully.
07:44:29.154 [main] INFO  - Clicking 'Calculate Cover' button...
07:44:29.603 [main] INFO  - 'Calculate Cover' button clicked successfully.
07:44:29.705 [main] INFO  - Selecting hospital cover: Top Cover...
07:44:32.199 [main] INFO  - Selected the Extras Cover: Total Extras
07:44:32.370 [main] INFO  - Clicked on the Apply Now button for the selected plan.
07:44:32.380 [main] INFO  - Attempting to select 'No' for member status.
07:44:33.468 [main] INFO  - 'No' radio button for member status selected successfully.
07:44:33.471 [main] INFO  - Attempting to select 'Yes' for Australian citizenship status.
07:44:33.638 [main] INFO  - 'Yes' radio button for citizenship status selected successfully.
07:44:33.649 [main] INFO  - Attempting to click the 'Medical Practitioner' button.
07:44:33.784 [main] INFO  - 'Medical Practitioner' button clicked successfully.
07:44:33.789 [main] INFO  - Attempting to select the radio button for: Resident
07:44:33.910 [main] INFO  - Radio button for 'Resident' selected successfully.
07:44:33.921 [main] INFO  - Attempting to select Avant member option: No
07:44:34.042 [main] INFO  - Avant member option 'No' selected successfully.
07:44:37.282 [main] INFO  - Clicked on Continue button
07:44:37.293 [main] INFO  - Attempting to select Avant member option: Yes
07:44:37.446 [main] INFO  - Avant member option 'Yes' selected successfully.
07:44:37.480 [main] INFO  - Attempting to select Avant member option: No
07:44:37.635 [main] INFO  - Avant member option 'No' selected successfully.
07:44:40.908 [main] INFO  - Clicked on Continue button
07:44:40.910 [main] INFO  - Selecting option for transferring from another fund: No
07:44:41.056 [main] INFO  - 'No' selected for transferring from another fund.
07:44:41.768 [main] INFO  - Attempting to accept alert/modal.
07:44:41.910 [main] INFO  - Alert/modal accepted successfully.
07:44:41.921 [main] INFO  - Attempting to click the 'Next' button.
07:44:42.091 [main] INFO  - 'Next' button clicked successfully.
07:44:42.103 [main] INFO  - Selecting title from dropdown: Mr
07:44:42.477 [main] INFO  - Selected 'Mr' from dropdown.
07:44:42.684 [main] INFO  - Entered First Name: Chris
07:44:42.857 [main] INFO  - Entered Middle Name: James
07:44:43.073 [main] INFO  - Entered Last Name: Brown
07:44:43.073 [main] INFO  - Entered random full name: Chris James Brown
07:44:43.232 [main] INFO  - Selected Male radio button
07:44:43.241 [main] INFO  - Attempting to click the 'Next' button.
07:44:43.537 [main] INFO  - 'Next' button clicked successfully.
07:44:43.806 [main] INFO  - Entered random email: dhf.testing+221@gmail.com
07:44:43.993 [main] INFO  - Entered random phone number: 0498364525
07:44:43.993 [main] INFO  - Phone number format validation passed: 0498364525
07:44:44.394 [main] INFO  - Entered address input: 123 A'
07:44:45.927 [main] INFO  - Selected address input: 123 A'
07:44:48.106 [main] INFO  - Clicked on Continue button
07:44:49.321 [main] INFO  - Selecting Medicare eligibility option: Yes
07:44:49.420 [main] INFO  - Selected 'Yes' for Medicare eligibility.
07:44:49.422 [main] INFO  - Selecting the green card option...
07:44:49.568 [main] INFO  - Green card image is successfully displayed!
07:44:49.568 [main] INFO  - Selecting the blue card option...
07:44:49.700 [main] INFO  - Blue card image is successfully displayed!
07:44:49.702 [main] INFO  - Entering card number: 2298233698
07:44:49.934 [main] INFO  - Card number entered successfully.
07:44:49.936 [main] INFO  - Entering card reference number: 3
07:44:50.083 [main] INFO  - Card reference number entered successfully.
07:44:50.085 [main] INFO  - Entering validity details: Day = 2, Month = 12, Year = 2028
07:44:50.202 [main] INFO  - Day entered successfully: 2
07:44:50.386 [main] INFO  - Month entered successfully: 12
07:44:50.537 [main] INFO  - Year entered successfully: 2028
07:44:50.538 [main] INFO  - Selecting rebate option: Yes
07:44:50.667 [main] INFO  - Selected 'Yes' for rebate option.
07:44:50.675 [main] INFO  - Selecting policy coverage option: Yes
07:44:50.820 [main] INFO  - Selected 'Yes' for policy coverage.
07:44:53.840 [main] INFO  - Toggling checkbox to select state.
07:44:53.954 [main] INFO  - Checkbox selected successfully.
07:44:53.961 [main] INFO  - Clicking the Continue button.
07:44:56.149 [main] INFO  - Continue button clicked successfully.
07:44:59.387 [main] INFO  - Attempting to select radio button for choice: No
07:44:59.471 [main] INFO  - Selected 'No' radio button.
07:44:59.474 [main] INFO  - Selecting Avant Group Member option: No
07:44:59.587 [main] INFO  - Selected 'No' radio button for Avant Group Member.
07:44:59.589 [main] INFO  - Attempting to select 'How did you hear about us' option: Internet Search
07:44:59.769 [main] INFO  - Selected option: Internet Search
07:44:59.777 [main] INFO  - Selecting 'Check In' option: No
07:44:59.920 [main] INFO  - Selected 'No' radio button for 'Check In'.
07:44:59.945 [main] INFO  - Setting 'Terms and Conditions' checkbox to: true
07:45:00.175 [main] INFO  - 'Terms and Conditions' checkbox selected.
07:45:00.177 [main] INFO  - Setting 'Agree Using Personal Information' checkbox to: true
07:45:00.368 [main] INFO  - 'Agree Using Personal Information' checkbox selected.
07:45:00.371 [main] INFO  - Setting 'AHSA Privacy Policy' checkbox to: true
07:45:00.502 [main] INFO  - 'AHSA Privacy Policy' checkbox selected.
07:45:00.503 [main] INFO  - Setting 'Confirm Application is True' checkbox to: true
07:45:00.612 [main] INFO  - 'Confirm Application is True' checkbox selected.
07:45:01.622 [main] INFO  - Attempting to click 'Continue' button.
07:45:03.794 [main] INFO  - 'Continue' button clicked.
07:45:04.807 [main] INFO  - Setting 'Confirm Application is True' checkbox to: true
07:45:04.943 [main] INFO  - 'Confirm Application is True' checkbox selected.
07:45:04.945 [main] INFO  - Setting 'Confirm Application is True' checkbox to: true
07:45:05.062 [main] INFO  - 'Confirm Application is True' checkbox selected.
07:45:06.081 [main] INFO  - Attempting to click 'Continue' button.
07:45:08.289 [main] INFO  - 'Continue' button clicked.
07:45:09.297 [main] INFO  - Entering BSB number: 032-059
07:45:09.407 [main] INFO  - BSB number entered successfully.
07:45:09.408 [main] INFO  - Entering account number: 85668757
07:45:09.591 [main] INFO  - Account number entered successfully.
07:45:09.597 [main] INFO  - Generating a random Australian account name.
07:45:09.597 [main] INFO  - Generated account name: Jack Davis
07:45:09.768 [main] INFO  - Random account name entered successfully.
07:45:09.791 [main] INFO  - Clicking the direct debit checkbox.
07:45:09.884 [main] INFO  - Direct debit checkbox clicked successfully.
07:45:10.919 [main] INFO  - Clicking the submit form button.
07:45:11.709 [main] INFO  - Submit form button clicked successfully.
07:45:11.710 [main] INFO  - Double-clicking the checkbox: 'How would you like us to pay any claim benefits back to you?'.
07:45:11.792 [main] INFO  - First click on the checkbox completed.
07:45:12.888 [main] INFO  - Second click on the checkbox completed. Checkbox toggled successfully.
07:45:13.918 [main] INFO  - Clicking the submit form button.
07:45:14.735 [main] INFO  - Submit form button clicked successfully.
07:45:22.068 [main] INFO  - The thank-you message is displayed successfully.
09:00:17.415 [main] INFO  - Browser selected: chrome
09:00:20.711 [main] INFO  - ChromeDriver initialized.
09:00:22.138 [main] INFO  - Navigated to URL: https://crmtest.doctorshealthfund.com.au/
09:00:22.146 [main] INFO  - All cookies cleared before starting the test.
09:00:22.218 [main] INFO  - Navigating to the login page.
09:00:26.439 [main] INFO  - Clicked successfully on the Leads button.
09:00:27.098 [main] INFO  - Clicked succesfully on the Create button.
09:00:29.346 [main] INFO  - Dropdown opened successfully.
09:00:31.680 [main] INFO  - Successfully selected the PR / Citizen checkbox.
09:00:32.145 [main] INFO  - Generated and entered phone number: 0498369936
10:08:55.394 [main] INFO  - Browser selected: chrome
10:08:58.673 [main] INFO  - ChromeDriver initialized.
10:09:00.172 [main] INFO  - Navigated to URL: https://crmtest.doctorshealthfund.com.au/
10:09:00.187 [main] INFO  - All cookies cleared before starting the test.
10:09:00.268 [main] INFO  - Navigating to the login page.
10:09:04.427 [main] INFO  - Clicked successfully on the Leads button.
10:09:05.270 [main] INFO  - Clicked succesfully on the Create button.
10:09:07.433 [main] INFO  - Dropdown opened successfully.
10:09:09.702 [main] INFO  - Successfully selected the PR / Citizen checkbox.
10:09:10.033 [main] INFO  - Generated and entered phone number: 0498362506
10:52:06.270 [main] INFO  - Browser selected: chrome
10:52:09.001 [main] INFO  - ChromeDriver initialized.
10:52:10.274 [main] INFO  - Navigated to URL: https://crmtest.doctorshealthfund.com.au/
10:52:10.289 [main] INFO  - All cookies cleared before starting the test.
10:52:10.380 [main] INFO  - Navigating to the login page.
10:52:14.782 [main] INFO  - Clicked successfully on the Leads button.
10:52:15.525 [main] INFO  - Clicked succesfully on the Create button.
10:52:17.665 [main] INFO  - Dropdown opened successfully.
10:52:20.376 [main] INFO  - Successfully selected the PR / Citizen checkbox.
10:52:20.905 [main] INFO  - Generated and entered phone number: 0498365912
11:53:20.411 [main] INFO  - Browser selected: chrome
12:39:10.380 [main] INFO  - Browser selected: chrome
12:39:12.971 [main] INFO  - ChromeDriver initialized.
12:39:14.314 [main] INFO  - Navigated to URL: https://crmtest.doctorshealthfund.com.au/
12:39:14.321 [main] INFO  - All cookies cleared before starting the test.
12:39:14.422 [main] INFO  - Navigating to the login page.
12:39:18.392 [main] INFO  - Clicked successfully on the Leads button.
12:39:19.112 [main] INFO  - Clicked succesfully on the Create button.
12:39:21.139 [main] INFO  - Dropdown opened successfully.
12:39:23.457 [main] INFO  - Successfully selected the PR / Citizen checkbox.
12:39:23.784 [main] INFO  - Generated and entered phone number: 0498364979
12:44:35.975 [main] INFO  - Browser selected: chrome
12:44:38.462 [main] INFO  - ChromeDriver initialized.
12:44:39.964 [main] INFO  - Navigated to URL: https://crmtest.doctorshealthfund.com.au/
12:44:39.974 [main] INFO  - All cookies cleared before starting the test.
12:44:40.040 [main] INFO  - Navigating to the login page.
12:44:44.311 [main] INFO  - Clicked successfully on the Leads button.
12:44:45.787 [main] INFO  - Clicked succesfully on the Create button.
12:44:47.530 [main] INFO  - Dropdown opened successfully.
12:44:49.792 [main] INFO  - Successfully selected the PR / Citizen checkbox.
12:44:50.126 [main] INFO  - Generated and entered phone number: 0498364212
12:52:19.168 [main] INFO  - Browser selected: chrome
12:52:21.615 [main] INFO  - ChromeDriver initialized.
12:52:22.837 [main] INFO  - Navigated to URL: https://crmtest.doctorshealthfund.com.au/
12:52:22.845 [main] INFO  - All cookies cleared before starting the test.
12:52:22.947 [main] INFO  - Navigating to the login page.
12:52:27.472 [main] INFO  - Clicked successfully on the Leads button.
12:52:28.261 [main] INFO  - Clicked succesfully on the Create button.
12:53:56.879 [main] INFO  - Browser selected: chrome
12:54:00.469 [main] INFO  - ChromeDriver initialized.
12:54:01.654 [main] INFO  - Navigated to URL: https://crmtest.doctorshealthfund.com.au/
12:54:01.661 [main] INFO  - All cookies cleared before starting the test.
12:54:01.763 [main] INFO  - Navigating to the login page.
12:54:06.095 [main] INFO  - Clicked successfully on the Leads button.
12:54:06.787 [main] INFO  - Clicked succesfully on the Create button.
12:54:08.838 [main] INFO  - Dropdown opened successfully.
12:54:11.134 [main] INFO  - Successfully selected the PR / Citizen checkbox.
12:54:11.449 [main] INFO  - Generated and entered phone number: 0498369628
12:56:46.102 [main] INFO  - Browser selected: chrome
12:56:48.578 [main] INFO  - ChromeDriver initialized.
12:56:49.943 [main] INFO  - Navigated to URL: https://crmtest.doctorshealthfund.com.au/
12:56:49.954 [main] INFO  - All cookies cleared before starting the test.
12:56:50.047 [main] INFO  - Navigating to the login page.
12:56:54.379 [main] INFO  - Clicked successfully on the Leads button.
