10:40:07.451 [main] INFO  - ChromeDriver initialized.
10:40:13.549 [main] INFO  - Navigated to URL: https://dms.uat.doctorshealthfund.com.au/
10:40:13.599 [main] INFO  - Navigating to the quote page.
10:40:13.628 [main] INFO  - Page title: Private Health Insurance for Doctors | Doctors' Health Fund
10:40:13.634 [main] INFO  - Clicking the 'Get Quote' button.
10:40:13.894 [main] INFO  - 'Get Quote' button clicked successfully.
10:40:15.375 [main] INFO  - Selected cover for: Single
10:40:15.820 [main] INFO  - Selected residence: NSW
10:40:16.885 [main] INFO  - Selected annual income: Below $97k
10:45:37.947 [main] INFO  - Browser selected: chrome
10:45:40.900 [main] INFO  - ChromeDriver initialized.
10:45:51.710 [main] INFO  - Navigated to URL: https://dms.uat.doctorshealthfund.com.au/
10:45:51.759 [main] INFO  - Navigating to the quote page.
10:45:51.796 [main] INFO  - Page title: Private Health Insurance for Doctors | Doctors' Health Fund
10:45:51.801 [main] INFO  - Clicking the 'Get Quote' button.
10:45:52.093 [main] INFO  - 'Get Quote' button clicked successfully.
10:45:53.568 [main] INFO  - Selected cover for: Single
10:45:53.930 [main] INFO  - Selected residence: NSW
10:45:54.772 [main] INFO  - Selected annual income: Below $97k
10:50:15.350 [main] INFO  - Browser selected: chrome
10:50:18.348 [main] INFO  - ChromeDriver initialized.
10:50:21.520 [main] INFO  - Navigated to URL: https://dms.uat.doctorshealthfund.com.au/
10:50:21.586 [main] INFO  - Navigating to the quote page.
10:50:21.655 [main] INFO  - Page title: Private Health Insurance for Doctors | Doctors' Health Fund
10:50:21.660 [main] INFO  - Clicking the 'Get Quote' button.
10:50:21.966 [main] INFO  - 'Get Quote' button clicked successfully.
10:50:23.192 [main] INFO  - Selected cover for: Single
10:50:23.462 [main] INFO  - Selected residence: NSW
10:50:24.320 [main] INFO  - Selected annual income: Below $97k
10:54:09.175 [main] INFO  - Browser selected: chrome
10:54:12.871 [main] INFO  - ChromeDriver initialized.
10:54:16.173 [main] INFO  - Navigated to URL: https://dms.uat.doctorshealthfund.com.au/
10:54:16.243 [main] INFO  - Navigating to the quote page.
10:54:16.282 [main] INFO  - Page title: Private Health Insurance for Doctors | Doctors' Health Fund
10:54:16.286 [main] INFO  - Clicking the 'Get Quote' button.
10:54:16.561 [main] INFO  - 'Get Quote' button clicked successfully.
10:54:17.141 [main] INFO  - Selected cover for: Single
10:54:17.643 [main] INFO  - Selected residence: NSW
10:54:18.530 [main] INFO  - Selected annual income: Below $97k
10:54:51.633 [main] INFO  - Browser selected: chrome
10:54:54.574 [main] INFO  - ChromeDriver initialized.
10:54:56.694 [main] INFO  - Navigated to URL: https://dms.uat.doctorshealthfund.com.au/
10:54:56.781 [main] INFO  - Navigating to the quote page.
10:54:58.039 [main] INFO  - Page title: Private Health Insurance for Doctors | Doctors' Health Fund
10:54:58.044 [main] INFO  - Clicking the 'Get Quote' button.
10:54:58.260 [main] INFO  - 'Get Quote' button clicked successfully.
10:54:59.622 [main] INFO  - Selected cover for: Single
10:54:59.888 [main] INFO  - Selected residence: NSW
10:55:00.767 [main] INFO  - Selected annual income: Below $97k
10:55:43.507 [main] INFO  - Browser selected: chrome
10:55:46.303 [main] INFO  - ChromeDriver initialized.
10:55:49.571 [main] INFO  - Navigated to URL: https://dms.uat.doctorshealthfund.com.au/
10:55:49.632 [main] INFO  - Navigating to the quote page.
10:55:49.664 [main] INFO  - Page title: Private Health Insurance for Doctors | Doctors' Health Fund
10:55:49.669 [main] INFO  - Clicking the 'Get Quote' button.
10:55:49.901 [main] INFO  - 'Get Quote' button clicked successfully.
10:55:51.237 [main] INFO  - Selected cover for: Single
10:55:51.552 [main] INFO  - Selected residence: NSW
10:55:52.301 [main] INFO  - Selected annual income: Below $97k
10:56:28.408 [main] INFO  - Browser selected: chrome
10:56:31.271 [main] INFO  - ChromeDriver initialized.
10:56:33.081 [main] INFO  - Navigated to URL: https://dms.uat.doctorshealthfund.com.au/
10:56:33.167 [main] INFO  - Navigating to the quote page.
10:56:33.224 [main] INFO  - Page title: Private Health Insurance for Doctors | Doctors' Health Fund
10:56:33.232 [main] INFO  - Clicking the 'Get Quote' button.
10:56:34.875 [main] INFO  - 'Get Quote' button clicked successfully.
10:56:35.423 [main] INFO  - Selected cover for: Single
10:56:35.745 [main] INFO  - Selected residence: NSW
10:56:36.540 [main] INFO  - Selected annual income: Below $97k
10:57:04.382 [main] INFO  - Browser selected: chrome
10:57:07.197 [main] INFO  - ChromeDriver initialized.
10:57:07.576 [main] INFO  - Navigated to URL: https://dms.uat.doctorshealthfund.com.au/
10:57:07.625 [main] INFO  - Navigating to the quote page.
10:57:10.473 [main] INFO  - Page title: Private Health Insurance for Doctors | Doctors' Health Fund
10:57:10.477 [main] INFO  - Clicking the 'Get Quote' button.
10:57:10.742 [main] INFO  - 'Get Quote' button clicked successfully.
10:57:11.384 [main] INFO  - Selected cover for: Single
10:57:11.688 [main] INFO  - Selected residence: NSW
10:57:12.477 [main] INFO  - Selected annual income: Below $97k
10:58:10.458 [main] INFO  - Browser selected: chrome
10:58:14.314 [main] INFO  - ChromeDriver initialized.
10:58:17.544 [main] INFO  - Navigated to URL: https://dms.uat.doctorshealthfund.com.au/
10:58:17.608 [main] INFO  - Navigating to the quote page.
10:58:17.647 [main] INFO  - Page title: Private Health Insurance for Doctors | Doctors' Health Fund
10:58:17.655 [main] INFO  - Clicking the 'Get Quote' button.
10:58:18.015 [main] INFO  - 'Get Quote' button clicked successfully.
10:58:19.462 [main] INFO  - Selected cover for: Single
10:58:19.797 [main] INFO  - Selected residence: NSW
10:58:21.010 [main] INFO  - Selected annual income: Below $97k
10:59:13.305 [main] INFO  - Browser selected: chrome
10:59:16.552 [main] INFO  - ChromeDriver initialized.
10:59:19.524 [main] INFO  - Navigated to URL: https://dms.uat.doctorshealthfund.com.au/
10:59:19.577 [main] INFO  - Navigating to the quote page.
10:59:19.702 [main] INFO  - Page title: Private Health Insurance for Doctors | Doctors' Health Fund
10:59:19.708 [main] INFO  - Clicking the 'Get Quote' button.
10:59:20.101 [main] INFO  - 'Get Quote' button clicked successfully.
10:59:20.715 [main] INFO  - Selected cover for: Single
10:59:21.013 [main] INFO  - Selected residence: NSW
10:59:21.800 [main] INFO  - Selected annual income: Below $97k
11:00:38.603 [main] INFO  - Browser selected: edge
11:00:50.941 [main] INFO  - EdgeDriver initialized.
11:01:14.290 [main] INFO  - Browser selected: firefox
11:01:14.295 [main] ERROR - Browser type not supported: firefox
11:04:38.185 [main] INFO  - Browser selected: chrome
11:04:41.269 [main] INFO  - ChromeDriver initialized.
11:04:45.016 [main] INFO  - Navigated to URL: https://dms.uat.doctorshealthfund.com.au/
11:04:45.091 [main] INFO  - Navigating to the quote page.
11:04:45.123 [main] INFO  - Page title: Private Health Insurance for Doctors | Doctors' Health Fund
11:04:45.128 [main] INFO  - Clicking the 'Get Quote' button.
11:04:45.400 [main] INFO  - 'Get Quote' button clicked successfully.
11:04:46.647 [main] INFO  - Selected cover for: Single
11:04:46.911 [main] INFO  - Selected residence: NSW
11:04:47.701 [main] INFO  - Selected annual income: Below $97k
11:06:13.635 [main] INFO  - Browser selected: chrome
11:06:16.708 [main] INFO  - ChromeDriver initialized.
11:06:20.553 [main] INFO  - Navigated to URL: https://dms.uat.doctorshealthfund.com.au/
11:06:20.604 [main] INFO  - Navigating to the quote page.
11:06:20.640 [main] INFO  - Page title: Private Health Insurance for Doctors | Doctors' Health Fund
11:06:20.645 [main] INFO  - Clicking the 'Get Quote' button.
11:06:20.870 [main] INFO  - 'Get Quote' button clicked successfully.
11:06:22.218 [main] INFO  - Selected cover for: Single
11:06:22.473 [main] INFO  - Selected residence: NSW
11:06:23.288 [main] INFO  - Selected annual income: Below $97k
11:16:30.310 [main] INFO  - Browser selected: firefox
11:16:47.053 [main] INFO  - Browser selected: firefox
11:17:33.041 [main] INFO  - Browser selected: firefox
11:17:39.550 [main] INFO  - FirefoxDriver initialized.
11:17:46.530 [main] INFO  - Navigated to URL: https://dms.uat.doctorshealthfund.com.au/
11:17:46.573 [main] INFO  - Navigating to the quote page.
11:17:46.622 [main] INFO  - Page title: Private Health Insurance for Doctors | Doctors' Health Fund
11:17:46.627 [main] INFO  - Clicking the 'Get Quote' button.
11:17:46.969 [main] INFO  - 'Get Quote' button clicked successfully.
11:17:48.757 [main] INFO  - Selected cover for: Single
11:17:49.361 [main] INFO  - Selected residence: NSW
11:17:50.747 [main] INFO  - Selected annual income: Below $97k
11:21:06.838 [main] INFO  - Browser selected: firefox
11:21:11.617 [main] INFO  - FirefoxDriver initialized.
11:21:16.227 [main] INFO  - Navigated to URL: https://uat.doctorshealthfund.com.au
11:21:16.274 [main] INFO  - Navigating to the quote page.
11:22:34.930 [main] INFO  - Browser selected: firefox
11:22:39.716 [main] INFO  - FirefoxDriver initialized.
11:22:42.054 [main] INFO  - Navigated to URL: https://uat.doctorshealthfund.com.au
11:22:42.100 [main] INFO  - Navigating to the quote page.
11:23:11.064 [main] INFO  - Browser selected: firefox
11:23:16.133 [main] INFO  - FirefoxDriver initialized.
11:23:21.056 [main] INFO  - Navigated to URL: https://uat.doctorshealthfund.com.au
11:23:21.106 [main] INFO  - Navigating to the quote page.
11:23:21.186 [main] INFO  - Page title: Private Health Insurance for Doctors | Doctors' Health Fund
11:23:21.193 [main] INFO  - Clicking the 'Get Quote' button.
11:23:21.563 [main] INFO  - 'Get Quote' button clicked successfully.
11:23:23.308 [main] INFO  - Selected cover for: Single
11:23:23.896 [main] INFO  - Selected residence: NSW
11:23:25.076 [main] INFO  - Selected annual income: Below $97k
11:39:43.462 [main] INFO  - Browser selected: firefox
11:39:48.011 [main] INFO  - FirefoxDriver initialized.
11:39:55.523 [main] INFO  - Navigated to URL: https://uat.doctorshealthfund.com.au
11:39:55.591 [main] INFO  - Navigating to the quote page.
11:39:55.638 [main] INFO  - Page title: Private Health Insurance for Doctors | Doctors' Health Fund
11:39:55.644 [main] INFO  - Clicking the 'Get Quote' button.
11:39:56.052 [main] INFO  - 'Get Quote' button clicked successfully.
11:39:57.590 [main] INFO  - Selected cover for: Single
11:39:58.204 [main] INFO  - Selected residence: NSW
11:39:59.494 [main] INFO  - Selected annual income: Below $97k
11:40:05.158 [main] INFO  - click on continue button
11:40:14.184 [main] INFO  - click on continue button
11:40:19.993 [main] INFO  - Selected 'Mr' from dropdown.
11:42:06.884 [main] INFO  - Browser selected: firefox
11:42:11.487 [main] INFO  - FirefoxDriver initialized.
11:42:23.325 [main] INFO  - Navigated to URL: https://uat.doctorshealthfund.com.au
11:42:23.370 [main] INFO  - Navigating to the quote page.
11:42:23.403 [main] INFO  - Page title: Private Health Insurance for Doctors | Doctors' Health Fund
11:42:23.409 [main] INFO  - Clicking the 'Get Quote' button.
11:42:23.789 [main] INFO  - 'Get Quote' button clicked successfully.
11:42:24.290 [main] INFO  - Selected cover for: Single
11:42:24.908 [main] INFO  - Selected residence: NSW
11:42:26.027 [main] INFO  - Selected annual income: Below $97k
11:42:32.009 [main] INFO  - click on continue button
11:42:38.300 [main] INFO  - click on continue button
11:42:44.095 [main] INFO  - Selected 'Mr' from dropdown.
11:56:52.461 [main] INFO  - Browser selected: firefox
11:56:57.124 [main] INFO  - FirefoxDriver initialized.
11:57:04.687 [main] INFO  - Navigated to URL: https://uat.doctorshealthfund.com.au
11:57:04.735 [main] INFO  - Navigating to the quote page.
11:57:04.774 [main] INFO  - Page title: Private Health Insurance for Doctors | Doctors' Health Fund
11:57:04.780 [main] INFO  - Clicking the 'Get Quote' button.
11:57:05.148 [main] INFO  - 'Get Quote' button clicked successfully.
11:57:06.436 [main] INFO  - Selected cover for: Single
11:57:07.033 [main] INFO  - Selected residence: NSW
11:57:08.226 [main] INFO  - Selected annual income: Below $97k
11:57:13.989 [main] INFO  - click on continue button
11:57:16.255 [main] INFO  - click on continue button
11:57:22.131 [main] INFO  - Selected 'Mr' from dropdown.
11:58:16.084 [main] INFO  - Browser selected: firefox
11:58:21.700 [main] INFO  - FirefoxDriver initialized.
11:58:27.858 [main] INFO  - Navigated to URL: https://uat.doctorshealthfund.com.au
11:58:27.909 [main] INFO  - Navigating to the quote page.
11:58:27.939 [main] INFO  - Page title: Private Health Insurance for Doctors | Doctors' Health Fund
11:58:27.943 [main] INFO  - Clicking the 'Get Quote' button.
11:58:28.292 [main] INFO  - 'Get Quote' button clicked successfully.
11:58:28.835 [main] INFO  - Selected cover for: Single
11:58:29.458 [main] INFO  - Selected residence: NSW
11:58:30.553 [main] INFO  - Selected annual income: Below $97k
11:58:36.592 [main] INFO  - click on continue button
11:58:40.789 [main] INFO  - click on continue button
11:58:46.540 [main] INFO  - Selected 'Mr' from dropdown.
12:03:23.285 [main] INFO  - Browser selected: chrome
12:03:27.943 [main] INFO  - ChromeDriver initialized.
12:03:33.329 [main] INFO  - Navigated to URL: https://uat.doctorshealthfund.com.au
12:03:33.382 [main] INFO  - Navigating to the quote page.
12:03:33.415 [main] INFO  - Page title: Private Health Insurance for Doctors | Doctors' Health Fund
12:03:33.425 [main] INFO  - Clicking the 'Get Quote' button.
12:03:33.676 [main] INFO  - 'Get Quote' button clicked successfully.
12:03:35.165 [main] INFO  - Selected cover for: Single
12:03:35.552 [main] INFO  - Selected residence: NSW
12:03:36.551 [main] INFO  - Selected annual income: Below $97k
12:03:41.515 [main] INFO  - click on continue button
12:03:48.767 [main] INFO  - click on continue button
12:03:54.097 [main] INFO  - Selected 'Mr' from dropdown.
12:03:57.178 [main] INFO  - click on continue button
12:05:01.671 [main] INFO  - Browser selected: chrome
12:05:05.931 [main] INFO  - ChromeDriver initialized.
12:05:12.408 [main] INFO  - Navigated to URL: https://uat.doctorshealthfund.com.au
12:05:12.447 [main] INFO  - Navigating to the quote page.
12:05:12.528 [main] INFO  - Page title: Private Health Insurance for Doctors | Doctors' Health Fund
12:05:12.534 [main] INFO  - Clicking the 'Get Quote' button.
12:05:12.781 [main] INFO  - 'Get Quote' button clicked successfully.
12:05:13.405 [main] INFO  - Selected cover for: Single
12:05:13.739 [main] INFO  - Selected residence: NSW
12:05:14.708 [main] INFO  - Selected annual income: Below $97k
12:05:19.347 [main] INFO  - click on continue button
12:05:24.042 [main] INFO  - click on continue button
12:05:29.228 [main] INFO  - Selected 'Mr' from dropdown.
12:05:33.023 [main] INFO  - click on continue button
12:05:33.597 [main] INFO  - click on continue button
12:06:53.850 [main] INFO  - Browser selected: chrome
12:06:57.423 [main] INFO  - ChromeDriver initialized.
12:07:06.265 [main] INFO  - Navigated to URL: https://uat.doctorshealthfund.com.au
12:07:06.337 [main] INFO  - Navigating to the quote page.
12:07:06.494 [main] INFO  - Page title: Private Health Insurance for Doctors | Doctors' Health Fund
12:07:06.502 [main] INFO  - Clicking the 'Get Quote' button.
12:07:07.799 [main] INFO  - 'Get Quote' button clicked successfully.
12:07:08.422 [main] INFO  - Selected cover for: Single
12:07:08.843 [main] INFO  - Selected residence: NSW
12:07:09.891 [main] INFO  - Selected annual income: Below $97k
12:07:14.851 [main] INFO  - click on continue button
12:07:15.002 [main] INFO  - click on continue button
12:14:55.815 [main] INFO  - Browser selected: chrome
12:14:59.047 [main] INFO  - ChromeDriver initialized.
12:14:59.823 [main] INFO  - Navigated to URL: https://uat.doctorshealthfund.com.au
12:14:59.868 [main] INFO  - Navigating to the quote page.
12:15:04.622 [main] INFO  - Page title: Private Health Insurance for Doctors | Doctors' Health Fund
12:15:04.627 [main] INFO  - Clicking the 'Get Quote' button.
12:15:04.897 [main] INFO  - 'Get Quote' button clicked successfully.
12:15:05.577 [main] INFO  - Selected cover for: Single
12:15:05.900 [main] INFO  - Selected residence: NSW
12:15:06.862 [main] INFO  - Selected annual income: Below $97k
12:15:11.963 [main] INFO  - click on continue button
12:15:19.980 [main] INFO  - click on continue button
12:15:25.043 [main] INFO  - Selected 'Mr' from dropdown.
12:15:28.024 [main] INFO  - click on continue button
12:15:28.173 [main] INFO  - click on continue button
12:16:50.519 [main] INFO  - Browser selected: chrome
12:16:53.808 [main] INFO  - ChromeDriver initialized.
12:16:54.530 [main] INFO  - Navigated to URL: https://uat.doctorshealthfund.com.au
12:16:54.598 [main] INFO  - Navigating to the quote page.
12:17:05.084 [main] INFO  - Page title: Private Health Insurance for Doctors | Doctors' Health Fund
12:17:05.093 [main] INFO  - Clicking the 'Get Quote' button.
12:17:05.373 [main] INFO  - 'Get Quote' button clicked successfully.
12:17:05.996 [main] INFO  - Selected cover for: Single
12:17:06.662 [main] INFO  - Selected residence: NSW
12:17:07.832 [main] INFO  - Selected annual income: Below $97k
12:17:12.670 [main] INFO  - click on continue button
12:17:17.116 [main] INFO  - click on continue button
12:19:37.489 [main] INFO  - Browser selected: chrome
12:19:40.779 [main] INFO  - ChromeDriver initialized.
12:19:45.270 [main] INFO  - Navigated to URL: https://uat.doctorshealthfund.com.au
12:19:45.330 [main] INFO  - Navigating to the quote page.
12:19:45.375 [main] INFO  - Page title: Private Health Insurance for Doctors | Doctors' Health Fund
12:19:45.380 [main] INFO  - Clicking the 'Get Quote' button.
12:19:45.624 [main] INFO  - 'Get Quote' button clicked successfully.
12:19:47.371 [main] INFO  - Selected cover for: Single
12:19:47.726 [main] INFO  - Selected residence: NSW
12:19:48.632 [main] INFO  - Selected annual income: Below $97k
12:19:53.514 [main] INFO  - click on continue button
12:20:00.735 [main] INFO  - click on continue button
12:20:05.843 [main] INFO  - Selected 'Mr' from dropdown.
12:22:37.258 [main] INFO  - Browser selected: chrome
12:22:40.789 [main] INFO  - ChromeDriver initialized.
12:22:49.615 [main] INFO  - Navigated to URL: https://uat.doctorshealthfund.com.au
12:22:49.662 [main] INFO  - Navigating to the quote page.
12:22:49.692 [main] INFO  - Page title: Private Health Insurance for Doctors | Doctors' Health Fund
12:22:49.697 [main] INFO  - Clicking the 'Get Quote' button.
12:22:49.964 [main] INFO  - 'Get Quote' button clicked successfully.
12:22:51.353 [main] INFO  - Selected cover for: Single
12:22:51.862 [main] INFO  - Selected residence: NSW
12:22:52.907 [main] INFO  - Selected annual income: Below $97k
12:22:57.840 [main] INFO  - click on continue button
12:23:02.399 [main] INFO  - click on continue button
12:23:08.097 [main] INFO  - Selected 'Mr' from dropdown.
13:41:02.880 [main] INFO  - Browser selected: chrome
13:41:06.909 [main] INFO  - ChromeDriver initialized.
13:41:12.841 [main] INFO  - Navigated to URL: https://uat.doctorshealthfund.com.au
13:41:12.894 [main] INFO  - Navigating to the quote page.
13:41:12.921 [main] INFO  - Page title: Private Health Insurance for Doctors | Doctors' Health Fund
13:41:12.926 [main] INFO  - Clicking the 'Get Quote' button.
13:41:13.970 [main] INFO  - 'Get Quote' button clicked successfully.
13:41:15.430 [main] INFO  - Selected cover for: Single
13:41:15.715 [main] INFO  - Selected residence: NSW
13:41:16.508 [main] INFO  - Selected annual income: Below $97k
13:41:21.071 [main] INFO  - click on continue button
13:41:22.701 [main] INFO  - click on continue button
13:43:24.745 [main] INFO  - Browser selected: chrome
13:43:28.038 [main] INFO  - ChromeDriver initialized.
13:43:32.264 [main] INFO  - Navigated to URL: https://dms.uat.doctorshealthfund.com.au/
13:43:32.323 [main] INFO  - Navigating to the quote page.
13:43:32.383 [main] INFO  - Page title: Private Health Insurance for Doctors | Doctors' Health Fund
13:43:32.388 [main] INFO  - Clicking the 'Get Quote' button.
13:43:32.762 [main] INFO  - 'Get Quote' button clicked successfully.
13:43:34.407 [main] INFO  - Selected cover for: Single
13:43:34.821 [main] INFO  - Selected residence: NSW
13:43:35.826 [main] INFO  - Selected annual income: Below $97k
13:43:41.863 [main] INFO  - click on continue button
13:45:29.860 [main] INFO  - Browser selected: chrome
13:45:32.711 [main] INFO  - ChromeDriver initialized.
13:45:36.243 [main] INFO  - Navigated to URL: https://dms.uat.doctorshealthfund.com.au/
13:45:36.314 [main] INFO  - Navigating to the quote page.
13:45:36.357 [main] INFO  - Page title: Private Health Insurance for Doctors | Doctors' Health Fund
13:45:36.362 [main] INFO  - Clicking the 'Get Quote' button.
13:45:36.582 [main] INFO  - 'Get Quote' button clicked successfully.
13:45:37.923 [main] INFO  - Selected cover for: Single
13:45:38.184 [main] INFO  - Selected residence: NSW
13:45:38.948 [main] INFO  - Selected annual income: Below $97k
13:45:43.644 [main] INFO  - click on continue button
13:45:45.130 [main] INFO  - click on continue button
13:45:50.037 [main] INFO  - Selected 'Mr' from dropdown.
13:45:53.430 [main] INFO  - click on continue button
13:45:53.632 [main] INFO  - click on continue button
13:47:05.853 [main] INFO  - Browser selected: chrome
13:47:09.042 [main] INFO  - ChromeDriver initialized.
13:47:12.724 [main] INFO  - Navigated to URL: https://dms.uat.doctorshealthfund.com.au/
13:47:12.774 [main] INFO  - Navigating to the quote page.
13:47:12.820 [main] INFO  - Page title: Private Health Insurance for Doctors | Doctors' Health Fund
13:47:12.825 [main] INFO  - Clicking the 'Get Quote' button.
13:47:13.071 [main] INFO  - 'Get Quote' button clicked successfully.
13:47:13.701 [main] INFO  - Selected cover for: Single
13:47:14.098 [main] INFO  - Selected residence: NSW
13:47:14.830 [main] INFO  - Selected annual income: Below $97k
13:47:19.553 [main] INFO  - click on continue button
13:47:21.157 [main] INFO  - click on continue button
13:47:26.119 [main] INFO  - Selected 'Mr' from dropdown.
13:47:29.844 [main] INFO  - click on continue button
13:47:31.023 [main] INFO  - click on continue button
14:19:05.008 [main] INFO  - Browser selected: chrome
14:19:08.312 [main] INFO  - ChromeDriver initialized.
14:19:14.789 [main] INFO  - Navigated to URL: https://dms.uat.doctorshealthfund.com.au/
14:19:14.849 [main] INFO  - Navigating to the quote page.
14:19:14.888 [main] INFO  - Page title: Private Health Insurance for Doctors | Doctors' Health Fund
14:19:14.892 [main] INFO  - Clicking the 'Get Quote' button.
14:19:15.512 [main] INFO  - 'Get Quote' button clicked successfully.
14:19:17.020 [main] INFO  - Selected cover for: Single
14:19:17.490 [main] INFO  - Selected residence: NSW
14:19:18.448 [main] INFO  - Selected annual income: Below $97k
14:19:23.312 [main] INFO  - click on continue button
14:19:48.316 [main] INFO  - Browser selected: chrome
14:19:51.492 [main] INFO  - ChromeDriver initialized.
14:19:55.011 [main] INFO  - Navigated to URL: https://dms.uat.doctorshealthfund.com.au/
14:19:55.072 [main] INFO  - Navigating to the quote page.
14:19:55.104 [main] INFO  - Page title: Private Health Insurance for Doctors | Doctors' Health Fund
14:19:55.109 [main] INFO  - Clicking the 'Get Quote' button.
14:20:57.354 [main] INFO  - Browser selected: chrome
14:21:00.567 [main] INFO  - ChromeDriver initialized.
14:21:02.486 [main] INFO  - Navigated to URL: https://dms.uat.doctorshealthfund.com.au/
14:21:02.579 [main] INFO  - Navigating to the quote page.
14:22:04.890 [main] INFO  - Browser selected: chrome
14:22:07.799 [main] INFO  - ChromeDriver initialized.
14:22:11.613 [main] INFO  - Navigated to URL: https://dms.uat.doctorshealthfund.com.au/
14:22:11.667 [main] INFO  - Navigating to the quote page.
14:22:11.697 [main] INFO  - Page title: Private Health Insurance for Doctors | Doctors' Health Fund
14:22:11.703 [main] INFO  - Clicking the 'Get Quote' button.
14:22:11.958 [main] INFO  - 'Get Quote' button clicked successfully.
14:22:13.197 [main] INFO  - Selected cover for: Single
14:22:13.478 [main] INFO  - Selected residence: NSW
14:22:14.251 [main] INFO  - Selected annual income: Below $97k
14:22:18.753 [main] INFO  - click on continue button
14:22:20.407 [main] INFO  - click on continue button
14:22:25.374 [main] INFO  - Selected 'Mr' from dropdown.
14:22:29.493 [main] INFO  - click on continue button
14:22:30.642 [main] INFO  - click on continue button
14:24:57.560 [main] INFO  - Browser selected: chrome
14:25:00.600 [main] INFO  - ChromeDriver initialized.
14:25:06.417 [main] INFO  - Navigated to URL: https://dms.uat.doctorshealthfund.com.au/
14:25:06.461 [main] INFO  - Navigating to the quote page.
14:25:06.520 [main] INFO  - Page title: Private Health Insurance for Doctors | Doctors' Health Fund
14:25:06.525 [main] INFO  - Clicking the 'Get Quote' button.
14:25:06.878 [main] INFO  - 'Get Quote' button clicked successfully.
14:25:08.369 [main] INFO  - Selected cover for: Single
14:25:08.676 [main] INFO  - Selected residence: NSW
14:25:09.472 [main] INFO  - Selected annual income: Below $97k
14:25:14.423 [main] INFO  - click on continue button
14:25:21.509 [main] INFO  - click on continue button
14:25:26.877 [main] INFO  - Selected 'Mr' from dropdown.
14:25:30.037 [main] INFO  - click on continue button
14:25:31.157 [main] INFO  - click on continue button
14:37:14.165 [main] INFO  - Browser selected: chrome
14:37:17.294 [main] INFO  - ChromeDriver initialized.
14:38:09.459 [main] INFO  - Browser selected: chrome
14:38:13.070 [main] INFO  - ChromeDriver initialized.
15:32:17.952 [main] INFO  - Browser selected: chrome
15:32:21.602 [main] INFO  - ChromeDriver initialized.
15:32:25.230 [main] INFO  - Navigated to URL: https://dms.uat.doctorshealthfund.com.au/
15:32:25.284 [main] INFO  - Navigating to the quote page.
15:32:25.389 [main] INFO  - Page title: Private Health Insurance for Doctors | Doctors' Health Fund
15:32:25.394 [main] INFO  - Clicking the 'Get Quote' button.
15:32:26.783 [main] INFO  - 'Get Quote' button clicked successfully.
15:32:28.329 [main] INFO  - Selected cover for: Single
15:32:28.588 [main] INFO  - Selected residence: NSW
15:32:29.338 [main] INFO  - Selected annual income: Below $97k
15:32:33.865 [main] INFO  - click on continue button
15:32:35.393 [main] INFO  - click on continue button
15:32:40.778 [main] INFO  - Selected 'Mr' from dropdown.
15:32:45.656 [main] INFO  - click on continue button
15:32:46.826 [main] INFO  - click on continue button
07:07:01.462 [main] INFO  - Browser selected: chrome
07:07:06.584 [main] INFO  - ChromeDriver initialized.
07:07:07.649 [main] INFO  - Navigated to URL: https://dms.uat.doctorshealthfund.com.au/
07:07:07.740 [main] INFO  - Navigating to the quote page.
07:07:11.483 [main] INFO  - Page title: Private Health Insurance for Doctors | Doctors' Health Fund
07:07:11.488 [main] INFO  - Clicking the 'Get Quote' button.
07:07:11.777 [main] INFO  - 'Get Quote' button clicked successfully.
07:07:12.967 [main] INFO  - Selected cover for: Single
07:07:13.214 [main] INFO  - Selected residence: NSW
07:07:14.174 [main] INFO  - Selected annual income: Below $97k
07:07:58.817 [main] INFO  - Browser selected: chrome
07:08:02.689 [main] INFO  - ChromeDriver initialized.
07:08:03.833 [main] INFO  - Navigated to URL: https://dms.uat.doctorshealthfund.com.au/
07:08:03.931 [main] INFO  - Navigating to the quote page.
07:08:06.898 [main] INFO  - Page title: Private Health Insurance for Doctors | Doctors' Health Fund
07:08:06.904 [main] INFO  - Clicking the 'Get Quote' button.
07:08:07.179 [main] INFO  - 'Get Quote' button clicked successfully.
07:08:08.558 [main] INFO  - Selected cover for: Single
07:08:08.899 [main] INFO  - Selected residence: NSW
07:08:09.691 [main] INFO  - Selected annual income: Below $97k
07:10:15.421 [main] INFO  - Browser selected: chrome
07:10:19.204 [main] INFO  - ChromeDriver initialized.
07:10:23.737 [main] INFO  - Navigated to URL: https://dms.uat.doctorshealthfund.com.au/
07:10:23.803 [main] INFO  - Navigating to the quote page.
07:10:23.871 [main] INFO  - Page title: Private Health Insurance for Doctors | Doctors' Health Fund
07:10:23.877 [main] INFO  - Clicking the 'Get Quote' button.
07:10:40.218 [main] INFO  - Browser selected: chrome
07:10:43.215 [main] INFO  - ChromeDriver initialized.
07:10:46.821 [main] INFO  - Navigated to URL: https://dms.uat.doctorshealthfund.com.au/
07:10:46.887 [main] INFO  - Navigating to the quote page.
07:10:46.927 [main] INFO  - Page title: Private Health Insurance for Doctors | Doctors' Health Fund
07:10:46.931 [main] INFO  - Clicking the 'Get Quote' button.
07:10:47.190 [main] INFO  - 'Get Quote' button clicked successfully.
07:10:47.821 [main] INFO  - Selected cover for: Single
07:10:48.167 [main] INFO  - Selected residence: NSW
07:10:48.987 [main] INFO  - Selected annual income: Below $97k
07:11:33.994 [main] INFO  - Browser selected: chrome
07:11:37.823 [main] INFO  - ChromeDriver initialized.
07:11:39.631 [main] INFO  - Navigated to URL: https://dms.uat.doctorshealthfund.com.au/
07:11:39.710 [main] INFO  - Navigating to the quote page.
07:11:41.097 [main] INFO  - Page title: Private Health Insurance for Doctors | Doctors' Health Fund
07:11:41.103 [main] INFO  - Clicking the 'Get Quote' button.
07:11:41.316 [main] INFO  - 'Get Quote' button clicked successfully.
07:11:42.675 [main] INFO  - Selected cover for: Single
07:11:42.965 [main] INFO  - Selected residence: NSW
07:11:43.791 [main] INFO  - Selected annual income: Below $97k
07:16:06.304 [main] INFO  - Browser selected: chrome
07:16:09.593 [main] INFO  - ChromeDriver initialized.
07:16:12.657 [main] INFO  - Navigated to URL: https://dms.uat.doctorshealthfund.com.au/
07:16:12.715 [main] INFO  - Navigating to the quote page.
07:16:12.747 [main] INFO  - Page title: Private Health Insurance for Doctors | Doctors' Health Fund
07:16:12.753 [main] INFO  - Clicking the 'Get Quote' button.
07:16:13.636 [main] INFO  - 'Get Quote' button clicked successfully.
07:16:14.928 [main] INFO  - Selected cover for: Single
07:16:15.217 [main] INFO  - Selected residence: NSW
07:16:16.054 [main] INFO  - Selected annual income: Below $97k
07:16:22.119 [main] INFO  - click on continue button
07:19:27.451 [main] INFO  - Browser selected: chrome
07:19:31.674 [main] INFO  - ChromeDriver initialized.
07:19:35.525 [main] INFO  - Navigated to URL: https://dms.uat.doctorshealthfund.com.au/
07:19:35.585 [main] INFO  - Navigating to the quote page.
07:19:35.620 [main] INFO  - Page title: Private Health Insurance for Doctors | Doctors' Health Fund
07:19:35.625 [main] INFO  - Clicking the 'Get Quote' button.
07:19:35.932 [main] INFO  - 'Get Quote' button clicked successfully.
07:19:36.662 [main] INFO  - Selected cover for: Single
07:19:36.997 [main] INFO  - Selected residence: NSW
07:19:37.887 [main] INFO  - Selected annual income: Below $97k
07:20:20.041 [main] INFO  - Browser selected: chrome
07:20:23.388 [main] INFO  - ChromeDriver initialized.
07:20:25.154 [main] INFO  - Navigated to URL: https://dms.uat.doctorshealthfund.com.au/
07:20:25.260 [main] INFO  - Navigating to the quote page.
07:20:25.299 [main] INFO  - Page title: Private Health Insurance for Doctors | Doctors' Health Fund
07:20:25.305 [main] INFO  - Clicking the 'Get Quote' button.
07:20:26.515 [main] INFO  - 'Get Quote' button clicked successfully.
07:20:27.036 [main] INFO  - Selected cover for: Single
07:20:27.439 [main] INFO  - Selected residence: NSW
07:20:28.348 [main] INFO  - Selected annual income: Below $97k
07:21:32.385 [main] INFO  - Browser selected: chrome
07:21:35.322 [main] INFO  - ChromeDriver initialized.
07:21:39.138 [main] INFO  - Navigated to URL: https://dms.uat.doctorshealthfund.com.au/
07:21:39.212 [main] INFO  - Navigating to the quote page.
07:21:39.350 [main] INFO  - Page title: Private Health Insurance for Doctors | Doctors' Health Fund
07:21:39.356 [main] INFO  - Clicking the 'Get Quote' button.
07:21:39.718 [main] INFO  - 'Get Quote' button clicked successfully.
07:21:40.223 [main] INFO  - Selected cover for: Single
07:21:40.541 [main] INFO  - Selected residence: NSW
07:21:41.379 [main] INFO  - Selected annual income: Below $97k
07:26:56.517 [main] INFO  - Browser selected: chrome
07:27:00.116 [main] INFO  - ChromeDriver initialized.
07:27:00.585 [main] INFO  - Navigated to URL: https://dms.uat.doctorshealthfund.com.au/
07:27:00.639 [main] INFO  - Navigating to the quote page.
07:27:04.223 [main] INFO  - Page title: Private Health Insurance for Doctors | Doctors' Health Fund
07:27:04.228 [main] INFO  - Clicking the 'Get Quote' button.
07:27:04.500 [main] INFO  - 'Get Quote' button clicked successfully.
07:27:05.758 [main] INFO  - Selected cover for: Single
07:27:06.078 [main] INFO  - Selected residence: NSW
07:27:07.023 [main] INFO  - Selected annual income: Below $97k
07:27:47.342 [main] INFO  - Browser selected: chrome
07:27:50.503 [main] INFO  - ChromeDriver initialized.
07:27:54.050 [main] INFO  - Navigated to URL: https://dms.uat.doctorshealthfund.com.au/
07:27:54.105 [main] INFO  - Navigating to the quote page.
07:27:54.137 [main] INFO  - Page title: Private Health Insurance for Doctors | Doctors' Health Fund
07:27:54.143 [main] INFO  - Clicking the 'Get Quote' button.
07:27:54.409 [main] INFO  - 'Get Quote' button clicked successfully.
07:27:55.853 [main] INFO  - Selected cover for: Single
07:27:56.153 [main] INFO  - Selected residence: NSW
07:27:57.016 [main] INFO  - Selected annual income: Below $97k
07:44:33.470 [main] INFO  - Browser selected: chrome
07:44:37.312 [main] INFO  - ChromeDriver initialized.
07:44:41.899 [main] INFO  - Navigated to URL: https://dms.uat.doctorshealthfund.com.au/
07:44:41.966 [main] INFO  - Navigating to the quote page.
07:44:41.996 [main] INFO  - Page title: Private Health Insurance for Doctors | Doctors' Health Fund
07:44:42.001 [main] INFO  - Clicking the 'Get Quote' button.
07:44:59.916 [main] INFO  - Browser selected: chrome
07:45:04.168 [main] INFO  - ChromeDriver initialized.
07:45:08.846 [main] INFO  - Navigated to URL: https://dms.uat.doctorshealthfund.com.au/
07:45:08.929 [main] INFO  - Navigating to the quote page.
07:45:09.067 [main] INFO  - Page title: Private Health Insurance for Doctors | Doctors' Health Fund
07:45:09.074 [main] INFO  - Clicking the 'Get Quote' button.
07:45:09.414 [main] INFO  - 'Get Quote' button clicked successfully.
07:45:11.079 [main] INFO  - Selected cover for: Single
07:45:11.439 [main] INFO  - Selected residence: NSW
07:45:12.543 [main] INFO  - Selected annual income: Below $97k
07:45:19.638 [main] INFO  - Waiting for continue button to press
07:45:56.810 [main] INFO  - Browser selected: chrome
07:46:00.060 [main] INFO  - ChromeDriver initialized.
07:46:01.014 [main] INFO  - Navigated to URL: https://dms.uat.doctorshealthfund.com.au/
07:46:01.121 [main] INFO  - Navigating to the quote page.
07:46:04.074 [main] INFO  - Page title: Private Health Insurance for Doctors | Doctors' Health Fund
07:46:04.079 [main] INFO  - Clicking the 'Get Quote' button.
07:46:04.351 [main] INFO  - 'Get Quote' button clicked successfully.
07:46:05.615 [main] INFO  - Selected cover for: Single
07:46:05.942 [main] INFO  - Selected residence: NSW
07:46:06.805 [main] INFO  - Selected annual income: Below $97k
07:46:14.199 [main] INFO  - Waiting for continue button to press
07:48:01.218 [main] INFO  - Browser selected: chrome
07:48:04.425 [main] INFO  - ChromeDriver initialized.
07:48:07.982 [main] INFO  - Navigated to URL: https://dms.uat.doctorshealthfund.com.au/
07:48:08.038 [main] INFO  - Navigating to the quote page.
07:48:08.125 [main] INFO  - Page title: Private Health Insurance for Doctors | Doctors' Health Fund
07:48:08.131 [main] INFO  - Clicking the 'Get Quote' button.
07:48:08.382 [main] INFO  - 'Get Quote' button clicked successfully.
07:48:09.737 [main] INFO  - Selected cover for: Single
07:48:10.012 [main] INFO  - Selected residence: NSW
07:48:10.819 [main] INFO  - Selected annual income: Below $97k
07:48:17.607 [main] INFO  - Waiting for continue button to press
07:55:02.225 [main] INFO  - Browser selected: chrome
07:55:05.540 [main] INFO  - ChromeDriver initialized.
07:55:09.856 [main] INFO  - Navigated to URL: https://dms.uat.doctorshealthfund.com.au/
07:55:09.923 [main] INFO  - Navigating to the quote page.
07:55:09.968 [main] INFO  - Page title: Private Health Insurance for Doctors | Doctors' Health Fund
07:55:09.973 [main] INFO  - Clicking the 'Get Quote' button.
07:55:10.224 [main] INFO  - 'Get Quote' button clicked successfully.
07:55:11.387 [main] INFO  - Selected cover for: Single
07:55:11.684 [main] INFO  - Selected residence: NSW
07:55:12.447 [main] INFO  - Selected annual income: Below $97k
07:55:19.104 [main] INFO  - Waiting for continue button to press
08:01:03.113 [main] INFO  - Browser selected: chrome
08:01:06.175 [main] INFO  - ChromeDriver initialized.
08:01:09.828 [main] INFO  - Navigated to URL: https://dms.uat.doctorshealthfund.com.au/
08:01:09.883 [main] INFO  - Navigating to the quote page.
08:01:09.927 [main] INFO  - Page title: Private Health Insurance for Doctors | Doctors' Health Fund
08:01:09.935 [main] INFO  - Clicking the 'Get Quote' button.
08:01:10.164 [main] INFO  - 'Get Quote' button clicked successfully.
08:01:11.549 [main] INFO  - Selected cover for: Single
08:01:11.809 [main] INFO  - Selected residence: NSW
08:01:12.585 [main] INFO  - Selected annual income: Below $97k
08:01:20.192 [main] INFO  - Waiting for continue button to press
08:02:56.507 [main] INFO  - Browser selected: chrome
08:02:59.781 [main] INFO  - ChromeDriver initialized.
08:03:03.232 [main] INFO  - Navigated to URL: https://dms.uat.doctorshealthfund.com.au/
08:03:03.291 [main] INFO  - Navigating to the quote page.
08:03:03.321 [main] INFO  - Page title: Private Health Insurance for Doctors | Doctors' Health Fund
08:03:03.326 [main] INFO  - Clicking the 'Get Quote' button.
08:03:03.569 [main] INFO  - 'Get Quote' button clicked successfully.
08:03:04.868 [main] INFO  - Selected cover for: Single
08:03:05.121 [main] INFO  - Selected residence: NSW
08:03:05.978 [main] INFO  - Selected annual income: Below $97k
08:03:13.641 [main] INFO  - Waiting for continue button to press
08:14:32.435 [main] INFO  - Browser selected: chrome
08:14:36.204 [main] INFO  - ChromeDriver initialized.
08:14:41.398 [main] INFO  - Navigated to URL: https://dms.uat.doctorshealthfund.com.au/
08:14:41.476 [main] INFO  - Navigating to the quote page.
08:14:41.535 [main] INFO  - Page title: Private Health Insurance for Doctors | Doctors' Health Fund
08:14:41.541 [main] INFO  - Clicking the 'Get Quote' button.
08:14:42.996 [main] INFO  - 'Get Quote' button clicked successfully.
08:14:44.181 [main] INFO  - Selected cover for: Single
08:14:44.480 [main] INFO  - Selected residence: NSW
08:14:45.246 [main] INFO  - Selected annual income: Below $97k
08:14:48.639 [main] INFO  - Clicking the continue button.
08:18:24.302 [main] INFO  - Browser selected: chrome
08:18:27.595 [main] INFO  - ChromeDriver initialized.
08:18:28.857 [main] INFO  - Navigated to URL: https://dms.uat.doctorshealthfund.com.au/
08:18:31.615 [main] INFO  - All cookies cleared before starting the test.
08:18:31.671 [main] INFO  - Navigating to the quote page.
08:18:31.957 [main] INFO  - Page title: Private Health Insurance for Doctors | Doctors' Health Fund
08:18:31.962 [main] INFO  - Clicking the 'Get Quote' button.
08:18:32.213 [main] INFO  - 'Get Quote' button clicked successfully.
08:18:33.834 [main] INFO  - Selected cover for: Single
08:18:34.197 [main] INFO  - Selected residence: NSW
08:18:35.077 [main] INFO  - Selected annual income: Below $97k
08:18:42.619 [main] INFO  - Waiting for continue button to press
08:23:41.580 [main] INFO  - Browser selected: chrome
08:23:45.452 [main] INFO  - ChromeDriver initialized.
08:23:46.626 [main] INFO  - Navigated to URL: https://dms.uat.doctorshealthfund.com.au/
08:23:47.489 [main] INFO  - All cookies cleared before starting the test.
08:23:47.567 [main] INFO  - Navigating to the quote page.
08:23:47.653 [main] INFO  - Page title: Private Health Insurance for Doctors | Doctors' Health Fund
08:23:47.661 [main] INFO  - Clicking the 'Get Quote' button.
08:24:27.025 [main] INFO  - Browser selected: chrome
08:24:30.086 [main] INFO  - ChromeDriver initialized.
08:24:33.878 [main] INFO  - Navigated to URL: https://dms.uat.doctorshealthfund.com.au/
08:24:34.192 [main] INFO  - All cookies cleared before starting the test.
08:24:34.254 [main] INFO  - Navigating to the quote page.
08:24:34.410 [main] INFO  - Page title: Private Health Insurance for Doctors | Doctors' Health Fund
08:24:34.415 [main] INFO  - Clicking the 'Get Quote' button.
08:24:34.633 [main] INFO  - 'Get Quote' button clicked successfully.
08:24:36.172 [main] INFO  - Selected cover for: Single
08:24:36.567 [main] INFO  - Selected residence: NSW
08:24:37.483 [main] INFO  - Selected annual income: Below $97k
08:25:23.121 [main] INFO  - Waiting for continue button to press
08:25:37.842 [main] INFO  - Key has been pressed
08:25:52.861 [main] INFO  - Key has been released
08:27:16.930 [main] INFO  - Browser selected: chrome
08:27:20.281 [main] INFO  - ChromeDriver initialized.
08:27:23.669 [main] INFO  - Navigated to URL: https://dms.uat.doctorshealthfund.com.au/
08:27:24.174 [main] INFO  - All cookies cleared before starting the test.
08:27:24.231 [main] INFO  - Navigating to the quote page.
08:27:24.321 [main] INFO  - Page title: Private Health Insurance for Doctors | Doctors' Health Fund
08:27:24.331 [main] INFO  - Clicking the 'Get Quote' button.
08:27:24.742 [main] INFO  - 'Get Quote' button clicked successfully.
08:27:26.252 [main] INFO  - Selected cover for: Single
08:27:26.659 [main] INFO  - Selected residence: NSW
08:27:27.626 [main] INFO  - Selected annual income: Below $97k
08:27:35.545 [main] INFO  - Waiting for continue button to press
08:27:35.550 [main] INFO  - Key has been pressed
08:32:45.027 [main] INFO  - Browser selected: chrome
08:32:47.924 [main] INFO  - ChromeDriver initialized.
08:32:51.583 [main] INFO  - Navigated to URL: https://dms.uat.doctorshealthfund.com.au/
08:32:51.758 [main] INFO  - All cookies cleared before starting the test.
08:32:51.801 [main] INFO  - Navigating to the quote page.
08:32:51.831 [main] INFO  - Page title: Private Health Insurance for Doctors | Doctors' Health Fund
08:32:51.835 [main] INFO  - Clicking the 'Get Quote' button.
08:32:54.053 [main] INFO  - 'Get Quote' button clicked successfully.
08:32:55.206 [main] INFO  - Selected cover for: Single
08:32:55.458 [main] INFO  - Selected residence: NSW
08:32:56.257 [main] INFO  - Selected annual income: Below $97k
08:33:04.557 [main] INFO  - Waiting for continue button to press
08:33:04.570 [main] INFO  - Key has been pressed
08:33:09.572 [main] INFO  - Key has been released
08:34:35.128 [main] INFO  - Browser selected: chrome
08:34:38.648 [main] INFO  - ChromeDriver initialized.
08:34:42.543 [main] INFO  - Navigated to URL: https://dms.uat.doctorshealthfund.com.au/
08:34:42.772 [main] INFO  - All cookies cleared before starting the test.
08:34:42.828 [main] INFO  - Navigating to the quote page.
08:34:42.863 [main] INFO  - Page title: Private Health Insurance for Doctors | Doctors' Health Fund
08:34:42.868 [main] INFO  - Clicking the 'Get Quote' button.
08:34:45.131 [main] INFO  - 'Get Quote' button clicked successfully.
08:34:46.763 [main] INFO  - Selected cover for: Single
08:34:47.036 [main] INFO  - Selected residence: NSW
08:34:47.918 [main] INFO  - Selected annual income: Below $97k
08:34:56.936 [main] INFO  - Waiting for continue button to press
08:34:56.955 [main] INFO  - Key has been pressed
08:35:01.961 [main] INFO  - Key has been released
08:36:04.338 [main] INFO  - Browser selected: chrome
08:36:07.438 [main] INFO  - ChromeDriver initialized.
08:36:09.387 [main] INFO  - Navigated to URL: https://dms.uat.doctorshealthfund.com.au/
08:36:09.413 [main] INFO  - All cookies cleared before starting the test.
08:36:09.460 [main] INFO  - Navigating to the quote page.
08:36:09.505 [main] INFO  - Page title: Private Health Insurance for Doctors | Doctors' Health Fund
08:36:09.511 [main] INFO  - Clicking the 'Get Quote' button.
08:36:11.712 [main] INFO  - 'Get Quote' button clicked successfully.
08:36:13.205 [main] INFO  - Selected cover for: Single
08:36:13.603 [main] INFO  - Selected residence: NSW
08:36:14.449 [main] INFO  - Selected annual income: Below $97k
08:37:19.471 [main] INFO  - Waiting for continue button to press
08:37:19.472 [main] INFO  - Key has been pressed
08:37:24.473 [main] INFO  - Key has been released
08:49:58.394 [main] INFO  - Browser selected: chrome
08:50:01.894 [main] INFO  - ChromeDriver initialized.
08:50:02.330 [main] INFO  - Navigated to URL: https://dms.uat.doctorshealthfund.com.au/
08:50:04.187 [main] INFO  - All cookies cleared before starting the test.
08:50:04.241 [main] INFO  - Navigating to the quote page.
08:50:04.295 [main] INFO  - Page title: Private Health Insurance for Doctors | Doctors' Health Fund
08:50:04.300 [main] INFO  - Clicking the 'Get Quote' button.
08:50:06.560 [main] INFO  - 'Get Quote' button clicked successfully.
08:50:07.915 [main] INFO  - Selected cover for: Single
08:50:08.267 [main] INFO  - Selected residence: NSW
08:50:09.040 [main] INFO  - Selected annual income: Below $97k
08:50:17.049 [main] INFO  - Waiting for continue button to press
08:50:17.050 [main] INFO  - Key has been pressed
08:50:22.063 [main] INFO  - Key has been released
08:51:19.553 [main] INFO  - Browser selected: chrome
08:51:22.769 [main] INFO  - ChromeDriver initialized.
08:51:26.491 [main] INFO  - Navigated to URL: https://dms.uat.doctorshealthfund.com.au/
08:51:26.759 [main] INFO  - All cookies cleared before starting the test.
08:51:26.829 [main] INFO  - Navigating to the quote page.
08:51:26.885 [main] INFO  - Page title: Private Health Insurance for Doctors | Doctors' Health Fund
08:51:26.890 [main] INFO  - Clicking the 'Get Quote' button.
08:51:29.077 [main] INFO  - 'Get Quote' button clicked successfully.
08:51:30.269 [main] INFO  - Selected cover for: Single
08:51:30.641 [main] INFO  - Selected residence: NSW
08:51:31.497 [main] INFO  - Selected annual income: Below $97k
08:51:39.648 [main] INFO  - Waiting for continue button to press
08:51:39.708 [main] INFO  - Key has been pressed
08:51:44.714 [main] INFO  - Key has been released
08:55:57.940 [main] INFO  - Browser selected: chrome
08:56:01.111 [main] INFO  - ChromeDriver initialized.
08:56:01.619 [main] INFO  - Navigated to URL: https://dms.uat.doctorshealthfund.com.au/
08:56:05.204 [main] INFO  - All cookies cleared before starting the test.
08:56:05.252 [main] INFO  - Navigating to the quote page.
08:56:05.379 [main] INFO  - Page title: Private Health Insurance for Doctors | Doctors' Health Fund
08:56:05.385 [main] INFO  - Clicking the 'Get Quote' button.
08:56:07.631 [main] INFO  - 'Get Quote' button clicked successfully.
08:56:08.996 [main] INFO  - Selected cover for: Single
08:56:09.315 [main] INFO  - Selected residence: NSW
08:56:10.199 [main] INFO  - Selected annual income: Below $97k
08:56:16.415 [main] INFO  - Waiting for continue button to press
08:56:16.416 [main] INFO  - Key has been pressed
08:56:16.416 [main] INFO  - Key has been released
09:05:53.952 [main] INFO  - Browser selected: chrome
09:05:57.987 [main] INFO  - ChromeDriver initialized.
09:05:59.166 [main] INFO  - Navigated to URL: https://dms.uat.doctorshealthfund.com.au/
09:06:02.298 [main] INFO  - All cookies cleared before starting the test.
09:06:02.360 [main] INFO  - Navigating to the quote page.
09:06:02.690 [main] INFO  - Page title: Private Health Insurance for Doctors | Doctors' Health Fund
09:06:02.696 [main] INFO  - Clicking the 'Get Quote' button.
09:06:04.938 [main] INFO  - 'Get Quote' button clicked successfully.
09:06:06.125 [main] INFO  - Selected cover for: Single
09:06:06.387 [main] INFO  - Selected residence: NSW
09:06:07.211 [main] INFO  - Selected annual income: Below $97k
09:06:16.036 [main] INFO  - click on continue button
09:07:09.103 [main] INFO  - Browser selected: chrome
09:07:12.215 [main] INFO  - ChromeDriver initialized.
09:07:12.913 [main] INFO  - Navigated to URL: https://dms.uat.doctorshealthfund.com.au/
09:07:16.346 [main] INFO  - All cookies cleared before starting the test.
09:07:16.415 [main] INFO  - Navigating to the quote page.
09:07:16.512 [main] INFO  - Page title: Private Health Insurance for Doctors | Doctors' Health Fund
09:07:16.522 [main] INFO  - Clicking the 'Get Quote' button.
09:07:18.786 [main] INFO  - 'Get Quote' button clicked successfully.
09:07:20.084 [main] INFO  - Selected cover for: Single
09:07:20.376 [main] INFO  - Selected residence: NSW
09:07:21.270 [main] INFO  - Selected annual income: Below $97k
09:07:49.988 [main] INFO  - click on continue button
09:14:56.049 [main] INFO  - Browser selected: chrome
09:14:59.903 [main] INFO  - ChromeDriver initialized.
09:15:01.551 [main] INFO  - Navigated to URL: https://dms.uat.doctorshealthfund.com.au/
09:15:04.106 [main] INFO  - All cookies cleared before starting the test.
