10:57:58.001 [main] INFO  - Navigating to the quote page.
10:58:01.703 [main] INFO  - Page title: Private Health Insurance for Doctors | Doctors' Health Fund
10:58:02.106 [main] INFO  - Clicking the 'Get Quote' button.
10:58:02.312 [main] INFO  - 'Get Quote' button clicked successfully.
10:58:02.956 [main] INFO  - Selected cover for: Single
10:58:03.564 [main] INFO  - Selected residence: NSW
10:58:04.792 [main] INFO  - Selected annual income: Below $97k
11:06:49.945 [main] INFO  - Browser selected: chrome
11:06:52.691 [main] INFO  - ChromeDriver initialized.
11:06:55.360 [main] INFO  - Navigated to URL: https://dms.uat.doctorshealthfund.com.au/
11:06:55.425 [main] INFO  - Navigating to the quote page.
11:06:55.476 [main] INFO  - Page title: Private Health Insurance for Doctors | Doctors' Health Fund
11:06:55.873 [main] INFO  - Clicking the 'Get Quote' button.
11:07:21.247 [main] INFO  - Browser selected: chrome
11:07:23.648 [main] INFO  - ChromeDriver initialized.
11:07:24.030 [main] INFO  - Navigated to URL: https://dms.uat.doctorshealthfund.com.au/
11:07:24.083 [main] INFO  - Navigating to the quote page.
11:07:26.214 [main] INFO  - Page title: Private Health Insurance for Doctors | Doctors' Health Fund
11:07:26.582 [main] INFO  - Clicking the 'Get Quote' button.
11:07:26.781 [main] INFO  - 'Get Quote' button clicked successfully.
11:07:28.172 [main] INFO  - Selected cover for: Single
11:07:28.677 [main] INFO  - Selected residence: NSW
11:07:29.944 [main] INFO  - Selected annual income: Below $97k
11:07:59.822 [main] INFO  - Browser selected: chrome
11:08:02.359 [main] INFO  - ChromeDriver initialized.
11:08:06.757 [main] INFO  - Navigated to URL: https://dms.uat.doctorshealthfund.com.au/
11:08:06.803 [main] INFO  - Navigating to the quote page.
11:08:06.905 [main] INFO  - Page title: Private Health Insurance for Doctors | Doctors' Health Fund
11:08:07.417 [main] INFO  - Clicking the 'Get Quote' button.
11:08:07.597 [main] INFO  - 'Get Quote' button clicked successfully.
11:08:08.907 [main] INFO  - Selected cover for: Single
11:08:09.400 [main] INFO  - Selected residence: NSW
11:08:10.568 [main] INFO  - Selected annual income: Below $97k
11:09:35.079 [main] INFO  - Browser selected: chrome
11:09:38.138 [main] INFO  - ChromeDriver initialized.
11:09:40.678 [main] INFO  - Navigated to URL: https://dms.uat.doctorshealthfund.com.au/
11:09:40.721 [main] INFO  - Navigating to the quote page.
11:09:40.878 [main] INFO  - Page title: Private Health Insurance for Doctors | Doctors' Health Fund
11:09:41.243 [main] INFO  - Clicking the 'Get Quote' button.
11:09:41.436 [main] INFO  - 'Get Quote' button clicked successfully.
11:09:42.715 [main] INFO  - Selected cover for: Single
11:09:43.394 [main] INFO  - Selected residence: NSW
11:09:44.690 [main] INFO  - Selected annual income: Below $97k
11:16:18.997 [main] INFO  - Browser selected: chrome
11:16:21.473 [main] INFO  - ChromeDriver initialized.
11:16:22.269 [main] INFO  - Navigated to URL: https://dms.uat.doctorshealthfund.com.au/
11:16:22.323 [main] INFO  - Navigating to the quote page.
11:16:24.529 [main] INFO  - Page title: Private Health Insurance for Doctors | Doctors' Health Fund
11:16:24.860 [main] INFO  - Clicking the 'Get Quote' button.
11:16:25.159 [main] INFO  - 'Get Quote' button clicked successfully.
11:16:26.319 [main] INFO  - Selected cover for: Single
11:16:26.817 [main] INFO  - Selected residence: NSW
11:16:28.103 [main] INFO  - Selected annual income: Below $97k
11:17:04.286 [main] INFO  - Browser selected: chrome
11:17:06.830 [main] INFO  - ChromeDriver initialized.
11:17:10.369 [main] INFO  - Navigated to URL: https://dms.uat.doctorshealthfund.com.au/
11:17:10.464 [main] INFO  - Navigating to the quote page.
11:17:10.508 [main] INFO  - Page title: Private Health Insurance for Doctors | Doctors' Health Fund
11:17:10.872 [main] INFO  - Clicking the 'Get Quote' button.
11:17:11.096 [main] INFO  - 'Get Quote' button clicked successfully.
11:17:12.394 [main] INFO  - Selected cover for: Single
11:17:12.963 [main] INFO  - Selected residence: NSW
11:17:14.256 [main] INFO  - Selected annual income: Below $97k
11:17:51.830 [main] INFO  - Browser selected: chrome
11:17:54.403 [main] INFO  - ChromeDriver initialized.
11:17:57.253 [main] INFO  - Navigated to URL: https://dms.uat.doctorshealthfund.com.au/
11:17:57.312 [main] INFO  - Navigating to the quote page.
11:17:57.346 [main] INFO  - Page title: Private Health Insurance for Doctors | Doctors' Health Fund
11:17:57.779 [main] INFO  - Clicking the 'Get Quote' button.
11:17:57.971 [main] INFO  - 'Get Quote' button clicked successfully.
11:17:59.295 [main] INFO  - Selected cover for: Single
11:18:00.015 [main] INFO  - Selected residence: NSW
11:18:01.279 [main] INFO  - Selected annual income: Below $97k
11:19:05.159 [main] INFO  - Browser selected: chrome
11:19:07.614 [main] INFO  - ChromeDriver initialized.
11:19:09.422 [main] INFO  - Navigated to URL: https://dms.uat.doctorshealthfund.com.au/
11:19:09.519 [main] INFO  - Navigating to the quote page.
11:19:09.719 [main] INFO  - Page title: Private Health Insurance for Doctors | Doctors' Health Fund
11:19:10.401 [main] INFO  - Clicking the 'Get Quote' button.
11:19:10.716 [main] INFO  - 'Get Quote' button clicked successfully.
11:19:11.310 [main] INFO  - Selected cover for: Single
11:19:11.922 [main] INFO  - Selected residence: NSW
11:19:13.172 [main] INFO  - Selected annual income: Below $97k
11:19:54.348 [main] INFO  - Browser selected: chrome
11:19:56.858 [main] INFO  - ChromeDriver initialized.
11:19:59.506 [main] INFO  - Navigated to URL: https://dms.uat.doctorshealthfund.com.au/
11:19:59.565 [main] INFO  - Navigating to the quote page.
11:19:59.622 [main] INFO  - Page title: Private Health Insurance for Doctors | Doctors' Health Fund
11:20:00.003 [main] INFO  - Clicking the 'Get Quote' button.
11:20:00.180 [main] INFO  - 'Get Quote' button clicked successfully.
11:20:01.426 [main] INFO  - Selected cover for: Single
11:20:01.951 [main] INFO  - Selected residence: NSW
11:20:03.563 [main] INFO  - Selected annual income: Below $97k
11:21:30.510 [main] INFO  - Browser selected: chrome
11:21:33.029 [main] INFO  - ChromeDriver initialized.
11:21:35.909 [main] INFO  - Navigated to URL: https://dms.uat.doctorshealthfund.com.au/
11:21:35.959 [main] INFO  - Navigating to the quote page.
11:21:36.029 [main] INFO  - Page title: Private Health Insurance for Doctors | Doctors' Health Fund
11:21:36.431 [main] INFO  - Clicking the 'Get Quote' button.
11:21:36.689 [main] INFO  - 'Get Quote' button clicked successfully.
11:21:37.178 [main] INFO  - Selected cover for: Single
11:21:37.747 [main] INFO  - Selected residence: NSW
11:21:39.171 [main] INFO  - Selected annual income: Below $97k
11:22:46.493 [main] INFO  - Browser selected: chrome
11:22:48.864 [main] INFO  - ChromeDriver initialized.
11:22:51.507 [main] INFO  - Navigated to URL: https://dms.uat.doctorshealthfund.com.au/
11:22:51.559 [main] INFO  - Navigating to the quote page.
11:22:51.592 [main] INFO  - Page title: Private Health Insurance for Doctors | Doctors' Health Fund
11:22:52.006 [main] INFO  - Clicking the 'Get Quote' button.
11:22:52.192 [main] INFO  - 'Get Quote' button clicked successfully.
11:22:52.665 [main] INFO  - Selected cover for: Single
11:22:53.138 [main] INFO  - Selected residence: NSW
11:22:54.395 [main] INFO  - Selected annual income: Below $97k
11:24:08.751 [main] INFO  - Browser selected: chrome
11:24:11.774 [main] INFO  - ChromeDriver initialized.
11:24:15.760 [main] INFO  - Navigated to URL: https://dms.uat.doctorshealthfund.com.au/
11:24:15.812 [main] INFO  - Navigating to the quote page.
11:24:15.858 [main] INFO  - Page title: Private Health Insurance for Doctors | Doctors' Health Fund
11:24:16.326 [main] INFO  - Clicking the 'Get Quote' button.
11:24:45.925 [main] INFO  - Browser selected: chrome
11:24:48.605 [main] INFO  - ChromeDriver initialized.
11:24:51.973 [main] INFO  - Navigated to URL: https://dms.uat.doctorshealthfund.com.au/
11:24:52.016 [main] INFO  - Navigating to the quote page.
11:24:52.057 [main] INFO  - Page title: Private Health Insurance for Doctors | Doctors' Health Fund
11:24:52.527 [main] INFO  - Clicking the 'Get Quote' button.
11:24:52.714 [main] INFO  - 'Get Quote' button clicked successfully.
11:24:53.201 [main] INFO  - Selected cover for: Single
11:24:53.729 [main] INFO  - Selected residence: NSW
11:24:54.967 [main] INFO  - Selected annual income: Below $97k
11:27:37.715 [main] INFO  - Browser selected: chrome
11:27:40.303 [main] INFO  - ChromeDriver initialized.
11:27:44.352 [main] INFO  - Navigated to URL: https://dms.uat.doctorshealthfund.com.au/
11:27:44.404 [main] INFO  - Navigating to the quote page.
11:27:44.439 [main] INFO  - Page title: Private Health Insurance for Doctors | Doctors' Health Fund
11:27:44.844 [main] INFO  - Clicking the 'Get Quote' button.
11:27:45.154 [main] INFO  - 'Get Quote' button clicked successfully.
11:27:45.488 [main] INFO  - Selected cover for: Single
11:27:45.980 [main] INFO  - Selected residence: NSW
11:27:47.204 [main] INFO  - Selected annual income: Below $97k
11:30:29.990 [main] INFO  - Browser selected: chrome
11:30:33.903 [main] INFO  - ChromeDriver initialized.
11:30:37.033 [main] INFO  - Navigated to URL: https://dms.uat.doctorshealthfund.com.au/
11:30:37.116 [main] INFO  - Navigating to the quote page.
11:30:37.184 [main] INFO  - Page title: Private Health Insurance for Doctors | Doctors' Health Fund
11:30:37.541 [main] INFO  - Clicking the 'Get Quote' button.
11:30:37.674 [main] INFO  - 'Get Quote' button clicked successfully.
11:30:38.952 [main] INFO  - Selected cover for: Single
11:30:39.511 [main] INFO  - Selected residence: NSW
11:30:40.724 [main] INFO  - Selected annual income: Below $97k
11:32:46.371 [main] INFO  - Browser selected: chrome
11:32:49.060 [main] INFO  - ChromeDriver initialized.
11:32:52.379 [main] INFO  - Navigated to URL: https://dms.uat.doctorshealthfund.com.au/
11:32:52.423 [main] INFO  - Navigating to the quote page.
11:32:52.450 [main] INFO  - Page title: Private Health Insurance for Doctors | Doctors' Health Fund
11:32:52.851 [main] INFO  - Clicking the 'Get Quote' button.
11:32:53.086 [main] INFO  - 'Get Quote' button clicked successfully.
11:32:54.337 [main] INFO  - Selected cover for: Single
11:32:54.887 [main] INFO  - Selected residence: NSW
11:32:56.052 [main] INFO  - Selected annual income: Below $97k
11:36:19.360 [main] INFO  - Browser selected: chrome
11:36:22.152 [main] INFO  - ChromeDriver initialized.
11:36:25.023 [main] INFO  - Navigated to URL: https://dms.uat.doctorshealthfund.com.au/
11:36:25.075 [main] INFO  - Navigating to the quote page.
11:36:25.168 [main] INFO  - Page title: Private Health Insurance for Doctors | Doctors' Health Fund
11:36:25.611 [main] INFO  - Clicking the 'Get Quote' button.
11:36:25.804 [main] INFO  - 'Get Quote' button clicked successfully.
11:36:27.230 [main] INFO  - Selected cover for: Single
11:36:27.773 [main] INFO  - Selected residence: NSW
11:36:29.305 [main] INFO  - Selected annual income: Below $97k
11:41:17.012 [main] INFO  - Browser selected: chrome
11:41:19.569 [main] INFO  - ChromeDriver initialized.
11:41:22.934 [main] INFO  - Navigated to URL: https://dms.uat.doctorshealthfund.com.au/
11:41:22.983 [main] INFO  - Navigating to the quote page.
11:41:23.019 [main] INFO  - Page title: Private Health Insurance for Doctors | Doctors' Health Fund
11:41:23.453 [main] INFO  - Clicking the 'Get Quote' button.
11:41:23.636 [main] INFO  - 'Get Quote' button clicked successfully.
11:41:25.024 [main] INFO  - Selected cover for: Single
11:41:25.684 [main] INFO  - Selected residence: NSW
11:41:27.001 [main] INFO  - Selected annual income: Below $97k
11:47:00.778 [main] INFO  - Browser selected: chrome
11:47:03.526 [main] INFO  - ChromeDriver initialized.
11:47:06.754 [main] INFO  - Navigated to URL: https://dms.uat.doctorshealthfund.com.au/
11:47:06.805 [main] INFO  - Navigating to the quote page.
11:47:06.834 [main] INFO  - Page title: Private Health Insurance for Doctors | Doctors' Health Fund
11:47:07.065 [main] INFO  - Clicking the 'Get Quote' button.
11:47:07.728 [main] INFO  - 'Get Quote' button clicked successfully.
11:47:08.907 [main] INFO  - Selected cover for: Single
11:47:09.410 [main] INFO  - Selected residence: NSW
11:47:10.673 [main] INFO  - Selected annual income: Below $97k
11:48:23.924 [main] INFO  - Browser selected: chrome
11:48:26.682 [main] INFO  - ChromeDriver initialized.
11:48:29.707 [main] INFO  - Navigated to URL: https://dms.uat.doctorshealthfund.com.au/
11:48:29.775 [main] INFO  - Navigating to the quote page.
11:48:29.863 [main] INFO  - Page title: Private Health Insurance for Doctors | Doctors' Health Fund
11:48:30.263 [main] INFO  - Clicking the 'Get Quote' button.
11:48:30.473 [main] INFO  - 'Get Quote' button clicked successfully.
11:48:32.220 [main] INFO  - Selected cover for: Single
11:48:32.721 [main] INFO  - Selected residence: NSW
11:48:34.040 [main] INFO  - Selected annual income: Below $97k
11:49:39.623 [main] INFO  - Browser selected: chrome
11:49:42.297 [main] INFO  - ChromeDriver initialized.
11:49:45.224 [main] INFO  - Navigated to URL: https://dms.uat.doctorshealthfund.com.au/
11:49:45.278 [main] INFO  - Navigating to the quote page.
11:49:45.310 [main] INFO  - Page title: Private Health Insurance for Doctors | Doctors' Health Fund
11:49:45.729 [main] INFO  - Clicking the 'Get Quote' button.
11:49:45.906 [main] INFO  - 'Get Quote' button clicked successfully.
11:49:46.407 [main] INFO  - Selected cover for: Single
11:49:46.960 [main] INFO  - Selected residence: NSW
11:49:48.280 [main] INFO  - Selected annual income: Below $97k
11:50:49.420 [main] INFO  - Browser selected: chrome
11:50:52.192 [main] INFO  - ChromeDriver initialized.
11:50:52.677 [main] INFO  - Navigated to URL: https://dms.uat.doctorshealthfund.com.au/
11:50:52.714 [main] INFO  - Navigating to the quote page.
11:50:55.549 [main] INFO  - Page title: Private Health Insurance for Doctors | Doctors' Health Fund
11:50:55.835 [main] INFO  - Clicking the 'Get Quote' button.
11:50:55.971 [main] INFO  - 'Get Quote' button clicked successfully.
11:50:57.719 [main] INFO  - Selected cover for: Single
11:50:58.406 [main] INFO  - Selected residence: NSW
11:50:59.702 [main] INFO  - Selected annual income: Below $97k
11:52:26.063 [main] INFO  - Browser selected: chrome
11:52:28.761 [main] INFO  - ChromeDriver initialized.
11:52:31.698 [main] INFO  - Navigated to URL: https://dms.uat.doctorshealthfund.com.au/
11:52:31.737 [main] INFO  - Navigating to the quote page.
11:52:31.778 [main] INFO  - Page title: Private Health Insurance for Doctors | Doctors' Health Fund
11:52:32.255 [main] INFO  - Clicking the 'Get Quote' button.
11:52:32.424 [main] INFO  - 'Get Quote' button clicked successfully.
11:52:32.934 [main] INFO  - Selected cover for: Single
11:52:33.461 [main] INFO  - Selected residence: NSW
11:52:34.720 [main] INFO  - Selected annual income: Below $97k
11:53:20.878 [main] INFO  - Browser selected: chrome
11:53:23.343 [main] INFO  - ChromeDriver initialized.
11:53:26.076 [main] INFO  - Navigated to URL: https://dms.uat.doctorshealthfund.com.au/
11:53:26.131 [main] INFO  - Navigating to the quote page.
11:53:26.178 [main] INFO  - Page title: Private Health Insurance for Doctors | Doctors' Health Fund
11:53:26.567 [main] INFO  - Clicking the 'Get Quote' button.
11:53:26.763 [main] INFO  - 'Get Quote' button clicked successfully.
11:53:27.278 [main] INFO  - Selected cover for: Single
11:53:27.817 [main] INFO  - Selected residence: NSW
11:53:29.077 [main] INFO  - Selected annual income: Below $97k
11:54:12.689 [main] INFO  - Browser selected: chrome
11:54:15.666 [main] INFO  - ChromeDriver initialized.
11:54:20.301 [main] INFO  - Navigated to URL: https://dms.uat.doctorshealthfund.com.au/
11:54:20.356 [main] INFO  - Navigating to the quote page.
11:54:20.398 [main] INFO  - Page title: Private Health Insurance for Doctors | Doctors' Health Fund
11:54:20.856 [main] INFO  - Clicking the 'Get Quote' button.
11:54:21.079 [main] INFO  - 'Get Quote' button clicked successfully.
11:54:22.396 [main] INFO  - Selected cover for: Single
11:54:22.904 [main] INFO  - Selected residence: NSW
11:54:24.451 [main] INFO  - Selected annual income: Below $97k
12:00:36.958 [main] INFO  - Browser selected: chrome
12:00:39.755 [main] INFO  - ChromeDriver initialized.
12:00:42.299 [main] INFO  - Navigated to URL: https://dms.uat.doctorshealthfund.com.au/
12:00:42.351 [main] INFO  - Navigating to the quote page.
12:00:42.384 [main] INFO  - Page title: Private Health Insurance for Doctors | Doctors' Health Fund
12:00:42.731 [main] INFO  - Clicking the 'Get Quote' button.
12:00:42.935 [main] INFO  - 'Get Quote' button clicked successfully.
12:00:44.282 [main] INFO  - Selected cover for: Single
12:00:44.825 [main] INFO  - Selected residence: NSW
12:00:45.991 [main] INFO  - Selected annual income: Below $97k
12:01:25.472 [main] INFO  - Browser selected: chrome
12:01:28.189 [main] INFO  - ChromeDriver initialized.
12:01:29.977 [main] INFO  - Navigated to URL: https://dms.uat.doctorshealthfund.com.au/
12:01:30.071 [main] INFO  - Navigating to the quote page.
12:01:30.437 [main] INFO  - Page title: Private Health Insurance for Doctors | Doctors' Health Fund
12:01:30.882 [main] INFO  - Clicking the 'Get Quote' button.
12:01:31.079 [main] INFO  - 'Get Quote' button clicked successfully.
12:01:31.620 [main] INFO  - Selected cover for: Single
12:01:32.142 [main] INFO  - Selected residence: NSW
12:01:33.355 [main] INFO  - Selected annual income: Below $97k
12:02:28.739 [main] INFO  - Browser selected: chrome
12:02:31.769 [main] INFO  - ChromeDriver initialized.
12:02:34.734 [main] INFO  - Navigated to URL: https://dms.uat.doctorshealthfund.com.au/
12:02:34.792 [main] INFO  - Navigating to the quote page.
12:02:34.824 [main] INFO  - Page title: Private Health Insurance for Doctors | Doctors' Health Fund
12:02:35.291 [main] INFO  - Clicking the 'Get Quote' button.
12:02:35.542 [main] INFO  - 'Get Quote' button clicked successfully.
12:02:36.019 [main] INFO  - Selected cover for: Single
12:02:36.579 [main] INFO  - Selected residence: NSW
12:02:37.888 [main] INFO  - Selected annual income: Below $97k
12:03:23.200 [main] INFO  - Browser selected: chrome
12:03:25.890 [main] INFO  - ChromeDriver initialized.
12:03:28.914 [main] INFO  - Navigated to URL: https://dms.uat.doctorshealthfund.com.au/
12:03:28.961 [main] INFO  - Navigating to the quote page.
12:03:29.007 [main] INFO  - Page title: Private Health Insurance for Doctors | Doctors' Health Fund
12:03:29.473 [main] INFO  - Clicking the 'Get Quote' button.
12:03:29.661 [main] INFO  - 'Get Quote' button clicked successfully.
12:03:30.256 [main] INFO  - Selected cover for: Single
12:03:30.815 [main] INFO  - Selected residence: NSW
12:03:32.029 [main] INFO  - Selected annual income: Below $97k
12:05:00.222 [main] INFO  - Browser selected: chrome
12:05:02.649 [main] INFO  - ChromeDriver initialized.
12:05:04.357 [main] INFO  - Navigated to URL: https://dms.uat.doctorshealthfund.com.au/
12:05:04.479 [main] INFO  - Navigating to the quote page.
12:05:05.433 [main] INFO  - Page title: Private Health Insurance for Doctors | Doctors' Health Fund
12:05:05.786 [main] INFO  - Clicking the 'Get Quote' button.
12:05:06.126 [main] INFO  - 'Get Quote' button clicked successfully.
12:05:06.620 [main] INFO  - Selected cover for: Single
12:05:07.299 [main] INFO  - Selected residence: NSW
12:05:08.540 [main] INFO  - Selected annual income: Below $97k
12:06:14.208 [main] INFO  - Browser selected: chrome
12:06:16.655 [main] INFO  - ChromeDriver initialized.
12:06:17.346 [main] INFO  - Navigated to URL: https://dms.uat.doctorshealthfund.com.au/
12:06:17.406 [main] INFO  - Navigating to the quote page.
12:06:19.645 [main] INFO  - Page title: Private Health Insurance for Doctors | Doctors' Health Fund
12:06:20.055 [main] INFO  - Clicking the 'Get Quote' button.
12:06:20.235 [main] INFO  - 'Get Quote' button clicked successfully.
12:06:21.501 [main] INFO  - Selected cover for: Single
12:06:22.055 [main] INFO  - Selected residence: NSW
12:06:23.702 [main] INFO  - Selected annual income: Below $97k
12:15:52.065 [main] INFO  - Browser selected: chrome
12:15:54.556 [main] INFO  - ChromeDriver initialized.
12:15:57.641 [main] INFO  - Navigated to URL: https://dms.uat.doctorshealthfund.com.au/
12:15:57.688 [main] INFO  - Navigating to the quote page.
12:15:57.727 [main] INFO  - Page title: Private Health Insurance for Doctors | Doctors' Health Fund
12:15:58.145 [main] INFO  - Clicking the 'Get Quote' button.
12:16:19.896 [main] INFO  - Browser selected: chrome
12:16:22.271 [main] INFO  - ChromeDriver initialized.
12:16:24.929 [main] INFO  - Navigated to URL: https://dms.uat.doctorshealthfund.com.au/
12:16:24.976 [main] INFO  - Navigating to the quote page.
12:16:25.013 [main] INFO  - Page title: Private Health Insurance for Doctors | Doctors' Health Fund
12:16:25.562 [main] INFO  - Clicking the 'Get Quote' button.
12:16:25.743 [main] INFO  - 'Get Quote' button clicked successfully.
12:16:26.950 [main] INFO  - Selected cover for: Single
12:16:27.457 [main] INFO  - Selected residence: NSW
12:16:28.688 [main] INFO  - Selected annual income: Below $97k
12:17:14.407 [main] INFO  - Browser selected: chrome
12:17:17.057 [main] INFO  - ChromeDriver initialized.
12:17:19.936 [main] INFO  - Navigated to URL: https://dms.uat.doctorshealthfund.com.au/
12:17:19.983 [main] INFO  - Navigating to the quote page.
12:17:20.024 [main] INFO  - Page title: Private Health Insurance for Doctors | Doctors' Health Fund
12:17:20.406 [main] INFO  - Clicking the 'Get Quote' button.
12:17:20.588 [main] INFO  - 'Get Quote' button clicked successfully.
12:17:21.918 [main] INFO  - Selected cover for: Single
12:17:22.518 [main] INFO  - Selected residence: NSW
12:17:23.748 [main] INFO  - Selected annual income: Below $97k
12:18:19.436 [main] INFO  - Browser selected: chrome
12:18:21.967 [main] INFO  - ChromeDriver initialized.
12:18:24.863 [main] INFO  - Navigated to URL: https://dms.uat.doctorshealthfund.com.au/
12:18:24.905 [main] INFO  - Navigating to the quote page.
12:18:24.933 [main] INFO  - Page title: Private Health Insurance for Doctors | Doctors' Health Fund
12:18:25.281 [main] INFO  - Clicking the 'Get Quote' button.
12:18:25.518 [main] INFO  - 'Get Quote' button clicked successfully.
12:18:26.813 [main] INFO  - Selected cover for: Single
12:18:27.382 [main] INFO  - Selected residence: NSW
12:18:28.658 [main] INFO  - Selected annual income: Below $97k
12:24:34.863 [main] INFO  - Browser selected: chrome
12:24:37.558 [main] INFO  - ChromeDriver initialized.
12:24:39.546 [main] INFO  - Navigated to URL: https://dms.uat.doctorshealthfund.com.au/
12:24:39.651 [main] INFO  - Navigating to the quote page.
12:24:40.157 [main] INFO  - Page title: Private Health Insurance for Doctors | Doctors' Health Fund
12:24:40.578 [main] INFO  - Clicking the 'Get Quote' button.
12:24:40.768 [main] INFO  - 'Get Quote' button clicked successfully.
12:24:41.904 [main] INFO  - Selected cover for: Single
12:24:42.413 [main] INFO  - Selected residence: NSW
12:24:43.693 [main] INFO  - Selected annual income: Below $97k
12:25:44.868 [main] INFO  - Browser selected: chrome
12:25:47.548 [main] INFO  - ChromeDriver initialized.
12:25:50.490 [main] INFO  - Navigated to URL: https://dms.uat.doctorshealthfund.com.au/
12:25:50.536 [main] INFO  - Navigating to the quote page.
12:25:50.593 [main] INFO  - Page title: Private Health Insurance for Doctors | Doctors' Health Fund
12:25:51.091 [main] INFO  - Clicking the 'Get Quote' button.
12:25:51.292 [main] INFO  - 'Get Quote' button clicked successfully.
12:25:51.795 [main] INFO  - Selected cover for: Single
12:25:52.375 [main] INFO  - Selected residence: NSW
12:25:53.696 [main] INFO  - Selected annual income: Below $97k
12:27:14.626 [main] INFO  - Browser selected: chrome
12:27:17.287 [main] INFO  - ChromeDriver initialized.
12:27:20.202 [main] INFO  - Navigated to URL: https://dms.uat.doctorshealthfund.com.au/
12:27:20.250 [main] INFO  - Navigating to the quote page.
12:27:20.308 [main] INFO  - Page title: Private Health Insurance for Doctors | Doctors' Health Fund
12:27:20.804 [main] INFO  - Clicking the 'Get Quote' button.
12:27:21.102 [main] INFO  - 'Get Quote' button clicked successfully.
12:27:22.351 [main] INFO  - Selected cover for: Single
12:27:22.878 [main] INFO  - Selected residence: NSW
12:27:24.853 [main] INFO  - Selected annual income: Below $97k
12:28:25.117 [main] INFO  - Browser selected: chrome
12:28:27.725 [main] INFO  - ChromeDriver initialized.
12:28:30.371 [main] INFO  - Navigated to URL: https://dms.uat.doctorshealthfund.com.au/
12:28:30.419 [main] INFO  - Navigating to the quote page.
12:28:30.445 [main] INFO  - Page title: Private Health Insurance for Doctors | Doctors' Health Fund
12:28:30.954 [main] INFO  - Clicking the 'Get Quote' button.
12:28:31.134 [main] INFO  - 'Get Quote' button clicked successfully.
12:28:32.762 [main] INFO  - Selected cover for: Single
12:28:33.330 [main] INFO  - Selected residence: NSW
12:28:34.661 [main] INFO  - Selected annual income: Below $97k
12:29:53.566 [main] INFO  - Browser selected: chrome
12:29:56.427 [main] INFO  - ChromeDriver initialized.
12:29:58.135 [main] INFO  - Navigated to URL: https://dms.uat.doctorshealthfund.com.au/
12:29:58.212 [main] INFO  - Navigating to the quote page.
12:29:58.284 [main] INFO  - Page title: Private Health Insurance for Doctors | Doctors' Health Fund
12:29:59.139 [main] INFO  - Clicking the 'Get Quote' button.
12:29:59.464 [main] INFO  - 'Get Quote' button clicked successfully.
12:29:59.985 [main] INFO  - Selected cover for: Single
12:30:01.270 [main] INFO  - Selected residence: NSW
12:30:02.911 [main] INFO  - Selected annual income: Below $97k
12:30:50.389 [main] INFO  - Browser selected: chrome
12:30:54.048 [main] INFO  - ChromeDriver initialized.
12:30:57.088 [main] INFO  - Navigated to URL: https://dms.uat.doctorshealthfund.com.au/
12:30:57.138 [main] INFO  - Navigating to the quote page.
12:30:57.191 [main] INFO  - Page title: Private Health Insurance for Doctors | Doctors' Health Fund
12:30:57.545 [main] INFO  - Clicking the 'Get Quote' button.
12:30:57.745 [main] INFO  - 'Get Quote' button clicked successfully.
12:30:59.087 [main] INFO  - Selected cover for: Single
12:30:59.663 [main] INFO  - Selected residence: NSW
12:31:00.937 [main] INFO  - Selected annual income: Below $97k
12:31:26.444 [main] INFO  - Browser selected: chrome
12:31:29.033 [main] INFO  - ChromeDriver initialized.
12:31:30.510 [main] INFO  - Navigated to URL: https://dms.uat.doctorshealthfund.com.au/
12:31:30.583 [main] INFO  - Navigating to the quote page.
12:31:30.614 [main] INFO  - Page title: Private Health Insurance for Doctors | Doctors' Health Fund
12:31:31.303 [main] INFO  - Clicking the 'Get Quote' button.
12:31:31.677 [main] INFO  - 'Get Quote' button clicked successfully.
12:31:32.456 [main] INFO  - Selected cover for: Single
12:31:32.982 [main] INFO  - Selected residence: NSW
12:31:34.180 [main] INFO  - Selected annual income: Below $97k
12:38:04.371 [main] INFO  - Browser selected: chrome
12:38:07.982 [main] INFO  - ChromeDriver initialized.
12:38:08.383 [main] INFO  - Navigated to URL: https://dms.uat.doctorshealthfund.com.au/
12:38:08.438 [main] INFO  - Navigating to the quote page.
12:38:10.704 [main] INFO  - Page title: Private Health Insurance for Doctors | Doctors' Health Fund
12:38:11.098 [main] INFO  - Clicking the 'Get Quote' button.
12:38:11.372 [main] INFO  - 'Get Quote' button clicked successfully.
12:38:12.549 [main] INFO  - Selected cover for: Single
12:38:13.055 [main] INFO  - Selected residence: NSW
12:38:14.382 [main] INFO  - Selected annual income: Below $97k
12:40:13.680 [main] INFO  - Browser selected: chrome
12:40:17.206 [main] INFO  - ChromeDriver initialized.
12:40:18.643 [main] INFO  - Navigated to URL: https://dms.uat.doctorshealthfund.com.au/
12:40:18.731 [main] INFO  - Navigating to the quote page.
12:40:19.673 [main] INFO  - Page title: Private Health Insurance for Doctors | Doctors' Health Fund
12:40:20.017 [main] INFO  - Clicking the 'Get Quote' button.
12:40:20.263 [main] INFO  - 'Get Quote' button clicked successfully.
12:40:21.705 [main] INFO  - Selected cover for: Single
12:40:22.286 [main] INFO  - Selected residence: NSW
12:40:23.720 [main] INFO  - Selected annual income: Below $97k
12:41:08.233 [main] INFO  - Browser selected: chrome
12:41:11.170 [main] INFO  - ChromeDriver initialized.
12:41:14.274 [main] INFO  - Navigated to URL: https://dms.uat.doctorshealthfund.com.au/
12:41:14.328 [main] INFO  - Navigating to the quote page.
12:41:14.360 [main] INFO  - Page title: Private Health Insurance for Doctors | Doctors' Health Fund
12:41:14.795 [main] INFO  - Clicking the 'Get Quote' button.
12:41:14.957 [main] INFO  - 'Get Quote' button clicked successfully.
12:41:16.292 [main] INFO  - Selected cover for: Single
12:41:16.880 [main] INFO  - Selected residence: NSW
12:41:18.294 [main] INFO  - Selected annual income: Below $97k
12:42:10.345 [main] INFO  - Browser selected: chrome
12:42:13.084 [main] INFO  - ChromeDriver initialized.
12:42:14.757 [main] INFO  - Navigated to URL: https://dms.uat.doctorshealthfund.com.au/
12:42:14.845 [main] INFO  - Navigating to the quote page.
12:42:14.908 [main] INFO  - Page title: Private Health Insurance for Doctors | Doctors' Health Fund
12:42:15.872 [main] INFO  - Clicking the 'Get Quote' button.
12:42:16.039 [main] INFO  - 'Get Quote' button clicked successfully.
12:42:16.699 [main] INFO  - Selected cover for: Single
12:42:17.267 [main] INFO  - Selected residence: NSW
12:42:18.534 [main] INFO  - Selected annual income: Below $97k
12:46:38.872 [main] INFO  - Browser selected: chrome
12:46:41.409 [main] INFO  - ChromeDriver initialized.
12:46:44.377 [main] INFO  - Navigated to URL: https://dms.uat.doctorshealthfund.com.au/
12:46:44.427 [main] INFO  - Navigating to the quote page.
12:46:44.456 [main] INFO  - Page title: Private Health Insurance for Doctors | Doctors' Health Fund
12:46:44.828 [main] INFO  - Clicking the 'Get Quote' button.
12:46:45.001 [main] INFO  - 'Get Quote' button clicked successfully.
12:46:45.897 [main] INFO  - Selected cover for: Single
12:46:46.428 [main] INFO  - Selected residence: NSW
12:46:47.592 [main] INFO  - Selected annual income: Below $97k
12:47:39.733 [main] INFO  - Browser selected: chrome
12:47:42.223 [main] INFO  - ChromeDriver initialized.
12:47:43.820 [main] INFO  - Navigated to URL: https://dms.uat.doctorshealthfund.com.au/
12:47:43.917 [main] INFO  - Navigating to the quote page.
12:47:43.955 [main] INFO  - Page title: Private Health Insurance for Doctors | Doctors' Health Fund
12:47:44.777 [main] INFO  - Clicking the 'Get Quote' button.
12:47:45.119 [main] INFO  - 'Get Quote' button clicked successfully.
12:47:46.439 [main] INFO  - Selected cover for: Single
12:47:46.943 [main] INFO  - Selected residence: NSW
12:47:48.184 [main] INFO  - Selected annual income: Below $97k
12:53:42.426 [main] INFO  - Browser selected: chrome
12:53:45.185 [main] INFO  - ChromeDriver initialized.
12:53:47.972 [main] INFO  - Navigated to URL: https://dms.uat.doctorshealthfund.com.au/
12:53:48.027 [main] INFO  - Navigating to the quote page.
12:53:48.059 [main] INFO  - Page title: Private Health Insurance for Doctors | Doctors' Health Fund
12:53:48.446 [main] INFO  - Clicking the 'Get Quote' button.
12:53:48.618 [main] INFO  - 'Get Quote' button clicked successfully.
12:53:49.945 [main] INFO  - Selected cover for: Single
12:53:50.459 [main] INFO  - Selected residence: NSW
12:53:51.657 [main] INFO  - Selected annual income: Below $97k
12:54:35.591 [main] INFO  - Browser selected: chrome
12:54:38.199 [main] INFO  - ChromeDriver initialized.
12:54:41.832 [main] INFO  - Navigated to URL: https://dms.uat.doctorshealthfund.com.au/
12:54:41.876 [main] INFO  - Navigating to the quote page.
12:54:41.910 [main] INFO  - Page title: Private Health Insurance for Doctors | Doctors' Health Fund
12:54:42.351 [main] INFO  - Clicking the 'Get Quote' button.
12:54:42.572 [main] INFO  - 'Get Quote' button clicked successfully.
12:54:44.053 [main] INFO  - Selected cover for: Single
12:54:44.677 [main] INFO  - Selected residence: NSW
12:54:46.214 [main] INFO  - Selected annual income: Below $97k
12:55:39.780 [main] INFO  - Browser selected: chrome
12:55:42.712 [main] INFO  - ChromeDriver initialized.
12:55:44.239 [main] INFO  - Navigated to URL: https://dms.uat.doctorshealthfund.com.au/
12:55:44.342 [main] INFO  - Navigating to the quote page.
12:55:45.369 [main] INFO  - Page title: Private Health Insurance for Doctors | Doctors' Health Fund
12:55:45.727 [main] INFO  - Clicking the 'Get Quote' button.
12:55:45.909 [main] INFO  - 'Get Quote' button clicked successfully.
12:55:46.551 [main] INFO  - Selected cover for: Single
12:55:47.101 [main] INFO  - Selected residence: NSW
12:55:48.578 [main] INFO  - Selected annual income: Below $97k
13:03:56.110 [main] INFO  - Browser selected: chrome
13:03:58.507 [main] INFO  - ChromeDriver initialized.
13:04:01.510 [main] INFO  - Navigated to URL: https://dms.uat.doctorshealthfund.com.au/
13:04:01.568 [main] INFO  - Navigating to the quote page.
13:04:01.600 [main] INFO  - Page title: Private Health Insurance for Doctors | Doctors' Health Fund
13:04:01.979 [main] INFO  - Clicking the 'Get Quote' button.
13:04:02.217 [main] INFO  - 'Get Quote' button clicked successfully.
13:04:02.704 [main] INFO  - Selected cover for: Single
13:04:03.180 [main] INFO  - Selected residence: NSW
13:04:04.380 [main] INFO  - Selected annual income: Below $97k
13:11:32.406 [main] INFO  - Browser selected: chrome
13:11:34.901 [main] INFO  - ChromeDriver initialized.
13:11:36.472 [main] INFO  - Navigated to URL: https://dms.uat.doctorshealthfund.com.au/
13:11:36.610 [main] INFO  - Navigating to the quote page.
13:11:37.115 [main] INFO  - Page title: Private Health Insurance for Doctors | Doctors' Health Fund
13:11:37.636 [main] INFO  - Clicking the 'Get Quote' button.
13:11:37.833 [main] INFO  - 'Get Quote' button clicked successfully.
13:11:39.224 [main] INFO  - Selected cover for: Single
13:11:39.762 [main] INFO  - Selected residence: NSW
13:11:41.046 [main] INFO  - Selected annual income: Below $97k
13:21:33.815 [main] INFO  - Browser selected: chrome
13:21:36.459 [main] INFO  - ChromeDriver initialized.
13:21:39.745 [main] INFO  - Navigated to URL: https://dms.uat.doctorshealthfund.com.au/
13:21:39.806 [main] INFO  - Navigating to the quote page.
13:21:39.834 [main] INFO  - Page title: Private Health Insurance for Doctors | Doctors' Health Fund
13:21:40.254 [main] INFO  - Clicking the 'Get Quote' button.
13:21:40.428 [main] INFO  - 'Get Quote' button clicked successfully.
13:21:41.575 [main] INFO  - Selected cover for: Single
13:21:42.082 [main] INFO  - Selected residence: NSW
13:21:43.278 [main] INFO  - Selected annual income: Below $97k
13:23:58.030 [main] INFO  - Browser selected: chrome
13:24:00.874 [main] INFO  - ChromeDriver initialized.
13:24:04.184 [main] INFO  - Navigated to URL: https://dms.uat.doctorshealthfund.com.au/
13:24:04.235 [main] INFO  - Navigating to the quote page.
13:24:04.270 [main] INFO  - Page title: Private Health Insurance for Doctors | Doctors' Health Fund
13:24:04.659 [main] INFO  - Clicking the 'Get Quote' button.
13:24:04.947 [main] INFO  - 'Get Quote' button clicked successfully.
13:24:06.394 [main] INFO  - Selected cover for: Single
13:24:07.151 [main] INFO  - Selected residence: NSW
13:24:08.741 [main] INFO  - Selected annual income: Below $97k
13:29:06.838 [main] INFO  - Browser selected: chrome
13:29:09.438 [main] INFO  - ChromeDriver initialized.
13:29:12.143 [main] INFO  - Navigated to URL: https://dms.uat.doctorshealthfund.com.au/
13:29:12.197 [main] INFO  - Navigating to the quote page.
13:29:12.226 [main] INFO  - Page title: Private Health Insurance for Doctors | Doctors' Health Fund
13:29:12.657 [main] INFO  - Clicking the 'Get Quote' button.
13:29:12.823 [main] INFO  - 'Get Quote' button clicked successfully.
13:29:13.323 [main] INFO  - Selected cover for: Single
13:29:13.889 [main] INFO  - Selected residence: NSW
13:29:15.102 [main] INFO  - Selected annual income: Below $97k
13:41:00.914 [main] INFO  - Browser selected: chrome
13:41:04.073 [main] INFO  - ChromeDriver initialized.
13:41:09.705 [main] INFO  - Navigated to URL: https://dms.uat.doctorshealthfund.com.au/
13:41:09.759 [main] INFO  - Navigating to the quote page.
13:41:09.921 [main] INFO  - Page title: Private Health Insurance for Doctors | Doctors' Health Fund
13:41:10.249 [main] INFO  - Clicking the 'Get Quote' button.
13:41:10.402 [main] INFO  - 'Get Quote' button clicked successfully.
13:41:11.530 [main] INFO  - Selected cover for: Single
13:41:12.016 [main] INFO  - Selected residence: NSW
13:41:13.268 [main] INFO  - Selected annual income: Below $97k
13:42:29.591 [main] INFO  - Browser selected: chrome
13:42:32.190 [main] INFO  - ChromeDriver initialized.
13:42:33.518 [main] INFO  - Navigated to URL: https://dms.uat.doctorshealthfund.com.au/
13:42:33.599 [main] INFO  - Navigating to the quote page.
13:42:34.637 [main] INFO  - Page title: Private Health Insurance for Doctors | Doctors' Health Fund
13:42:35.097 [main] INFO  - Clicking the 'Get Quote' button.
13:42:35.319 [main] INFO  - 'Get Quote' button clicked successfully.
13:42:36.790 [main] INFO  - Selected cover for: Single
13:42:37.328 [main] INFO  - Selected residence: NSW
13:42:38.548 [main] INFO  - Selected annual income: Below $97k
13:43:40.437 [main] INFO  - Browser selected: chrome
13:43:43.062 [main] INFO  - ChromeDriver initialized.
13:43:46.229 [main] INFO  - Navigated to URL: https://dms.uat.doctorshealthfund.com.au/
13:43:46.278 [main] INFO  - Navigating to the quote page.
13:43:46.310 [main] INFO  - Page title: Private Health Insurance for Doctors | Doctors' Health Fund
13:43:46.690 [main] INFO  - Clicking the 'Get Quote' button.
13:43:46.892 [main] INFO  - 'Get Quote' button clicked successfully.
13:43:47.407 [main] INFO  - Selected cover for: Single
13:43:47.929 [main] INFO  - Selected residence: NSW
13:43:49.135 [main] INFO  - Selected annual income: Below $97k
13:47:50.705 [main] INFO  - Browser selected: chrome
13:47:53.072 [main] INFO  - ChromeDriver initialized.
13:47:56.225 [main] INFO  - Navigated to URL: https://dms.uat.doctorshealthfund.com.au/
13:47:56.290 [main] INFO  - Navigating to the quote page.
13:47:56.325 [main] INFO  - Page title: Private Health Insurance for Doctors | Doctors' Health Fund
13:47:56.741 [main] INFO  - Clicking the 'Get Quote' button.
13:47:56.956 [main] INFO  - 'Get Quote' button clicked successfully.
13:47:58.249 [main] INFO  - Selected cover for: Single
13:47:58.779 [main] INFO  - Selected residence: NSW
13:48:00.306 [main] INFO  - Selected annual income: Below $97k
13:55:26.344 [main] INFO  - Browser selected: chrome
13:55:28.916 [main] INFO  - ChromeDriver initialized.
13:55:32.897 [main] INFO  - Navigated to URL: https://dms.uat.doctorshealthfund.com.au/
13:55:32.955 [main] INFO  - Navigating to the quote page.
13:55:33.005 [main] INFO  - Page title: Private Health Insurance for Doctors | Doctors' Health Fund
13:55:33.459 [main] INFO  - Clicking the 'Get Quote' button.
13:55:33.644 [main] INFO  - 'Get Quote' button clicked successfully.
13:55:34.774 [main] INFO  - Selected cover for: Single
13:55:35.212 [main] INFO  - Selected residence: NSW
13:55:36.457 [main] INFO  - Selected annual income: Below $97k
06:57:51.891 [main] INFO  - Browser selected: chrome
06:58:00.472 [main] INFO  - ChromeDriver initialized.
06:58:04.386 [main] INFO  - Navigated to URL: https://dms.uat.doctorshealthfund.com.au/
06:58:04.434 [main] INFO  - Navigating to the quote page.
06:58:04.466 [main] INFO  - Page title: Private Health Insurance for Doctors | Doctors' Health Fund
06:58:04.819 [main] INFO  - Clicking the 'Get Quote' button.
07:00:05.538 [main] INFO  - Browser selected: chrome
07:00:08.740 [main] INFO  - ChromeDriver initialized.
07:00:11.710 [main] INFO  - Navigated to URL: https://dms.uat.doctorshealthfund.com.au/
07:00:11.765 [main] INFO  - Navigating to the quote page.
07:00:12.449 [main] INFO  - Page title: Private Health Insurance for Doctors | Doctors' Health Fund
07:00:12.809 [main] INFO  - Clicking the 'Get Quote' button.
07:01:27.374 [main] INFO  - Browser selected: chrome
07:01:30.951 [main] INFO  - ChromeDriver initialized.
07:01:33.170 [main] INFO  - Navigated to URL: https://dms.uat.doctorshealthfund.com.au/
07:01:33.239 [main] INFO  - Navigating to the quote page.
07:01:33.722 [main] INFO  - Page title: Private Health Insurance for Doctors | Doctors' Health Fund
07:01:34.076 [main] INFO  - Clicking the 'Get Quote' button.
07:01:36.265 [main] INFO  - 'Get Quote' button clicked successfully.
07:01:36.910 [main] INFO  - Selected cover for: Single
07:01:37.510 [main] INFO  - Selected residence: NSW
07:01:38.826 [main] INFO  - Selected annual income: Below $97k
07:04:39.130 [main] INFO  - Browser selected: chrome
07:04:41.741 [main] INFO  - ChromeDriver initialized.
07:04:42.187 [main] INFO  - Navigated to URL: https://dms.uat.doctorshealthfund.com.au/
07:04:42.250 [main] INFO  - Navigating to the quote page.
07:04:44.659 [main] INFO  - Page title: Private Health Insurance for Doctors | Doctors' Health Fund
07:04:45.060 [main] INFO  - Clicking the 'Get Quote' button.
07:04:45.256 [main] INFO  - 'Get Quote' button clicked successfully.
07:04:46.590 [main] INFO  - Selected cover for: Single
07:04:47.228 [main] INFO  - Selected residence: NSW
07:04:48.668 [main] INFO  - Selected annual income: Below $97k
07:18:29.567 [main] INFO  - Browser selected: chrome
07:18:32.332 [main] INFO  - ChromeDriver initialized.
07:18:39.560 [main] INFO  - Navigated to URL: https://dms.uat.doctorshealthfund.com.au/
07:18:39.607 [main] INFO  - Navigating to the quote page.
07:18:39.653 [main] INFO  - Page title: Private Health Insurance for Doctors | Doctors' Health Fund
07:18:40.040 [main] INFO  - Clicking the 'Get Quote' button.
07:18:40.240 [main] INFO  - 'Get Quote' button clicked successfully.
07:18:41.781 [main] INFO  - Selected cover for: Single
07:18:42.809 [main] INFO  - Selected residence: NSW
07:18:44.347 [main] INFO  - Selected annual income: Below $97k
07:27:03.421 [main] INFO  - Browser selected: chrome
07:27:06.350 [main] INFO  - ChromeDriver initialized.
07:27:09.746 [main] INFO  - Navigated to URL: https://dms.uat.doctorshealthfund.com.au/
07:27:09.794 [main] INFO  - Navigating to the quote page.
07:27:09.849 [main] INFO  - Page title: Private Health Insurance for Doctors | Doctors' Health Fund
07:27:10.352 [main] INFO  - Clicking the 'Get Quote' button.
07:27:10.716 [main] INFO  - 'Get Quote' button clicked successfully.
07:27:11.926 [main] INFO  - Selected cover for: Single
07:27:12.596 [main] INFO  - Selected residence: NSW
07:27:14.111 [main] INFO  - Selected annual income: Below $97k
07:35:27.733 [main] INFO  - Browser selected: chrome
07:35:30.387 [main] INFO  - ChromeDriver initialized.
07:35:33.905 [main] INFO  - Navigated to URL: https://dms.uat.doctorshealthfund.com.au/
07:35:33.950 [main] INFO  - Navigating to the quote page.
07:35:33.994 [main] INFO  - Page title: Private Health Insurance for Doctors | Doctors' Health Fund
07:35:34.354 [main] INFO  - Clicking the 'Get Quote' button.
07:35:34.581 [main] INFO  - 'Get Quote' button clicked successfully.
07:35:35.793 [main] INFO  - Selected cover for: Single
07:35:36.357 [main] INFO  - Selected residence: NSW
07:35:37.612 [main] INFO  - Selected annual income: Below $97k
07:37:33.276 [main] INFO  - Browser selected: chrome
07:37:35.854 [main] INFO  - ChromeDriver initialized.
07:37:38.887 [main] INFO  - Navigated to URL: https://dms.uat.doctorshealthfund.com.au/
07:37:38.935 [main] INFO  - Navigating to the quote page.
07:37:38.969 [main] INFO  - Page title: Private Health Insurance for Doctors | Doctors' Health Fund
07:37:39.357 [main] INFO  - Clicking the 'Get Quote' button.
07:37:39.549 [main] INFO  - 'Get Quote' button clicked successfully.
07:37:40.891 [main] INFO  - Selected cover for: Single
07:37:41.434 [main] INFO  - Selected residence: NSW
07:37:42.611 [main] INFO  - Selected annual income: Below $97k
07:51:09.444 [main] INFO  - Browser selected: chrome
07:51:13.459 [main] INFO  - ChromeDriver initialized.
07:51:16.301 [main] INFO  - Navigated to URL: https://dms.uat.doctorshealthfund.com.au/
07:51:16.358 [main] INFO  - Navigating to the quote page.
07:51:16.389 [main] INFO  - Page title: Private Health Insurance for Doctors | Doctors' Health Fund
07:51:16.774 [main] INFO  - Clicking the 'Get Quote' button.
07:51:16.964 [main] INFO  - 'Get Quote' button clicked successfully.
07:51:18.247 [main] INFO  - Selected cover for: Single
07:51:18.721 [main] INFO  - Selected residence: NSW
07:51:19.947 [main] INFO  - Selected annual income: Below $97k
07:56:27.639 [main] INFO  - Browser selected: chrome
07:56:30.289 [main] INFO  - ChromeDriver initialized.
07:56:33.953 [main] INFO  - Navigated to URL: https://dms.uat.doctorshealthfund.com.au/
07:56:34.016 [main] INFO  - Navigating to the quote page.
07:56:34.052 [main] INFO  - Page title: Private Health Insurance for Doctors | Doctors' Health Fund
07:56:34.537 [main] INFO  - Clicking the 'Get Quote' button.
07:56:34.835 [main] INFO  - 'Get Quote' button clicked successfully.
07:56:35.474 [main] INFO  - Selected cover for: Single
07:56:36.032 [main] INFO  - Selected residence: NSW
07:56:37.301 [main] INFO  - Selected annual income: Below $97k
07:58:19.318 [main] INFO  - Browser selected: chrome
07:58:23.801 [main] INFO  - ChromeDriver initialized.
07:58:25.337 [main] INFO  - Navigated to URL: https://dms.uat.doctorshealthfund.com.au/
07:58:25.397 [main] INFO  - Navigating to the quote page.
07:58:26.156 [main] INFO  - Page title: Private Health Insurance for Doctors | Doctors' Health Fund
07:58:26.590 [main] INFO  - Clicking the 'Get Quote' button.
07:58:26.899 [main] INFO  - 'Get Quote' button clicked successfully.
07:58:27.623 [main] INFO  - Selected cover for: Single
07:58:28.251 [main] INFO  - Selected residence: NSW
07:58:29.558 [main] INFO  - Selected annual income: Below $97k
08:12:31.447 [main] INFO  - Browser selected: chrome
08:12:34.029 [main] INFO  - ChromeDriver initialized.
08:12:39.382 [main] INFO  - Navigated to URL: https://dms.uat.doctorshealthfund.com.au/
08:12:39.465 [main] INFO  - Navigating to the quote page.
08:12:40.095 [main] INFO  - Page title: Private Health Insurance for Doctors | Doctors' Health Fund
08:12:40.609 [main] INFO  - Clicking the 'Get Quote' button.
08:12:40.813 [main] INFO  - 'Get Quote' button clicked successfully.
08:12:41.954 [main] INFO  - Selected cover for: Single
08:12:42.424 [main] INFO  - Selected residence: NSW
08:12:43.649 [main] INFO  - Selected annual income: Below $97k
08:17:24.041 [main] INFO  - Browser selected: chrome
08:17:26.719 [main] INFO  - ChromeDriver initialized.
08:17:29.924 [main] INFO  - Navigated to URL: https://dms.uat.doctorshealthfund.com.au/
08:17:29.971 [main] INFO  - Navigating to the quote page.
08:17:30.047 [main] INFO  - Page title: Private Health Insurance for Doctors | Doctors' Health Fund
08:17:30.681 [main] INFO  - Clicking the 'Get Quote' button.
08:17:30.856 [main] INFO  - 'Get Quote' button clicked successfully.
08:17:31.525 [main] INFO  - Selected cover for: Single
08:17:32.094 [main] INFO  - Selected residence: NSW
08:17:33.478 [main] INFO  - Selected annual income: Below $97k
08:18:16.178 [main] INFO  - Browser selected: chrome
08:18:18.925 [main] INFO  - ChromeDriver initialized.
08:18:22.057 [main] INFO  - Navigated to URL: https://dms.uat.doctorshealthfund.com.au/
08:18:22.106 [main] INFO  - Navigating to the quote page.
08:18:22.136 [main] INFO  - Page title: Private Health Insurance for Doctors | Doctors' Health Fund
08:18:22.493 [main] INFO  - Clicking the 'Get Quote' button.
08:18:22.710 [main] INFO  - 'Get Quote' button clicked successfully.
08:18:23.270 [main] INFO  - Selected cover for: Single
08:18:23.787 [main] INFO  - Selected residence: NSW
08:18:25.050 [main] INFO  - Selected annual income: Below $97k
08:46:28.673 [main] INFO  - Browser selected: chrome
08:46:31.271 [main] INFO  - ChromeDriver initialized.
08:46:37.164 [main] INFO  - Navigated to URL: https://dms.uat.doctorshealthfund.com.au/
08:46:37.234 [main] INFO  - Navigating to the quote page.
08:46:37.276 [main] INFO  - Page title: Private Health Insurance for Doctors | Doctors' Health Fund
08:46:37.629 [main] INFO  - Clicking the 'Get Quote' button.
08:46:37.811 [main] INFO  - 'Get Quote' button clicked successfully.
08:46:38.940 [main] INFO  - Selected cover for: Single
08:46:39.437 [main] INFO  - Selected residence: NSW
08:46:40.766 [main] INFO  - Selected annual income: Below $97k
08:52:18.604 [main] INFO  - Browser selected: chrome
08:52:22.146 [main] INFO  - ChromeDriver initialized.
08:52:25.545 [main] INFO  - Navigated to URL: https://dms.uat.doctorshealthfund.com.au/
08:52:25.594 [main] INFO  - Navigating to the quote page.
08:52:25.624 [main] INFO  - Page title: Private Health Insurance for Doctors | Doctors' Health Fund
08:52:25.953 [main] INFO  - Clicking the 'Get Quote' button.
