12:07:00.155 [main] INFO  - Navigating to the quote page.
12:07:00.287 [main] INFO  - Page title: Private Health Insurance for Doctors | Doctors' Health Fund
12:07:00.292 [main] INFO  - Clicking the 'Get Quote' button.
12:07:01.633 [main] INFO  - 'Get Quote' button clicked successfully.
12:07:02.861 [main] INFO  - Selected cover for: Single
12:07:03.089 [main] INFO  - Selected residence: NSW
12:07:04.287 [main] INFO  - Selected annual income: Below $97k
12:07:10.819 [main] INFO  - click on continue button
12:07:15.290 [main] INFO  - click on continue button
12:07:23.606 [main] INFO  - Selected 'Mr' from dropdown.
12:07:28.275 [main] INFO  - click on continue button
12:07:35.687 [main] INFO  - click on continue button
12:07:43.041 [main] INFO  - click on continue button
12:07:47.419 [main] INFO  - click on continue button
13:04:47.254 [main] INFO  - Browser selected: chrome
13:04:49.828 [main] INFO  - ChromeDriver initialized.
13:04:55.503 [main] INFO  - Navigated to URL: https://dms.uat.doctorshealthfund.com.au/
13:04:56.115 [main] INFO  - All cookies cleared before starting the test.
13:04:56.166 [main] INFO  - Navigating to the quote page.
13:04:56.198 [main] INFO  - Page title: Private Health Insurance for Doctors | Doctors' Health Fund
13:04:56.204 [main] INFO  - Clicking the 'Get Quote' button.
13:04:57.382 [main] INFO  - 'Get Quote' button clicked successfully.
13:04:58.702 [main] INFO  - Selected cover for: Single
13:04:59.019 [main] INFO  - Selected residence: NSW
13:04:59.855 [main] INFO  - Selected annual income: Below $97k
13:05:06.885 [main] INFO  - click on continue button
13:05:11.391 [main] INFO  - click on continue button
13:05:19.134 [main] INFO  - Selected 'Mr' from dropdown.
13:05:23.834 [main] INFO  - click on continue button
13:05:31.315 [main] INFO  - click on continue button
13:05:38.603 [main] INFO  - click on continue button
13:05:43.015 [main] INFO  - click on continue button
13:06:53.608 [main] INFO  - Browser selected: chrome
13:06:56.809 [main] INFO  - ChromeDriver initialized.
13:06:57.415 [main] INFO  - Navigated to URL: https://dms.uat.doctorshealthfund.com.au/
13:06:59.768 [main] INFO  - All cookies cleared before starting the test.
13:06:59.836 [main] INFO  - Navigating to the quote page.
13:06:59.892 [main] INFO  - Page title: Private Health Insurance for Doctors | Doctors' Health Fund
13:06:59.907 [main] INFO  - Clicking the 'Get Quote' button.
13:07:01.088 [main] INFO  - 'Get Quote' button clicked successfully.
13:07:02.640 [main] INFO  - Selected cover for: Single
13:07:02.965 [main] INFO  - Selected residence: NSW
13:07:03.817 [main] INFO  - Selected annual income: Below $97k
13:07:59.354 [main] INFO  - click on continue button
07:06:28.367 [main] INFO  - Browser selected: chrome
07:06:31.678 [main] INFO  - ChromeDriver initialized.
07:06:35.252 [main] INFO  - Navigated to URL: https://dms.uat.doctorshealthfund.com.au/
07:06:35.624 [main] INFO  - All cookies cleared before starting the test.
07:06:35.661 [main] INFO  - Navigating to the quote page.
07:06:35.692 [main] INFO  - Page title: Private Health Insurance for Doctors | Doctors' Health Fund
07:06:35.697 [main] INFO  - Clicking the 'Get Quote' button.
07:06:36.858 [main] INFO  - 'Get Quote' button clicked successfully.
07:06:38.078 [main] INFO  - Selected cover for: Single
07:06:38.397 [main] INFO  - Selected residence: NSW
07:06:39.224 [main] INFO  - Selected annual income: Below $97k
07:06:45.941 [main] INFO  - click on continue button
07:06:50.497 [main] INFO  - click on continue button
07:06:58.253 [main] INFO  - Selected 'Mr' from dropdown.
07:07:03.195 [main] INFO  - click on continue button
07:07:10.614 [main] INFO  - click on continue button
07:07:18.003 [main] INFO  - click on continue button
07:07:22.397 [main] INFO  - click on continue button
07:50:04.620 [main] INFO  - Browser selected: chrome
07:50:07.184 [main] INFO  - ChromeDriver initialized.
07:50:13.033 [main] INFO  - Navigated to URL: https://dms.uat.doctorshealthfund.com.au/
07:50:13.284 [main] INFO  - All cookies cleared before starting the test.
07:50:13.328 [main] INFO  - Navigating to the quote page.
07:50:13.452 [main] INFO  - Page title: Private Health Insurance for Doctors | Doctors' Health Fund
07:50:13.458 [main] INFO  - Clicking the 'Get Quote' button.
07:50:15.210 [main] INFO  - 'Get Quote' button clicked successfully.
07:50:16.516 [main] INFO  - Selected cover for: Single
07:50:16.753 [main] INFO  - Selected residence: NSW
07:50:17.430 [main] INFO  - Selected annual income: Below $97k
07:50:24.401 [main] INFO  - click on continue button
07:50:28.900 [main] INFO  - click on continue button
07:50:36.660 [main] INFO  - Selected 'Mr' from dropdown.
07:50:41.335 [main] INFO  - click on continue button
07:50:48.827 [main] INFO  - click on continue button
07:50:56.160 [main] INFO  - click on continue button
07:51:00.541 [main] INFO  - click on continue button
08:38:51.893 [main] INFO  - Browser selected: chrome
08:38:56.896 [main] INFO  - ChromeDriver initialized.
08:38:57.877 [main] INFO  - Navigated to URL: https://crmtest.doctorshealthfund.com.au/
08:38:57.885 [main] INFO  - All cookies cleared before starting the test.
08:38:57.900 [main] INFO  - Navigating to the login page.
08:44:58.279 [main] INFO  - Browser selected: chrome
08:45:00.838 [main] INFO  - ChromeDriver initialized.
08:45:02.420 [main] INFO  - Navigated to URL: https://crmtest.doctorshealthfund.com.au/
08:45:02.434 [main] INFO  - All cookies cleared before starting the test.
08:45:02.456 [main] INFO  - Navigating to the login page.
08:52:07.512 [main] INFO  - Browser selected: edge
08:52:11.677 [main] INFO  - EdgeDriver initialized.
08:52:42.371 [main] INFO  - Browser selected: edge
08:52:46.813 [main] INFO  - EdgeDriver initialized.
09:10:21.213 [main] INFO  - Browser selected: edge
09:10:25.469 [main] INFO  - EdgeDriver initialized.
09:41:41.064 [main] INFO  - Browser selected: edge
09:41:45.313 [main] INFO  - EdgeDriver initialized.
09:53:45.752 [main] INFO  - Browser selected: edge
09:53:50.571 [main] INFO  - EdgeDriver initialized.
09:55:43.174 [main] INFO  - Browser selected: edge
09:55:47.458 [main] INFO  - EdgeDriver initialized.
12:14:50.794 [main] INFO  - Browser selected: chrome
12:14:54.126 [main] INFO  - ChromeDriver initialized.
12:14:58.831 [main] INFO  - Navigated to URL: https://dms.uat.doctorshealthfund.com.au/
12:14:59.045 [main] INFO  - All cookies cleared before starting the test.
12:14:59.122 [main] INFO  - Navigating to the quote page.
12:14:59.223 [main] INFO  - Page title: Private Health Insurance for Doctors | Doctors' Health Fund
12:14:59.228 [main] INFO  - Clicking the 'Get Quote' button.
12:15:00.574 [main] INFO  - 'Get Quote' button clicked successfully.
12:15:01.846 [main] INFO  - Selected cover for: Single
12:15:02.087 [main] INFO  - Selected residence: NSW
12:15:02.781 [main] INFO  - Selected annual income: Below $97k
12:15:09.558 [main] INFO  - click on continue button
12:15:14.308 [main] INFO  - click on continue button
12:15:22.117 [main] INFO  - Selected 'Mr' from dropdown.
12:15:26.770 [main] INFO  - click on continue button
12:15:34.222 [main] INFO  - click on continue button
12:15:41.610 [main] INFO  - click on continue button
12:15:45.993 [main] INFO  - click on continue button
12:58:48.910 [main] INFO  - Browser selected: chrome
12:58:52.877 [main] INFO  - ChromeDriver initialized.
12:58:59.021 [main] INFO  - Navigated to URL: https://dms.uat.doctorshealthfund.com.au/
12:58:59.284 [main] INFO  - All cookies cleared before starting the test.
12:58:59.338 [main] INFO  - Navigating to the quote page.
12:58:59.397 [main] INFO  - Page title: Private Health Insurance for Doctors | Doctors' Health Fund
12:58:59.401 [main] INFO  - Clicking the 'Get Quote' button.
12:59:00.559 [main] INFO  - 'Get Quote' button clicked successfully.
12:59:01.799 [main] INFO  - Selected cover for: Single
12:59:02.135 [main] INFO  - Selected residence: NSW
12:59:03.007 [main] INFO  - Selected annual income: Below $97k
13:10:09.724 [main] INFO  - Browser selected: chrome
13:10:12.240 [main] INFO  - ChromeDriver initialized.
13:10:15.633 [main] INFO  - Navigated to URL: https://dms.uat.doctorshealthfund.com.au/
13:10:15.940 [main] INFO  - All cookies cleared before starting the test.
13:10:15.993 [main] INFO  - Navigating to the quote page.
13:10:16.021 [main] INFO  - Page title: Private Health Insurance for Doctors | Doctors' Health Fund
13:10:16.027 [main] INFO  - Clicking the 'Get Quote' button.
13:10:17.194 [main] INFO  - 'Get Quote' button clicked successfully.
13:10:18.390 [main] INFO  - Selected cover for: Single
13:10:18.647 [main] INFO  - Selected residence: NSW
13:10:19.559 [main] INFO  - Selected annual income: Below $97k
13:15:30.494 [main] INFO  - Browser selected: chrome
13:15:33.071 [main] INFO  - ChromeDriver initialized.
13:15:37.278 [main] INFO  - Navigated to URL: https://dms.uat.doctorshealthfund.com.au/
13:15:37.447 [main] INFO  - All cookies cleared before starting the test.
13:15:37.508 [main] INFO  - Navigating to the quote page.
13:15:37.542 [main] INFO  - Page title: Private Health Insurance for Doctors | Doctors' Health Fund
13:15:37.546 [main] INFO  - Clicking the 'Get Quote' button.
13:15:38.706 [main] INFO  - 'Get Quote' button clicked successfully.
13:15:40.021 [main] INFO  - Selected cover for: Single
13:15:40.362 [main] INFO  - Selected residence: NSW
13:15:41.068 [main] INFO  - Selected annual income: Below $97k
13:15:58.936 [main] INFO  - Browser selected: chrome
13:16:01.714 [main] INFO  - ChromeDriver initialized.
13:16:05.095 [main] INFO  - Navigated to URL: https://dms.uat.doctorshealthfund.com.au/
13:16:05.306 [main] INFO  - All cookies cleared before starting the test.
13:16:05.349 [main] INFO  - Navigating to the quote page.
13:16:05.372 [main] INFO  - Page title: Private Health Insurance for Doctors | Doctors' Health Fund
13:16:05.377 [main] INFO  - Clicking the 'Get Quote' button.
13:16:06.552 [main] INFO  - 'Get Quote' button clicked successfully.
13:16:07.994 [main] INFO  - Selected cover for: Single
13:16:08.258 [main] INFO  - Selected residence: NSW
13:16:08.966 [main] INFO  - Selected annual income: Below $97k
13:19:52.487 [main] INFO  - Browser selected: chrome
13:19:54.995 [main] INFO  - ChromeDriver initialized.
13:19:55.875 [main] INFO  - Navigated to URL: https://dms.uat.doctorshealthfund.com.au/
13:19:58.522 [main] INFO  - All cookies cleared before starting the test.
13:19:58.587 [main] INFO  - Navigating to the quote page.
13:19:58.623 [main] INFO  - Page title: Private Health Insurance for Doctors | Doctors' Health Fund
13:19:58.627 [main] INFO  - Clicking the 'Get Quote' button.
13:19:59.793 [main] INFO  - 'Get Quote' button clicked successfully.
13:20:01.225 [main] INFO  - Selected cover for: Single
13:20:01.513 [main] INFO  - Selected residence: NSW
13:20:02.306 [main] INFO  - Selected annual income: Below $97k
13:22:06.431 [main] INFO  - Browser selected: chrome
13:22:09.025 [main] INFO  - ChromeDriver initialized.
13:22:09.850 [main] INFO  - Navigated to URL: https://dms.uat.doctorshealthfund.com.au/
13:22:12.689 [main] INFO  - All cookies cleared before starting the test.
13:22:12.738 [main] INFO  - Navigating to the quote page.
13:22:12.763 [main] INFO  - Page title: Private Health Insurance for Doctors | Doctors' Health Fund
13:27:49.019 [main] INFO  - Browser selected: chrome
13:27:52.183 [main] INFO  - ChromeDriver initialized.
13:27:55.450 [main] INFO  - Navigated to URL: https://dms.uat.doctorshealthfund.com.au/
13:27:55.654 [main] INFO  - All cookies cleared before starting the test.
13:27:55.699 [main] INFO  - Navigating to the quote page.
13:27:55.720 [main] INFO  - Page title: Private Health Insurance for Doctors | Doctors' Health Fund
13:27:55.725 [main] INFO  - Clicking the 'Get Quote' button.
13:29:37.319 [main] INFO  - Browser selected: chrome
13:29:39.919 [main] INFO  - ChromeDriver initialized.
13:29:43.429 [main] INFO  - Navigated to URL: https://dms.uat.doctorshealthfund.com.au/
13:29:43.617 [main] INFO  - All cookies cleared before starting the test.
13:29:43.668 [main] INFO  - Navigating to the quote page.
13:29:43.742 [main] INFO  - Page title: Private Health Insurance for Doctors | Doctors' Health Fund
13:29:43.746 [main] INFO  - Clicking the 'Get Quote' button.
13:29:43.911 [main] INFO  - 'Get Quote' button clicked successfully.
13:29:44.695 [main] INFO  - Selected cover for: Single
13:29:57.011 [main] INFO  - Browser selected: chrome
13:29:59.623 [main] INFO  - ChromeDriver initialized.
13:30:00.392 [main] INFO  - Navigated to URL: https://dms.uat.doctorshealthfund.com.au/
13:30:06.045 [main] INFO  - All cookies cleared before starting the test.
13:30:06.091 [main] INFO  - Navigating to the quote page.
13:30:06.123 [main] INFO  - Page title: Private Health Insurance for Doctors | Doctors' Health Fund
13:30:06.128 [main] INFO  - Clicking the 'Get Quote' button.
13:30:06.467 [main] INFO  - 'Get Quote' button clicked successfully.
13:30:07.903 [main] INFO  - Selected cover for: Single
13:30:30.828 [main] INFO  - Browser selected: chrome
13:30:33.362 [main] INFO  - ChromeDriver initialized.
13:30:36.776 [main] INFO  - Navigated to URL: https://dms.uat.doctorshealthfund.com.au/
13:30:36.941 [main] INFO  - All cookies cleared before starting the test.
13:30:36.987 [main] INFO  - Navigating to the quote page.
13:30:37.015 [main] INFO  - Page title: Private Health Insurance for Doctors | Doctors' Health Fund
13:30:37.018 [main] INFO  - Clicking the 'Get Quote' button.
13:30:37.177 [main] INFO  - 'Get Quote' button clicked successfully.
13:30:38.622 [main] INFO  - Selected cover for: Single
13:30:49.097 [main] INFO  - Browser selected: chrome
13:30:51.647 [main] INFO  - ChromeDriver initialized.
13:30:55.651 [main] INFO  - Navigated to URL: https://dms.uat.doctorshealthfund.com.au/
13:30:55.855 [main] INFO  - All cookies cleared before starting the test.
13:30:55.896 [main] INFO  - Navigating to the quote page.
13:30:55.916 [main] INFO  - Page title: Private Health Insurance for Doctors | Doctors' Health Fund
13:30:55.921 [main] INFO  - Clicking the 'Get Quote' button.
13:30:56.077 [main] INFO  - 'Get Quote' button clicked successfully.
13:30:57.552 [main] INFO  - Selected cover for: Single
13:31:08.178 [main] INFO  - Browser selected: chrome
13:31:10.818 [main] INFO  - ChromeDriver initialized.
13:31:14.617 [main] INFO  - Navigated to URL: https://dms.uat.doctorshealthfund.com.au/
13:31:14.882 [main] INFO  - All cookies cleared before starting the test.
13:31:14.914 [main] INFO  - Navigating to the quote page.
13:31:14.934 [main] INFO  - Page title: Private Health Insurance for Doctors | Doctors' Health Fund
13:31:14.938 [main] INFO  - Clicking the 'Get Quote' button.
13:31:15.109 [main] INFO  - 'Get Quote' button clicked successfully.
13:31:15.736 [main] INFO  - Selected cover for: Single
13:37:54.815 [main] INFO  - Browser selected: chrome
13:37:57.567 [main] INFO  - ChromeDriver initialized.
13:37:59.414 [main] INFO  - Navigated to URL: https://dms.uat.doctorshealthfund.com.au/
13:37:59.460 [main] INFO  - All cookies cleared before starting the test.
13:37:59.530 [main] INFO  - Navigating to the quote page.
13:37:59.699 [main] INFO  - Page title: Private Health Insurance for Doctors | Doctors' Health Fund
13:37:59.703 [main] INFO  - Clicking the 'Get Quote' button.
13:38:00.542 [main] INFO  - 'Get Quote' button clicked successfully.
13:38:01.879 [main] INFO  - Selected cover for: Single
13:38:02.117 [main] INFO  - Selected residence: NSW
13:38:02.798 [main] INFO  - Selected annual income: Below $97k
13:38:08.271 [main] INFO  - click on continue button
13:38:12.858 [main] INFO  - click on continue button
13:40:41.630 [main] INFO  - Browser selected: chrome
13:40:44.092 [main] INFO  - ChromeDriver initialized.
13:40:44.657 [main] INFO  - Navigated to URL: https://dms.uat.doctorshealthfund.com.au/
13:40:47.399 [main] INFO  - All cookies cleared before starting the test.
13:40:47.457 [main] INFO  - Navigating to the quote page.
13:40:47.485 [main] INFO  - Page title: Private Health Insurance for Doctors | Doctors' Health Fund
13:40:47.489 [main] INFO  - Clicking the 'Get Quote' button.
13:40:47.719 [main] INFO  - 'Get Quote' button clicked successfully.
13:40:49.163 [main] INFO  - Selected cover for: Single
13:40:49.406 [main] INFO  - Selected residence: NSW
13:40:50.132 [main] INFO  - Selected annual income: Below $97k
13:40:55.085 [main] INFO  - click on continue button
13:40:59.555 [main] INFO  - click on continue button
13:41:39.599 [main] INFO  - Browser selected: chrome
13:41:42.102 [main] INFO  - ChromeDriver initialized.
13:41:45.300 [main] INFO  - Navigated to URL: https://dms.uat.doctorshealthfund.com.au/
13:41:45.525 [main] INFO  - All cookies cleared before starting the test.
13:41:45.595 [main] INFO  - Navigating to the quote page.
13:41:45.648 [main] INFO  - Page title: Private Health Insurance for Doctors | Doctors' Health Fund
13:41:45.652 [main] INFO  - Clicking the 'Get Quote' button.
13:41:45.849 [main] INFO  - 'Get Quote' button clicked successfully.
13:41:47.176 [main] INFO  - Selected cover for: Single
13:41:47.418 [main] INFO  - Selected residence: NSW
13:41:48.126 [main] INFO  - Selected annual income: Below $97k
13:41:53.178 [main] INFO  - click on continue button
13:41:57.684 [main] INFO  - click on continue button
07:26:36.361 [main] INFO  - Browser selected: chrome
07:26:40.924 [main] INFO  - ChromeDriver initialized.
07:26:47.222 [main] INFO  - Navigated to URL: https://dms.uat.doctorshealthfund.com.au/
07:26:47.680 [main] INFO  - All cookies cleared before starting the test.
07:26:47.722 [main] INFO  - Navigating to the quote page.
07:26:47.749 [main] INFO  - Page title: Private Health Insurance for Doctors | Doctors' Health Fund
07:26:47.754 [main] INFO  - Clicking the 'Get Quote' button.
07:26:47.935 [main] INFO  - 'Get Quote' button clicked successfully.
07:26:49.115 [main] INFO  - Selected cover for: Single
07:26:49.354 [main] INFO  - Selected residence: NSW
07:26:50.085 [main] INFO  - Selected annual income: Below $97k
07:26:55.706 [main] INFO  - click on continue button
07:27:00.287 [main] INFO  - click on continue button
07:55:34.100 [main] INFO  - Browser selected: chrome
07:55:36.801 [main] INFO  - ChromeDriver initialized.
07:55:41.435 [main] INFO  - Navigated to URL: https://dms.uat.doctorshealthfund.com.au/
07:55:41.666 [main] INFO  - All cookies cleared before starting the test.
07:55:41.752 [main] INFO  - Navigating to the quote page.
07:55:41.851 [main] INFO  - Page title: Private Health Insurance for Doctors | Doctors' Health Fund
07:55:41.855 [main] INFO  - Clicking the 'Get Quote' button.
07:55:43.072 [main] INFO  - 'Get Quote' button clicked successfully.
07:55:44.280 [main] INFO  - Selected cover for: Single
07:55:44.525 [main] INFO  - Selected residence: NSW
07:55:45.223 [main] INFO  - Selected annual income: Below $97k
07:55:50.810 [main] INFO  - click on continue button
07:55:55.563 [main] INFO  - click on continue button
07:56:00.626 [main] INFO  - Selected 'Mr' from dropdown.
08:20:29.508 [main] INFO  - Browser selected: chrome
08:20:32.142 [main] INFO  - ChromeDriver initialized.
08:20:33.408 [main] INFO  - Navigated to URL: https://crmtest.doctorshealthfund.com.au/
08:20:33.437 [main] INFO  - All cookies cleared before starting the test.
08:20:33.476 [main] INFO  - Navigating to the login page.
08:20:54.107 [main] INFO  - Browser selected: chrome
08:20:56.630 [main] INFO  - ChromeDriver initialized.
08:20:58.042 [main] INFO  - Navigated to URL: https://crmtest.doctorshealthfund.com.au/
08:20:58.050 [main] INFO  - All cookies cleared before starting the test.
08:20:58.105 [main] INFO  - Navigating to the login page.
08:36:28.192 [main] INFO  - Browser selected: chrome
08:36:31.863 [main] INFO  - ChromeDriver initialized.
08:36:33.406 [main] INFO  - Navigated to URL: https://crmtest.doctorshealthfund.com.au/
08:36:33.480 [main] INFO  - All cookies cleared before starting the test.
08:36:33.554 [main] INFO  - Navigating to the login page.
08:37:15.035 [main] INFO  - Browser selected: chrome
08:37:17.773 [main] INFO  - ChromeDriver initialized.
08:37:19.173 [main] INFO  - Navigated to URL: https://crmtest.doctorshealthfund.com.au/
08:37:19.183 [main] INFO  - All cookies cleared before starting the test.
08:37:19.220 [main] INFO  - Navigating to the login page.
08:38:33.093 [main] INFO  - Browser selected: chrome
08:38:35.804 [main] INFO  - ChromeDriver initialized.
08:38:37.306 [main] INFO  - Navigated to URL: https://crmtest.doctorshealthfund.com.au/
08:38:37.438 [main] INFO  - All cookies cleared before starting the test.
08:38:37.510 [main] INFO  - Navigating to the login page.
08:44:44.306 [main] INFO  - Browser selected: chrome
08:44:48.517 [main] INFO  - ChromeDriver initialized.
08:44:49.859 [main] INFO  - Navigated to URL: https://crmtest.doctorshealthfund.com.au/
08:44:49.871 [main] INFO  - All cookies cleared before starting the test.
08:44:49.934 [main] INFO  - Navigating to the login page.
08:46:22.356 [main] INFO  - Browser selected: chrome
08:46:25.835 [main] INFO  - ChromeDriver initialized.
08:46:26.681 [main] INFO  - Navigated to URL: https://crmtest.doctorshealthfund.com.au/
08:46:27.821 [main] INFO  - All cookies cleared before starting the test.
08:46:27.913 [main] INFO  - Navigating to the login page.
08:47:32.168 [main] INFO  - Browser selected: chrome
08:47:34.849 [main] INFO  - ChromeDriver initialized.
08:47:35.433 [main] INFO  - Navigated to URL: https://crmtest.doctorshealthfund.com.au/
08:47:36.283 [main] INFO  - All cookies cleared before starting the test.
08:47:36.348 [main] INFO  - Navigating to the login page.
08:50:10.656 [main] INFO  - Browser selected: chrome
08:50:13.287 [main] INFO  - ChromeDriver initialized.
08:50:14.864 [main] INFO  - Navigated to URL: https://crmtest.doctorshealthfund.com.au/
08:50:14.904 [main] INFO  - All cookies cleared before starting the test.
08:50:14.949 [main] INFO  - Navigating to the login page.
08:53:07.370 [main] INFO  - Browser selected: chrome
08:53:10.138 [main] INFO  - ChromeDriver initialized.
08:53:11.434 [main] INFO  - Navigated to URL: https://crmtest.doctorshealthfund.com.au/
08:53:11.480 [main] INFO  - All cookies cleared before starting the test.
08:53:11.517 [main] INFO  - Navigating to the login page.
09:07:38.490 [main] INFO  - Browser selected: chrome
09:07:41.183 [main] INFO  - ChromeDriver initialized.
09:07:42.646 [main] INFO  - Navigated to URL: https://crmtest.doctorshealthfund.com.au/
09:07:42.652 [main] INFO  - All cookies cleared before starting the test.
09:07:42.715 [main] INFO  - Navigating to the login page.
09:09:29.514 [main] INFO  - Browser selected: chrome
09:09:32.199 [main] INFO  - ChromeDriver initialized.
09:09:33.587 [main] INFO  - Navigated to URL: https://crmtest.doctorshealthfund.com.au/
09:09:33.595 [main] INFO  - All cookies cleared before starting the test.
09:09:33.625 [main] INFO  - Navigating to the login page.
09:27:19.924 [main] INFO  - Browser selected: chrome
09:27:22.580 [main] INFO  - ChromeDriver initialized.
09:27:24.081 [main] INFO  - Navigated to URL: https://crmtest.doctorshealthfund.com.au/
09:27:24.114 [main] INFO  - All cookies cleared before starting the test.
09:27:24.226 [main] INFO  - Navigating to the login page.
09:32:58.526 [main] INFO  - Browser selected: chrome
09:33:01.221 [main] INFO  - ChromeDriver initialized.
09:33:04.414 [main] INFO  - Navigated to URL: https://crmtest.doctorshealthfund.com.au/
09:33:04.533 [main] INFO  - All cookies cleared before starting the test.
09:33:04.566 [main] INFO  - Navigating to the login page.
09:33:07.217 [main] INFO  - Clicked succesfully on the Leads button.
09:33:08.290 [main] INFO  - Clicked succesfully on the Create button.
09:39:19.090 [main] INFO  - Browser selected: chrome
09:39:22.227 [main] INFO  - ChromeDriver initialized.
09:39:23.442 [main] INFO  - Navigated to URL: https://crmtest.doctorshealthfund.com.au/
09:39:23.460 [main] INFO  - All cookies cleared before starting the test.
09:39:23.498 [main] INFO  - Navigating to the login page.
09:39:25.864 [main] INFO  - Clicked succesfully on the Leads button.
09:39:26.737 [main] INFO  - Clicked succesfully on the Create button.
09:45:43.525 [main] INFO  - Browser selected: chrome
09:45:46.169 [main] INFO  - ChromeDriver initialized.
09:45:47.339 [main] INFO  - Navigated to URL: https://crmtest.doctorshealthfund.com.au/
09:45:47.352 [main] INFO  - All cookies cleared before starting the test.
09:45:47.415 [main] INFO  - Navigating to the login page.
09:45:49.907 [main] INFO  - Clicked succesfully on the Leads button.
09:45:50.668 [main] INFO  - Clicked succesfully on the Create button.
10:11:12.167 [main] INFO  - Browser selected: chrome
10:11:15.070 [main] INFO  - ChromeDriver initialized.
10:11:16.592 [main] INFO  - Navigated to URL: https://crmtest.doctorshealthfund.com.au/
10:11:16.600 [main] INFO  - All cookies cleared before starting the test.
10:11:16.679 [main] INFO  - Navigating to the login page.
10:11:18.929 [main] INFO  - Clicked succesfully on the Leads button.
10:11:19.734 [main] INFO  - Clicked succesfully on the Create button.
10:11:21.045 [main] INFO  - Dropdown opened.
10:11:21.168 [main] INFO  - Searched for salutation: Mr
10:11:21.228 [main] INFO  - Checking option: Mr
10:11:21.320 [main] INFO  - Selected salutation: Mr
10:11:45.678 [main] INFO  - Browser selected: chrome
10:11:48.384 [main] INFO  - ChromeDriver initialized.
10:11:49.804 [main] INFO  - Navigated to URL: https://crmtest.doctorshealthfund.com.au/
10:11:49.838 [main] INFO  - All cookies cleared before starting the test.
10:11:49.893 [main] INFO  - Navigating to the login page.
10:11:52.397 [main] INFO  - Clicked succesfully on the Leads button.
10:11:53.212 [main] INFO  - Clicked succesfully on the Create button.
10:11:54.421 [main] INFO  - Dropdown opened.
10:11:54.522 [main] INFO  - Searched for salutation: Dame
10:11:54.596 [main] INFO  - Checking option: Dame
10:11:54.635 [main] INFO  - Selected salutation: Dame
11:25:18.746 [main] INFO  - Browser selected: chrome
11:25:22.142 [main] INFO  - ChromeDriver initialized.
11:25:23.530 [main] INFO  - Navigated to URL: https://crmtest.doctorshealthfund.com.au/
11:25:23.538 [main] INFO  - All cookies cleared before starting the test.
11:25:23.577 [main] INFO  - Navigating to the quote page.
11:25:54.642 [main] INFO  - Browser selected: chrome
11:25:57.654 [main] INFO  - ChromeDriver initialized.
11:26:00.277 [main] INFO  - Navigated to URL: https://dms.uat.doctorshealthfund.com.au/
11:26:02.525 [main] INFO  - All cookies cleared before starting the test.
11:26:02.578 [main] INFO  - Navigating to the quote page.
11:26:02.608 [main] INFO  - Page title: Private Health Insurance for Doctors | Doctors' Health Fund
11:26:02.615 [main] INFO  - Clicking the 'Get Quote' button.
11:26:03.832 [main] INFO  - 'Get Quote' button clicked successfully.
11:26:05.214 [main] INFO  - Selected cover for: Single
11:26:05.469 [main] INFO  - Selected residence: NSW
11:26:06.217 [main] INFO  - Selected annual income: Below $97k
11:26:08.768 [main] INFO  - Selected the hospital plan: Smart Starter
11:26:08.888 [main] INFO  - Selected the Extras Cover: Essential Extras
11:27:50.206 [main] INFO  - Browser selected: chrome
11:27:53.091 [main] INFO  - ChromeDriver initialized.
11:27:59.052 [main] INFO  - Navigated to URL: https://dms.uat.doctorshealthfund.com.au/
11:27:59.293 [main] INFO  - All cookies cleared before starting the test.
11:27:59.333 [main] INFO  - Navigating to the quote page.
11:27:59.387 [main] INFO  - Page title: Private Health Insurance for Doctors | Doctors' Health Fund
11:27:59.394 [main] INFO  - Clicking the 'Get Quote' button.
11:27:59.684 [main] INFO  - 'Get Quote' button clicked successfully.
11:28:00.286 [main] INFO  - Selected cover for: Single
11:28:00.550 [main] INFO  - Selected residence: NSW
11:28:01.311 [main] INFO  - Selected annual income: Below $97k
11:28:02.806 [main] INFO  - Selected the hospital plan: Top Cover
11:28:02.941 [main] INFO  - Selected the Extras Cover: Total Extras
11:29:02.503 [main] INFO  - Browser selected: chrome
11:29:05.306 [main] INFO  - ChromeDriver initialized.
11:29:07.196 [main] INFO  - Navigated to URL: https://dms.uat.doctorshealthfund.com.au/
11:29:07.255 [main] INFO  - All cookies cleared before starting the test.
11:29:07.347 [main] INFO  - Navigating to the quote page.
11:29:07.489 [main] INFO  - Page title: Private Health Insurance for Doctors | Doctors' Health Fund
11:29:07.495 [main] INFO  - Clicking the 'Get Quote' button.
11:29:26.599 [main] INFO  - Browser selected: chrome
11:29:29.490 [main] INFO  - ChromeDriver initialized.
11:29:32.948 [main] INFO  - Navigated to URL: https://dms.uat.doctorshealthfund.com.au/
11:29:33.174 [main] INFO  - All cookies cleared before starting the test.
11:29:33.226 [main] INFO  - Navigating to the quote page.
11:29:33.260 [main] INFO  - Page title: Private Health Insurance for Doctors | Doctors' Health Fund
11:29:33.266 [main] INFO  - Clicking the 'Get Quote' button.
11:29:33.583 [main] INFO  - 'Get Quote' button clicked successfully.
11:29:34.144 [main] INFO  - Selected cover for: Single
11:29:34.417 [main] INFO  - Selected residence: NSW
11:29:35.417 [main] INFO  - Selected annual income: Below $97k
11:29:37.446 [main] INFO  - Selected the hospital plan: Top Cover
11:29:37.703 [main] INFO  - Selected the Extras Cover: Total Extras
11:39:41.892 [main] INFO  - Browser selected: chrome
11:39:44.568 [main] INFO  - ChromeDriver initialized.
11:39:48.154 [main] INFO  - Navigated to URL: https://dms.uat.doctorshealthfund.com.au/
11:39:48.364 [main] INFO  - All cookies cleared before starting the test.
11:39:48.424 [main] INFO  - Navigating to the quote page.
11:39:48.503 [main] INFO  - Page title: Private Health Insurance for Doctors | Doctors' Health Fund
11:39:48.508 [main] INFO  - Clicking the 'Get Quote' button.
11:39:48.798 [main] INFO  - 'Get Quote' button clicked successfully.
11:39:50.006 [main] INFO  - Selected cover for: Single
11:39:50.246 [main] INFO  - Selected residence: NSW
11:39:50.929 [main] INFO  - Selected annual income: Below $97k
11:39:53.326 [main] INFO  - Selected the hospital plan: Top Cover
11:39:53.496 [main] INFO  - Selected the Extras Cover: Total Extras
11:39:53.671 [main] INFO  - Clicked on the Apply Now button for the selected plan.
11:39:58.580 [main] INFO  - click on continue button
11:40:03.151 [main] INFO  - click on continue button
11:41:12.990 [main] INFO  - Browser selected: chrome
11:41:15.852 [main] INFO  - ChromeDriver initialized.
11:41:18.948 [main] INFO  - Navigated to URL: https://dms.uat.doctorshealthfund.com.au/
11:41:19.212 [main] INFO  - All cookies cleared before starting the test.
11:41:19.285 [main] INFO  - Navigating to the quote page.
11:41:19.346 [main] INFO  - Page title: Private Health Insurance for Doctors | Doctors' Health Fund
11:41:19.352 [main] INFO  - Clicking the 'Get Quote' button.
11:41:34.560 [main] INFO  - Browser selected: chrome
11:41:37.264 [main] INFO  - ChromeDriver initialized.
11:41:40.091 [main] INFO  - Navigated to URL: https://dms.uat.doctorshealthfund.com.au/
11:41:40.444 [main] INFO  - All cookies cleared before starting the test.
11:41:40.503 [main] INFO  - Navigating to the quote page.
11:41:40.533 [main] INFO  - Page title: Private Health Insurance for Doctors | Doctors' Health Fund
11:41:40.538 [main] INFO  - Clicking the 'Get Quote' button.
11:41:40.768 [main] INFO  - 'Get Quote' button clicked successfully.
11:41:42.051 [main] INFO  - Selected cover for: Single
11:41:42.414 [main] INFO  - Selected residence: NSW
11:41:43.213 [main] INFO  - Selected annual income: Below $97k
11:41:45.668 [main] INFO  - Selected the hospital plan: Top Cover
11:41:45.872 [main] INFO  - Selected the Extras Cover: Total Extras
11:41:46.084 [main] INFO  - Clicked on the Apply Now button for the selected plan.
11:41:50.284 [main] INFO  - click on continue button
11:41:54.833 [main] INFO  - click on continue button
11:44:03.978 [main] INFO  - Browser selected: chrome
11:44:06.906 [main] INFO  - ChromeDriver initialized.
11:44:07.851 [main] INFO  - Navigated to URL: https://dms.uat.doctorshealthfund.com.au/
11:44:10.741 [main] INFO  - All cookies cleared before starting the test.
11:44:10.800 [main] INFO  - Navigating to the quote page.
11:44:10.860 [main] INFO  - Page title: Private Health Insurance for Doctors | Doctors' Health Fund
11:44:10.868 [main] INFO  - Clicking the 'Get Quote' button.
11:44:11.088 [main] INFO  - 'Get Quote' button clicked successfully.
11:44:11.613 [main] INFO  - Selected cover for: Single
11:44:11.863 [main] INFO  - Selected residence: NSW
11:44:12.619 [main] INFO  - Selected annual income: Below $97k
11:44:15.799 [main] INFO  - Selected the hospital plan: Top Cover
11:44:16.157 [main] INFO  - Selected the Extras Cover: Total Extras
11:44:16.462 [main] INFO  - Clicked on the Apply Now button for the selected plan.
11:44:20.907 [main] INFO  - click on continue button
11:44:25.702 [main] INFO  - click on continue button
11:44:48.871 [main] INFO  - Browser selected: chrome
11:44:51.808 [main] INFO  - ChromeDriver initialized.
11:44:56.387 [main] INFO  - Navigated to URL: https://dms.uat.doctorshealthfund.com.au/
11:44:56.817 [main] INFO  - All cookies cleared before starting the test.
11:44:56.875 [main] INFO  - Navigating to the quote page.
11:44:56.907 [main] INFO  - Page title: Private Health Insurance for Doctors | Doctors' Health Fund
11:44:56.914 [main] INFO  - Clicking the 'Get Quote' button.
11:44:57.141 [main] INFO  - 'Get Quote' button clicked successfully.
11:44:57.728 [main] INFO  - Selected cover for: Single
11:44:57.988 [main] INFO  - Selected residence: NSW
11:44:58.667 [main] INFO  - Selected annual income: Below $97k
11:45:01.076 [main] INFO  - Selected the hospital plan: Top Cover
11:45:01.333 [main] INFO  - Selected the Extras Cover: Total Extras
11:45:01.520 [main] INFO  - Clicked on the Apply Now button for the selected plan.
11:45:05.698 [main] INFO  - click on continue button
11:45:10.331 [main] INFO  - click on continue button
11:45:13.492 [main] INFO  - Selected 'Mr' from dropdown.
11:45:19.673 [main] INFO  - click on continue button
11:45:27.308 [main] INFO  - click on continue button
11:45:34.760 [main] INFO  - click on continue button
11:45:39.186 [main] INFO  - click on continue button
11:59:04.407 [main] INFO  - Browser selected: chrome
11:59:07.229 [main] INFO  - ChromeDriver initialized.
11:59:12.375 [main] INFO  - Navigated to URL: https://dms.uat.doctorshealthfund.com.au/
11:59:13.204 [main] INFO  - All cookies cleared before starting the test.
11:59:13.250 [main] INFO  - Navigating to the quote page.
11:59:13.278 [main] INFO  - Page title: Private Health Insurance for Doctors | Doctors' Health Fund
11:59:13.284 [main] INFO  - Clicking the 'Get Quote' button.
11:59:13.512 [main] INFO  - 'Get Quote' button clicked successfully.
11:59:14.790 [main] INFO  - Selected cover for: Single
11:59:15.056 [main] INFO  - Selected residence: NSW
11:59:15.782 [main] INFO  - Selected annual income: Below $97k
11:59:18.657 [main] INFO  - Selected the hospital plan: Top Cover
11:59:18.850 [main] INFO  - Selected the Extras Cover: Total Extras
11:59:19.062 [main] INFO  - Clicked on the Apply Now button for the selected plan.
12:03:40.907 [main] INFO  - Browser selected: chrome
12:03:44.469 [main] INFO  - ChromeDriver initialized.
12:03:48.593 [main] INFO  - Navigated to URL: https://dms.uat.doctorshealthfund.com.au/
12:03:48.822 [main] INFO  - All cookies cleared before starting the test.
12:03:48.894 [main] INFO  - Navigating to the quote page.
12:03:48.946 [main] INFO  - Page title: Private Health Insurance for Doctors | Doctors' Health Fund
12:03:48.952 [main] INFO  - Clicking the 'Get Quote' button.
12:03:49.173 [main] INFO  - 'Get Quote' button clicked successfully.
12:03:50.583 [main] INFO  - Selected cover for: Single
12:03:50.831 [main] INFO  - Selected residence: NSW
12:03:51.609 [main] INFO  - Selected annual income: Below $97k
12:03:54.090 [main] INFO  - Selected the hospital plan: Top Cover
12:03:54.283 [main] INFO  - Selected the Extras Cover: Total Extras
12:03:54.490 [main] INFO  - Clicked on the Apply Now button for the selected plan.
12:19:49.898 [main] INFO  - Browser selected: chrome
12:19:52.768 [main] INFO  - ChromeDriver initialized.
12:19:58.226 [main] INFO  - Navigated to URL: https://dms.uat.doctorshealthfund.com.au/
12:19:58.552 [main] INFO  - All cookies cleared before starting the test.
12:19:58.604 [main] INFO  - Navigating to the quote page.
12:19:58.645 [main] INFO  - Page title: Private Health Insurance for Doctors | Doctors' Health Fund
12:19:58.652 [main] INFO  - Clicking the 'Get Quote' button.
12:19:58.899 [main] INFO  - 'Get Quote' button clicked successfully.
12:20:00.103 [main] INFO  - Selected cover for: Single
12:20:00.376 [main] INFO  - Selected residence: NSW
12:20:01.098 [main] INFO  - Selected annual income: Below $97k
12:20:03.665 [main] INFO  - Selected the hospital plan: Top Cover
12:20:03.816 [main] INFO  - Selected the Extras Cover: Total Extras
12:20:03.991 [main] INFO  - Clicked on the Apply Now button for the selected plan.
12:20:08.301 [main] INFO  - click on continue button
12:20:12.781 [main] INFO  - click on continue button
12:35:47.110 [main] INFO  - Browser selected: chrome
12:35:50.703 [main] INFO  - ChromeDriver initialized.
12:35:55.689 [main] INFO  - Navigated to URL: https://dms.uat.doctorshealthfund.com.au/
12:35:55.923 [main] INFO  - All cookies cleared before starting the test.
12:35:55.974 [main] INFO  - Navigating to the quote page.
12:35:56.019 [main] INFO  - Page title: Private Health Insurance for Doctors | Doctors' Health Fund
12:35:56.027 [main] INFO  - Clicking the 'Get Quote' button.
12:35:57.437 [main] INFO  - 'Get Quote' button clicked successfully.
12:35:58.964 [main] INFO  - Selected cover for: Single
12:35:59.386 [main] INFO  - Selected residence: NSW
12:36:00.507 [main] INFO  - Selected annual income: Below $97k
12:36:02.914 [main] INFO  - Selected the hospital plan: Top Cover
12:36:03.107 [main] INFO  - Selected the Extras Cover: Total Extras
12:36:03.291 [main] INFO  - Clicked on the Apply Now button for the selected plan.
12:36:07.609 [main] INFO  - click on continue button
12:36:12.274 [main] INFO  - click on continue button
12:36:14.975 [main] INFO  - Selected 'Mr' from dropdown.
12:36:21.337 [main] INFO  - click on continue button
13:09:22.534 [main] INFO  - Browser selected: chrome
13:09:25.232 [main] INFO  - ChromeDriver initialized.
13:09:31.137 [main] INFO  - Navigated to URL: https://dms.uat.doctorshealthfund.com.au/
13:09:31.405 [main] INFO  - All cookies cleared before starting the test.
13:09:31.455 [main] INFO  - Navigating to the quote page.
13:09:31.498 [main] INFO  - Page title: Private Health Insurance for Doctors | Doctors' Health Fund
13:09:31.503 [main] INFO  - Clicking the 'Get Quote' button.
13:09:31.720 [main] INFO  - 'Get Quote' button clicked successfully.
13:09:32.994 [main] INFO  - Selected cover for: Single
13:09:33.280 [main] INFO  - Selected residence: NSW
13:09:34.018 [main] INFO  - Selected annual income: Below $97k
13:09:36.476 [main] INFO  - Selected the hospital plan: Top Cover
13:09:36.641 [main] INFO  - Selected the Extras Cover: Total Extras
13:09:36.816 [main] INFO  - Clicked on the Apply Now button for the selected plan.
13:09:41.587 [main] INFO  - click on continue button
13:09:46.100 [main] INFO  - click on continue button
13:09:49.067 [main] INFO  - Selected 'Mr' from dropdown.
13:09:54.866 [main] INFO  - click on continue button
13:10:02.409 [main] INFO  - click on continue button
13:10:09.795 [main] INFO  - click on continue button
13:10:14.184 [main] INFO  - click on continue button
13:29:04.371 [main] INFO  - Browser selected: chrome
13:29:07.125 [main] INFO  - ChromeDriver initialized.
13:29:13.019 [main] INFO  - Navigated to URL: https://dms.uat.doctorshealthfund.com.au/
13:29:13.333 [main] INFO  - All cookies cleared before starting the test.
13:29:13.386 [main] INFO  - Navigating to the quote page.
13:29:13.420 [main] INFO  - Page title: Private Health Insurance for Doctors | Doctors' Health Fund
13:29:13.425 [main] INFO  - Clicking the 'Get Quote' button.
13:29:13.644 [main] INFO  - 'Get Quote' button clicked successfully.
13:29:14.900 [main] INFO  - Selected cover for: Single
13:29:15.150 [main] INFO  - Selected residence: NSW
13:29:15.869 [main] INFO  - Selected annual income: Below $97k
13:29:18.151 [main] INFO  - Selected the hospital plan: Top Cover
13:29:18.314 [main] INFO  - Selected the Extras Cover: Total Extras
13:29:18.486 [main] INFO  - Clicked on the Apply Now button for the selected plan.
13:29:22.658 [main] INFO  - click on continue button
13:29:27.138 [main] INFO  - click on continue button
13:29:30.164 [main] INFO  - Selected 'Mr' from dropdown.
13:29:36.080 [main] INFO  - click on continue button
13:29:43.655 [main] INFO  - click on continue button
13:29:51.077 [main] INFO  - click on continue button
13:29:55.480 [main] INFO  - click on continue button
13:32:41.882 [main] INFO  - Browser selected: chrome
13:32:44.686 [main] INFO  - ChromeDriver initialized.
13:32:48.190 [main] INFO  - Navigated to URL: https://dms.uat.doctorshealthfund.com.au/
13:32:48.432 [main] INFO  - All cookies cleared before starting the test.
13:32:48.484 [main] INFO  - Navigating to the quote page.
13:32:48.521 [main] INFO  - Page title: Private Health Insurance for Doctors | Doctors' Health Fund
13:32:48.526 [main] INFO  - Clicking the 'Get Quote' button.
13:33:14.470 [main] INFO  - Browser selected: chrome
13:33:17.347 [main] INFO  - ChromeDriver initialized.
13:33:20.767 [main] INFO  - Navigated to URL: https://dms.uat.doctorshealthfund.com.au/
13:33:20.972 [main] INFO  - All cookies cleared before starting the test.
13:33:21.031 [main] INFO  - Navigating to the quote page.
13:33:21.091 [main] INFO  - Page title: Private Health Insurance for Doctors | Doctors' Health Fund
13:33:21.097 [main] INFO  - Clicking the 'Get Quote' button.
13:38:13.392 [main] INFO  - Browser selected: chrome
13:38:17.104 [main] INFO  - ChromeDriver initialized.
13:38:20.537 [main] INFO  - Navigated to URL: https://dms.uat.doctorshealthfund.com.au/
13:38:20.756 [main] INFO  - All cookies cleared before starting the test.
13:38:20.809 [main] INFO  - Navigating to the quote page.
13:38:20.878 [main] INFO  - Page title: Private Health Insurance for Doctors | Doctors' Health Fund
13:38:20.885 [main] INFO  - Clicking the 'Get Quote' button.
13:38:21.167 [main] INFO  - 'Get Quote' button clicked successfully.
13:38:21.692 [main] INFO  - Selected cover for: Single
13:38:21.951 [main] INFO  - Selected residence: NSW
13:38:22.665 [main] INFO  - Selected annual income: Below $97k
13:38:25.972 [main] INFO  - Selected the hospital plan: Top Cover
13:38:26.143 [main] INFO  - Selected the Extras Cover: Total Extras
13:38:26.398 [main] INFO  - Clicked on the Apply Now button for the selected plan.
13:38:30.602 [main] INFO  - click on continue button
13:38:35.152 [main] INFO  - click on continue button
13:38:38.433 [main] INFO  - Selected 'Mr' from dropdown.
13:38:44.028 [main] INFO  - click on continue button
13:38:51.655 [main] INFO  - click on continue button
13:38:59.261 [main] INFO  - click on continue button
13:39:03.648 [main] INFO  - click on continue button
13:43:08.401 [main] INFO  - Browser selected: chrome
13:43:11.104 [main] INFO  - ChromeDriver initialized.
13:43:14.263 [main] INFO  - Navigated to URL: https://dms.uat.doctorshealthfund.com.au/
13:43:15.304 [main] INFO  - All cookies cleared before starting the test.
13:43:15.361 [main] INFO  - Navigating to the quote page.
13:43:15.399 [main] INFO  - Page title: Private Health Insurance for Doctors | Doctors' Health Fund
13:43:15.405 [main] INFO  - Clicking the 'Get Quote' button.
13:43:15.575 [main] WARN  - StaleElementReferenceException encountered. Re-locating the element.
13:43:15.764 [main] INFO  - 'Get Quote' button clicked successfully.
13:43:17.138 [main] INFO  - Selected cover for: Single
13:43:17.405 [main] INFO  - Selected residence: NSW
13:43:18.217 [main] INFO  - Selected annual income: Below $97k
13:43:20.554 [main] INFO  - Selected the hospital plan: Top Cover
13:43:20.722 [main] INFO  - Selected the Extras Cover: Total Extras
13:43:20.940 [main] INFO  - Clicked on the Apply Now button for the selected plan.
13:43:25.331 [main] INFO  - click on continue button
13:43:29.872 [main] INFO  - click on continue button
13:43:51.917 [main] INFO  - Browser selected: chrome
13:43:54.609 [main] INFO  - ChromeDriver initialized.
13:43:58.393 [main] INFO  - Navigated to URL: https://dms.uat.doctorshealthfund.com.au/
13:43:58.724 [main] INFO  - All cookies cleared before starting the test.
13:43:58.799 [main] INFO  - Navigating to the quote page.
13:43:58.846 [main] INFO  - Page title: Private Health Insurance for Doctors | Doctors' Health Fund
13:43:58.852 [main] INFO  - Clicking the 'Get Quote' button.
13:43:59.064 [main] INFO  - 'Get Quote' button clicked successfully.
13:43:59.545 [main] INFO  - Selected cover for: Single
13:43:59.780 [main] INFO  - Selected residence: NSW
13:44:00.513 [main] INFO  - Selected annual income: Below $97k
13:44:02.850 [main] INFO  - Selected the hospital plan: Top Cover
13:44:03.056 [main] INFO  - Selected the Extras Cover: Total Extras
13:44:03.232 [main] INFO  - Clicked on the Apply Now button for the selected plan.
13:44:07.378 [main] INFO  - click on continue button
13:44:11.873 [main] INFO  - click on continue button
13:44:15.419 [main] INFO  - Selected 'Mr' from dropdown.
13:44:21.116 [main] INFO  - click on continue button
13:44:28.823 [main] INFO  - click on continue button
13:44:36.226 [main] INFO  - click on continue button
13:44:40.623 [main] INFO  - click on continue button
14:24:18.190 [main] INFO  - Browser selected: chrome
14:24:20.796 [main] INFO  - ChromeDriver initialized.
14:24:27.422 [main] INFO  - Navigated to URL: https://dms.uat.doctorshealthfund.com.au/
14:24:28.081 [main] INFO  - All cookies cleared before starting the test.
14:24:28.151 [main] INFO  - Navigating to the quote page.
14:24:28.187 [main] INFO  - Page title: Private Health Insurance for Doctors | Doctors' Health Fund
14:24:28.192 [main] INFO  - Clicking the 'Get Quote' button.
14:24:28.492 [main] INFO  - 'Get Quote' button clicked successfully.
14:24:29.790 [main] INFO  - Selected cover for: Single
14:24:30.079 [main] INFO  - Selected residence: NSW
14:24:30.856 [main] INFO  - Selected annual income: Below $97k
14:24:33.023 [main] INFO  - Selected the hospital plan: Top Cover
14:24:33.186 [main] INFO  - Selected the Extras Cover: Total Extras
14:24:33.348 [main] INFO  - Clicked on the Apply Now button for the selected plan.
14:24:37.568 [main] INFO  - click on continue button
14:24:42.111 [main] INFO  - click on continue button
14:24:45.227 [main] INFO  - Selected 'Mr' from dropdown.
14:24:51.177 [main] INFO  - click on continue button
14:24:58.765 [main] INFO  - click on continue button
14:25:06.326 [main] INFO  - click on continue button
14:25:10.730 [main] INFO  - click on continue button
14:47:59.704 [main] INFO  - Browser selected: chrome
14:48:03.002 [main] INFO  - ChromeDriver initialized.
14:48:08.979 [main] INFO  - Navigated to URL: https://dms.uat.doctorshealthfund.com.au/
14:48:09.218 [main] INFO  - All cookies cleared before starting the test.
14:48:09.278 [main] INFO  - Navigating to the quote page.
14:48:09.398 [main] INFO  - Page title: Private Health Insurance for Doctors | Doctors' Health Fund
14:48:09.404 [main] INFO  - Clicking the 'Get Quote' button.
14:48:09.631 [main] INFO  - 'Get Quote' button clicked successfully.
14:48:11.052 [main] INFO  - Selected cover for: Single
14:48:11.297 [main] INFO  - Selected residence: NSW
14:48:12.012 [main] INFO  - Selected annual income: Below $97k
14:48:15.058 [main] INFO  - Selected the hospital plan: Top Cover
14:48:15.266 [main] INFO  - Selected the Extras Cover: Total Extras
14:48:15.493 [main] INFO  - Clicked on the Apply Now button for the selected plan.
14:48:19.665 [main] INFO  - click on continue button
14:48:24.127 [main] INFO  - click on continue button
14:48:45.022 [main] INFO  - Browser selected: chrome
14:48:47.748 [main] INFO  - ChromeDriver initialized.
14:48:50.884 [main] INFO  - Navigated to URL: https://dms.uat.doctorshealthfund.com.au/
14:48:51.100 [main] INFO  - All cookies cleared before starting the test.
14:48:51.157 [main] INFO  - Navigating to the quote page.
14:48:51.306 [main] INFO  - Page title: Private Health Insurance for Doctors | Doctors' Health Fund
14:48:51.313 [main] INFO  - Clicking the 'Get Quote' button.
14:48:51.549 [main] INFO  - 'Get Quote' button clicked successfully.
14:48:52.865 [main] INFO  - Selected cover for: Single
14:48:53.122 [main] INFO  - Selected residence: NSW
14:48:53.853 [main] INFO  - Selected annual income: Below $97k
14:48:55.672 [main] INFO  - Selected the hospital plan: Top Cover
14:48:55.850 [main] INFO  - Selected the Extras Cover: Total Extras
14:48:56.010 [main] INFO  - Clicked on the Apply Now button for the selected plan.
