09:15:04.188 [main] INFO  - Navigating to the quote page.
09:15:04.232 [main] INFO  - Page title: Private Health Insurance for Doctors | Doctors' Health Fund
09:15:04.237 [main] INFO  - Clicking the 'Get Quote' button.
09:15:06.423 [main] INFO  - 'Get Quote' button clicked successfully.
09:15:07.648 [main] INFO  - Selected cover for: Single
09:15:07.920 [main] INFO  - Selected residence: NSW
09:15:08.760 [main] INFO  - Selected annual income: Below $97k
09:15:16.211 [main] INFO  - click on continue button
09:15:20.559 [main] INFO  - click on continue button
09:16:27.649 [main] INFO  - Browser selected: chrome
09:16:30.776 [main] INFO  - ChromeDriver initialized.
09:16:34.274 [main] INFO  - Navigated to URL: https://dms.uat.doctorshealthfund.com.au/
09:16:34.627 [main] INFO  - All cookies cleared before starting the test.
09:16:34.702 [main] INFO  - Navigating to the quote page.
09:16:34.774 [main] INFO  - Page title: Private Health Insurance for Doctors | Doctors' Health Fund
09:16:34.781 [main] INFO  - Clicking the 'Get Quote' button.
09:16:37.061 [main] INFO  - 'Get Quote' button clicked successfully.
09:16:38.434 [main] INFO  - Selected cover for: Single
09:16:38.824 [main] INFO  - Selected residence: NSW
09:16:40.067 [main] INFO  - Selected annual income: Below $97k
09:16:49.319 [main] INFO  - click on continue button
09:20:31.541 [main] INFO  - Browser selected: chrome
09:20:34.549 [main] INFO  - ChromeDriver initialized.
09:20:38.127 [main] INFO  - Navigated to URL: https://dms.uat.doctorshealthfund.com.au/
09:20:38.369 [main] INFO  - All cookies cleared before starting the test.
09:20:38.436 [main] INFO  - Navigating to the quote page.
09:20:38.547 [main] INFO  - Page title: Private Health Insurance for Doctors | Doctors' Health Fund
09:20:38.552 [main] INFO  - Clicking the 'Get Quote' button.
09:20:40.756 [main] INFO  - 'Get Quote' button clicked successfully.
09:20:41.964 [main] INFO  - Selected cover for: Single
09:20:42.203 [main] INFO  - Selected residence: NSW
09:20:43.046 [main] INFO  - Selected annual income: Below $97k
09:20:50.301 [main] INFO  - click on continue button
09:33:47.777 [main] INFO  - Browser selected: chrome
09:33:50.892 [main] INFO  - ChromeDriver initialized.
09:33:54.038 [main] INFO  - Navigated to URL: https://dms.uat.doctorshealthfund.com.au/
09:33:54.418 [main] INFO  - All cookies cleared before starting the test.
09:33:54.489 [main] INFO  - Navigating to the quote page.
09:33:54.545 [main] INFO  - Page title: Private Health Insurance for Doctors | Doctors' Health Fund
09:33:54.550 [main] INFO  - Clicking the 'Get Quote' button.
09:33:56.908 [main] INFO  - 'Get Quote' button clicked successfully.
09:33:58.120 [main] INFO  - Selected cover for: Single
09:33:58.389 [main] INFO  - Selected residence: NSW
09:33:59.159 [main] INFO  - Selected annual income: Below $97k
09:34:06.695 [main] INFO  - click on continue button
09:36:45.022 [main] INFO  - Browser selected: chrome
09:37:04.357 [main] INFO  - ChromeDriver initialized.
09:37:08.467 [main] INFO  - Navigated to URL: https://dms.uat.doctorshealthfund.com.au/
09:37:08.687 [main] INFO  - All cookies cleared before starting the test.
09:37:08.747 [main] INFO  - Navigating to the quote page.
09:37:08.784 [main] INFO  - Page title: Private Health Insurance for Doctors | Doctors' Health Fund
09:37:08.788 [main] INFO  - Clicking the 'Get Quote' button.
09:37:11.036 [main] INFO  - 'Get Quote' button clicked successfully.
09:37:12.326 [main] INFO  - Selected cover for: Single
09:37:12.778 [main] INFO  - Selected residence: NSW
09:37:13.750 [main] INFO  - Selected annual income: Below $97k
09:37:21.631 [main] INFO  - click on continue button
09:39:40.042 [main] INFO  - Browser selected: chrome
09:39:43.103 [main] INFO  - ChromeDriver initialized.
09:39:44.062 [main] INFO  - Navigated to URL: https://dms.uat.doctorshealthfund.com.au/
09:39:47.107 [main] INFO  - All cookies cleared before starting the test.
09:39:47.162 [main] INFO  - Navigating to the quote page.
09:39:47.200 [main] INFO  - Page title: Private Health Insurance for Doctors | Doctors' Health Fund
09:39:47.209 [main] INFO  - Clicking the 'Get Quote' button.
09:39:49.448 [main] INFO  - 'Get Quote' button clicked successfully.
09:39:50.721 [main] INFO  - Selected cover for: Single
09:39:50.988 [main] INFO  - Selected residence: NSW
09:39:51.845 [main] INFO  - Selected annual income: Below $97k
09:39:59.991 [main] INFO  - click on continue button
09:40:04.677 [main] INFO  - click on continue button
09:41:13.209 [main] INFO  - Browser selected: chrome
09:41:16.515 [main] INFO  - ChromeDriver initialized.
09:41:30.184 [main] INFO  - Navigated to URL: https://dms.uat.doctorshealthfund.com.au/
09:41:30.461 [main] INFO  - All cookies cleared before starting the test.
09:41:30.507 [main] INFO  - Navigating to the quote page.
09:41:30.593 [main] INFO  - Page title: Private Health Insurance for Doctors | Doctors' Health Fund
09:41:30.598 [main] INFO  - Clicking the 'Get Quote' button.
09:41:32.783 [main] INFO  - 'Get Quote' button clicked successfully.
09:41:33.152 [main] INFO  - Selected cover for: Single
09:41:33.428 [main] INFO  - Selected residence: NSW
09:41:34.316 [main] INFO  - Selected annual income: Below $97k
09:41:42.221 [main] INFO  - click on continue button
09:41:46.929 [main] INFO  - click on continue button
09:48:03.565 [main] INFO  - Browser selected: chrome
09:48:07.053 [main] INFO  - ChromeDriver initialized.
09:48:11.475 [main] INFO  - Navigated to URL: https://dms.uat.doctorshealthfund.com.au/
09:48:12.010 [main] INFO  - All cookies cleared before starting the test.
09:48:12.063 [main] INFO  - Navigating to the quote page.
09:48:12.091 [main] INFO  - Page title: Private Health Insurance for Doctors | Doctors' Health Fund
09:48:12.098 [main] INFO  - Clicking the 'Get Quote' button.
09:48:14.384 [main] INFO  - 'Get Quote' button clicked successfully.
09:48:15.782 [main] INFO  - Selected cover for: Single
09:48:16.272 [main] INFO  - Selected residence: NSW
09:48:17.469 [main] INFO  - Selected annual income: Below $97k
09:48:25.240 [main] INFO  - click on continue button
09:48:30.885 [main] INFO  - click on continue button
09:48:37.276 [main] INFO  - Selected 'Mr' from dropdown.
10:38:23.013 [main] INFO  - Browser selected: chrome
10:38:26.945 [main] INFO  - ChromeDriver initialized.
10:38:34.086 [main] INFO  - Navigated to URL: https://dms.uat.doctorshealthfund.com.au/
10:38:34.418 [main] INFO  - All cookies cleared before starting the test.
10:38:34.465 [main] INFO  - Navigating to the quote page.
10:38:34.513 [main] INFO  - Page title: Private Health Insurance for Doctors | Doctors' Health Fund
10:38:34.517 [main] INFO  - Clicking the 'Get Quote' button.
10:38:36.737 [main] INFO  - 'Get Quote' button clicked successfully.
10:38:37.925 [main] INFO  - Selected cover for: Single
10:38:38.177 [main] INFO  - Selected residence: NSW
10:38:38.921 [main] INFO  - Selected annual income: Below $97k
10:38:46.243 [main] INFO  - click on continue button
10:38:50.881 [main] INFO  - click on continue button
10:38:56.729 [main] INFO  - Selected 'Mr' from dropdown.
10:39:01.525 [main] INFO  - click on continue button
10:44:34.523 [main] INFO  - Browser selected: chrome
10:44:37.986 [main] INFO  - ChromeDriver initialized.
10:44:42.043 [main] INFO  - Navigated to URL: https://dms.uat.doctorshealthfund.com.au/
10:44:42.321 [main] INFO  - All cookies cleared before starting the test.
10:44:42.380 [main] INFO  - Navigating to the quote page.
10:44:42.412 [main] INFO  - Page title: Private Health Insurance for Doctors | Doctors' Health Fund
10:44:42.418 [main] INFO  - Clicking the 'Get Quote' button.
10:44:44.721 [main] INFO  - 'Get Quote' button clicked successfully.
10:44:45.538 [main] INFO  - Selected cover for: Single
10:44:45.897 [main] INFO  - Selected residence: NSW
10:44:46.885 [main] INFO  - Selected annual income: Below $97k
10:44:54.154 [main] INFO  - click on continue button
10:44:58.874 [main] INFO  - click on continue button
10:45:04.829 [main] INFO  - Selected 'Mr' from dropdown.
10:45:09.768 [main] INFO  - click on continue button
10:51:18.683 [main] INFO  - Browser selected: chrome
10:51:22.044 [main] INFO  - ChromeDriver initialized.
10:51:25.245 [main] INFO  - Navigated to URL: https://dms.uat.doctorshealthfund.com.au/
10:51:25.512 [main] INFO  - All cookies cleared before starting the test.
10:51:25.567 [main] INFO  - Navigating to the quote page.
10:51:25.703 [main] INFO  - Page title: Private Health Insurance for Doctors | Doctors' Health Fund
10:51:25.707 [main] INFO  - Clicking the 'Get Quote' button.
10:51:27.945 [main] INFO  - 'Get Quote' button clicked successfully.
10:51:29.269 [main] INFO  - Selected cover for: Single
10:51:29.509 [main] INFO  - Selected residence: NSW
10:51:30.269 [main] INFO  - Selected annual income: Below $97k
10:51:37.638 [main] INFO  - click on continue button
10:51:42.079 [main] INFO  - click on continue button
10:51:47.944 [main] INFO  - Selected 'Mr' from dropdown.
10:51:52.751 [main] INFO  - click on continue button
10:52:25.281 [main] INFO  - Browser selected: chrome
10:52:28.684 [main] INFO  - ChromeDriver initialized.
10:52:33.518 [main] INFO  - Navigated to URL: https://dms.uat.doctorshealthfund.com.au/
10:52:33.806 [main] INFO  - All cookies cleared before starting the test.
10:52:33.858 [main] INFO  - Navigating to the quote page.
10:52:33.899 [main] INFO  - Page title: Private Health Insurance for Doctors | Doctors' Health Fund
10:52:33.904 [main] INFO  - Clicking the 'Get Quote' button.
10:52:36.199 [main] INFO  - 'Get Quote' button clicked successfully.
10:52:36.964 [main] INFO  - Selected cover for: Single
10:52:37.297 [main] INFO  - Selected residence: NSW
10:52:38.536 [main] INFO  - Selected annual income: Below $97k
10:52:45.610 [main] INFO  - click on continue button
10:52:50.761 [main] INFO  - click on continue button
10:52:56.838 [main] INFO  - Selected 'Mr' from dropdown.
10:53:01.935 [main] INFO  - click on continue button
10:53:58.460 [main] INFO  - Browser selected: chrome
10:54:01.895 [main] INFO  - ChromeDriver initialized.
10:54:05.803 [main] INFO  - Navigated to URL: https://dms.uat.doctorshealthfund.com.au/
10:54:06.045 [main] INFO  - All cookies cleared before starting the test.
10:54:06.110 [main] INFO  - Navigating to the quote page.
10:54:06.185 [main] INFO  - Page title: Private Health Insurance for Doctors | Doctors' Health Fund
10:54:06.190 [main] INFO  - Clicking the 'Get Quote' button.
10:54:08.777 [main] INFO  - 'Get Quote' button clicked successfully.
10:54:10.086 [main] INFO  - Selected cover for: Single
10:54:10.349 [main] INFO  - Selected residence: NSW
10:54:11.206 [main] INFO  - Selected annual income: Below $97k
10:54:18.632 [main] INFO  - click on continue button
10:54:23.339 [main] INFO  - click on continue button
10:54:29.189 [main] INFO  - Selected 'Mr' from dropdown.
10:54:34.259 [main] INFO  - click on continue button
10:55:07.135 [main] INFO  - Browser selected: chrome
10:55:11.078 [main] INFO  - ChromeDriver initialized.
10:55:16.793 [main] INFO  - Navigated to URL: https://dms.uat.doctorshealthfund.com.au/
10:55:17.046 [main] INFO  - All cookies cleared before starting the test.
10:55:17.109 [main] INFO  - Navigating to the quote page.
10:55:17.171 [main] INFO  - Page title: Private Health Insurance for Doctors | Doctors' Health Fund
10:55:17.176 [main] INFO  - Clicking the 'Get Quote' button.
10:55:19.629 [main] INFO  - 'Get Quote' button clicked successfully.
10:55:20.163 [main] INFO  - Selected cover for: Single
10:55:20.611 [main] INFO  - Selected residence: NSW
10:55:21.767 [main] INFO  - Selected annual income: Below $97k
10:55:29.403 [main] INFO  - click on continue button
10:55:34.342 [main] INFO  - click on continue button
10:55:40.369 [main] INFO  - Selected 'Mr' from dropdown.
10:55:45.419 [main] INFO  - click on continue button
11:18:56.742 [main] INFO  - Browser selected: chrome
11:18:59.832 [main] INFO  - ChromeDriver initialized.
11:19:04.641 [main] INFO  - Navigated to URL: https://dms.uat.doctorshealthfund.com.au/
11:19:05.430 [main] INFO  - All cookies cleared before starting the test.
11:19:05.473 [main] INFO  - Navigating to the quote page.
11:19:05.498 [main] INFO  - Page title: Private Health Insurance for Doctors | Doctors' Health Fund
11:19:05.503 [main] INFO  - Clicking the 'Get Quote' button.
11:19:07.763 [main] INFO  - 'Get Quote' button clicked successfully.
11:19:09.067 [main] INFO  - Selected cover for: Single
11:19:09.366 [main] INFO  - Selected residence: NSW
11:19:10.265 [main] INFO  - Selected annual income: Below $97k
11:19:17.829 [main] INFO  - click on continue button
11:19:53.459 [main] INFO  - Browser selected: chrome
11:19:56.040 [main] INFO  - ChromeDriver initialized.
11:19:59.103 [main] INFO  - Navigated to URL: https://dms.uat.doctorshealthfund.com.au/
11:19:59.858 [main] INFO  - All cookies cleared before starting the test.
11:19:59.909 [main] INFO  - Navigating to the quote page.
11:19:59.946 [main] INFO  - Page title: Private Health Insurance for Doctors | Doctors' Health Fund
11:19:59.951 [main] INFO  - Clicking the 'Get Quote' button.
11:20:02.169 [main] INFO  - 'Get Quote' button clicked successfully.
11:20:03.530 [main] INFO  - Selected cover for: Single
11:20:03.795 [main] INFO  - Selected residence: NSW
11:20:04.673 [main] INFO  - Selected annual income: Below $97k
11:20:12.124 [main] INFO  - click on continue button
11:20:16.660 [main] INFO  - click on continue button
11:20:22.563 [main] INFO  - Selected 'Mr' from dropdown.
11:20:27.698 [main] INFO  - click on continue button
11:35:29.313 [main] INFO  - Browser selected: chrome
11:35:31.641 [main] INFO  - ChromeDriver initialized.
11:35:38.652 [main] INFO  - Navigated to URL: https://dms.uat.doctorshealthfund.com.au/
11:35:38.850 [main] INFO  - All cookies cleared before starting the test.
11:35:38.941 [main] INFO  - Navigating to the quote page.
11:35:39.048 [main] INFO  - Page title: Private Health Insurance for Doctors | Doctors' Health Fund
11:35:39.056 [main] INFO  - Clicking the 'Get Quote' button.
11:35:41.244 [main] INFO  - 'Get Quote' button clicked successfully.
11:35:42.470 [main] INFO  - Selected cover for: Single
11:35:42.717 [main] INFO  - Selected residence: NSW
11:35:43.452 [main] INFO  - Selected annual income: Below $97k
11:35:50.923 [main] INFO  - click on continue button
11:35:55.340 [main] INFO  - click on continue button
11:36:01.191 [main] INFO  - Selected 'Mr' from dropdown.
11:37:54.956 [main] INFO  - Browser selected: chrome
11:37:57.332 [main] INFO  - ChromeDriver initialized.
11:38:00.348 [main] INFO  - Navigated to URL: https://dms.uat.doctorshealthfund.com.au/
11:38:00.670 [main] INFO  - All cookies cleared before starting the test.
11:38:00.715 [main] INFO  - Navigating to the quote page.
11:38:00.764 [main] INFO  - Page title: Private Health Insurance for Doctors | Doctors' Health Fund
11:38:00.769 [main] INFO  - Clicking the 'Get Quote' button.
11:38:02.965 [main] INFO  - 'Get Quote' button clicked successfully.
11:38:04.176 [main] INFO  - Selected cover for: Single
11:38:04.419 [main] INFO  - Selected residence: NSW
11:38:05.110 [main] INFO  - Selected annual income: Below $97k
11:38:11.904 [main] INFO  - click on continue button
11:38:16.677 [main] INFO  - click on continue button
11:38:22.452 [main] INFO  - Selected 'Mr' from dropdown.
11:38:27.195 [main] INFO  - click on continue button
12:27:51.116 [main] INFO  - Browser selected: chrome
12:27:54.296 [main] INFO  - ChromeDriver initialized.
12:27:57.755 [main] INFO  - Navigated to URL: https://dms.uat.doctorshealthfund.com.au/
12:27:57.972 [main] INFO  - All cookies cleared before starting the test.
12:27:58.014 [main] INFO  - Navigating to the quote page.
12:27:58.044 [main] INFO  - Page title: Private Health Insurance for Doctors | Doctors' Health Fund
12:27:58.049 [main] INFO  - Clicking the 'Get Quote' button.
12:28:00.254 [main] INFO  - 'Get Quote' button clicked successfully.
12:28:01.574 [main] INFO  - Selected cover for: Single
12:28:01.829 [main] INFO  - Selected residence: NSW
12:28:02.558 [main] INFO  - Selected annual income: Below $97k
12:28:09.856 [main] INFO  - click on continue button
12:28:14.295 [main] INFO  - click on continue button
12:28:20.088 [main] INFO  - Selected 'Mr' from dropdown.
12:28:24.831 [main] INFO  - click on continue button
12:36:39.678 [main] INFO  - Browser selected: chrome
12:36:42.257 [main] INFO  - ChromeDriver initialized.
12:36:45.421 [main] INFO  - Navigated to URL: https://dms.uat.doctorshealthfund.com.au/
12:36:45.626 [main] INFO  - All cookies cleared before starting the test.
12:36:45.716 [main] INFO  - Navigating to the quote page.
12:36:45.823 [main] INFO  - Page title: Private Health Insurance for Doctors | Doctors' Health Fund
12:36:45.832 [main] INFO  - Clicking the 'Get Quote' button.
12:36:48.090 [main] INFO  - 'Get Quote' button clicked successfully.
12:36:49.515 [main] INFO  - Selected cover for: Single
12:36:49.770 [main] INFO  - Selected residence: NSW
12:36:50.522 [main] INFO  - Selected annual income: Below $97k
12:36:57.446 [main] INFO  - click on continue button
12:37:01.864 [main] INFO  - click on continue button
12:37:07.669 [main] INFO  - Selected 'Mr' from dropdown.
12:37:12.491 [main] INFO  - click on continue button
12:38:02.408 [main] INFO  - Browser selected: chrome
12:38:04.954 [main] INFO  - ChromeDriver initialized.
12:38:07.951 [main] INFO  - Navigated to URL: https://dms.uat.doctorshealthfund.com.au/
12:38:08.167 [main] INFO  - All cookies cleared before starting the test.
12:38:08.244 [main] INFO  - Navigating to the quote page.
12:38:08.363 [main] INFO  - Page title: Private Health Insurance for Doctors | Doctors' Health Fund
12:38:08.369 [main] INFO  - Clicking the 'Get Quote' button.
12:38:10.672 [main] INFO  - 'Get Quote' button clicked successfully.
12:38:12.007 [main] INFO  - Selected cover for: Single
12:38:12.252 [main] INFO  - Selected residence: NSW
12:38:12.993 [main] INFO  - Selected annual income: Below $97k
12:38:21.301 [main] INFO  - click on continue button
12:38:25.829 [main] INFO  - click on continue button
12:38:31.613 [main] INFO  - Selected 'Mr' from dropdown.
12:38:36.503 [main] INFO  - click on continue button
12:39:31.471 [main] INFO  - Browser selected: chrome
12:39:34.145 [main] INFO  - ChromeDriver initialized.
12:39:34.927 [main] INFO  - Navigated to URL: https://dms.uat.doctorshealthfund.com.au/
12:39:37.758 [main] INFO  - All cookies cleared before starting the test.
12:39:37.820 [main] INFO  - Navigating to the quote page.
12:39:37.883 [main] INFO  - Page title: Private Health Insurance for Doctors | Doctors' Health Fund
12:39:37.889 [main] INFO  - Clicking the 'Get Quote' button.
12:39:40.149 [main] INFO  - 'Get Quote' button clicked successfully.
12:39:41.533 [main] INFO  - Selected cover for: Single
12:39:41.789 [main] INFO  - Selected residence: NSW
12:39:42.520 [main] INFO  - Selected annual income: Below $97k
12:39:50.016 [main] INFO  - click on continue button
12:39:54.532 [main] INFO  - click on continue button
12:40:00.335 [main] INFO  - Selected 'Mr' from dropdown.
12:40:05.219 [main] INFO  - click on continue button
12:41:01.797 [main] INFO  - Browser selected: chrome
12:41:04.171 [main] INFO  - ChromeDriver initialized.
12:41:07.216 [main] INFO  - Navigated to URL: https://dms.uat.doctorshealthfund.com.au/
12:41:07.523 [main] INFO  - All cookies cleared before starting the test.
12:41:07.579 [main] INFO  - Navigating to the quote page.
12:41:07.612 [main] INFO  - Page title: Private Health Insurance for Doctors | Doctors' Health Fund
12:41:07.617 [main] INFO  - Clicking the 'Get Quote' button.
12:41:09.870 [main] INFO  - 'Get Quote' button clicked successfully.
12:41:11.179 [main] INFO  - Selected cover for: Single
12:41:11.590 [main] INFO  - Selected residence: NSW
12:41:12.492 [main] INFO  - Selected annual income: Below $97k
12:41:19.693 [main] INFO  - click on continue button
12:41:24.084 [main] INFO  - click on continue button
12:41:30.121 [main] INFO  - Selected 'Mr' from dropdown.
12:41:35.256 [main] INFO  - click on continue button
12:44:19.159 [main] INFO  - Browser selected: chrome
12:44:21.725 [main] INFO  - ChromeDriver initialized.
12:44:22.171 [main] INFO  - Navigated to URL: https://dms.uat.doctorshealthfund.com.au/
12:44:25.159 [main] INFO  - All cookies cleared before starting the test.
12:44:25.226 [main] INFO  - Navigating to the quote page.
12:44:25.283 [main] INFO  - Page title: Private Health Insurance for Doctors | Doctors' Health Fund
12:44:25.288 [main] INFO  - Clicking the 'Get Quote' button.
12:44:27.523 [main] INFO  - 'Get Quote' button clicked successfully.
12:44:27.756 [main] INFO  - Selected cover for: Single
12:44:28.061 [main] INFO  - Selected residence: NSW
12:44:30.210 [main] INFO  - Selected annual income: Below $97k
12:44:37.215 [main] INFO  - click on continue button
12:44:42.034 [main] INFO  - click on continue button
12:44:47.784 [main] INFO  - Selected 'Mr' from dropdown.
12:44:52.493 [main] INFO  - click on continue button
12:46:25.655 [main] INFO  - Browser selected: chrome
12:46:28.327 [main] INFO  - ChromeDriver initialized.
12:46:31.062 [main] INFO  - Navigated to URL: https://dms.uat.doctorshealthfund.com.au/
12:46:31.438 [main] INFO  - All cookies cleared before starting the test.
12:46:31.485 [main] INFO  - Navigating to the quote page.
12:46:31.514 [main] INFO  - Page title: Private Health Insurance for Doctors | Doctors' Health Fund
12:46:31.519 [main] INFO  - Clicking the 'Get Quote' button.
12:46:33.695 [main] INFO  - 'Get Quote' button clicked successfully.
12:46:34.119 [main] INFO  - Selected cover for: Single
12:46:34.377 [main] INFO  - Selected residence: NSW
12:46:35.132 [main] INFO  - Selected annual income: Below $97k
12:46:42.165 [main] INFO  - click on continue button
12:46:46.753 [main] INFO  - click on continue button
12:46:52.581 [main] INFO  - Selected 'Mr' from dropdown.
12:46:57.358 [main] INFO  - click on continue button
12:49:43.569 [main] INFO  - Browser selected: chrome
12:49:46.397 [main] INFO  - ChromeDriver initialized.
12:49:49.455 [main] INFO  - Navigated to URL: https://dms.uat.doctorshealthfund.com.au/
12:49:49.808 [main] INFO  - All cookies cleared before starting the test.
12:49:49.864 [main] INFO  - Navigating to the quote page.
12:49:49.890 [main] INFO  - Page title: Private Health Insurance for Doctors | Doctors' Health Fund
12:49:49.897 [main] INFO  - Clicking the 'Get Quote' button.
12:49:52.099 [main] INFO  - 'Get Quote' button clicked successfully.
12:49:52.629 [main] INFO  - Selected cover for: Single
12:49:53.061 [main] INFO  - Selected residence: NSW
12:49:53.880 [main] INFO  - Selected annual income: Below $97k
12:50:01.704 [main] INFO  - click on continue button
12:50:23.537 [main] INFO  - Browser selected: chrome
12:50:26.013 [main] INFO  - ChromeDriver initialized.
12:50:28.897 [main] INFO  - Navigated to URL: https://dms.uat.doctorshealthfund.com.au/
12:50:29.175 [main] INFO  - All cookies cleared before starting the test.
12:50:29.236 [main] INFO  - Navigating to the quote page.
12:50:29.374 [main] INFO  - Page title: Private Health Insurance for Doctors | Doctors' Health Fund
12:50:29.379 [main] INFO  - Clicking the 'Get Quote' button.
12:50:31.606 [main] INFO  - 'Get Quote' button clicked successfully.
12:50:32.096 [main] INFO  - Selected cover for: Single
12:50:32.345 [main] INFO  - Selected residence: NSW
12:50:33.083 [main] INFO  - Selected annual income: Below $97k
12:50:40.682 [main] INFO  - click on continue button
12:50:45.244 [main] INFO  - click on continue button
12:50:51.042 [main] INFO  - Selected 'Mr' from dropdown.
12:50:55.839 [main] INFO  - click on continue button
12:51:03.477 [main] INFO  - click on continue button
14:04:09.103 [main] INFO  - Browser selected: chrome
14:04:12.321 [main] INFO  - ChromeDriver initialized.
14:04:16.954 [main] INFO  - Navigated to URL: https://dms.uat.doctorshealthfund.com.au/
14:04:17.123 [main] INFO  - All cookies cleared before starting the test.
14:04:17.169 [main] INFO  - Navigating to the quote page.
14:04:17.195 [main] INFO  - Page title: Private Health Insurance for Doctors | Doctors' Health Fund
14:04:17.200 [main] INFO  - Clicking the 'Get Quote' button.
14:04:19.439 [main] INFO  - 'Get Quote' button clicked successfully.
14:04:20.641 [main] INFO  - Selected cover for: Single
14:04:20.879 [main] INFO  - Selected residence: NSW
14:04:21.583 [main] INFO  - Selected annual income: Below $97k
14:04:22.118 [main] INFO  - Selecting the plan: Smart Starter Bronze Plus
14:04:24.149 [main] INFO  - Clicked the element successfully
14:04:24.152 [main] INFO  - Selecting 'Starter Extras'.
14:04:24.298 [main] INFO  - Verifying 'Starter Extras' is enabled.
14:04:24.345 [main] INFO  - Selecting the plan: Prime Choice
14:04:24.542 [main] INFO  - Clicked the element successfully
14:04:24.559 [main] INFO  - Attempting to select 'Starter Extras'.
14:04:24.641 [main] INFO  - Verifying 'Starter Extras' is disabled.
14:04:24.687 [main] INFO  - Selecting the plan: Top Cover
14:04:25.805 [main] WARN  - Element click intercepted, retrying... attempt: 1
14:04:26.922 [main] WARN  - Element click intercepted, retrying... attempt: 2
14:04:28.054 [main] WARN  - Element click intercepted, retrying... attempt: 3
14:04:28.126 [main] INFO  - Clicked the element using JavaScript click as a fallback
14:04:28.134 [main] INFO  - Attempting to select 'Starter Extras'.
14:04:28.219 [main] INFO  - Verifying 'Starter Extras' is disabled.
14:04:31.870 [main] INFO  - Selected 'Extras only' from dropdown.
14:04:31.881 [main] INFO  - Attempting to select 'Starter Extras'.
14:04:34.417 [main] INFO  - Verifying 'Starter Extras' is disabled.
14:04:38.530 [main] INFO  - Selected 'Couple' from dropdown.
14:04:51.943 [main] INFO  - Selecting the plan: Smart Starter Bronze Plus
14:04:54.321 [main] INFO  - Clicked the element successfully
14:04:54.322 [main] INFO  - Selecting 'Starter Extras'.
14:04:54.455 [main] INFO  - Verifying 'Starter Extras' is enabled.
14:04:57.786 [main] INFO  - Selected 'Extras only' from dropdown.
14:04:57.800 [main] INFO  - Attempting to select 'Starter Extras'.
14:04:59.300 [main] INFO  - Verifying 'Starter Extras' is disabled.
14:05:03.286 [main] INFO  - Selected 'Family' from dropdown.
14:05:06.677 [main] INFO  - Selected 'Hospital & Extras' from dropdown.
14:05:06.696 [main] INFO  - Attempting to select 'Starter Extras'.
14:05:08.341 [main] INFO  - Verifying 'Starter Extras' is disabled.
14:05:11.644 [main] INFO  - Selected 'Extras only' from dropdown.
14:05:11.655 [main] INFO  - Attempting to select 'Starter Extras'.
14:05:11.734 [main] INFO  - Verifying 'Starter Extras' is disabled.
14:05:15.731 [main] INFO  - Selected 'Single Parent' from dropdown.
14:05:19.117 [main] INFO  - Selected 'Hospital & Extras' from dropdown.
14:05:19.132 [main] INFO  - Attempting to select 'Starter Extras'.
14:05:20.977 [main] INFO  - Verifying 'Starter Extras' is disabled.
14:05:24.310 [main] INFO  - Selected 'Extras only' from dropdown.
14:05:24.318 [main] INFO  - Attempting to select 'Starter Extras'.
14:05:24.388 [main] INFO  - Verifying 'Starter Extras' is disabled.
14:06:22.107 [main] INFO  - Browser selected: chrome
14:06:24.523 [main] INFO  - ChromeDriver initialized.
14:06:27.719 [main] INFO  - Navigated to URL: https://dms.uat.doctorshealthfund.com.au/
14:06:28.007 [main] INFO  - All cookies cleared before starting the test.
14:06:28.053 [main] INFO  - Navigating to the quote page.
14:06:28.104 [main] INFO  - Page title: Private Health Insurance for Doctors | Doctors' Health Fund
14:06:28.111 [main] INFO  - Clicking the 'Get Quote' button.
14:06:30.283 [main] INFO  - 'Get Quote' button clicked successfully.
14:08:32.512 [main] INFO  - Browser selected: chrome
14:08:35.017 [main] INFO  - ChromeDriver initialized.
14:08:35.489 [main] INFO  - Navigated to URL: https://dms.uat.doctorshealthfund.com.au/
14:08:37.686 [main] INFO  - All cookies cleared before starting the test.
14:08:37.736 [main] INFO  - Navigating to the quote page.
14:08:37.764 [main] INFO  - Page title: Private Health Insurance for Doctors | Doctors' Health Fund
14:08:37.768 [main] INFO  - Clicking the 'Get Quote' button.
14:08:39.921 [main] INFO  - 'Get Quote' button clicked successfully.
14:09:10.102 [main] INFO  - Browser selected: chrome
14:09:12.519 [main] INFO  - ChromeDriver initialized.
14:09:13.512 [main] INFO  - Navigated to URL: https://dms.uat.doctorshealthfund.com.au/
14:09:15.850 [main] INFO  - All cookies cleared before starting the test.
14:09:15.898 [main] INFO  - Navigating to the quote page.
14:09:15.929 [main] INFO  - Page title: Private Health Insurance for Doctors | Doctors' Health Fund
14:09:15.933 [main] INFO  - Clicking the 'Get Quote' button.
14:09:18.113 [main] INFO  - 'Get Quote' button clicked successfully.
14:09:18.627 [main] INFO  - Selected cover for: Single
14:11:51.376 [main] INFO  - Browser selected: chrome
14:11:54.067 [main] INFO  - ChromeDriver initialized.
14:11:57.168 [main] INFO  - Navigated to URL: https://dms.uat.doctorshealthfund.com.au/
14:11:57.365 [main] INFO  - All cookies cleared before starting the test.
14:11:57.418 [main] INFO  - Navigating to the quote page.
14:11:57.456 [main] INFO  - Page title: Private Health Insurance for Doctors | Doctors' Health Fund
14:11:57.460 [main] INFO  - Clicking the 'Get Quote' button.
14:11:59.771 [main] INFO  - 'Get Quote' button clicked successfully.
14:12:00.482 [main] INFO  - Selected cover for: Single
14:12:58.781 [main] INFO  - Browser selected: chrome
14:13:01.179 [main] INFO  - ChromeDriver initialized.
14:13:01.816 [main] INFO  - Navigated to URL: https://dms.uat.doctorshealthfund.com.au/
14:13:04.406 [main] INFO  - All cookies cleared before starting the test.
14:13:04.459 [main] INFO  - Navigating to the quote page.
14:13:04.489 [main] INFO  - Page title: Private Health Insurance for Doctors | Doctors' Health Fund
14:13:04.494 [main] INFO  - Clicking the 'Get Quote' button.
14:13:06.731 [main] INFO  - 'Get Quote' button clicked successfully.
14:13:07.313 [main] INFO  - Selected cover for: Single
14:13:07.621 [main] INFO  - Selected residence: NSW
14:13:08.366 [main] INFO  - Selected annual income: Below $97k
14:13:08.911 [main] INFO  - Selecting the plan: Smart Starter Bronze Plus
14:13:11.435 [main] INFO  - Clicked the element successfully
14:13:11.440 [main] INFO  - Selecting 'Starter Extras'.
14:13:11.750 [main] INFO  - Verifying 'Starter Extras' is enabled.
14:13:11.804 [main] INFO  - Selecting the plan: Prime Choice
14:13:12.179 [main] INFO  - Clicked the element successfully
14:13:12.229 [main] INFO  - Attempting to select 'Starter Extras'.
14:13:12.362 [main] INFO  - Verifying 'Starter Extras' is disabled.
14:13:12.409 [main] INFO  - Selecting the plan: Top Cover
14:13:13.640 [main] WARN  - Element click intercepted, retrying... attempt: 1
14:13:14.843 [main] WARN  - Element click intercepted, retrying... attempt: 2
14:13:16.007 [main] WARN  - Element click intercepted, retrying... attempt: 3
14:13:16.133 [main] INFO  - Clicked the element using JavaScript click as a fallback
14:13:16.154 [main] INFO  - Attempting to select 'Starter Extras'.
14:13:16.314 [main] INFO  - Verifying 'Starter Extras' is disabled.
14:13:20.655 [main] INFO  - Selected 'Extras only' from dropdown.
14:13:20.683 [main] INFO  - Attempting to select 'Starter Extras'.
14:13:23.192 [main] INFO  - Verifying 'Starter Extras' is disabled.
14:13:27.268 [main] INFO  - Selected 'Couple' from dropdown.
14:13:29.641 [main] INFO  - Selecting the plan: Smart Starter Bronze Plus
14:13:30.712 [main] INFO  - Clicked the element successfully
14:13:30.714 [main] INFO  - Selecting 'Starter Extras'.
14:13:30.916 [main] INFO  - Verifying 'Starter Extras' is enabled.
14:13:34.253 [main] INFO  - Selected 'Extras only' from dropdown.
14:13:34.266 [main] INFO  - Attempting to select 'Starter Extras'.
14:13:35.988 [main] INFO  - Verifying 'Starter Extras' is disabled.
14:13:40.004 [main] INFO  - Selected 'Family' from dropdown.
14:13:44.883 [main] INFO  - Selected 'Hospital & Extras' from dropdown.
14:13:44.899 [main] INFO  - Attempting to select 'Starter Extras'.
14:13:45.715 [main] INFO  - Verifying 'Starter Extras' is disabled.
14:13:49.069 [main] INFO  - Selected 'Extras only' from dropdown.
14:13:49.079 [main] INFO  - Attempting to select 'Starter Extras'.
14:13:49.186 [main] INFO  - Verifying 'Starter Extras' is disabled.
14:13:53.179 [main] INFO  - Selected 'Single Parent' from dropdown.
14:13:58.055 [main] INFO  - Selected 'Hospital & Extras' from dropdown.
14:13:58.070 [main] INFO  - Attempting to select 'Starter Extras'.
14:13:58.875 [main] INFO  - Verifying 'Starter Extras' is disabled.
14:14:02.183 [main] INFO  - Selected 'Extras only' from dropdown.
14:14:02.191 [main] INFO  - Attempting to select 'Starter Extras'.
14:14:02.269 [main] INFO  - Verifying 'Starter Extras' is disabled.
14:14:51.816 [main] INFO  - Browser selected: chrome
14:14:54.399 [main] INFO  - ChromeDriver initialized.
14:14:57.803 [main] INFO  - Navigated to URL: https://dms.uat.doctorshealthfund.com.au/
14:14:58.078 [main] INFO  - All cookies cleared before starting the test.
14:14:58.149 [main] INFO  - Navigating to the quote page.
14:14:58.237 [main] INFO  - Page title: Private Health Insurance for Doctors | Doctors' Health Fund
14:14:58.242 [main] INFO  - Clicking the 'Get Quote' button.
14:14:59.390 [main] INFO  - 'Get Quote' button clicked successfully.
14:14:59.972 [main] INFO  - Selected cover for: Single
14:15:00.660 [main] INFO  - Selected residence: NSW
14:15:01.673 [main] INFO  - Selected annual income: Below $97k
14:15:02.371 [main] INFO  - Selecting the plan: Smart Starter Bronze Plus
14:15:03.432 [main] INFO  - Clicked the element successfully
14:15:03.434 [main] INFO  - Selecting 'Starter Extras'.
14:15:03.711 [main] INFO  - Verifying 'Starter Extras' is enabled.
14:15:03.761 [main] INFO  - Selecting the plan: Prime Choice
14:15:04.014 [main] INFO  - Clicked the element successfully
14:15:04.027 [main] INFO  - Attempting to select 'Starter Extras'.
14:15:04.151 [main] INFO  - Verifying 'Starter Extras' is disabled.
14:15:04.201 [main] INFO  - Selecting the plan: Top Cover
14:15:05.334 [main] WARN  - Element click intercepted, retrying... attempt: 1
14:15:06.472 [main] WARN  - Element click intercepted, retrying... attempt: 2
14:15:07.627 [main] WARN  - Element click intercepted, retrying... attempt: 3
14:15:07.795 [main] INFO  - Clicked the element using JavaScript click as a fallback
14:15:07.951 [main] INFO  - Attempting to select 'Starter Extras'.
14:15:08.305 [main] INFO  - Verifying 'Starter Extras' is disabled.
14:15:11.946 [main] INFO  - Selected 'Extras only' from dropdown.
14:15:11.955 [main] INFO  - Attempting to select 'Starter Extras'.
14:15:13.201 [main] INFO  - Verifying 'Starter Extras' is disabled.
14:15:17.269 [main] INFO  - Selected 'Couple' from dropdown.
14:15:19.512 [main] INFO  - Selecting the plan: Smart Starter Bronze Plus
14:15:20.838 [main] INFO  - Clicked the element successfully
14:15:20.840 [main] INFO  - Selecting 'Starter Extras'.
14:15:21.001 [main] INFO  - Verifying 'Starter Extras' is enabled.
14:15:24.367 [main] INFO  - Selected 'Extras only' from dropdown.
14:15:24.385 [main] INFO  - Attempting to select 'Starter Extras'.
14:15:25.920 [main] INFO  - Verifying 'Starter Extras' is disabled.
14:15:29.993 [main] INFO  - Selected 'Family' from dropdown.
14:15:34.931 [main] INFO  - Selected 'Hospital & Extras' from dropdown.
14:15:34.950 [main] INFO  - Attempting to select 'Starter Extras'.
14:15:35.821 [main] INFO  - Verifying 'Starter Extras' is disabled.
14:15:39.170 [main] INFO  - Selected 'Extras only' from dropdown.
14:15:39.180 [main] INFO  - Attempting to select 'Starter Extras'.
14:15:39.265 [main] INFO  - Verifying 'Starter Extras' is disabled.
14:15:43.260 [main] INFO  - Selected 'Single Parent' from dropdown.
14:15:48.142 [main] INFO  - Selected 'Hospital & Extras' from dropdown.
14:15:48.165 [main] INFO  - Attempting to select 'Starter Extras'.
14:15:50.012 [main] INFO  - Verifying 'Starter Extras' is disabled.
14:15:53.314 [main] INFO  - Selected 'Extras only' from dropdown.
14:15:53.322 [main] INFO  - Attempting to select 'Starter Extras'.
14:15:53.414 [main] INFO  - Verifying 'Starter Extras' is disabled.
15:23:02.579 [main] INFO  - Browser selected: chrome
15:23:05.785 [main] INFO  - ChromeDriver initialized.
15:23:11.018 [main] INFO  - Navigated to URL: https://dms.uat.doctorshealthfund.com.au/
15:23:11.584 [main] INFO  - All cookies cleared before starting the test.
15:23:11.653 [main] INFO  - Navigating to the quote page.
15:23:11.820 [main] INFO  - Page title: Private Health Insurance for Doctors | Doctors' Health Fund
15:23:11.825 [main] INFO  - Clicking the 'Get Quote' button.
15:23:12.979 [main] INFO  - 'Get Quote' button clicked successfully.
15:23:14.240 [main] INFO  - Selected cover for: Single
15:23:14.613 [main] INFO  - Selected residence: NSW
15:23:15.521 [main] INFO  - Selected annual income: Below $97k
15:23:22.658 [main] INFO  - click on continue button
15:23:27.695 [main] INFO  - click on continue button
15:23:33.489 [main] INFO  - Selected 'Mr' from dropdown.
15:23:38.153 [main] INFO  - click on continue button
15:23:45.636 [main] INFO  - click on continue button
15:24:31.875 [main] INFO  - Browser selected: chrome
15:24:34.210 [main] INFO  - ChromeDriver initialized.
15:24:37.554 [main] INFO  - Navigated to URL: https://dms.uat.doctorshealthfund.com.au/
15:24:37.766 [main] INFO  - All cookies cleared before starting the test.
15:24:37.808 [main] INFO  - Navigating to the quote page.
15:24:37.901 [main] INFO  - Page title: Private Health Insurance for Doctors | Doctors' Health Fund
15:24:37.906 [main] INFO  - Clicking the 'Get Quote' button.
15:24:39.069 [main] INFO  - 'Get Quote' button clicked successfully.
15:24:40.395 [main] INFO  - Selected cover for: Single
15:24:40.642 [main] INFO  - Selected residence: NSW
15:24:41.322 [main] INFO  - Selected annual income: Below $97k
15:24:48.842 [main] INFO  - click on continue button
15:25:38.991 [main] INFO  - Browser selected: chrome
15:25:41.717 [main] INFO  - ChromeDriver initialized.
15:25:45.150 [main] INFO  - Navigated to URL: https://dms.uat.doctorshealthfund.com.au/
15:25:45.345 [main] INFO  - All cookies cleared before starting the test.
15:25:45.389 [main] INFO  - Navigating to the quote page.
15:25:45.428 [main] INFO  - Page title: Private Health Insurance for Doctors | Doctors' Health Fund
15:25:45.435 [main] INFO  - Clicking the 'Get Quote' button.
15:25:46.626 [main] INFO  - 'Get Quote' button clicked successfully.
15:25:47.146 [main] INFO  - Selected cover for: Single
15:25:47.568 [main] INFO  - Selected residence: NSW
15:25:48.643 [main] INFO  - Selected annual income: Below $97k
15:25:55.406 [main] INFO  - click on continue button
15:26:00.357 [main] INFO  - click on continue button
15:26:08.275 [main] INFO  - Selected 'Mr' from dropdown.
15:26:13.059 [main] INFO  - click on continue button
15:26:20.581 [main] INFO  - click on continue button
15:27:11.201 [main] INFO  - Browser selected: chrome
15:27:13.755 [main] INFO  - ChromeDriver initialized.
15:27:16.960 [main] INFO  - Navigated to URL: https://dms.uat.doctorshealthfund.com.au/
15:27:17.167 [main] INFO  - All cookies cleared before starting the test.
15:27:17.208 [main] INFO  - Navigating to the quote page.
15:27:17.243 [main] INFO  - Page title: Private Health Insurance for Doctors | Doctors' Health Fund
15:27:17.247 [main] INFO  - Clicking the 'Get Quote' button.
15:27:18.458 [main] INFO  - 'Get Quote' button clicked successfully.
15:27:19.648 [main] INFO  - Selected cover for: Single
15:27:19.887 [main] INFO  - Selected residence: NSW
15:27:20.589 [main] INFO  - Selected annual income: Below $97k
15:27:28.125 [main] INFO  - click on continue button
15:28:02.236 [main] INFO  - Browser selected: chrome
15:28:04.749 [main] INFO  - ChromeDriver initialized.
15:28:08.398 [main] INFO  - Navigated to URL: https://dms.uat.doctorshealthfund.com.au/
15:28:08.586 [main] INFO  - All cookies cleared before starting the test.
15:28:08.629 [main] INFO  - Navigating to the quote page.
15:28:08.663 [main] INFO  - Page title: Private Health Insurance for Doctors | Doctors' Health Fund
15:28:08.668 [main] INFO  - Clicking the 'Get Quote' button.
15:28:09.858 [main] INFO  - 'Get Quote' button clicked successfully.
15:28:10.414 [main] INFO  - Selected cover for: Single
15:28:10.832 [main] INFO  - Selected residence: NSW
15:28:11.708 [main] INFO  - Selected annual income: Below $97k
15:28:19.254 [main] INFO  - click on continue button
15:28:23.760 [main] INFO  - click on continue button
15:28:31.664 [main] INFO  - Selected 'Mr' from dropdown.
15:28:36.468 [main] INFO  - click on continue button
15:28:43.996 [main] INFO  - click on continue button
15:31:43.332 [main] INFO  - Browser selected: chrome
15:31:45.817 [main] INFO  - ChromeDriver initialized.
15:31:46.342 [main] INFO  - Navigated to URL: https://dms.uat.doctorshealthfund.com.au/
15:31:49.429 [main] INFO  - All cookies cleared before starting the test.
15:31:49.463 [main] INFO  - Navigating to the quote page.
15:31:49.485 [main] INFO  - Page title: Private Health Insurance for Doctors | Doctors' Health Fund
15:31:49.489 [main] INFO  - Clicking the 'Get Quote' button.
15:31:50.664 [main] INFO  - 'Get Quote' button clicked successfully.
15:31:51.218 [main] INFO  - Selected cover for: Single
15:31:51.552 [main] INFO  - Selected residence: NSW
15:31:52.458 [main] INFO  - Selected annual income: Below $97k
15:31:59.141 [main] INFO  - click on continue button
15:32:03.705 [main] INFO  - click on continue button
15:32:11.696 [main] INFO  - Selected 'Mr' from dropdown.
15:32:16.552 [main] INFO  - click on continue button
15:32:24.144 [main] INFO  - click on continue button
15:53:37.996 [main] INFO  - Browser selected: chrome
15:53:40.687 [main] INFO  - ChromeDriver initialized.
15:53:47.463 [main] INFO  - Navigated to URL: https://dms.uat.doctorshealthfund.com.au/
15:53:47.836 [main] INFO  - All cookies cleared before starting the test.
15:53:47.878 [main] INFO  - Navigating to the quote page.
15:53:47.902 [main] INFO  - Page title: Private Health Insurance for Doctors | Doctors' Health Fund
15:53:47.906 [main] INFO  - Clicking the 'Get Quote' button.
15:53:49.096 [main] INFO  - 'Get Quote' button clicked successfully.
15:53:50.573 [main] INFO  - Selected cover for: Single
15:53:50.885 [main] INFO  - Selected residence: NSW
15:53:51.701 [main] INFO  - Selected annual income: Below $97k
15:53:59.148 [main] INFO  - click on continue button
15:54:03.608 [main] INFO  - click on continue button
15:54:11.427 [main] INFO  - Selected 'Mr' from dropdown.
15:55:10.027 [main] INFO  - Browser selected: chrome
15:55:12.537 [main] INFO  - ChromeDriver initialized.
15:55:15.412 [main] INFO  - Navigated to URL: https://dms.uat.doctorshealthfund.com.au/
15:55:15.644 [main] INFO  - All cookies cleared before starting the test.
15:55:15.708 [main] INFO  - Navigating to the quote page.
15:55:15.772 [main] INFO  - Page title: Private Health Insurance for Doctors | Doctors' Health Fund
15:55:15.777 [main] INFO  - Clicking the 'Get Quote' button.
15:55:16.926 [main] INFO  - 'Get Quote' button clicked successfully.
15:55:18.470 [main] INFO  - Selected cover for: Single
15:55:18.765 [main] INFO  - Selected residence: NSW
15:55:19.461 [main] INFO  - Selected annual income: Below $97k
15:55:26.475 [main] INFO  - click on continue button
15:55:31.088 [main] INFO  - click on continue button
15:55:38.843 [main] INFO  - Selected 'Mr' from dropdown.
15:55:43.862 [main] INFO  - click on continue button
15:55:51.551 [main] INFO  - click on continue button
15:57:03.949 [main] INFO  - Browser selected: chrome
15:57:06.378 [main] INFO  - ChromeDriver initialized.
15:57:07.346 [main] INFO  - Navigated to URL: https://dms.uat.doctorshealthfund.com.au/
15:57:09.845 [main] INFO  - All cookies cleared before starting the test.
15:57:09.914 [main] INFO  - Navigating to the quote page.
15:57:09.943 [main] INFO  - Page title: Private Health Insurance for Doctors | Doctors' Health Fund
15:57:09.947 [main] INFO  - Clicking the 'Get Quote' button.
15:57:11.168 [main] INFO  - 'Get Quote' button clicked successfully.
15:57:11.632 [main] INFO  - Selected cover for: Single
15:57:11.873 [main] INFO  - Selected residence: NSW
15:57:12.552 [main] INFO  - Selected annual income: Below $97k
15:57:19.390 [main] INFO  - click on continue button
15:57:24.275 [main] INFO  - click on continue button
15:57:32.142 [main] INFO  - Selected 'Mr' from dropdown.
15:57:36.896 [main] INFO  - click on continue button
15:57:44.398 [main] INFO  - click on continue button
16:02:31.769 [main] INFO  - Browser selected: chrome
16:02:34.288 [main] INFO  - ChromeDriver initialized.
16:02:37.263 [main] INFO  - Navigated to URL: https://dms.uat.doctorshealthfund.com.au/
16:02:37.496 [main] INFO  - All cookies cleared before starting the test.
16:02:37.552 [main] INFO  - Navigating to the quote page.
16:02:37.687 [main] INFO  - Page title: Private Health Insurance for Doctors | Doctors' Health Fund
16:02:37.691 [main] INFO  - Clicking the 'Get Quote' button.
16:02:38.884 [main] INFO  - 'Get Quote' button clicked successfully.
16:02:40.245 [main] INFO  - Selected cover for: Single
16:02:40.597 [main] INFO  - Selected residence: NSW
16:02:41.337 [main] INFO  - Selected annual income: Below $97k
16:02:48.518 [main] INFO  - click on continue button
16:02:52.929 [main] INFO  - click on continue button
16:03:00.704 [main] INFO  - Selected 'Mr' from dropdown.
16:03:05.468 [main] INFO  - click on continue button
16:03:12.953 [main] INFO  - click on continue button
16:03:20.419 [main] INFO  - click on continue button
16:07:17.994 [main] INFO  - Browser selected: chrome
16:07:20.395 [main] INFO  - ChromeDriver initialized.
16:07:22.353 [main] INFO  - Navigated to URL: https://dms.uat.doctorshealthfund.com.au/
16:07:22.520 [main] INFO  - All cookies cleared before starting the test.
16:07:22.592 [main] INFO  - Navigating to the quote page.
16:07:23.542 [main] INFO  - Page title: Private Health Insurance for Doctors | Doctors' Health Fund
16:07:23.548 [main] INFO  - Clicking the 'Get Quote' button.
16:07:24.715 [main] INFO  - 'Get Quote' button clicked successfully.
16:07:25.216 [main] INFO  - Selected cover for: Single
16:07:25.460 [main] INFO  - Selected residence: NSW
16:07:26.163 [main] INFO  - Selected annual income: Below $97k
16:07:32.693 [main] INFO  - click on continue button
16:07:37.197 [main] INFO  - click on continue button
16:07:45.183 [main] INFO  - Selected 'Mr' from dropdown.
16:07:50.097 [main] INFO  - click on continue button
16:07:57.582 [main] INFO  - click on continue button
16:08:04.016 [main] INFO  - click on continue button
16:10:49.755 [main] INFO  - Browser selected: chrome
16:10:52.327 [main] INFO  - ChromeDriver initialized.
16:10:56.008 [main] INFO  - Navigated to URL: https://dms.uat.doctorshealthfund.com.au/
16:10:56.442 [main] INFO  - All cookies cleared before starting the test.
16:10:56.487 [main] INFO  - Navigating to the quote page.
16:10:56.512 [main] INFO  - Page title: Private Health Insurance for Doctors | Doctors' Health Fund
16:10:56.516 [main] INFO  - Clicking the 'Get Quote' button.
16:10:57.685 [main] INFO  - 'Get Quote' button clicked successfully.
16:10:58.910 [main] INFO  - Selected cover for: Single
16:10:59.240 [main] INFO  - Selected residence: NSW
16:11:00.269 [main] INFO  - Selected annual income: Below $97k
16:11:07.554 [main] INFO  - click on continue button
16:11:26.964 [main] INFO  - Browser selected: chrome
16:11:29.718 [main] INFO  - ChromeDriver initialized.
16:11:32.770 [main] INFO  - Navigated to URL: https://dms.uat.doctorshealthfund.com.au/
16:11:32.959 [main] INFO  - All cookies cleared before starting the test.
16:11:33.008 [main] INFO  - Navigating to the quote page.
16:11:33.101 [main] INFO  - Page title: Private Health Insurance for Doctors | Doctors' Health Fund
16:11:33.108 [main] INFO  - Clicking the 'Get Quote' button.
16:11:34.272 [main] INFO  - 'Get Quote' button clicked successfully.
16:11:34.790 [main] INFO  - Selected cover for: Single
16:11:35.073 [main] INFO  - Selected residence: NSW
16:11:36.164 [main] INFO  - Selected annual income: Below $97k
16:11:42.870 [main] INFO  - click on continue button
16:11:47.413 [main] INFO  - click on continue button
16:11:55.213 [main] INFO  - Selected 'Mr' from dropdown.
16:12:00.048 [main] INFO  - click on continue button
16:12:07.766 [main] INFO  - click on continue button
16:12:14.181 [main] INFO  - click on continue button
16:12:16.799 [main] INFO  - click on continue button
07:09:25.548 [main] INFO  - Browser selected: chrome
07:09:28.695 [main] INFO  - ChromeDriver initialized.
07:09:35.128 [main] INFO  - Navigated to URL: https://dms.uat.doctorshealthfund.com.au/
07:09:35.474 [main] INFO  - All cookies cleared before starting the test.
07:09:35.512 [main] INFO  - Navigating to the quote page.
07:09:35.537 [main] INFO  - Page title: Private Health Insurance for Doctors | Doctors' Health Fund
