09:04:07.554 [main] INFO  - Navigating to the quote page.
09:04:07.616 [main] INFO  - Page title: Private Health Insurance for Doctors | Doctors' Health Fund
09:04:08.080 [main] INFO  - Clicking the 'Get Quote' button.
09:04:08.334 [main] INFO  - 'Get Quote' button clicked successfully.
09:04:09.854 [main] INFO  - Selected cover for: Single
09:04:10.419 [main] INFO  - Selected residence: NSW
09:04:11.731 [main] INFO  - Selected annual income: Below $97k
09:04:12.561 [main] INFO  - Selecting the plan: Smart Starter Bronze Plus
09:04:15.862 [main] INFO  - Clicked the element successfully
09:04:16.135 [main] INFO  - Selecting 'Starter Extras'.
09:04:16.572 [main] INFO  - Verifying 'Starter Extras' is enabled.
09:04:16.799 [main] INFO  - Selecting the plan: Prime Choice
09:04:17.072 [main] INFO  - Clicked the element successfully
09:04:17.264 [main] INFO  - Attempting to select 'Starter Extras'.
09:04:17.501 [main] INFO  - Verifying 'Starter Extras' is disabled.
09:04:17.694 [main] INFO  - Selecting the plan: Top Cover
09:04:18.825 [main] WARN  - Element click intercepted, retrying... attempt: 1
09:04:19.952 [main] WARN  - Element click intercepted, retrying... attempt: 2
09:04:21.045 [main] WARN  - Element click intercepted, retrying... attempt: 3
09:04:21.169 [main] INFO  - Clicked the element using JavaScript click as a fallback
09:04:21.379 [main] INFO  - Attempting to select 'Starter Extras'.
09:04:21.748 [main] INFO  - Verifying 'Starter Extras' is disabled.
09:04:25.507 [main] INFO  - Selected 'Extras only' from dropdown.
09:04:26.957 [main] INFO  - Attempting to select 'Starter Extras'.
09:04:27.497 [main] INFO  - Verifying 'Starter Extras' is disabled.
09:04:31.621 [main] INFO  - Selected 'Couple' from dropdown.
09:04:33.411 [main] INFO  - Selecting the plan: Smart Starter Bronze Plus
09:04:33.896 [main] INFO  - Clicked the element successfully
09:04:34.035 [main] INFO  - Selecting 'Starter Extras'.
09:04:34.400 [main] INFO  - Verifying 'Starter Extras' is enabled.
09:04:37.991 [main] INFO  - Selected 'Extras only' from dropdown.
09:04:38.143 [main] INFO  - Attempting to select 'Starter Extras'.
09:04:39.107 [main] INFO  - Verifying 'Starter Extras' is disabled.
09:27:07.773 [main] INFO  - Browser selected: chrome
09:27:11.888 [main] INFO  - ChromeDriver initialized.
09:27:17.519 [main] INFO  - Navigated to URL: https://dms.uat.doctorshealthfund.com.au/
09:27:17.576 [main] INFO  - Navigating to the quote page.
09:27:17.622 [main] INFO  - Page title: Private Health Insurance for Doctors | Doctors' Health Fund
09:27:17.976 [main] INFO  - Clicking the 'Get Quote' button.
09:27:18.260 [main] INFO  - 'Get Quote' button clicked successfully.
09:27:19.548 [main] INFO  - Selected cover for: Single
09:27:20.048 [main] INFO  - Selected residence: NSW
09:27:21.460 [main] INFO  - Selected annual income: Below $97k
09:27:22.350 [main] INFO  - Selecting the plan: Smart Starter Bronze Plus
09:27:23.679 [main] INFO  - Clicked the element successfully
09:27:23.904 [main] INFO  - Selecting 'Starter Extras'.
09:27:24.242 [main] INFO  - Verifying 'Starter Extras' is enabled.
09:27:24.417 [main] INFO  - Selecting the plan: Prime Choice
09:27:24.648 [main] INFO  - Clicked the element successfully
09:27:24.823 [main] INFO  - Attempting to select 'Starter Extras'.
09:27:25.066 [main] INFO  - Verifying 'Starter Extras' is disabled.
09:27:25.233 [main] INFO  - Selecting the plan: Top Cover
09:27:26.349 [main] WARN  - Element click intercepted, retrying... attempt: 1
09:27:27.532 [main] WARN  - Element click intercepted, retrying... attempt: 2
09:27:28.649 [main] WARN  - Element click intercepted, retrying... attempt: 3
09:27:28.729 [main] INFO  - Clicked the element using JavaScript click as a fallback
09:27:28.902 [main] INFO  - Attempting to select 'Starter Extras'.
09:27:29.172 [main] INFO  - Verifying 'Starter Extras' is disabled.
09:27:33.093 [main] INFO  - Selected 'Extras only' from dropdown.
09:27:33.347 [main] INFO  - Attempting to select 'Starter Extras'.
09:27:35.331 [main] INFO  - Verifying 'Starter Extras' is disabled.
09:27:39.454 [main] INFO  - Selected 'Couple' from dropdown.
09:27:41.134 [main] INFO  - Selecting the plan: Smart Starter Bronze Plus
09:27:42.449 [main] INFO  - Clicked the element successfully
09:27:42.653 [main] INFO  - Selecting 'Starter Extras'.
09:27:42.994 [main] INFO  - Verifying 'Starter Extras' is enabled.
09:27:46.515 [main] INFO  - Selected 'Extras only' from dropdown.
09:27:46.731 [main] INFO  - Attempting to select 'Starter Extras'.
09:27:48.236 [main] INFO  - Verifying 'Starter Extras' is disabled.
09:32:33.442 [main] INFO  - Browser selected: chrome
09:32:36.107 [main] INFO  - ChromeDriver initialized.
09:32:40.360 [main] INFO  - Navigated to URL: https://dms.uat.doctorshealthfund.com.au/
09:32:40.416 [main] INFO  - Navigating to the quote page.
09:32:40.449 [main] INFO  - Page title: Private Health Insurance for Doctors | Doctors' Health Fund
09:32:40.828 [main] INFO  - Clicking the 'Get Quote' button.
09:32:41.047 [main] INFO  - 'Get Quote' button clicked successfully.
09:32:42.622 [main] INFO  - Selected cover for: Single
09:32:43.388 [main] INFO  - Selected residence: NSW
09:32:44.859 [main] INFO  - Selected annual income: Below $97k
09:32:45.694 [main] INFO  - Selecting the plan: Smart Starter Bronze Plus
09:32:47.091 [main] INFO  - Clicked the element successfully
09:32:47.289 [main] INFO  - Selecting 'Starter Extras'.
09:32:47.868 [main] INFO  - Verifying 'Starter Extras' is enabled.
09:32:48.101 [main] INFO  - Selecting the plan: Prime Choice
09:32:48.542 [main] INFO  - Clicked the element successfully
09:32:48.770 [main] INFO  - Attempting to select 'Starter Extras'.
09:32:49.079 [main] INFO  - Verifying 'Starter Extras' is disabled.
09:32:49.346 [main] INFO  - Selecting the plan: Top Cover
09:32:50.516 [main] WARN  - Element click intercepted, retrying... attempt: 1
09:32:51.718 [main] WARN  - Element click intercepted, retrying... attempt: 2
09:32:53.007 [main] WARN  - Element click intercepted, retrying... attempt: 3
09:32:53.312 [main] INFO  - Clicked the element using JavaScript click as a fallback
09:32:53.598 [main] INFO  - Attempting to select 'Starter Extras'.
09:32:54.025 [main] INFO  - Verifying 'Starter Extras' is disabled.
09:32:57.968 [main] INFO  - Selected 'Extras only' from dropdown.
09:32:58.166 [main] INFO  - Attempting to select 'Starter Extras'.
09:33:00.824 [main] INFO  - Verifying 'Starter Extras' is disabled.
09:33:04.842 [main] INFO  - Selected 'Couple' from dropdown.
09:33:06.509 [main] INFO  - Selecting the plan: Smart Starter Bronze Plus
09:33:07.334 [main] INFO  - Clicked the element successfully
09:33:07.555 [main] INFO  - Selecting 'Starter Extras'.
09:33:07.869 [main] INFO  - Verifying 'Starter Extras' is enabled.
09:33:11.345 [main] INFO  - Selected 'Extras only' from dropdown.
09:33:11.492 [main] INFO  - Attempting to select 'Starter Extras'.
09:33:12.308 [main] INFO  - Verifying 'Starter Extras' is disabled.
09:33:16.173 [main] INFO  - Selected 'Family' from dropdown.
10:09:43.974 [main] INFO  - Browser selected: chrome
10:09:46.904 [main] INFO  - ChromeDriver initialized.
10:09:47.782 [main] INFO  - Navigated to URL: https://dms.uat.doctorshealthfund.com.au/
10:09:47.849 [main] INFO  - Navigating to the quote page.
10:09:53.326 [main] INFO  - Page title: Private Health Insurance for Doctors | Doctors' Health Fund
10:09:53.841 [main] INFO  - Clicking the 'Get Quote' button.
10:09:54.060 [main] INFO  - 'Get Quote' button clicked successfully.
10:09:54.744 [main] INFO  - Selected cover for: Single
10:09:55.430 [main] INFO  - Selected residence: NSW
10:09:56.832 [main] INFO  - Selected annual income: Below $97k
10:09:57.640 [main] INFO  - Selecting the plan: Smart Starter Bronze Plus
10:09:59.592 [main] INFO  - Clicked the element successfully
10:09:59.731 [main] INFO  - Selecting 'Starter Extras'.
10:10:00.079 [main] INFO  - Verifying 'Starter Extras' is enabled.
10:10:00.330 [main] INFO  - Selecting the plan: Prime Choice
10:10:00.583 [main] INFO  - Clicked the element successfully
10:10:00.779 [main] INFO  - Attempting to select 'Starter Extras'.
10:10:01.037 [main] INFO  - Verifying 'Starter Extras' is disabled.
10:10:01.185 [main] INFO  - Selecting the plan: Top Cover
10:10:02.334 [main] WARN  - Element click intercepted, retrying... attempt: 1
10:10:03.400 [main] WARN  - Element click intercepted, retrying... attempt: 2
10:10:04.489 [main] WARN  - Element click intercepted, retrying... attempt: 3
10:10:04.568 [main] INFO  - Clicked the element using JavaScript click as a fallback
10:10:04.725 [main] INFO  - Attempting to select 'Starter Extras'.
10:10:04.971 [main] INFO  - Verifying 'Starter Extras' is disabled.
10:10:08.533 [main] INFO  - Selected 'Extras only' from dropdown.
10:10:08.694 [main] INFO  - Attempting to select 'Starter Extras'.
10:10:10.769 [main] INFO  - Verifying 'Starter Extras' is disabled.
10:10:15.218 [main] INFO  - Selected 'Couple' from dropdown.
10:10:17.563 [main] INFO  - Selecting the plan: Smart Starter Bronze Plus
10:10:18.240 [main] INFO  - Clicked the element successfully
10:10:18.475 [main] INFO  - Selecting 'Starter Extras'.
10:10:18.881 [main] INFO  - Verifying 'Starter Extras' is enabled.
10:10:22.408 [main] INFO  - Selected 'Extras only' from dropdown.
10:10:22.558 [main] INFO  - Attempting to select 'Starter Extras'.
10:10:23.373 [main] INFO  - Verifying 'Starter Extras' is disabled.
10:10:27.241 [main] INFO  - Selected 'Family' from dropdown.
10:10:30.984 [main] INFO  - Selected 'Hospital & Extras' from dropdown.
10:15:09.043 [main] INFO  - Browser selected: chrome
10:15:11.939 [main] INFO  - ChromeDriver initialized.
10:15:16.436 [main] INFO  - Navigated to URL: https://dms.uat.doctorshealthfund.com.au/
10:15:16.483 [main] INFO  - Navigating to the quote page.
10:15:16.513 [main] INFO  - Page title: Private Health Insurance for Doctors | Doctors' Health Fund
10:15:16.837 [main] INFO  - Clicking the 'Get Quote' button.
10:15:17.049 [main] INFO  - 'Get Quote' button clicked successfully.
10:15:17.780 [main] INFO  - Selected cover for: Single
10:15:18.324 [main] INFO  - Selected residence: NSW
10:15:19.644 [main] INFO  - Selected annual income: Below $97k
10:15:20.534 [main] INFO  - Selecting the plan: Smart Starter Bronze Plus
10:15:22.619 [main] INFO  - Clicked the element successfully
10:15:22.823 [main] INFO  - Selecting 'Starter Extras'.
10:15:23.239 [main] INFO  - Verifying 'Starter Extras' is enabled.
10:15:23.429 [main] INFO  - Selecting the plan: Prime Choice
10:15:23.736 [main] INFO  - Clicked the element successfully
10:15:23.977 [main] INFO  - Attempting to select 'Starter Extras'.
10:15:24.282 [main] INFO  - Verifying 'Starter Extras' is disabled.
10:15:24.452 [main] INFO  - Selecting the plan: Top Cover
10:15:25.612 [main] WARN  - Element click intercepted, retrying... attempt: 1
10:15:26.710 [main] WARN  - Element click intercepted, retrying... attempt: 2
10:15:27.831 [main] WARN  - Element click intercepted, retrying... attempt: 3
10:15:27.982 [main] INFO  - Clicked the element using JavaScript click as a fallback
10:15:28.179 [main] INFO  - Attempting to select 'Starter Extras'.
10:15:28.476 [main] INFO  - Verifying 'Starter Extras' is disabled.
10:15:32.533 [main] INFO  - Selected 'Extras only' from dropdown.
10:15:32.879 [main] INFO  - Attempting to select 'Starter Extras'.
10:15:36.094 [main] INFO  - Verifying 'Starter Extras' is disabled.
10:15:40.091 [main] INFO  - Selected 'Couple' from dropdown.
10:15:41.801 [main] INFO  - Selecting the plan: Smart Starter Bronze Plus
10:15:42.447 [main] INFO  - Clicked the element successfully
10:15:42.706 [main] INFO  - Selecting 'Starter Extras'.
10:15:43.115 [main] INFO  - Verifying 'Starter Extras' is enabled.
10:15:46.633 [main] INFO  - Selected 'Extras only' from dropdown.
10:15:46.865 [main] INFO  - Attempting to select 'Starter Extras'.
10:15:48.617 [main] INFO  - Verifying 'Starter Extras' is disabled.
10:15:52.530 [main] INFO  - Selected 'Family' from dropdown.
10:15:56.278 [main] INFO  - Selected 'Hospital & Extras' from dropdown.
10:15:56.417 [main] INFO  - Attempting to select 'Starter Extras'.
10:15:58.103 [main] INFO  - Verifying 'Starter Extras' is disabled.
10:16:01.597 [main] INFO  - Selected 'Extras only' from dropdown.
10:16:01.729 [main] INFO  - Attempting to select 'Starter Extras'.
10:16:01.944 [main] INFO  - Verifying 'Starter Extras' is disabled.
10:40:28.097 [main] INFO  - Browser selected: chrome
10:40:32.925 [main] INFO  - ChromeDriver initialized.
10:40:40.051 [main] INFO  - Navigated to URL: https://dms.uat.doctorshealthfund.com.au/
10:40:40.171 [main] INFO  - Navigating to the quote page.
10:40:40.349 [main] INFO  - Page title: Private Health Insurance for Doctors | Doctors' Health Fund
10:40:40.852 [main] INFO  - Clicking the 'Get Quote' button.
10:40:41.365 [main] INFO  - 'Get Quote' button clicked successfully.
10:40:42.607 [main] INFO  - Selected cover for: Single
10:40:43.181 [main] INFO  - Selected residence: NSW
10:40:44.490 [main] INFO  - Selected annual income: Below $97k
10:40:45.358 [main] INFO  - Selecting the plan: Smart Starter Bronze Plus
10:40:48.148 [main] INFO  - Clicked the element successfully
10:40:48.358 [main] INFO  - Selecting 'Starter Extras'.
10:40:48.772 [main] INFO  - Verifying 'Starter Extras' is enabled.
10:40:48.964 [main] INFO  - Selecting the plan: Prime Choice
10:40:49.192 [main] INFO  - Clicked the element successfully
10:40:49.417 [main] INFO  - Attempting to select 'Starter Extras'.
10:40:49.648 [main] INFO  - Verifying 'Starter Extras' is disabled.
10:40:49.836 [main] INFO  - Selecting the plan: Top Cover
10:40:50.969 [main] WARN  - Element click intercepted, retrying... attempt: 1
10:40:52.037 [main] WARN  - Element click intercepted, retrying... attempt: 2
10:40:53.148 [main] WARN  - Element click intercepted, retrying... attempt: 3
10:40:53.227 [main] INFO  - Clicked the element using JavaScript click as a fallback
10:40:53.821 [main] INFO  - Attempting to select 'Starter Extras'.
10:40:54.285 [main] INFO  - Verifying 'Starter Extras' is disabled.
10:40:58.391 [main] INFO  - Selected 'Extras only' from dropdown.
10:40:58.669 [main] INFO  - Attempting to select 'Starter Extras'.
10:41:00.561 [main] INFO  - Verifying 'Starter Extras' is disabled.
10:41:04.814 [main] INFO  - Selected 'Couple' from dropdown.
10:41:06.500 [main] INFO  - Selecting the plan: Smart Starter Bronze Plus
10:41:07.836 [main] INFO  - Clicked the element successfully
10:41:08.048 [main] INFO  - Selecting 'Starter Extras'.
10:41:08.359 [main] INFO  - Verifying 'Starter Extras' is enabled.
10:41:11.903 [main] INFO  - Selected 'Extras only' from dropdown.
10:41:12.118 [main] INFO  - Attempting to select 'Starter Extras'.
10:41:13.175 [main] INFO  - Verifying 'Starter Extras' is disabled.
10:41:17.114 [main] INFO  - Selected 'Family' from dropdown.
10:41:21.077 [main] INFO  - Selected 'Hospital & Extras' from dropdown.
10:41:21.263 [main] INFO  - Attempting to select 'Starter Extras'.
10:41:22.234 [main] INFO  - Verifying 'Starter Extras' is disabled.
10:41:25.830 [main] INFO  - Selected 'Extras only' from dropdown.
10:41:26.025 [main] INFO  - Attempting to select 'Starter Extras'.
10:41:26.295 [main] INFO  - Verifying 'Starter Extras' is disabled.
10:41:30.228 [main] INFO  - Selected 'Single Parent' from dropdown.
10:41:34.075 [main] INFO  - Selected 'Hospital & Extras' from dropdown.
10:41:34.264 [main] INFO  - Attempting to select 'Starter Extras'.
10:41:35.514 [main] INFO  - Verifying 'Starter Extras' is disabled.
10:41:39.001 [main] INFO  - Selected 'Extras only' from dropdown.
10:41:39.238 [main] INFO  - Attempting to select 'Starter Extras'.
10:41:39.486 [main] INFO  - Verifying 'Starter Extras' is disabled.
10:48:43.404 [main] INFO  - Browser selected: chrome
10:48:46.737 [main] INFO  - ChromeDriver initialized.
10:48:51.475 [main] INFO  - Navigated to URL: https://dms.uat.doctorshealthfund.com.au/
10:48:51.560 [main] INFO  - Navigating to the quote page.
10:48:51.681 [main] INFO  - Page title: Private Health Insurance for Doctors | Doctors' Health Fund
10:48:52.067 [main] INFO  - Clicking the 'Get Quote' button.
10:48:52.251 [main] INFO  - 'Get Quote' button clicked successfully.
10:48:53.453 [main] INFO  - Selected cover for: Single
10:48:54.000 [main] INFO  - Selected residence: NSW
10:48:55.315 [main] INFO  - Selected annual income: Below $97k
10:48:56.231 [main] INFO  - Selecting the plan: Smart Starter Bronze Plus
10:48:58.055 [main] INFO  - Clicked the element successfully
10:48:58.232 [main] INFO  - Selecting 'Starter Extras'.
10:48:58.568 [main] INFO  - Verifying 'Starter Extras' is enabled.
10:48:58.777 [main] INFO  - Selecting the plan: Prime Choice
10:48:59.016 [main] INFO  - Clicked the element successfully
10:48:59.167 [main] INFO  - Attempting to select 'Starter Extras'.
10:48:59.399 [main] INFO  - Verifying 'Starter Extras' is disabled.
10:48:59.560 [main] INFO  - Selecting the plan: Top Cover
10:49:00.677 [main] WARN  - Element click intercepted, retrying... attempt: 1
10:49:01.774 [main] WARN  - Element click intercepted, retrying... attempt: 2
10:49:02.944 [main] WARN  - Element click intercepted, retrying... attempt: 3
10:49:03.087 [main] INFO  - Clicked the element using JavaScript click as a fallback
10:49:03.320 [main] INFO  - Attempting to select 'Starter Extras'.
10:49:03.670 [main] INFO  - Verifying 'Starter Extras' is disabled.
10:49:07.556 [main] INFO  - Selected 'Extras only' from dropdown.
10:49:07.855 [main] INFO  - Attempting to select 'Starter Extras'.
10:49:09.375 [main] INFO  - Verifying 'Starter Extras' is disabled.
10:49:13.543 [main] INFO  - Selected 'Couple' from dropdown.
10:49:15.355 [main] INFO  - Selecting the plan: Smart Starter Bronze Plus
10:49:15.806 [main] INFO  - Clicked the element successfully
10:49:15.982 [main] INFO  - Selecting 'Starter Extras'.
10:49:16.378 [main] INFO  - Verifying 'Starter Extras' is enabled.
10:49:20.008 [main] INFO  - Selected 'Extras only' from dropdown.
10:49:20.216 [main] INFO  - Attempting to select 'Starter Extras'.
10:49:21.820 [main] INFO  - Verifying 'Starter Extras' is disabled.
10:49:25.730 [main] INFO  - Selected 'Family' from dropdown.
10:49:29.507 [main] INFO  - Selected 'Hospital & Extras' from dropdown.
10:49:29.678 [main] INFO  - Attempting to select 'Starter Extras'.
10:49:31.252 [main] INFO  - Verifying 'Starter Extras' is disabled.
10:49:34.727 [main] INFO  - Selected 'Extras only' from dropdown.
10:49:34.878 [main] INFO  - Attempting to select 'Starter Extras'.
10:49:35.098 [main] INFO  - Verifying 'Starter Extras' is disabled.
10:49:38.997 [main] INFO  - Selected 'Single Parent' from dropdown.
10:49:42.756 [main] INFO  - Selected 'Hospital & Extras' from dropdown.
10:49:42.928 [main] INFO  - Attempting to select 'Starter Extras'.
10:49:44.595 [main] INFO  - Verifying 'Starter Extras' is disabled.
10:49:48.075 [main] INFO  - Selected 'Extras only' from dropdown.
10:49:48.253 [main] INFO  - Attempting to select 'Starter Extras'.
10:49:48.489 [main] INFO  - Verifying 'Starter Extras' is disabled.
13:45:01.225 [main] INFO  - Browser selected: chrome
13:45:05.618 [main] INFO  - ChromeDriver initialized.
13:45:08.350 [main] INFO  - Navigated to URL: https://dms.uat.doctorshealthfund.com.au/
13:45:08.428 [main] INFO  - Navigating to the quote page.
13:45:12.902 [main] INFO  - Page title: Private Health Insurance for Doctors | Doctors' Health Fund
13:45:13.527 [main] INFO  - Clicking the 'Get Quote' button.
13:45:13.706 [main] INFO  - 'Get Quote' button clicked successfully.
13:45:14.947 [main] INFO  - Selected cover for: Single
13:45:15.540 [main] INFO  - Selected residence: NSW
13:45:17.030 [main] INFO  - Selected annual income: Below $97k
13:45:17.894 [main] INFO  - Selecting the plan: Smart Starter Bronze Plus
13:45:20.955 [main] INFO  - Clicked the element successfully
13:45:21.187 [main] INFO  - Selecting 'Starter Extras'.
13:45:21.583 [main] INFO  - Verifying 'Starter Extras' is enabled.
13:45:21.752 [main] INFO  - Selecting the plan: Prime Choice
13:45:22.022 [main] INFO  - Clicked the element successfully
13:45:22.295 [main] INFO  - Attempting to select 'Starter Extras'.
13:45:22.595 [main] INFO  - Verifying 'Starter Extras' is disabled.
13:45:22.810 [main] INFO  - Selecting the plan: Top Cover
13:45:24.128 [main] WARN  - Element click intercepted, retrying... attempt: 1
13:45:25.280 [main] WARN  - Element click intercepted, retrying... attempt: 2
13:45:26.460 [main] WARN  - Element click intercepted, retrying... attempt: 3
13:45:26.547 [main] INFO  - Clicked the element using JavaScript click as a fallback
13:45:26.730 [main] INFO  - Attempting to select 'Starter Extras'.
13:45:26.984 [main] INFO  - Verifying 'Starter Extras' is disabled.
13:45:30.662 [main] INFO  - Selected 'Extras only' from dropdown.
13:45:30.875 [main] INFO  - Attempting to select 'Starter Extras'.
13:45:32.414 [main] INFO  - Verifying 'Starter Extras' is disabled.
13:45:36.433 [main] INFO  - Selected 'Couple' from dropdown.
13:45:37.931 [main] INFO  - Selecting the plan: Smart Starter Bronze Plus
13:45:39.668 [main] INFO  - Clicked the element successfully
13:45:39.844 [main] INFO  - Selecting 'Starter Extras'.
13:45:40.155 [main] INFO  - Verifying 'Starter Extras' is enabled.
13:45:43.638 [main] INFO  - Selected 'Extras only' from dropdown.
13:45:43.794 [main] INFO  - Attempting to select 'Starter Extras'.
13:45:45.616 [main] INFO  - Verifying 'Starter Extras' is disabled.
13:45:49.437 [main] INFO  - Selected 'Family' from dropdown.
13:45:53.227 [main] INFO  - Selected 'Hospital & Extras' from dropdown.
13:45:53.376 [main] INFO  - Attempting to select 'Starter Extras'.
13:45:55.066 [main] INFO  - Verifying 'Starter Extras' is disabled.
13:45:58.564 [main] INFO  - Selected 'Extras only' from dropdown.
13:45:58.724 [main] INFO  - Attempting to select 'Starter Extras'.
13:45:58.944 [main] INFO  - Verifying 'Starter Extras' is disabled.
13:46:02.817 [main] INFO  - Selected 'Single Parent' from dropdown.
13:46:06.502 [main] INFO  - Selected 'Hospital & Extras' from dropdown.
13:46:06.685 [main] INFO  - Attempting to select 'Starter Extras'.
13:46:08.401 [main] INFO  - Verifying 'Starter Extras' is disabled.
13:46:11.846 [main] INFO  - Selected 'Extras only' from dropdown.
13:46:12.030 [main] INFO  - Attempting to select 'Starter Extras'.
13:46:12.292 [main] INFO  - Verifying 'Starter Extras' is disabled.
07:09:08.109 [main] INFO  - Browser selected: chrome
07:09:12.185 [main] INFO  - ChromeDriver initialized.
07:09:18.265 [main] INFO  - Navigated to URL: https://dms.uat.doctorshealthfund.com.au/
07:09:18.319 [main] INFO  - Navigating to the quote page.
07:09:18.404 [main] INFO  - Page title: Private Health Insurance for Doctors | Doctors' Health Fund
07:09:18.645 [main] INFO  - Clicking the 'Get Quote' button.
07:09:18.832 [main] INFO  - 'Get Quote' button clicked successfully.
07:09:19.965 [main] INFO  - Selected cover for: Single
07:09:20.470 [main] INFO  - Selected residence: NSW
07:09:21.720 [main] INFO  - Selected annual income: Below $97k
07:09:22.545 [main] INFO  - Selecting the plan: Smart Starter Bronze Plus
07:09:25.558 [main] INFO  - Clicked the element successfully
07:09:25.752 [main] INFO  - Selecting 'Starter Extras'.
07:09:26.162 [main] INFO  - Verifying 'Starter Extras' is enabled.
07:09:26.324 [main] INFO  - Selecting the plan: Prime Choice
07:09:26.532 [main] INFO  - Clicked the element successfully
07:09:26.690 [main] INFO  - Attempting to select 'Starter Extras'.
07:09:26.911 [main] INFO  - Verifying 'Starter Extras' is disabled.
07:09:27.095 [main] INFO  - Selecting the plan: Top Cover
07:09:28.227 [main] WARN  - Element click intercepted, retrying... attempt: 1
07:09:29.348 [main] WARN  - Element click intercepted, retrying... attempt: 2
07:09:30.495 [main] WARN  - Element click intercepted, retrying... attempt: 3
07:09:30.657 [main] INFO  - Clicked the element using JavaScript click as a fallback
07:09:30.891 [main] INFO  - Attempting to select 'Starter Extras'.
07:09:31.326 [main] INFO  - Verifying 'Starter Extras' is disabled.
07:09:35.240 [main] INFO  - Selected 'Extras only' from dropdown.
07:09:35.442 [main] INFO  - Attempting to select 'Starter Extras'.
07:09:38.690 [main] INFO  - Verifying 'Starter Extras' is disabled.
07:09:42.578 [main] INFO  - Selected 'Couple' from dropdown.
07:09:44.132 [main] INFO  - Selecting the plan: Smart Starter Bronze Plus
07:09:44.667 [main] INFO  - Clicked the element successfully
07:09:44.877 [main] INFO  - Selecting 'Starter Extras'.
07:09:45.155 [main] INFO  - Verifying 'Starter Extras' is enabled.
07:09:48.646 [main] INFO  - Selected 'Extras only' from dropdown.
07:09:48.796 [main] INFO  - Attempting to select 'Starter Extras'.
07:09:51.281 [main] INFO  - Verifying 'Starter Extras' is disabled.
07:09:55.078 [main] INFO  - Selected 'Family' from dropdown.
07:09:58.773 [main] INFO  - Selected 'Hospital & Extras' from dropdown.
07:09:58.966 [main] INFO  - Attempting to select 'Starter Extras'.
07:10:00.555 [main] INFO  - Verifying 'Starter Extras' is disabled.
07:10:04.020 [main] INFO  - Selected 'Extras only' from dropdown.
07:10:04.234 [main] INFO  - Attempting to select 'Starter Extras'.
07:10:04.470 [main] INFO  - Verifying 'Starter Extras' is disabled.
07:10:08.432 [main] INFO  - Selected 'Single Parent' from dropdown.
07:10:12.237 [main] INFO  - Selected 'Hospital & Extras' from dropdown.
07:10:12.405 [main] INFO  - Attempting to select 'Starter Extras'.
07:10:13.220 [main] INFO  - Verifying 'Starter Extras' is disabled.
07:10:16.677 [main] INFO  - Selected 'Extras only' from dropdown.
07:10:16.873 [main] INFO  - Attempting to select 'Starter Extras'.
07:10:17.122 [main] INFO  - Verifying 'Starter Extras' is disabled.
08:00:07.204 [main] INFO  - Browser selected: chrome
08:00:10.312 [main] INFO  - ChromeDriver initialized.
08:00:16.416 [main] INFO  - Navigated to URL: https://dms.uat.doctorshealthfund.com.au/
08:00:16.479 [main] INFO  - Navigating to the quote page.
08:00:16.589 [main] INFO  - Page title: Private Health Insurance for Doctors | Doctors' Health Fund
08:00:16.942 [main] INFO  - Clicking the 'Get Quote' button.
08:00:17.100 [main] INFO  - 'Get Quote' button clicked successfully.
08:00:18.266 [main] INFO  - Selected cover for: Single
08:00:18.734 [main] INFO  - Selected residence: NSW
08:00:19.948 [main] INFO  - Selected annual income: Below $97k
08:19:01.730 [main] INFO  - Browser selected: chrome
08:19:05.054 [main] INFO  - ChromeDriver initialized.
08:19:09.730 [main] INFO  - Navigated to URL: https://dms.uat.doctorshealthfund.com.au/
08:19:09.802 [main] INFO  - Navigating to the quote page.
08:19:09.835 [main] INFO  - Page title: Private Health Insurance for Doctors | Doctors' Health Fund
08:19:10.033 [main] INFO  - Clicking the 'Get Quote' button.
08:19:11.144 [main] INFO  - 'Get Quote' button clicked successfully.
08:19:12.285 [main] INFO  - Selected cover for: Single
08:19:12.791 [main] INFO  - Selected residence: NSW
08:19:13.947 [main] INFO  - Selected annual income: Below $97k
08:29:20.989 [main] INFO  - Browser selected: chrome
08:29:23.499 [main] INFO  - ChromeDriver initialized.
08:29:27.218 [main] INFO  - Navigated to URL: https://dms.uat.doctorshealthfund.com.au/
08:29:27.267 [main] INFO  - Navigating to the quote page.
08:29:27.720 [main] INFO  - Page title: Private Health Insurance for Doctors | Doctors' Health Fund
08:29:28.106 [main] INFO  - Clicking the 'Get Quote' button.
08:29:28.279 [main] INFO  - 'Get Quote' button clicked successfully.
08:29:29.526 [main] INFO  - Selected cover for: Single
08:29:30.026 [main] INFO  - Selected residence: NSW
08:29:31.188 [main] INFO  - Selected annual income: Below $97k
08:31:46.582 [main] INFO  - Browser selected: chrome
08:31:49.309 [main] INFO  - ChromeDriver initialized.
08:31:49.721 [main] INFO  - Navigated to URL: https://dms.uat.doctorshealthfund.com.au/
08:31:49.774 [main] INFO  - Navigating to the quote page.
08:31:52.190 [main] INFO  - Page title: Private Health Insurance for Doctors | Doctors' Health Fund
08:31:52.564 [main] INFO  - Clicking the 'Get Quote' button.
08:31:52.801 [main] INFO  - 'Get Quote' button clicked successfully.
08:31:54.122 [main] INFO  - Selected cover for: Single
08:31:54.661 [main] INFO  - Selected residence: NSW
08:31:56.036 [main] INFO  - Selected annual income: Below $97k
08:33:57.332 [main] INFO  - Browser selected: chrome
08:34:01.296 [main] INFO  - ChromeDriver initialized.
08:34:01.574 [main] INFO  - Navigated to URL: https://dms.uat.doctorshealthfund.com.au/
08:34:01.636 [main] INFO  - Navigating to the quote page.
08:34:21.740 [main] INFO  - Browser selected: chrome
08:34:24.214 [main] INFO  - ChromeDriver initialized.
08:34:27.346 [main] INFO  - Navigated to URL: https://dms.uat.doctorshealthfund.com.au/
08:34:27.405 [main] INFO  - Navigating to the quote page.
08:34:27.434 [main] INFO  - Page title: Private Health Insurance for Doctors | Doctors' Health Fund
08:34:27.847 [main] INFO  - Clicking the 'Get Quote' button.
08:35:01.524 [main] INFO  - Browser selected: chrome
08:35:04.064 [main] INFO  - ChromeDriver initialized.
08:35:06.829 [main] INFO  - Navigated to URL: https://dms.uat.doctorshealthfund.com.au/
08:35:06.885 [main] INFO  - Navigating to the quote page.
08:35:06.915 [main] INFO  - Page title: Private Health Insurance for Doctors | Doctors' Health Fund
08:35:07.315 [main] INFO  - Clicking the 'Get Quote' button.
08:35:07.546 [main] INFO  - 'Get Quote' button clicked successfully.
08:35:09.034 [main] INFO  - Selected cover for: Single
08:35:09.665 [main] INFO  - Selected residence: NSW
08:35:10.943 [main] INFO  - Selected annual income: Below $97k
08:40:29.688 [main] INFO  - Browser selected: chrome
08:40:32.303 [main] INFO  - ChromeDriver initialized.
08:40:35.582 [main] INFO  - Navigated to URL: https://dms.uat.doctorshealthfund.com.au/
08:40:35.632 [main] INFO  - Navigating to the quote page.
08:40:35.663 [main] INFO  - Page title: Private Health Insurance for Doctors | Doctors' Health Fund
08:40:35.982 [main] INFO  - Clicking the 'Get Quote' button.
08:40:36.170 [main] INFO  - 'Get Quote' button clicked successfully.
08:40:37.506 [main] INFO  - Selected cover for: Single
08:40:38.013 [main] INFO  - Selected residence: NSW
08:40:39.287 [main] INFO  - Selected annual income: Below $97k
08:43:30.687 [main] INFO  - Browser selected: chrome
08:43:33.286 [main] INFO  - ChromeDriver initialized.
08:43:34.906 [main] INFO  - Navigated to URL: https://dms.uat.doctorshealthfund.com.au/
08:43:35.005 [main] INFO  - Navigating to the quote page.
08:43:35.120 [main] INFO  - Page title: Private Health Insurance for Doctors | Doctors' Health Fund
08:43:36.095 [main] INFO  - Clicking the 'Get Quote' button.
08:43:36.293 [main] INFO  - 'Get Quote' button clicked successfully.
08:43:36.936 [main] INFO  - Selected cover for: Single
08:43:37.472 [main] INFO  - Selected residence: NSW
08:43:38.857 [main] INFO  - Selected annual income: Below $97k
08:46:44.459 [main] INFO  - Browser selected: chrome
08:46:47.150 [main] INFO  - ChromeDriver initialized.
08:46:50.197 [main] INFO  - Navigated to URL: https://dms.uat.doctorshealthfund.com.au/
08:46:50.261 [main] INFO  - Navigating to the quote page.
08:46:50.365 [main] INFO  - Page title: Private Health Insurance for Doctors | Doctors' Health Fund
08:46:50.751 [main] INFO  - Clicking the 'Get Quote' button.
08:46:50.927 [main] INFO  - 'Get Quote' button clicked successfully.
08:46:51.427 [main] INFO  - Selected cover for: Single
08:46:51.940 [main] INFO  - Selected residence: NSW
08:46:53.260 [main] INFO  - Selected annual income: Below $97k
08:48:47.007 [main] INFO  - Browser selected: chrome
08:48:49.680 [main] INFO  - ChromeDriver initialized.
08:48:52.440 [main] INFO  - Navigated to URL: https://dms.uat.doctorshealthfund.com.au/
08:48:52.490 [main] INFO  - Navigating to the quote page.
08:48:52.523 [main] INFO  - Page title: Private Health Insurance for Doctors | Doctors' Health Fund
08:48:53.040 [main] INFO  - Clicking the 'Get Quote' button.
08:48:53.247 [main] INFO  - 'Get Quote' button clicked successfully.
08:48:53.763 [main] INFO  - Selected cover for: Single
08:48:54.295 [main] INFO  - Selected residence: NSW
08:48:55.549 [main] INFO  - Selected annual income: Below $97k
08:50:02.362 [main] INFO  - Browser selected: chrome
08:50:04.875 [main] INFO  - ChromeDriver initialized.
08:50:07.710 [main] INFO  - Navigated to URL: https://dms.uat.doctorshealthfund.com.au/
08:50:07.763 [main] INFO  - Navigating to the quote page.
08:50:07.796 [main] INFO  - Page title: Private Health Insurance for Doctors | Doctors' Health Fund
08:50:08.153 [main] INFO  - Clicking the 'Get Quote' button.
08:50:08.341 [main] INFO  - 'Get Quote' button clicked successfully.
08:50:08.869 [main] INFO  - Selected cover for: Single
08:50:09.371 [main] INFO  - Selected residence: NSW
08:50:10.561 [main] INFO  - Selected annual income: Below $97k
08:52:26.001 [main] INFO  - Browser selected: chrome
08:52:28.546 [main] INFO  - ChromeDriver initialized.
08:52:29.319 [main] INFO  - Navigated to URL: https://dms.uat.doctorshealthfund.com.au/
08:52:29.375 [main] INFO  - Navigating to the quote page.
08:52:31.812 [main] INFO  - Page title: Private Health Insurance for Doctors | Doctors' Health Fund
08:52:32.210 [main] INFO  - Clicking the 'Get Quote' button.
08:52:32.407 [main] INFO  - 'Get Quote' button clicked successfully.
08:52:33.701 [main] INFO  - Selected cover for: Single
08:52:34.278 [main] INFO  - Selected residence: NSW
08:52:35.797 [main] INFO  - Selected annual income: Below $97k
09:03:09.425 [main] INFO  - Browser selected: chrome
09:03:12.268 [main] INFO  - ChromeDriver initialized.
09:03:16.708 [main] INFO  - Navigated to URL: https://dms.uat.doctorshealthfund.com.au/
09:03:16.751 [main] INFO  - Navigating to the quote page.
09:03:16.784 [main] INFO  - Page title: Private Health Insurance for Doctors | Doctors' Health Fund
09:03:16.936 [main] INFO  - Clicking the 'Get Quote' button.
09:03:18.429 [main] INFO  - 'Get Quote' button clicked successfully.
09:03:19.322 [main] INFO  - Selected cover for: Single
09:03:19.834 [main] INFO  - Selected residence: NSW
09:03:21.060 [main] INFO  - Selected annual income: Below $97k
09:06:43.294 [main] INFO  - Browser selected: chrome
09:06:45.906 [main] INFO  - ChromeDriver initialized.
09:06:48.796 [main] INFO  - Navigated to URL: https://dms.uat.doctorshealthfund.com.au/
09:06:48.866 [main] INFO  - Navigating to the quote page.
09:06:48.930 [main] INFO  - Page title: Private Health Insurance for Doctors | Doctors' Health Fund
09:06:49.395 [main] INFO  - Clicking the 'Get Quote' button.
09:06:49.569 [main] INFO  - 'Get Quote' button clicked successfully.
09:06:50.991 [main] INFO  - Selected cover for: Single
09:06:51.612 [main] INFO  - Selected residence: NSW
09:06:52.850 [main] INFO  - Selected annual income: Below $97k
09:07:43.787 [main] INFO  - Browser selected: chrome
09:07:46.388 [main] INFO  - ChromeDriver initialized.
09:07:46.920 [main] INFO  - Navigated to URL: https://dms.uat.doctorshealthfund.com.au/
09:07:46.976 [main] INFO  - Navigating to the quote page.
09:07:48.382 [main] INFO  - Page title: Private Health Insurance for Doctors | Doctors' Health Fund
09:07:48.897 [main] INFO  - Clicking the 'Get Quote' button.
09:07:49.411 [main] INFO  - 'Get Quote' button clicked successfully.
09:07:50.770 [main] INFO  - Selected cover for: Single
09:07:51.359 [main] INFO  - Selected residence: NSW
09:07:52.523 [main] INFO  - Selected annual income: Below $97k
09:11:40.894 [main] INFO  - Browser selected: chrome
09:11:43.456 [main] INFO  - ChromeDriver initialized.
09:11:46.174 [main] INFO  - Navigated to URL: https://dms.uat.doctorshealthfund.com.au/
09:11:46.220 [main] INFO  - Navigating to the quote page.
09:11:46.261 [main] INFO  - Page title: Private Health Insurance for Doctors | Doctors' Health Fund
09:11:46.579 [main] INFO  - Clicking the 'Get Quote' button.
09:11:46.853 [main] INFO  - 'Get Quote' button clicked successfully.
09:11:48.139 [main] INFO  - Selected cover for: Single
09:11:48.680 [main] INFO  - Selected residence: NSW
09:11:49.901 [main] INFO  - Selected annual income: Below $97k
09:14:20.288 [main] INFO  - Browser selected: chrome
09:14:23.123 [main] INFO  - ChromeDriver initialized.
09:14:26.257 [main] INFO  - Navigated to URL: https://dms.uat.doctorshealthfund.com.au/
09:14:26.305 [main] INFO  - Navigating to the quote page.
09:14:26.342 [main] INFO  - Page title: Private Health Insurance for Doctors | Doctors' Health Fund
09:14:26.753 [main] INFO  - Clicking the 'Get Quote' button.
09:14:27.029 [main] INFO  - 'Get Quote' button clicked successfully.
09:14:27.521 [main] INFO  - Selected cover for: Single
09:14:28.096 [main] INFO  - Selected residence: NSW
09:14:29.340 [main] INFO  - Selected annual income: Below $97k
09:29:07.994 [main] INFO  - Browser selected: chrome
09:29:11.605 [main] INFO  - ChromeDriver initialized.
09:29:17.940 [main] INFO  - Navigated to URL: https://dms.uat.doctorshealthfund.com.au/
09:29:18.033 [main] INFO  - Navigating to the quote page.
09:29:18.175 [main] INFO  - Page title: Private Health Insurance for Doctors | Doctors' Health Fund
09:29:18.552 [main] INFO  - Clicking the 'Get Quote' button.
09:29:18.732 [main] INFO  - 'Get Quote' button clicked successfully.
09:29:20.401 [main] INFO  - Selected cover for: Single
09:29:20.884 [main] INFO  - Selected residence: NSW
09:29:22.148 [main] INFO  - Selected annual income: Below $97k
09:37:08.309 [main] INFO  - Browser selected: chrome
09:37:10.943 [main] INFO  - ChromeDriver initialized.
09:37:14.741 [main] INFO  - Navigated to URL: https://dms.uat.doctorshealthfund.com.au/
09:37:14.792 [main] INFO  - Navigating to the quote page.
09:37:14.823 [main] INFO  - Page title: Private Health Insurance for Doctors | Doctors' Health Fund
09:37:15.233 [main] INFO  - Clicking the 'Get Quote' button.
09:37:15.400 [main] INFO  - 'Get Quote' button clicked successfully.
09:37:16.544 [main] INFO  - Selected cover for: Single
09:37:17.043 [main] INFO  - Selected residence: NSW
09:37:18.228 [main] INFO  - Selected annual income: Below $97k
09:38:46.662 [main] INFO  - Browser selected: chrome
09:38:49.367 [main] INFO  - ChromeDriver initialized.
09:38:52.038 [main] INFO  - Navigated to URL: https://dms.uat.doctorshealthfund.com.au/
09:38:52.092 [main] INFO  - Navigating to the quote page.
09:38:52.126 [main] INFO  - Page title: Private Health Insurance for Doctors | Doctors' Health Fund
09:38:52.550 [main] INFO  - Clicking the 'Get Quote' button.
09:38:52.740 [main] INFO  - 'Get Quote' button clicked successfully.
09:38:53.267 [main] INFO  - Selected cover for: Single
09:38:53.774 [main] INFO  - Selected residence: NSW
09:38:54.950 [main] INFO  - Selected annual income: Below $97k
09:41:53.289 [main] INFO  - Browser selected: chrome
09:41:56.230 [main] INFO  - ChromeDriver initialized.
09:41:59.686 [main] INFO  - Navigated to URL: https://dms.uat.doctorshealthfund.com.au/
09:41:59.736 [main] INFO  - Navigating to the quote page.
09:41:59.828 [main] INFO  - Page title: Private Health Insurance for Doctors | Doctors' Health Fund
09:42:00.340 [main] INFO  - Clicking the 'Get Quote' button.
09:42:41.662 [main] INFO  - Browser selected: chrome
09:42:44.700 [main] INFO  - ChromeDriver initialized.
09:42:47.801 [main] INFO  - Navigated to URL: https://dms.uat.doctorshealthfund.com.au/
09:42:47.853 [main] INFO  - Navigating to the quote page.
09:42:47.903 [main] INFO  - Page title: Private Health Insurance for Doctors | Doctors' Health Fund
09:42:48.366 [main] INFO  - Clicking the 'Get Quote' button.
09:43:59.140 [main] INFO  - Browser selected: chrome
09:44:01.673 [main] INFO  - ChromeDriver initialized.
09:44:04.890 [main] INFO  - Navigated to URL: https://dms.uat.doctorshealthfund.com.au/
09:44:04.942 [main] INFO  - Navigating to the quote page.
09:44:04.979 [main] INFO  - Page title: Private Health Insurance for Doctors | Doctors' Health Fund
09:44:05.343 [main] INFO  - Clicking the 'Get Quote' button.
09:44:05.561 [main] INFO  - 'Get Quote' button clicked successfully.
09:44:06.131 [main] INFO  - Selected cover for: Single
09:44:06.626 [main] INFO  - Selected residence: NSW
09:44:07.860 [main] INFO  - Selected annual income: Below $97k
09:46:47.541 [main] INFO  - Browser selected: chrome
09:46:50.032 [main] INFO  - ChromeDriver initialized.
09:46:53.649 [main] INFO  - Navigated to URL: https://dms.uat.doctorshealthfund.com.au/
09:46:53.705 [main] INFO  - Navigating to the quote page.
09:46:53.736 [main] INFO  - Page title: Private Health Insurance for Doctors | Doctors' Health Fund
09:46:54.124 [main] INFO  - Clicking the 'Get Quote' button.
09:47:22.196 [main] INFO  - Browser selected: chrome
09:47:24.570 [main] INFO  - ChromeDriver initialized.
09:47:26.234 [main] INFO  - Navigated to URL: https://dms.uat.doctorshealthfund.com.au/
09:47:26.312 [main] INFO  - Navigating to the quote page.
09:47:26.483 [main] INFO  - Page title: Private Health Insurance for Doctors | Doctors' Health Fund
09:47:27.258 [main] INFO  - Clicking the 'Get Quote' button.
09:58:29.938 [main] INFO  - Browser selected: chrome
09:58:32.751 [main] INFO  - ChromeDriver initialized.
09:58:37.687 [main] INFO  - Navigated to URL: https://dms.uat.doctorshealthfund.com.au/
09:58:37.738 [main] INFO  - Navigating to the quote page.
09:58:38.366 [main] INFO  - Page title: Private Health Insurance for Doctors | Doctors' Health Fund
09:58:38.668 [main] INFO  - Clicking the 'Get Quote' button.
09:58:38.813 [main] INFO  - 'Get Quote' button clicked successfully.
09:58:40.012 [main] INFO  - Selected cover for: Single
09:58:40.498 [main] INFO  - Selected residence: NSW
09:58:41.767 [main] INFO  - Selected annual income: Below $97k
10:09:35.928 [main] INFO  - Browser selected: chrome
10:09:38.578 [main] INFO  - ChromeDriver initialized.
10:09:45.872 [main] INFO  - Navigated to URL: https://dms.uat.doctorshealthfund.com.au/
10:09:45.923 [main] INFO  - Navigating to the quote page.
10:09:45.973 [main] INFO  - Page title: Private Health Insurance for Doctors | Doctors' Health Fund
10:09:46.307 [main] INFO  - Clicking the 'Get Quote' button.
10:09:46.459 [main] INFO  - 'Get Quote' button clicked successfully.
10:09:47.593 [main] INFO  - Selected cover for: Single
10:09:48.084 [main] INFO  - Selected residence: NSW
10:09:49.545 [main] INFO  - Selected annual income: Below $97k
10:14:06.844 [main] INFO  - Browser selected: chrome
10:14:09.327 [main] INFO  - ChromeDriver initialized.
10:14:10.853 [main] INFO  - Navigated to URL: https://dms.uat.doctorshealthfund.com.au/
10:14:10.937 [main] INFO  - Navigating to the quote page.
10:14:11.862 [main] INFO  - Page title: Private Health Insurance for Doctors | Doctors' Health Fund
10:14:12.318 [main] INFO  - Clicking the 'Get Quote' button.
10:14:12.549 [main] INFO  - 'Get Quote' button clicked successfully.
10:14:13.826 [main] INFO  - Selected cover for: Single
10:14:14.336 [main] INFO  - Selected residence: NSW
10:14:15.536 [main] INFO  - Selected annual income: Below $97k
10:18:18.921 [main] INFO  - Browser selected: chrome
10:18:21.602 [main] INFO  - ChromeDriver initialized.
10:18:24.225 [main] INFO  - Navigated to URL: https://dms.uat.doctorshealthfund.com.au/
10:18:24.271 [main] INFO  - Navigating to the quote page.
10:18:24.318 [main] INFO  - Page title: Private Health Insurance for Doctors | Doctors' Health Fund
10:18:24.728 [main] INFO  - Clicking the 'Get Quote' button.
10:18:24.936 [main] INFO  - 'Get Quote' button clicked successfully.
10:18:25.668 [main] INFO  - Selected cover for: Single
10:18:26.170 [main] INFO  - Selected residence: NSW
10:18:27.362 [main] INFO  - Selected annual income: Below $97k
10:19:39.125 [main] INFO  - Browser selected: chrome
10:19:41.699 [main] INFO  - ChromeDriver initialized.
10:19:43.474 [main] INFO  - Navigated to URL: https://dms.uat.doctorshealthfund.com.au/
10:19:43.576 [main] INFO  - Navigating to the quote page.
10:19:43.635 [main] INFO  - Page title: Private Health Insurance for Doctors | Doctors' Health Fund
10:19:44.767 [main] INFO  - Clicking the 'Get Quote' button.
10:19:44.991 [main] INFO  - 'Get Quote' button clicked successfully.
10:19:46.071 [main] INFO  - Selected cover for: Single
10:19:46.590 [main] INFO  - Selected residence: NSW
10:19:47.938 [main] INFO  - Selected annual income: Below $97k
10:24:22.279 [main] INFO  - Browser selected: chrome
10:24:24.977 [main] INFO  - ChromeDriver initialized.
10:24:27.709 [main] INFO  - Navigated to URL: https://dms.uat.doctorshealthfund.com.au/
10:24:27.759 [main] INFO  - Navigating to the quote page.
10:24:27.794 [main] INFO  - Page title: Private Health Insurance for Doctors | Doctors' Health Fund
10:24:28.257 [main] INFO  - Clicking the 'Get Quote' button.
10:24:28.450 [main] INFO  - 'Get Quote' button clicked successfully.
10:24:29.771 [main] INFO  - Selected cover for: Single
10:24:30.347 [main] INFO  - Selected residence: NSW
10:24:31.781 [main] INFO  - Selected annual income: Below $97k
10:26:44.640 [main] INFO  - Browser selected: chrome
10:26:47.121 [main] INFO  - ChromeDriver initialized.
10:26:49.676 [main] INFO  - Navigated to URL: https://dms.uat.doctorshealthfund.com.au/
10:26:49.724 [main] INFO  - Navigating to the quote page.
10:26:49.759 [main] INFO  - Page title: Private Health Insurance for Doctors | Doctors' Health Fund
10:26:50.126 [main] INFO  - Clicking the 'Get Quote' button.
10:26:50.305 [main] INFO  - 'Get Quote' button clicked successfully.
10:26:50.813 [main] INFO  - Selected cover for: Single
10:26:51.401 [main] INFO  - Selected residence: NSW
10:26:52.682 [main] INFO  - Selected annual income: Below $97k
10:30:11.916 [main] INFO  - Browser selected: chrome
10:30:15.006 [main] INFO  - ChromeDriver initialized.
10:30:18.797 [main] INFO  - Navigated to URL: https://dms.uat.doctorshealthfund.com.au/
10:30:18.848 [main] INFO  - Navigating to the quote page.
10:30:18.875 [main] INFO  - Page title: Private Health Insurance for Doctors | Doctors' Health Fund
10:30:19.275 [main] INFO  - Clicking the 'Get Quote' button.
10:30:19.527 [main] INFO  - 'Get Quote' button clicked successfully.
10:30:20.714 [main] INFO  - Selected cover for: Single
10:30:21.261 [main] INFO  - Selected residence: NSW
10:30:22.542 [main] INFO  - Selected annual income: Below $97k
10:48:10.792 [main] INFO  - Browser selected: chrome
10:48:13.662 [main] INFO  - ChromeDriver initialized.
10:48:17.290 [main] INFO  - Navigated to URL: https://dms.uat.doctorshealthfund.com.au/
10:48:17.433 [main] INFO  - Navigating to the quote page.
10:48:17.655 [main] INFO  - Page title: Private Health Insurance for Doctors | Doctors' Health Fund
10:48:18.327 [main] INFO  - Clicking the 'Get Quote' button.
10:48:18.499 [main] INFO  - 'Get Quote' button clicked successfully.
10:48:19.646 [main] INFO  - Selected cover for: Single
10:48:20.168 [main] INFO  - Selected residence: NSW
10:48:21.377 [main] INFO  - Selected annual income: Below $97k
10:51:13.945 [main] INFO  - Browser selected: chrome
10:51:16.622 [main] INFO  - ChromeDriver initialized.
10:51:19.395 [main] INFO  - Navigated to URL: https://dms.uat.doctorshealthfund.com.au/
10:51:19.447 [main] INFO  - Navigating to the quote page.
10:51:19.478 [main] INFO  - Page title: Private Health Insurance for Doctors | Doctors' Health Fund
10:51:19.992 [main] INFO  - Clicking the 'Get Quote' button.
10:51:20.271 [main] INFO  - 'Get Quote' button clicked successfully.
10:51:20.836 [main] INFO  - Selected cover for: Single
10:51:21.558 [main] INFO  - Selected residence: NSW
10:51:22.825 [main] INFO  - Selected annual income: Below $97k
10:52:44.257 [main] INFO  - Browser selected: chrome
10:52:47.784 [main] INFO  - ChromeDriver initialized.
10:52:48.293 [main] INFO  - Navigated to URL: https://dms.uat.doctorshealthfund.com.au/
10:52:48.350 [main] INFO  - Navigating to the quote page.
10:52:50.499 [main] INFO  - Page title: Private Health Insurance for Doctors | Doctors' Health Fund
10:52:50.897 [main] INFO  - Clicking the 'Get Quote' button.
10:52:51.077 [main] INFO  - 'Get Quote' button clicked successfully.
10:52:52.440 [main] INFO  - Selected cover for: Single
10:52:53.013 [main] INFO  - Selected residence: NSW
10:52:54.313 [main] INFO  - Selected annual income: Below $97k
10:56:24.065 [main] INFO  - Browser selected: chrome
10:56:26.693 [main] INFO  - ChromeDriver initialized.
10:56:27.427 [main] INFO  - Navigated to URL: https://dms.uat.doctorshealthfund.com.au/
10:56:27.483 [main] INFO  - Navigating to the quote page.
10:56:29.974 [main] INFO  - Page title: Private Health Insurance for Doctors | Doctors' Health Fund
10:56:30.366 [main] INFO  - Clicking the 'Get Quote' button.
10:56:30.571 [main] INFO  - 'Get Quote' button clicked successfully.
10:56:31.066 [main] INFO  - Selected cover for: Single
10:56:31.590 [main] INFO  - Selected residence: NSW
10:56:32.778 [main] INFO  - Selected annual income: Below $97k
10:57:54.841 [main] INFO  - Browser selected: chrome
10:57:57.617 [main] INFO  - ChromeDriver initialized.
10:57:57.956 [main] INFO  - Navigated to URL: https://dms.uat.doctorshealthfund.com.au/
