10:29:26.647 [main] INFO  - Page title: Private Health Insurance for Doctors | Doctors' Health Fund
10:29:27.036 [main] INFO  - Clicking the 'Get Quote' button.
10:29:27.242 [main] INFO  - 'Get Quote' button clicked successfully.
10:30:36.756 [main] INFO  - Browser selected: chrome
10:30:39.623 [main] INFO  - ChromeDriver initialized.
10:30:43.640 [main] INFO  - Navigated to URL: https://uat.doctorshealthfund.com.au/
10:30:43.693 [main] INFO  - Navigating to the quote page.
10:30:43.731 [main] INFO  - Page title: Private Health Insurance for Doctors | Doctors' Health Fund
10:30:44.274 [main] INFO  - Clicking the 'Get Quote' button.
10:30:44.460 [main] INFO  - 'Get Quote' button clicked successfully.
10:32:21.295 [main] INFO  - Browser selected: chrome
10:32:23.989 [main] INFO  - ChromeDriver initialized.
10:32:29.687 [main] INFO  - Navigated to URL: https://uat.doctorshealthfund.com.au/
10:32:29.744 [main] INFO  - Navigating to the quote page.
10:32:29.779 [main] INFO  - Page title: Private Health Insurance for Doctors | Doctors' Health Fund
10:32:30.243 [main] INFO  - Clicking the 'Get Quote' button.
10:32:30.468 [main] INFO  - 'Get Quote' button clicked successfully.
10:44:48.698 [main] INFO  - Browser selected: chrome
10:44:51.615 [main] INFO  - ChromeDriver initialized.
10:44:55.557 [main] INFO  - Navigated to URL: https://uat.doctorshealthfund.com.au/
10:44:55.611 [main] INFO  - Navigating to the quote page.
10:44:55.648 [main] INFO  - Page title: Private Health Insurance for Doctors | Doctors' Health Fund
10:44:55.978 [main] INFO  - Clicking the 'Get Quote' button.
10:44:56.176 [main] INFO  - 'Get Quote' button clicked successfully.
10:56:58.242 [main] INFO  - Browser selected: chrome
10:57:01.740 [main] INFO  - ChromeDriver initialized.
10:57:06.434 [main] INFO  - Navigated to URL: https://uat.doctorshealthfund.com.au/
10:57:06.489 [main] INFO  - Navigating to the quote page.
10:57:06.539 [main] INFO  - Page title: Private Health Insurance for Doctors | Doctors' Health Fund
10:57:06.946 [main] INFO  - Clicking the 'Get Quote' button.
10:57:07.184 [main] INFO  - 'Get Quote' button clicked successfully.
10:57:12.336 [main] INFO  - Selected 'Couple' from dropdown.
11:07:32.129 [main] INFO  - Browser selected: chrome
11:07:34.858 [main] INFO  - ChromeDriver initialized.
11:07:39.246 [main] INFO  - Navigated to URL: https://uat.doctorshealthfund.com.au/
11:07:39.299 [main] INFO  - Navigating to the quote page.
11:07:39.342 [main] INFO  - Page title: Private Health Insurance for Doctors | Doctors' Health Fund
11:07:39.688 [main] INFO  - Clicking the 'Get Quote' button.
11:07:39.885 [main] INFO  - 'Get Quote' button clicked successfully.
11:07:44.579 [main] INFO  - Selected 'Couple' from dropdown.
11:56:45.375 [main] INFO  - Browser selected: chrome
11:56:48.452 [main] INFO  - ChromeDriver initialized.
11:56:55.035 [main] INFO  - Navigated to URL: https://uat.doctorshealthfund.com.au/
11:56:55.112 [main] INFO  - Navigating to the quote page.
11:56:55.312 [main] INFO  - Page title: Private Health Insurance for Doctors | Doctors' Health Fund
11:56:55.671 [main] INFO  - Clicking the 'Get Quote' button.
11:56:55.920 [main] INFO  - 'Get Quote' button clicked successfully.
11:57:00.659 [main] INFO  - Selected 'Couple' from dropdown.
12:02:22.249 [main] INFO  - Browser selected: chrome
12:02:26.184 [main] INFO  - ChromeDriver initialized.
12:02:33.006 [main] INFO  - Navigated to URL: https://uat.doctorshealthfund.com.au/
12:02:33.059 [main] INFO  - Navigating to the quote page.
12:02:33.107 [main] INFO  - Page title: Private Health Insurance for Doctors | Doctors' Health Fund
12:02:33.528 [main] INFO  - Clicking the 'Get Quote' button.
12:02:33.813 [main] INFO  - 'Get Quote' button clicked successfully.
12:02:39.535 [main] INFO  - Selected 'Couple' from dropdown.
12:04:06.413 [main] INFO  - Browser selected: chrome
12:04:09.384 [main] INFO  - ChromeDriver initialized.
12:04:09.863 [main] INFO  - Navigated to URL: https://uat.doctorshealthfund.com.au/
12:04:09.939 [main] INFO  - Navigating to the quote page.
12:04:13.828 [main] INFO  - Page title: Private Health Insurance for Doctors | Doctors' Health Fund
12:04:14.236 [main] INFO  - Clicking the 'Get Quote' button.
12:04:14.502 [main] INFO  - 'Get Quote' button clicked successfully.
12:04:19.457 [main] INFO  - Selected 'Couple' from dropdown.
12:04:59.142 [main] INFO  - Browser selected: chrome
12:05:02.120 [main] INFO  - ChromeDriver initialized.
12:05:06.321 [main] INFO  - Navigated to URL: https://uat.doctorshealthfund.com.au/
12:05:06.381 [main] INFO  - Navigating to the quote page.
12:05:06.520 [main] INFO  - Page title: Private Health Insurance for Doctors | Doctors' Health Fund
12:05:06.912 [main] INFO  - Clicking the 'Get Quote' button.
12:05:07.245 [main] INFO  - 'Get Quote' button clicked successfully.
12:05:12.810 [main] INFO  - Selected 'Couple' from dropdown.
12:06:26.130 [main] INFO  - Browser selected: chrome
12:06:29.023 [main] INFO  - ChromeDriver initialized.
12:06:31.188 [main] INFO  - Navigated to URL: https://uat.doctorshealthfund.com.au/
12:06:31.240 [main] INFO  - Navigating to the quote page.
12:06:31.267 [main] INFO  - Page title: Private Health Insurance for Doctors | Doctors' Health Fund
12:06:31.454 [main] INFO  - Clicking the 'Get Quote' button.
12:06:31.814 [main] INFO  - 'Get Quote' button clicked successfully.
12:06:37.000 [main] INFO  - Selected 'Couple' from dropdown.
12:14:56.537 [main] INFO  - Browser selected: chrome
12:14:59.342 [main] INFO  - ChromeDriver initialized.
12:15:00.470 [main] INFO  - Navigated to URL: https://uat.doctorshealthfund.com.au/
12:15:00.518 [main] INFO  - Navigating to the quote page.
12:15:03.735 [main] INFO  - Page title: Private Health Insurance for Doctors | Doctors' Health Fund
12:15:04.141 [main] INFO  - Clicking the 'Get Quote' button.
12:15:04.450 [main] INFO  - 'Get Quote' button clicked successfully.
12:15:09.381 [main] INFO  - Selected 'Couple' from dropdown.
12:25:21.845 [main] INFO  - Browser selected: chrome
12:25:24.564 [main] INFO  - ChromeDriver initialized.
12:25:29.889 [main] INFO  - Navigated to URL: https://uat.doctorshealthfund.com.au/
12:25:29.947 [main] INFO  - Navigating to the quote page.
12:25:29.988 [main] INFO  - Page title: Private Health Insurance for Doctors | Doctors' Health Fund
12:25:30.518 [main] INFO  - Clicking the 'Get Quote' button.
12:25:30.703 [main] INFO  - 'Get Quote' button clicked successfully.
12:25:35.492 [main] INFO  - Selected 'Couple' from dropdown.
12:25:37.341 [main] INFO  - Selecting the plan: Smart Starter Bronze Plus
12:25:39.758 [main] INFO  - Selecting 'Starter Extras'.
12:25:40.033 [main] INFO  - Verifying 'Starter Extras' is enabled.
12:26:12.098 [main] INFO  - Browser selected: chrome
12:26:14.924 [main] INFO  - ChromeDriver initialized.
12:26:19.021 [main] INFO  - Navigated to URL: https://uat.doctorshealthfund.com.au/
12:26:19.084 [main] INFO  - Navigating to the quote page.
12:26:19.112 [main] INFO  - Page title: Private Health Insurance for Doctors | Doctors' Health Fund
12:26:19.468 [main] INFO  - Clicking the 'Get Quote' button.
12:27:09.154 [main] INFO  - Browser selected: chrome
12:27:11.993 [main] INFO  - ChromeDriver initialized.
12:27:15.960 [main] INFO  - Navigated to URL: https://uat.doctorshealthfund.com.au/
12:27:15.997 [main] INFO  - Navigating to the quote page.
12:27:16.040 [main] INFO  - Page title: Private Health Insurance for Doctors | Doctors' Health Fund
12:27:16.521 [main] INFO  - Clicking the 'Get Quote' button.
12:27:16.694 [main] INFO  - 'Get Quote' button clicked successfully.
12:27:21.541 [main] INFO  - Selected 'Couple' from dropdown.
12:27:22.897 [main] INFO  - Selecting the plan: Smart Starter Bronze Plus
12:27:24.690 [main] INFO  - Selecting 'Starter Extras'.
12:27:25.002 [main] INFO  - Verifying 'Starter Extras' is enabled.
12:28:46.819 [main] INFO  - Browser selected: chrome
12:28:49.482 [main] INFO  - ChromeDriver initialized.
12:28:53.518 [main] INFO  - Navigated to URL: https://uat.doctorshealthfund.com.au/
12:28:53.567 [main] INFO  - Navigating to the quote page.
12:28:53.614 [main] INFO  - Page title: Private Health Insurance for Doctors | Doctors' Health Fund
12:28:53.966 [main] INFO  - Clicking the 'Get Quote' button.
12:28:54.158 [main] INFO  - 'Get Quote' button clicked successfully.
12:28:58.363 [main] INFO  - Selected 'Couple' from dropdown.
12:28:59.950 [main] INFO  - Selecting the plan: Smart Starter Bronze Plus
12:29:01.003 [main] INFO  - Selecting 'Starter Extras'.
12:29:01.328 [main] INFO  - Verifying 'Starter Extras' is enabled.
12:29:07.104 [main] INFO  - Selected 'Extras only' from dropdown.
12:29:07.370 [main] INFO  - Attempting to select 'Starter Extras'.
12:29:09.122 [main] INFO  - Verifying 'Starter Extras' is disabled.
12:32:53.511 [main] INFO  - Browser selected: chrome
12:32:56.770 [main] INFO  - ChromeDriver initialized.
12:33:00.745 [main] INFO  - Navigated to URL: https://uat.doctorshealthfund.com.au/
12:33:00.803 [main] INFO  - Navigating to the quote page.
12:33:00.839 [main] INFO  - Page title: Private Health Insurance for Doctors | Doctors' Health Fund
12:33:01.203 [main] INFO  - Clicking the 'Get Quote' button.
12:33:01.419 [main] INFO  - 'Get Quote' button clicked successfully.
12:33:06.286 [main] INFO  - Selected 'Couple' from dropdown.
12:33:07.865 [main] INFO  - Selecting the plan: Smart Starter Bronze Plus
12:33:09.503 [main] INFO  - Selecting 'Starter Extras'.
12:33:09.768 [main] INFO  - Verifying 'Starter Extras' is enabled.
12:34:04.205 [main] INFO  - Browser selected: chrome
12:34:07.088 [main] INFO  - ChromeDriver initialized.
12:34:11.435 [main] INFO  - Navigated to URL: https://uat.doctorshealthfund.com.au/
12:34:11.491 [main] INFO  - Navigating to the quote page.
12:34:11.520 [main] INFO  - Page title: Private Health Insurance for Doctors | Doctors' Health Fund
12:34:11.842 [main] INFO  - Clicking the 'Get Quote' button.
12:34:12.075 [main] INFO  - 'Get Quote' button clicked successfully.
12:34:17.336 [main] INFO  - Selected 'Couple' from dropdown.
12:34:19.270 [main] INFO  - Selecting the plan: Smart Starter Bronze Plus
12:34:20.927 [main] INFO  - Selecting 'Starter Extras'.
12:34:21.262 [main] INFO  - Verifying 'Starter Extras' is enabled.
12:34:24.950 [main] INFO  - Selected 'Extras only' from dropdown.
12:34:25.179 [main] INFO  - Attempting to select 'Starter Extras'.
12:34:27.350 [main] INFO  - Verifying 'Starter Extras' is disabled.
14:55:16.458 [main] INFO  - Browser selected: chrome
14:55:20.004 [main] INFO  - ChromeDriver initialized.
14:55:22.909 [main] INFO  - Navigated to URL: https://uat.doctorshealthfund.com.au/
14:55:22.963 [main] INFO  - Navigating to the quote page.
14:55:27.826 [main] INFO  - Page title: Private Health Insurance for Doctors | Doctors' Health Fund
14:55:28.182 [main] INFO  - Clicking the 'Get Quote' button.
14:55:28.375 [main] INFO  - 'Get Quote' button clicked successfully.
14:55:32.453 [main] INFO  - Selecting the plan: Smart Starter Bronze Plus
14:55:34.836 [main] INFO  - Selecting 'Starter Extras'.
14:55:35.202 [main] INFO  - Verifying 'Starter Extras' is enabled.
14:55:35.428 [main] INFO  - Selecting the plan: Prime Choice
14:55:35.939 [main] INFO  - Attempting to select 'Starter Extras'.
14:55:36.220 [main] INFO  - Verifying 'Starter Extras' is disabled.
14:55:36.404 [main] INFO  - Selecting the plan: Top Cover
14:55:36.765 [main] INFO  - Attempting to select 'Starter Extras'.
14:55:36.965 [main] INFO  - Verifying 'Starter Extras' is disabled.
14:55:40.792 [main] INFO  - Selected 'Extras only' from dropdown.
14:55:41.012 [main] INFO  - Attempting to select 'Starter Extras'.
14:55:42.823 [main] INFO  - Verifying 'Starter Extras' is disabled.
14:55:43.059 [main] INFO  - Browser selected: chrome
14:55:46.541 [main] INFO  - ChromeDriver initialized.
14:55:50.916 [main] INFO  - Navigated to URL: https://uat.doctorshealthfund.com.au/
14:55:50.919 [main] INFO  - Navigating to the quote page.
14:55:50.976 [main] INFO  - Page title: Private Health Insurance for Doctors | Doctors' Health Fund
14:55:51.265 [main] INFO  - Clicking the 'Get Quote' button.
14:55:51.531 [main] INFO  - 'Get Quote' button clicked successfully.
14:55:56.932 [main] INFO  - Selected 'Couple' from dropdown.
14:55:58.745 [main] INFO  - Selecting the plan: Smart Starter Bronze Plus
14:55:59.757 [main] INFO  - Selecting 'Starter Extras'.
14:56:00.247 [main] INFO  - Verifying 'Starter Extras' is enabled.
14:56:04.012 [main] INFO  - Selected 'Extras only' from dropdown.
14:56:04.227 [main] INFO  - Attempting to select 'Starter Extras'.
14:56:05.930 [main] INFO  - Verifying 'Starter Extras' is disabled.
15:06:10.277 [main] INFO  - Browser selected: chrome
15:06:13.180 [main] INFO  - ChromeDriver initialized.
15:06:18.188 [main] INFO  - Navigated to URL: https://uat.doctorshealthfund.com.au/
15:06:18.230 [main] INFO  - Navigating to the quote page.
15:06:18.259 [main] INFO  - Page title: Private Health Insurance for Doctors | Doctors' Health Fund
15:06:18.730 [main] INFO  - Clicking the 'Get Quote' button.
15:06:18.921 [main] INFO  - 'Get Quote' button clicked successfully.
15:06:22.947 [main] INFO  - Selecting the plan: Smart Starter Bronze Plus
15:06:26.892 [main] INFO  - Selecting 'Starter Extras'.
15:06:27.209 [main] INFO  - Verifying 'Starter Extras' is enabled.
15:06:27.414 [main] INFO  - Selecting the plan: Prime Choice
15:06:27.729 [main] INFO  - Attempting to select 'Starter Extras'.
15:06:27.949 [main] INFO  - Verifying 'Starter Extras' is disabled.
15:06:28.129 [main] INFO  - Selecting the plan: Top Cover
15:06:28.386 [main] INFO  - Attempting to select 'Starter Extras'.
15:06:28.607 [main] INFO  - Verifying 'Starter Extras' is disabled.
15:06:32.414 [main] INFO  - Selected 'Extras only' from dropdown.
15:06:32.653 [main] INFO  - Attempting to select 'Starter Extras'.
15:06:33.789 [main] INFO  - Verifying 'Starter Extras' is disabled.
15:07:44.543 [main] INFO  - Browser selected: chrome
15:07:47.974 [main] INFO  - ChromeDriver initialized.
15:07:51.930 [main] INFO  - Navigated to URL: https://uat.doctorshealthfund.com.au/
15:07:51.994 [main] INFO  - Navigating to the quote page.
15:07:52.182 [main] INFO  - Page title: Private Health Insurance for Doctors | Doctors' Health Fund
15:07:52.546 [main] INFO  - Clicking the 'Get Quote' button.
15:07:52.779 [main] INFO  - 'Get Quote' button clicked successfully.
15:07:57.243 [main] INFO  - Selecting the plan: Smart Starter Bronze Plus
15:08:00.552 [main] INFO  - Selecting 'Starter Extras'.
15:08:00.951 [main] INFO  - Verifying 'Starter Extras' is enabled.
15:08:01.179 [main] INFO  - Selecting the plan: Prime Choice
15:08:01.627 [main] INFO  - Attempting to select 'Starter Extras'.
15:08:03.496 [main] INFO  - Verifying 'Starter Extras' is disabled.
15:08:03.649 [main] INFO  - Selecting the plan: Top Cover
15:08:04.042 [main] INFO  - Attempting to select 'Starter Extras'.
15:08:04.387 [main] INFO  - Verifying 'Starter Extras' is disabled.
15:08:08.027 [main] INFO  - Selected 'Extras only' from dropdown.
15:08:08.254 [main] INFO  - Attempting to select 'Starter Extras'.
15:08:09.907 [main] INFO  - Verifying 'Starter Extras' is disabled.
15:08:14.029 [main] INFO  - Selected 'Couple' from dropdown.
15:08:15.469 [main] INFO  - Selecting the plan: Smart Starter Bronze Plus
15:10:20.629 [main] INFO  - Browser selected: chrome
15:10:23.479 [main] INFO  - ChromeDriver initialized.
15:10:24.215 [main] INFO  - Navigated to URL: https://uat.doctorshealthfund.com.au/
15:10:24.280 [main] INFO  - Navigating to the quote page.
15:10:25.596 [main] INFO  - Page title: Private Health Insurance for Doctors | Doctors' Health Fund
15:10:25.809 [main] INFO  - Clicking the 'Get Quote' button.
15:10:26.151 [main] INFO  - 'Get Quote' button clicked successfully.
15:10:30.845 [main] INFO  - Selecting the plan: Smart Starter Bronze Plus
15:10:32.997 [main] INFO  - Selecting 'Starter Extras'.
15:10:33.344 [main] INFO  - Verifying 'Starter Extras' is enabled.
15:10:33.517 [main] INFO  - Selecting the plan: Prime Choice
15:10:33.884 [main] INFO  - Attempting to select 'Starter Extras'.
15:10:34.105 [main] INFO  - Verifying 'Starter Extras' is disabled.
15:10:34.263 [main] INFO  - Selecting the plan: Top Cover
15:10:34.548 [main] INFO  - Attempting to select 'Starter Extras'.
15:10:34.768 [main] INFO  - Verifying 'Starter Extras' is disabled.
15:10:38.397 [main] INFO  - Selected 'Extras only' from dropdown.
15:10:38.600 [main] INFO  - Attempting to select 'Starter Extras'.
15:10:42.386 [main] INFO  - Verifying 'Starter Extras' is disabled.
15:10:46.539 [main] INFO  - Selected 'Couple' from dropdown.
15:10:48.003 [main] INFO  - Selecting the plan: Smart Starter Bronze Plus
15:12:51.362 [main] INFO  - Browser selected: chrome
15:12:54.720 [main] INFO  - ChromeDriver initialized.
15:12:59.038 [main] INFO  - Navigated to URL: https://uat.doctorshealthfund.com.au/
15:12:59.090 [main] INFO  - Navigating to the quote page.
15:12:59.125 [main] INFO  - Page title: Private Health Insurance for Doctors | Doctors' Health Fund
15:12:59.463 [main] INFO  - Clicking the 'Get Quote' button.
15:12:59.734 [main] INFO  - 'Get Quote' button clicked successfully.
15:13:03.918 [main] INFO  - Selecting the plan: Smart Starter Bronze Plus
15:13:06.042 [main] INFO  - Selecting 'Starter Extras'.
15:13:06.416 [main] INFO  - Verifying 'Starter Extras' is enabled.
15:13:06.639 [main] INFO  - Selecting the plan: Prime Choice
15:13:07.017 [main] INFO  - Attempting to select 'Starter Extras'.
15:13:07.245 [main] INFO  - Verifying 'Starter Extras' is disabled.
15:13:07.429 [main] INFO  - Selecting the plan: Top Cover
15:13:07.765 [main] INFO  - Attempting to select 'Starter Extras'.
15:13:08.018 [main] INFO  - Verifying 'Starter Extras' is disabled.
15:13:08.258 [main] INFO  - Browser selected: chrome
15:13:10.407 [main] INFO  - ChromeDriver initialized.
15:13:16.810 [main] INFO  - Navigated to URL: https://uat.doctorshealthfund.com.au/
15:13:16.813 [main] INFO  - Navigating to the quote page.
15:13:16.859 [main] INFO  - Page title: Private Health Insurance for Doctors | Doctors' Health Fund
15:13:17.185 [main] INFO  - Clicking the 'Get Quote' button.
15:13:17.424 [main] INFO  - 'Get Quote' button clicked successfully.
15:13:24.246 [main] INFO  - Selected 'Couple' from dropdown.
15:13:26.119 [main] INFO  - Selecting the plan: Smart Starter Bronze Plus
15:13:28.089 [main] INFO  - Selecting 'Starter Extras'.
15:13:28.533 [main] INFO  - Verifying 'Starter Extras' is enabled.
15:13:32.377 [main] INFO  - Selected 'Extras only' from dropdown.
15:13:32.588 [main] INFO  - Attempting to select 'Starter Extras'.
15:13:34.186 [main] INFO  - Verifying 'Starter Extras' is disabled.
15:18:19.464 [main] INFO  - Browser selected: chrome
15:18:22.992 [main] INFO  - ChromeDriver initialized.
15:18:27.579 [main] INFO  - Navigated to URL: https://uat.doctorshealthfund.com.au/
15:18:27.626 [main] INFO  - Navigating to the quote page.
15:18:27.658 [main] INFO  - Page title: Private Health Insurance for Doctors | Doctors' Health Fund
15:18:28.071 [main] INFO  - Clicking the 'Get Quote' button.
15:18:28.287 [main] INFO  - 'Get Quote' button clicked successfully.
15:18:32.163 [main] INFO  - Selecting the plan: Smart Starter Bronze Plus
15:18:34.229 [main] INFO  - Selecting 'Starter Extras'.
15:18:34.504 [main] INFO  - Verifying 'Starter Extras' is enabled.
15:18:34.685 [main] INFO  - Selecting the plan: Prime Choice
15:18:35.071 [main] INFO  - Attempting to select 'Starter Extras'.
15:18:35.303 [main] INFO  - Verifying 'Starter Extras' is disabled.
15:18:35.470 [main] INFO  - Selecting the plan: Top Cover
15:18:35.776 [main] INFO  - Attempting to select 'Starter Extras'.
15:18:35.997 [main] INFO  - Verifying 'Starter Extras' is disabled.
15:18:39.507 [main] INFO  - Selected 'Extras only' from dropdown.
15:18:39.730 [main] INFO  - Attempting to select 'Starter Extras'.
15:18:41.544 [main] INFO  - Verifying 'Starter Extras' is disabled.
15:18:46.070 [main] INFO  - Selected 'Couple' from dropdown.
15:18:47.877 [main] INFO  - Selecting the plan: Smart Starter Bronze Plus
15:22:39.590 [main] INFO  - Browser selected: chrome
15:22:42.804 [main] INFO  - ChromeDriver initialized.
15:22:46.822 [main] INFO  - Navigated to URL: https://uat.doctorshealthfund.com.au/
15:22:46.881 [main] INFO  - Navigating to the quote page.
15:22:46.908 [main] INFO  - Page title: Private Health Insurance for Doctors | Doctors' Health Fund
15:22:47.268 [main] INFO  - Clicking the 'Get Quote' button.
15:22:47.468 [main] INFO  - 'Get Quote' button clicked successfully.
15:22:51.671 [main] INFO  - Selecting the plan: Smart Starter Bronze Plus
15:22:53.636 [main] INFO  - Selecting 'Starter Extras'.
15:22:54.009 [main] INFO  - Verifying 'Starter Extras' is enabled.
15:22:54.159 [main] INFO  - Selecting the plan: Prime Choice
15:22:54.501 [main] INFO  - Attempting to select 'Starter Extras'.
15:22:54.746 [main] INFO  - Verifying 'Starter Extras' is disabled.
15:22:54.965 [main] INFO  - Selecting the plan: Top Cover
15:22:55.279 [main] INFO  - Attempting to select 'Starter Extras'.
15:22:55.523 [main] INFO  - Verifying 'Starter Extras' is disabled.
15:22:59.439 [main] INFO  - Selected 'Extras only' from dropdown.
15:22:59.650 [main] INFO  - Attempting to select 'Starter Extras'.
15:23:01.342 [main] INFO  - Verifying 'Starter Extras' is disabled.
15:23:11.388 [main] INFO  - Selected 'Couple' from dropdown.
15:23:12.691 [main] INFO  - Selecting the plan: Smart Starter Bronze Plus
15:25:54.246 [main] INFO  - Browser selected: chrome
15:25:57.251 [main] INFO  - ChromeDriver initialized.
15:25:57.793 [main] INFO  - Navigated to URL: https://uat.doctorshealthfund.com.au/
15:25:57.845 [main] INFO  - Navigating to the quote page.
15:26:01.574 [main] INFO  - Page title: Private Health Insurance for Doctors | Doctors' Health Fund
15:26:01.956 [main] INFO  - Clicking the 'Get Quote' button.
15:26:02.197 [main] INFO  - 'Get Quote' button clicked successfully.
15:26:06.689 [main] INFO  - Selecting the plan: Smart Starter Bronze Plus
15:26:09.123 [main] INFO  - Selecting 'Starter Extras'.
15:26:09.543 [main] INFO  - Verifying 'Starter Extras' is enabled.
15:26:10.488 [main] INFO  - Selecting the plan: Prime Choice
15:26:11.031 [main] INFO  - Attempting to select 'Starter Extras'.
15:26:11.335 [main] INFO  - Verifying 'Starter Extras' is disabled.
15:26:11.537 [main] INFO  - Selecting the plan: Top Cover
15:26:12.028 [main] INFO  - Attempting to select 'Starter Extras'.
15:26:12.383 [main] INFO  - Verifying 'Starter Extras' is disabled.
15:26:12.716 [main] INFO  - Browser selected: chrome
15:26:15.974 [main] INFO  - ChromeDriver initialized.
15:26:21.370 [main] INFO  - Navigated to URL: https://uat.doctorshealthfund.com.au/
15:26:21.378 [main] INFO  - Navigating to the quote page.
15:26:21.440 [main] INFO  - Page title: Private Health Insurance for Doctors | Doctors' Health Fund
15:26:21.690 [main] INFO  - Clicking the 'Get Quote' button.
15:26:21.926 [main] INFO  - 'Get Quote' button clicked successfully.
15:26:26.277 [main] INFO  - Selected 'Couple' from dropdown.
15:26:28.212 [main] INFO  - Selecting the plan: Smart Starter Bronze Plus
15:26:29.880 [main] INFO  - Selecting 'Starter Extras'.
15:26:30.198 [main] INFO  - Verifying 'Starter Extras' is enabled.
15:26:33.770 [main] INFO  - Selected 'Extras only' from dropdown.
15:26:33.975 [main] INFO  - Attempting to select 'Starter Extras'.
15:26:35.634 [main] INFO  - Verifying 'Starter Extras' is disabled.
07:39:17.953 [main] INFO  - Browser selected: chrome
07:39:22.391 [main] INFO  - ChromeDriver initialized.
07:39:28.294 [main] INFO  - Navigated to URL: https://uat.doctorshealthfund.com.au/
07:39:28.380 [main] INFO  - Navigating to the quote page.
07:39:28.540 [main] INFO  - Page title: Private Health Insurance for Doctors | Doctors' Health Fund
07:39:28.761 [main] INFO  - Clicking the 'Get Quote' button.
07:39:29.023 [main] INFO  - 'Get Quote' button clicked successfully.
07:39:34.099 [main] INFO  - Selected 'Couple' from dropdown.
07:39:35.647 [main] INFO  - Selecting the plan: Smart Starter Bronze Plus
07:39:37.108 [main] INFO  - Selecting 'Starter Extras'.
07:39:37.393 [main] INFO  - Verifying 'Starter Extras' is enabled.
07:39:41.073 [main] INFO  - Selected 'Extras only' from dropdown.
07:39:41.298 [main] INFO  - Attempting to select 'Starter Extras'.
07:39:43.069 [main] INFO  - Verifying 'Starter Extras' is disabled.
07:39:43.284 [main] INFO  - Browser selected: chrome
07:39:45.637 [main] INFO  - ChromeDriver initialized.
07:39:51.104 [main] INFO  - Navigated to URL: https://uat.doctorshealthfund.com.au/
07:39:51.107 [main] INFO  - Navigating to the quote page.
07:39:51.410 [main] INFO  - Page title: Private Health Insurance for Doctors | Doctors' Health Fund
07:39:51.779 [main] INFO  - Clicking the 'Get Quote' button.
07:39:51.983 [main] INFO  - 'Get Quote' button clicked successfully.
07:39:58.387 [main] INFO  - Selected 'Family' from dropdown.
08:07:35.808 [main] INFO  - Browser selected: chrome
08:07:38.550 [main] INFO  - ChromeDriver initialized.
08:07:45.823 [main] INFO  - Navigated to URL: https://uat.doctorshealthfund.com.au/
08:09:22.718 [main] INFO  - Browser selected: chrome
08:09:25.399 [main] INFO  - ChromeDriver initialized.
08:09:29.239 [main] INFO  - Navigated to URL: https://uat.doctorshealthfund.com.au/
08:17:11.555 [main] INFO  - Browser selected: chrome
08:17:14.323 [main] INFO  - ChromeDriver initialized.
08:17:17.992 [main] INFO  - Navigated to URL: https://uat.doctorshealthfund.com.au/
08:17:18.049 [main] INFO  - Navigating to the quote page.
08:17:18.091 [main] INFO  - Page title: Private Health Insurance for Doctors | Doctors' Health Fund
08:17:18.296 [main] INFO  - Clicking the 'Get Quote' button.
08:17:18.521 [main] INFO  - 'Get Quote' button clicked successfully.
08:17:23.522 [main] INFO  - Selected 'Family' from dropdown.
08:43:06.701 [main] INFO  - Browser selected: chrome
08:43:10.140 [main] INFO  - ChromeDriver initialized.
08:43:16.333 [main] INFO  - Navigated to URL: https://uat.doctorshealthfund.com.au/
08:43:16.397 [main] INFO  - Navigating to the quote page.
08:43:16.506 [main] INFO  - Page title: Private Health Insurance for Doctors | Doctors' Health Fund
08:43:16.771 [main] INFO  - Clicking the 'Get Quote' button.
08:43:16.971 [main] INFO  - 'Get Quote' button clicked successfully.
08:43:18.728 [main] INFO  - Selected residence: VIC
08:43:21.887 [main] INFO  - Selected 'Family' from dropdown.
08:43:57.575 [main] INFO  - Browser selected: chrome
08:44:00.456 [main] INFO  - ChromeDriver initialized.
08:44:05.146 [main] INFO  - Navigated to URL: https://uat.doctorshealthfund.com.au/
08:44:05.219 [main] INFO  - Navigating to the quote page.
08:44:05.247 [main] INFO  - Page title: Private Health Insurance for Doctors | Doctors' Health Fund
08:44:05.587 [main] INFO  - Clicking the 'Get Quote' button.
08:44:05.836 [main] INFO  - 'Get Quote' button clicked successfully.
08:44:07.151 [main] INFO  - Selected residence: TAS
08:44:10.263 [main] INFO  - Selected 'Family' from dropdown.
09:22:00.593 [main] INFO  - Browser selected: chrome
09:22:03.402 [main] INFO  - ChromeDriver initialized.
09:22:08.380 [main] INFO  - Navigated to URL: https://uat.doctorshealthfund.com.au/
09:22:08.419 [main] INFO  - Navigating to the quote page.
09:22:08.500 [main] INFO  - Page title: Private Health Insurance for Doctors | Doctors' Health Fund
09:22:08.763 [main] INFO  - Clicking the 'Get Quote' button.
09:22:09.045 [main] INFO  - 'Get Quote' button clicked successfully.
09:22:10.759 [main] INFO  - Selected residence: TAS
09:22:12.190 [main] INFO  - Selected annual income: $97k - $113k
09:22:13.887 [main] INFO  - Selected 'Family' from dropdown.
09:23:44.132 [main] INFO  - Browser selected: chrome
09:23:47.173 [main] INFO  - ChromeDriver initialized.
09:23:51.108 [main] INFO  - Navigated to URL: https://uat.doctorshealthfund.com.au/
09:23:51.169 [main] INFO  - Navigating to the quote page.
09:23:51.207 [main] INFO  - Page title: Private Health Insurance for Doctors | Doctors' Health Fund
09:23:51.618 [main] INFO  - Clicking the 'Get Quote' button.
09:23:51.860 [main] INFO  - 'Get Quote' button clicked successfully.
09:23:53.079 [main] INFO  - Selected residence: TAS
09:23:54.344 [main] INFO  - Selected annual income: $113k - $151k
09:23:56.120 [main] INFO  - Selected 'Family' from dropdown.
09:36:01.806 [main] INFO  - Browser selected: chrome
09:36:04.571 [main] INFO  - ChromeDriver initialized.
09:36:11.939 [main] INFO  - Navigated to URL: https://uat.doctorshealthfund.com.au/
09:36:11.996 [main] INFO  - Navigating to the quote page.
09:36:12.031 [main] INFO  - Page title: Private Health Insurance for Doctors | Doctors' Health Fund
09:36:12.386 [main] INFO  - Clicking the 'Get Quote' button.
09:36:12.580 [main] INFO  - 'Get Quote' button clicked successfully.
09:36:14.518 [main] INFO  - Selected residence: TAS
09:36:15.789 [main] INFO  - Selected annual income: $113k - $151k
09:36:17.406 [main] INFO  - Selected 'Family' from dropdown.
10:22:57.049 [main] INFO  - Browser selected: chrome
10:23:00.513 [main] INFO  - ChromeDriver initialized.
10:23:07.240 [main] INFO  - Navigated to URL: https://uat.doctorshealthfund.com.au/
10:23:07.288 [main] INFO  - Navigating to the quote page.
10:23:07.325 [main] INFO  - Page title: Private Health Insurance for Doctors | Doctors' Health Fund
10:23:07.687 [main] INFO  - Clicking the 'Get Quote' button.
10:23:32.901 [main] INFO  - Browser selected: chrome
10:23:35.789 [main] INFO  - ChromeDriver initialized.
10:23:40.945 [main] INFO  - Navigated to URL: https://uat.doctorshealthfund.com.au/
10:23:41.006 [main] INFO  - Navigating to the quote page.
10:23:41.039 [main] INFO  - Page title: Private Health Insurance for Doctors | Doctors' Health Fund
10:23:41.430 [main] INFO  - Clicking the 'Get Quote' button.
10:23:41.633 [main] INFO  - 'Get Quote' button clicked successfully.
10:23:43.083 [main] INFO  - Selected cover for: Couple
10:24:10.831 [main] INFO  - Browser selected: chrome
10:24:13.866 [main] INFO  - ChromeDriver initialized.
10:24:36.208 [main] INFO  - Navigated to URL: https://uat.doctorshealthfund.com.au/
10:24:36.284 [main] INFO  - Navigating to the quote page.
10:24:52.059 [main] INFO  - Browser selected: chrome
10:24:55.358 [main] INFO  - ChromeDriver initialized.
10:25:30.040 [main] INFO  - Navigated to URL: https://uat.doctorshealthfund.com.au/
10:25:30.085 [main] INFO  - Navigating to the quote page.
10:26:34.095 [main] INFO  - Browser selected: chrome
10:26:36.778 [main] INFO  - ChromeDriver initialized.
10:26:43.655 [main] INFO  - Navigated to URL: https://uat.doctorshealthfund.com.au/
10:26:43.695 [main] INFO  - Navigating to the quote page.
10:26:43.739 [main] INFO  - Page title: Private Health Insurance for Doctors | Doctors' Health Fund
10:26:44.102 [main] INFO  - Clicking the 'Get Quote' button.
10:26:44.356 [main] INFO  - 'Get Quote' button clicked successfully.
10:26:45.244 [main] INFO  - Selected cover for: Family
10:32:33.641 [main] INFO  - Browser selected: chrome
10:32:36.445 [main] INFO  - ChromeDriver initialized.
10:32:37.047 [main] INFO  - Navigated to URL: https://uat.doctorshealthfund.com.au/
10:34:40.311 [main] INFO  - Browser selected: chrome
10:34:43.052 [main] INFO  - ChromeDriver initialized.
10:34:44.767 [main] INFO  - Navigated to URL: https://uat.doctorshealthfund.com.au/
10:34:44.828 [main] INFO  - Navigating to the quote page.
10:34:44.865 [main] INFO  - Page title: Private Health Insurance for Doctors | Doctors' Health Fund
10:34:45.046 [main] INFO  - Clicking the 'Get Quote' button.
10:34:45.403 [main] INFO  - 'Get Quote' button clicked successfully.
10:34:46.986 [main] INFO  - Selected cover for: Family
10:42:24.613 [main] INFO  - Browser selected: chrome
10:42:27.652 [main] INFO  - ChromeDriver initialized.
10:43:59.582 [main] INFO  - Navigated to URL: https://uat.doctorshealthfund.com.au/
10:43:59.652 [main] INFO  - Navigating to the quote page.
10:45:52.758 [main] INFO  - Browser selected: chrome
10:45:55.591 [main] INFO  - ChromeDriver initialized.
10:46:35.122 [main] INFO  - Navigated to URL: https://dms.uat.doctorshealthfund.com.au/
10:46:35.228 [main] INFO  - Navigating to the quote page.
10:47:20.852 [main] INFO  - Browser selected: chrome
10:47:23.537 [main] INFO  - ChromeDriver initialized.
10:47:27.414 [main] INFO  - Navigated to URL: https://dms.uat.doctorshealthfund.com.au/
10:47:27.459 [main] INFO  - Navigating to the quote page.
10:47:27.491 [main] INFO  - Page title: Private Health Insurance for Doctors | Doctors' Health Fund
10:47:27.866 [main] INFO  - Clicking the 'Get Quote' button.
10:47:28.126 [main] INFO  - 'Get Quote' button clicked successfully.
10:47:29.483 [main] INFO  - Selected cover for: Family
11:33:32.782 [main] INFO  - Browser selected: chrome
11:33:36.440 [main] INFO  - ChromeDriver initialized.
11:33:42.701 [main] INFO  - Navigated to URL: https://dms.uat.doctorshealthfund.com.au/
11:33:42.755 [main] INFO  - Navigating to the quote page.
11:33:42.929 [main] INFO  - Page title: Private Health Insurance for Doctors | Doctors' Health Fund
11:33:43.187 [main] INFO  - Clicking the 'Get Quote' button.
11:33:43.419 [main] INFO  - 'Get Quote' button clicked successfully.
11:33:44.919 [main] INFO  - Selected cover for: Family
11:37:22.329 [main] INFO  - Browser selected: chrome
11:37:25.795 [main] INFO  - ChromeDriver initialized.
11:37:36.225 [main] INFO  - Navigated to URL: https://dms.uat.doctorshealthfund.com.au/
11:37:36.275 [main] INFO  - Navigating to the quote page.
11:37:36.321 [main] INFO  - Page title: Private Health Insurance for Doctors | Doctors' Health Fund
11:37:36.636 [main] INFO  - Clicking the 'Get Quote' button.
11:37:36.891 [main] INFO  - 'Get Quote' button clicked successfully.
11:37:38.260 [main] INFO  - Selected cover for: Single
11:37:38.896 [main] INFO  - Selected residence: QLD
11:38:17.999 [main] INFO  - Browser selected: chrome
11:38:20.886 [main] INFO  - ChromeDriver initialized.
11:38:27.475 [main] INFO  - Navigated to URL: https://dms.uat.doctorshealthfund.com.au/
11:38:27.526 [main] INFO  - Navigating to the quote page.
11:38:27.565 [main] INFO  - Page title: Private Health Insurance for Doctors | Doctors' Health Fund
11:38:27.908 [main] INFO  - Clicking the 'Get Quote' button.
11:38:28.171 [main] INFO  - 'Get Quote' button clicked successfully.
11:38:29.345 [main] INFO  - Selected cover for: Single
11:38:29.902 [main] INFO  - Selected residence: QLD
11:38:31.216 [main] INFO  - Selected annual income: Below $97k
11:38:33.434 [main] INFO  - Selected 'Family' from dropdown.
08:07:42.412 [main] INFO  - Browser selected: chrome
08:07:50.837 [main] INFO  - ChromeDriver initialized.
08:07:53.959 [main] INFO  - Navigated to URL: https://dms.uat.doctorshealthfund.com.au/
08:07:54.023 [main] INFO  - Navigating to the quote page.
08:07:58.779 [main] INFO  - Page title: Private Health Insurance for Doctors | Doctors' Health Fund
08:07:59.278 [main] INFO  - Clicking the 'Get Quote' button.
08:07:59.463 [main] INFO  - 'Get Quote' button clicked successfully.
08:08:00.740 [main] INFO  - Selected cover for: Single
08:08:01.369 [main] INFO  - Selected residence: QLD
08:08:02.914 [main] INFO  - Selected annual income: Below $97k
08:08:04.775 [main] INFO  - Selected 'Family' from dropdown.
08:08:30.850 [main] INFO  - Browser selected: chrome
08:08:33.629 [main] INFO  - ChromeDriver initialized.
08:08:38.773 [main] INFO  - Navigated to URL: https://dms.uat.doctorshealthfund.com.au/
08:08:38.854 [main] INFO  - Navigating to the quote page.
08:08:38.924 [main] INFO  - Page title: Private Health Insurance for Doctors | Doctors' Health Fund
08:08:39.280 [main] INFO  - Clicking the 'Get Quote' button.
08:08:39.468 [main] INFO  - 'Get Quote' button clicked successfully.
08:08:41.003 [main] INFO  - Selected cover for: Single
08:08:41.682 [main] INFO  - Selected residence: QLD
08:08:43.070 [main] INFO  - Selected annual income: Below $97k
08:08:46.015 [main] INFO  - Selected 'Single' from dropdown.
08:12:27.889 [main] INFO  - Browser selected: chrome
08:12:30.925 [main] INFO  - ChromeDriver initialized.
08:12:35.777 [main] INFO  - Navigated to URL: https://dms.uat.doctorshealthfund.com.au/
08:12:35.839 [main] INFO  - Navigating to the quote page.
08:12:35.864 [main] INFO  - Page title: Private Health Insurance for Doctors | Doctors' Health Fund
08:12:36.158 [main] INFO  - Clicking the 'Get Quote' button.
08:12:36.311 [main] INFO  - 'Get Quote' button clicked successfully.
08:12:37.597 [main] INFO  - Selected cover for: Single
08:12:38.153 [main] INFO  - Selected residence: VIC
08:12:39.795 [main] INFO  - Selected annual income: $97k - $113k
08:12:40.750 [main] INFO  - Selecting the plan: Smart Starter Bronze Plus
08:12:44.195 [main] INFO  - Selecting 'Starter Extras'.
08:12:44.904 [main] INFO  - Verifying 'Starter Extras' is enabled.
08:12:45.116 [main] INFO  - Selecting the plan: Prime Choice
08:12:45.496 [main] INFO  - Attempting to select 'Starter Extras'.
08:12:45.724 [main] INFO  - Verifying 'Starter Extras' is disabled.
08:12:45.909 [main] INFO  - Selecting the plan: Top Cover
08:12:46.211 [main] INFO  - Attempting to select 'Starter Extras'.
08:12:46.445 [main] INFO  - Verifying 'Starter Extras' is disabled.
08:12:50.575 [main] INFO  - Selected 'Extras only' from dropdown.
08:12:50.823 [main] INFO  - Attempting to select 'Starter Extras'.
08:12:51.812 [main] INFO  - Verifying 'Starter Extras' is disabled.
08:14:52.586 [main] INFO  - Browser selected: chrome
08:14:55.381 [main] INFO  - ChromeDriver initialized.
08:14:57.555 [main] INFO  - Navigated to URL: https://dms.uat.doctorshealthfund.com.au/
08:14:57.590 [main] INFO  - Navigating to the quote page.
08:14:57.641 [main] INFO  - Page title: Private Health Insurance for Doctors | Doctors' Health Fund
08:14:57.832 [main] INFO  - Clicking the 'Get Quote' button.
08:14:58.154 [main] INFO  - 'Get Quote' button clicked successfully.
08:14:59.887 [main] INFO  - Selected cover for: Single
08:15:00.723 [main] INFO  - Selected residence: VIC
08:15:02.309 [main] INFO  - Selected annual income: $97k - $113k
08:15:03.214 [main] INFO  - Selecting the plan: Smart Starter Bronze Plus
08:15:04.949 [main] INFO  - Selecting 'Starter Extras'.
08:15:05.298 [main] INFO  - Verifying 'Starter Extras' is enabled.
08:15:05.502 [main] INFO  - Selecting the plan: Prime Choice
08:15:05.843 [main] INFO  - Attempting to select 'Starter Extras'.
08:15:06.066 [main] INFO  - Verifying 'Starter Extras' is disabled.
08:15:06.253 [main] INFO  - Selecting the plan: Top Cover
08:15:06.605 [main] INFO  - Attempting to select 'Starter Extras'.
08:15:06.820 [main] INFO  - Verifying 'Starter Extras' is disabled.
08:15:10.359 [main] INFO  - Selected 'Extras only' from dropdown.
08:15:10.551 [main] INFO  - Attempting to select 'Starter Extras'.
08:15:12.185 [main] INFO  - Verifying 'Starter Extras' is disabled.
08:15:16.615 [main] INFO  - Selected 'Couple' from dropdown.
08:17:58.593 [main] INFO  - Browser selected: chrome
08:18:01.624 [main] INFO  - ChromeDriver initialized.
08:18:02.396 [main] INFO  - Navigated to URL: https://dms.uat.doctorshealthfund.com.au/
08:18:02.464 [main] INFO  - Navigating to the quote page.
08:18:06.098 [main] INFO  - Page title: Private Health Insurance for Doctors | Doctors' Health Fund
08:18:06.451 [main] INFO  - Clicking the 'Get Quote' button.
08:18:06.707 [main] INFO  - 'Get Quote' button clicked successfully.
08:18:08.180 [main] INFO  - Selected cover for: Single
08:18:08.716 [main] INFO  - Selected residence: VIC
08:18:10.082 [main] INFO  - Selected annual income: $97k - $113k
08:18:10.991 [main] INFO  - Selecting the plan: Smart Starter Bronze Plus
08:18:13.275 [main] INFO  - Selecting 'Starter Extras'.
08:18:13.695 [main] INFO  - Verifying 'Starter Extras' is enabled.
08:18:13.918 [main] INFO  - Selecting the plan: Prime Choice
08:18:14.367 [main] INFO  - Attempting to select 'Starter Extras'.
08:18:14.693 [main] INFO  - Verifying 'Starter Extras' is disabled.
08:18:14.893 [main] INFO  - Selecting the plan: Top Cover
08:18:15.189 [main] INFO  - Attempting to select 'Starter Extras'.
08:18:15.456 [main] INFO  - Verifying 'Starter Extras' is disabled.
08:18:19.299 [main] INFO  - Selected 'Extras only' from dropdown.
08:18:19.465 [main] INFO  - Attempting to select 'Starter Extras'.
08:18:21.771 [main] INFO  - Verifying 'Starter Extras' is disabled.
08:18:26.071 [main] INFO  - Selected 'Couple' from dropdown.
08:18:27.575 [main] INFO  - Selecting the plan: Smart Starter Bronze Plus
08:21:39.892 [main] INFO  - Browser selected: chrome
08:21:42.838 [main] INFO  - ChromeDriver initialized.
08:21:46.824 [main] INFO  - Navigated to URL: https://dms.uat.doctorshealthfund.com.au/
08:21:46.873 [main] INFO  - Navigating to the quote page.
08:21:46.915 [main] INFO  - Page title: Private Health Insurance for Doctors | Doctors' Health Fund
08:21:47.276 [main] INFO  - Clicking the 'Get Quote' button.
08:21:47.513 [main] INFO  - 'Get Quote' button clicked successfully.
08:21:48.975 [main] INFO  - Selected cover for: Single
08:21:49.594 [main] INFO  - Selected residence: NSW
08:21:51.276 [main] INFO  - Selected annual income: Below $97k
08:21:52.232 [main] INFO  - Selecting the plan: Smart Starter Bronze Plus
08:21:57.882 [main] INFO  - Selecting 'Starter Extras'.
08:21:58.317 [main] INFO  - Verifying 'Starter Extras' is enabled.
08:21:58.657 [main] INFO  - Selecting the plan: Prime Choice
08:21:59.218 [main] INFO  - Attempting to select 'Starter Extras'.
08:21:59.542 [main] INFO  - Verifying 'Starter Extras' is disabled.
08:21:59.811 [main] INFO  - Selecting the plan: Top Cover
08:22:00.247 [main] INFO  - Attempting to select 'Starter Extras'.
08:22:00.912 [main] INFO  - Verifying 'Starter Extras' is disabled.
08:22:05.211 [main] INFO  - Selected 'Extras only' from dropdown.
08:22:05.458 [main] INFO  - Attempting to select 'Starter Extras'.
08:22:06.314 [main] INFO  - Verifying 'Starter Extras' is disabled.
08:22:10.339 [main] INFO  - Selected 'Couple' from dropdown.
08:22:11.690 [main] INFO  - Selecting the plan: Smart Starter Bronze Plus
08:32:03.255 [main] INFO  - Browser selected: chrome
08:32:06.103 [main] INFO  - ChromeDriver initialized.
08:32:06.529 [main] INFO  - Navigated to URL: https://dms.uat.doctorshealthfund.com.au/
08:32:06.593 [main] INFO  - Navigating to the quote page.
08:32:10.620 [main] INFO  - Page title: Private Health Insurance for Doctors | Doctors' Health Fund
08:32:11.028 [main] INFO  - Clicking the 'Get Quote' button.
08:32:11.182 [main] INFO  - 'Get Quote' button clicked successfully.
08:32:12.374 [main] INFO  - Selected cover for: Single
08:32:12.977 [main] INFO  - Selected residence: NSW
08:32:14.297 [main] INFO  - Selected annual income: Below $97k
08:32:15.208 [main] INFO  - Selecting the plan: Smart Starter Bronze Plus
08:32:16.871 [main] INFO  - Selecting 'Starter Extras'.
08:32:17.209 [main] INFO  - Verifying 'Starter Extras' is enabled.
08:32:17.398 [main] INFO  - Selecting the plan: Prime Choice
08:32:17.754 [main] INFO  - Attempting to select 'Starter Extras'.
08:32:17.991 [main] INFO  - Verifying 'Starter Extras' is disabled.
08:32:18.164 [main] INFO  - Selecting the plan: Top Cover
08:32:18.476 [main] INFO  - Attempting to select 'Starter Extras'.
08:32:18.743 [main] INFO  - Verifying 'Starter Extras' is disabled.
08:32:22.345 [main] INFO  - Selected 'Extras only' from dropdown.
08:32:22.522 [main] INFO  - Attempting to select 'Starter Extras'.
08:32:24.373 [main] INFO  - Verifying 'Starter Extras' is disabled.
08:32:30.045 [main] INFO  - Selected 'Couple' from dropdown.
08:33:09.188 [main] INFO  - Browser selected: chrome
08:33:12.185 [main] INFO  - ChromeDriver initialized.
08:33:16.593 [main] INFO  - Navigated to URL: https://dms.uat.doctorshealthfund.com.au/
08:33:16.647 [main] INFO  - Navigating to the quote page.
08:33:16.677 [main] INFO  - Page title: Private Health Insurance for Doctors | Doctors' Health Fund
08:33:17.057 [main] INFO  - Clicking the 'Get Quote' button.
08:33:17.349 [main] INFO  - 'Get Quote' button clicked successfully.
08:33:18.034 [main] INFO  - Selected cover for: Single
08:33:18.639 [main] INFO  - Selected residence: NSW
08:33:20.033 [main] INFO  - Selected annual income: Below $97k
08:33:20.733 [main] INFO  - Selecting the plan: Smart Starter Bronze Plus
08:33:25.967 [main] INFO  - Selecting 'Starter Extras'.
08:33:26.312 [main] INFO  - Verifying 'Starter Extras' is enabled.
08:33:26.509 [main] INFO  - Selecting the plan: Prime Choice
08:33:26.881 [main] INFO  - Attempting to select 'Starter Extras'.
08:33:27.136 [main] INFO  - Verifying 'Starter Extras' is disabled.
08:33:27.326 [main] INFO  - Selecting the plan: Top Cover
08:33:27.681 [main] INFO  - Attempting to select 'Starter Extras'.
08:33:28.079 [main] INFO  - Verifying 'Starter Extras' is disabled.
08:33:32.407 [main] INFO  - Selected 'Extras only' from dropdown.
08:33:32.756 [main] INFO  - Attempting to select 'Starter Extras'.
08:33:33.685 [main] INFO  - Verifying 'Starter Extras' is disabled.
08:33:37.814 [main] INFO  - Selected 'Couple' from dropdown.
08:33:39.556 [main] INFO  - Selecting the plan: Smart Starter Bronze Plus
08:33:40.182 [main] INFO  - Selecting 'Starter Extras'.
08:33:40.474 [main] INFO  - Verifying 'Starter Extras' is enabled.
08:36:22.466 [main] INFO  - Browser selected: chrome
08:36:25.466 [main] INFO  - ChromeDriver initialized.
08:36:27.363 [main] INFO  - Navigated to URL: https://dms.uat.doctorshealthfund.com.au/
08:36:27.437 [main] INFO  - Navigating to the quote page.
08:36:27.470 [main] INFO  - Page title: Private Health Insurance for Doctors | Doctors' Health Fund
08:36:27.625 [main] INFO  - Clicking the 'Get Quote' button.
08:36:27.971 [main] INFO  - 'Get Quote' button clicked successfully.
08:36:29.499 [main] INFO  - Selected cover for: Single
08:36:30.379 [main] INFO  - Selected residence: NSW
08:36:31.848 [main] INFO  - Selected annual income: Below $97k
08:36:32.704 [main] INFO  - Selecting the plan: Smart Starter Bronze Plus
08:36:33.930 [main] INFO  - Selecting 'Starter Extras'.
08:36:34.280 [main] INFO  - Verifying 'Starter Extras' is enabled.
08:36:34.465 [main] INFO  - Selecting the plan: Prime Choice
08:36:34.861 [main] INFO  - Attempting to select 'Starter Extras'.
08:36:35.133 [main] INFO  - Verifying 'Starter Extras' is disabled.
08:36:35.298 [main] INFO  - Selecting the plan: Top Cover
08:38:21.744 [main] INFO  - Browser selected: chrome
08:38:24.721 [main] INFO  - ChromeDriver initialized.
08:38:25.594 [main] INFO  - Navigated to URL: https://dms.uat.doctorshealthfund.com.au/
08:38:25.662 [main] INFO  - Navigating to the quote page.
08:38:27.161 [main] INFO  - Page title: Private Health Insurance for Doctors | Doctors' Health Fund
08:38:27.345 [main] INFO  - Clicking the 'Get Quote' button.
08:38:27.590 [main] INFO  - 'Get Quote' button clicked successfully.
08:38:29.262 [main] INFO  - Selected cover for: Single
08:38:30.061 [main] INFO  - Selected residence: NSW
08:38:31.716 [main] INFO  - Selected annual income: Below $97k
08:38:32.707 [main] INFO  - Selecting the plan: Smart Starter Bronze Plus
08:38:34.366 [main] INFO  - Selecting 'Starter Extras'.
08:38:34.746 [main] INFO  - Verifying 'Starter Extras' is enabled.
08:38:34.918 [main] INFO  - Selecting the plan: Prime Choice
08:38:35.333 [main] INFO  - Attempting to select 'Starter Extras'.
08:38:35.557 [main] INFO  - Verifying 'Starter Extras' is disabled.
08:38:35.745 [main] INFO  - Selecting the plan: Top Cover
08:55:42.885 [main] INFO  - Browser selected: chrome
08:55:46.006 [main] INFO  - ChromeDriver initialized.
08:55:58.603 [main] INFO  - Navigated to URL: https://dms.uat.doctorshealthfund.com.au/
08:55:58.701 [main] INFO  - Navigating to the quote page.
08:55:58.735 [main] INFO  - Page title: Private Health Insurance for Doctors | Doctors' Health Fund
08:55:59.112 [main] INFO  - Clicking the 'Get Quote' button.
08:55:59.346 [main] INFO  - 'Get Quote' button clicked successfully.
08:56:01.019 [main] INFO  - Selected cover for: Single
08:56:01.678 [main] INFO  - Selected residence: NSW
08:56:03.190 [main] INFO  - Selected annual income: Below $97k
08:56:04.022 [main] INFO  - Selecting the plan: Smart Starter Bronze Plus
08:56:05.542 [main] INFO  - Clicked the element successfully
08:56:05.897 [main] INFO  - Selecting 'Starter Extras'.
08:56:06.559 [main] INFO  - Verifying 'Starter Extras' is enabled.
08:56:06.805 [main] INFO  - Selecting the plan: Prime Choice
08:56:07.270 [main] INFO  - Clicked the element successfully
08:56:07.553 [main] INFO  - Attempting to select 'Starter Extras'.
08:56:07.973 [main] INFO  - Verifying 'Starter Extras' is disabled.
08:56:08.241 [main] INFO  - Selecting the plan: Top Cover
08:56:09.626 [main] WARN  - Element click intercepted, retrying... attempt: 1
08:56:11.023 [main] WARN  - Element click intercepted, retrying... attempt: 2
08:56:12.364 [main] WARN  - Element click intercepted, retrying... attempt: 3
09:03:58.421 [main] INFO  - Browser selected: chrome
09:04:01.527 [main] INFO  - ChromeDriver initialized.
09:04:07.491 [main] INFO  - Navigated to URL: https://dms.uat.doctorshealthfund.com.au/
