10:25:34.369 [main] INFO  - Selected cover for: Single
10:25:34.956 [main] INFO  - Selected residence: NSW
10:25:36.304 [main] INFO  - Selected annual income: Below $97k
10:26:05.388 [main] INFO  - Selected 'Mr' from dropdown.
10:28:09.832 [main] INFO  - Browser selected: chrome
10:28:12.639 [main] INFO  - ChromeDriver initialized.
10:28:16.007 [main] INFO  - Navigated to URL: https://dms.uat.doctorshealthfund.com.au/
10:28:16.058 [main] INFO  - Navigating to the quote page.
10:28:16.093 [main] INFO  - Page title: Private Health Insurance for Doctors | Doctors' Health Fund
10:28:16.517 [main] INFO  - Clicking the 'Get Quote' button.
10:28:16.696 [main] INFO  - 'Get Quote' button clicked successfully.
10:28:17.232 [main] INFO  - Selected cover for: Single
10:28:17.765 [main] INFO  - Selected residence: NSW
10:28:19.262 [main] INFO  - Selected annual income: Below $97k
10:29:16.821 [main] INFO  - Selected 'Mr' from dropdown.
10:30:01.272 [main] INFO  - Browser selected: chrome
10:30:04.460 [main] INFO  - ChromeDriver initialized.
10:30:09.549 [main] INFO  - Navigated to URL: https://dms.uat.doctorshealthfund.com.au/
10:30:09.597 [main] INFO  - Navigating to the quote page.
10:30:09.664 [main] INFO  - Page title: Private Health Insurance for Doctors | Doctors' Health Fund
10:30:10.118 [main] INFO  - Clicking the 'Get Quote' button.
10:30:10.303 [main] INFO  - 'Get Quote' button clicked successfully.
10:30:10.985 [main] INFO  - Selected cover for: Single
10:30:11.529 [main] INFO  - Selected residence: NSW
10:30:12.885 [main] INFO  - Selected annual income: Below $97k
11:00:31.054 [main] INFO  - Browser selected: chrome
11:00:35.179 [main] INFO  - ChromeDriver initialized.
11:00:41.572 [main] INFO  - Navigated to URL: https://dms.uat.doctorshealthfund.com.au/
11:00:41.637 [main] INFO  - Navigating to the quote page.
11:00:41.697 [main] INFO  - Page title: Private Health Insurance for Doctors | Doctors' Health Fund
11:00:42.027 [main] INFO  - Clicking the 'Get Quote' button.
11:00:42.160 [main] INFO  - 'Get Quote' button clicked successfully.
11:00:43.319 [main] INFO  - Selected cover for: Single
11:00:43.838 [main] INFO  - Selected residence: NSW
11:00:45.040 [main] INFO  - Selected annual income: Below $97k
11:01:58.841 [main] INFO  - Browser selected: chrome
11:02:01.873 [main] INFO  - ChromeDriver initialized.
11:02:04.819 [main] INFO  - Navigated to URL: https://dms.uat.doctorshealthfund.com.au/
11:02:04.868 [main] INFO  - Navigating to the quote page.
11:02:04.905 [main] INFO  - Page title: Private Health Insurance for Doctors | Doctors' Health Fund
11:02:05.300 [main] INFO  - Clicking the 'Get Quote' button.
11:02:05.499 [main] INFO  - 'Get Quote' button clicked successfully.
11:02:06.799 [main] INFO  - Selected cover for: Single
11:02:07.299 [main] INFO  - Selected residence: NSW
11:02:08.818 [main] INFO  - Selected annual income: Below $97k
11:02:22.635 [main] INFO  - Selected 'Mr' from dropdown.
11:02:56.023 [main] INFO  - Browser selected: chrome
11:02:58.828 [main] INFO  - ChromeDriver initialized.
11:03:00.640 [main] INFO  - Navigated to URL: https://dms.uat.doctorshealthfund.com.au/
11:03:00.690 [main] INFO  - Navigating to the quote page.
11:03:01.324 [main] INFO  - Page title: Private Health Insurance for Doctors | Doctors' Health Fund
11:03:01.727 [main] INFO  - Clicking the 'Get Quote' button.
11:03:02.352 [main] INFO  - 'Get Quote' button clicked successfully.
11:03:02.889 [main] INFO  - Selected cover for: Single
11:03:03.454 [main] INFO  - Selected residence: NSW
11:03:04.709 [main] INFO  - Selected annual income: Below $97k
11:03:16.913 [main] INFO  - Selected 'Mr' from dropdown.
11:03:47.906 [main] INFO  - Browser selected: chrome
11:03:50.617 [main] INFO  - ChromeDriver initialized.
11:03:53.545 [main] INFO  - Navigated to URL: https://dms.uat.doctorshealthfund.com.au/
11:03:53.601 [main] INFO  - Navigating to the quote page.
11:03:53.630 [main] INFO  - Page title: Private Health Insurance for Doctors | Doctors' Health Fund
11:03:54.088 [main] INFO  - Clicking the 'Get Quote' button.
11:03:54.299 [main] INFO  - 'Get Quote' button clicked successfully.
11:03:54.794 [main] INFO  - Selected cover for: Single
11:03:55.299 [main] INFO  - Selected residence: NSW
11:03:56.582 [main] INFO  - Selected annual income: Below $97k
11:04:09.834 [main] INFO  - Selected 'Mr' from dropdown.
11:04:51.070 [main] INFO  - Browser selected: chrome
11:04:54.108 [main] INFO  - ChromeDriver initialized.
11:04:54.401 [main] INFO  - Navigated to URL: https://dms.uat.doctorshealthfund.com.au/
11:04:54.476 [main] INFO  - Navigating to the quote page.
11:04:57.133 [main] INFO  - Page title: Private Health Insurance for Doctors | Doctors' Health Fund
11:04:57.934 [main] INFO  - Clicking the 'Get Quote' button.
11:04:58.286 [main] INFO  - 'Get Quote' button clicked successfully.
11:04:59.040 [main] INFO  - Selected cover for: Single
11:04:59.711 [main] INFO  - Selected residence: NSW
11:05:01.323 [main] INFO  - Selected annual income: Below $97k
11:05:14.020 [main] INFO  - Selected 'Mr' from dropdown.
11:10:34.235 [main] INFO  - Browser selected: chrome
11:10:37.481 [main] INFO  - ChromeDriver initialized.
11:10:41.043 [main] INFO  - Navigated to URL: https://dms.uat.doctorshealthfund.com.au/
11:10:41.088 [main] INFO  - Navigating to the quote page.
11:10:41.131 [main] INFO  - Page title: Private Health Insurance for Doctors | Doctors' Health Fund
11:10:41.540 [main] INFO  - Clicking the 'Get Quote' button.
11:10:41.764 [main] INFO  - 'Get Quote' button clicked successfully.
11:10:43.025 [main] INFO  - Selected cover for: Single
11:10:43.568 [main] INFO  - Selected residence: NSW
11:10:44.893 [main] INFO  - Selected annual income: Below $97k
11:11:29.613 [main] INFO  - Browser selected: chrome
11:11:32.536 [main] INFO  - ChromeDriver initialized.
11:11:33.070 [main] INFO  - Navigated to URL: https://dms.uat.doctorshealthfund.com.au/
11:11:33.130 [main] INFO  - Navigating to the quote page.
11:11:35.559 [main] INFO  - Page title: Private Health Insurance for Doctors | Doctors' Health Fund
11:11:35.975 [main] INFO  - Clicking the 'Get Quote' button.
11:11:36.571 [main] INFO  - 'Get Quote' button clicked successfully.
11:11:36.981 [main] INFO  - Selected cover for: Single
11:11:37.546 [main] INFO  - Selected residence: NSW
11:11:38.787 [main] INFO  - Selected annual income: Below $97k
11:24:35.671 [main] INFO  - Browser selected: chrome
11:24:38.313 [main] INFO  - ChromeDriver initialized.
11:24:40.488 [main] INFO  - Navigated to URL: https://dms.uat.doctorshealthfund.com.au/
11:24:40.542 [main] INFO  - Navigating to the quote page.
11:24:42.772 [main] INFO  - Page title: Private Health Insurance for Doctors | Doctors' Health Fund
11:24:42.981 [main] INFO  - Clicking the 'Get Quote' button.
11:24:44.133 [main] INFO  - 'Get Quote' button clicked successfully.
11:24:45.208 [main] INFO  - Selected cover for: Single
11:24:45.745 [main] INFO  - Selected residence: NSW
11:24:46.880 [main] INFO  - Selected annual income: Below $97k
11:25:54.929 [main] INFO  - Browser selected: chrome
11:25:58.005 [main] INFO  - ChromeDriver initialized.
11:25:58.530 [main] INFO  - Navigated to URL: https://dms.uat.doctorshealthfund.com.au/
11:25:58.589 [main] INFO  - Navigating to the quote page.
11:26:01.107 [main] INFO  - Page title: Private Health Insurance for Doctors | Doctors' Health Fund
11:26:01.593 [main] INFO  - Clicking the 'Get Quote' button.
11:26:01.808 [main] INFO  - 'Get Quote' button clicked successfully.
11:26:03.136 [main] INFO  - Selected cover for: Single
11:26:03.654 [main] INFO  - Selected residence: NSW
11:26:04.879 [main] INFO  - Selected annual income: Below $97k
11:26:15.700 [main] INFO  - Selected 'Mr' from dropdown.
11:36:20.751 [main] INFO  - Browser selected: chrome
11:36:23.522 [main] INFO  - ChromeDriver initialized.
11:36:28.196 [main] INFO  - Navigated to URL: https://dms.uat.doctorshealthfund.com.au/
11:36:28.272 [main] INFO  - Navigating to the quote page.
11:36:28.319 [main] INFO  - Page title: Private Health Insurance for Doctors | Doctors' Health Fund
11:36:28.732 [main] INFO  - Clicking the 'Get Quote' button.
11:36:28.944 [main] INFO  - 'Get Quote' button clicked successfully.
11:36:30.194 [main] INFO  - Selected cover for: Single
11:36:30.695 [main] INFO  - Selected residence: NSW
11:36:31.899 [main] INFO  - Selected annual income: Below $97k
11:36:42.959 [main] INFO  - Selected 'Mr' from dropdown.
11:50:54.928 [main] INFO  - Browser selected: chrome
11:50:57.533 [main] INFO  - ChromeDriver initialized.
11:51:01.318 [main] INFO  - Navigated to URL: https://dms.uat.doctorshealthfund.com.au/
11:51:01.373 [main] INFO  - Navigating to the quote page.
11:51:01.420 [main] INFO  - Page title: Private Health Insurance for Doctors | Doctors' Health Fund
11:51:01.759 [main] INFO  - Clicking the 'Get Quote' button.
11:51:01.905 [main] INFO  - 'Get Quote' button clicked successfully.
11:51:03.096 [main] INFO  - Selected cover for: Single
11:51:03.593 [main] INFO  - Selected residence: NSW
11:51:04.823 [main] INFO  - Selected annual income: Below $97k
11:51:15.533 [main] INFO  - Selected 'Mr' from dropdown.
11:52:54.253 [main] INFO  - Browser selected: chrome
11:52:57.433 [main] INFO  - ChromeDriver initialized.
11:52:58.080 [main] INFO  - Navigated to URL: https://dms.uat.doctorshealthfund.com.au/
11:52:58.147 [main] INFO  - Navigating to the quote page.
11:53:00.505 [main] INFO  - Page title: Private Health Insurance for Doctors | Doctors' Health Fund
11:53:00.927 [main] INFO  - Clicking the 'Get Quote' button.
11:53:01.187 [main] INFO  - 'Get Quote' button clicked successfully.
11:53:01.905 [main] INFO  - Selected cover for: Single
11:53:02.441 [main] INFO  - Selected residence: NSW
11:53:03.943 [main] INFO  - Selected annual income: Below $97k
11:53:04.775 [main] INFO  - Selecting the plan: Smart Starter Bronze Plus
11:53:06.295 [main] INFO  - Clicked the element successfully
11:53:06.482 [main] INFO  - Selecting 'Starter Extras'.
11:53:06.835 [main] INFO  - Verifying 'Starter Extras' is enabled.
11:53:07.012 [main] INFO  - Selecting the plan: Prime Choice
11:53:07.262 [main] INFO  - Clicked the element successfully
11:53:07.545 [main] INFO  - Attempting to select 'Starter Extras'.
11:53:07.750 [main] INFO  - Verifying 'Starter Extras' is disabled.
11:53:07.936 [main] INFO  - Selecting the plan: Top Cover
11:53:09.075 [main] WARN  - Element click intercepted, retrying... attempt: 1
11:53:10.195 [main] WARN  - Element click intercepted, retrying... attempt: 2
11:53:11.279 [main] WARN  - Element click intercepted, retrying... attempt: 3
11:53:11.346 [main] INFO  - Clicked the element using JavaScript click as a fallback
11:53:11.505 [main] INFO  - Attempting to select 'Starter Extras'.
11:53:11.739 [main] INFO  - Verifying 'Starter Extras' is disabled.
11:53:15.543 [main] INFO  - Selected 'Extras only' from dropdown.
11:53:15.927 [main] INFO  - Attempting to select 'Starter Extras'.
11:53:16.795 [main] INFO  - Verifying 'Starter Extras' is disabled.
11:53:21.466 [main] INFO  - Selected 'Couple' from dropdown.
11:53:23.210 [main] INFO  - Selecting the plan: Smart Starter Bronze Plus
11:53:23.656 [main] INFO  - Clicked the element successfully
11:53:23.827 [main] INFO  - Selecting 'Starter Extras'.
11:53:24.174 [main] INFO  - Verifying 'Starter Extras' is enabled.
11:53:27.725 [main] INFO  - Selected 'Extras only' from dropdown.
11:53:27.956 [main] INFO  - Attempting to select 'Starter Extras'.
11:53:28.680 [main] INFO  - Verifying 'Starter Extras' is disabled.
11:53:32.573 [main] INFO  - Selected 'Family' from dropdown.
11:53:36.396 [main] INFO  - Selected 'Hospital & Extras' from dropdown.
11:53:36.579 [main] INFO  - Attempting to select 'Starter Extras'.
11:53:38.156 [main] INFO  - Verifying 'Starter Extras' is disabled.
11:53:41.631 [main] INFO  - Selected 'Extras only' from dropdown.
11:53:41.783 [main] INFO  - Attempting to select 'Starter Extras'.
11:53:42.042 [main] INFO  - Verifying 'Starter Extras' is disabled.
11:53:45.936 [main] INFO  - Selected 'Single Parent' from dropdown.
11:53:49.648 [main] INFO  - Selected 'Hospital & Extras' from dropdown.
11:53:49.814 [main] INFO  - Attempting to select 'Starter Extras'.
11:53:50.575 [main] INFO  - Verifying 'Starter Extras' is disabled.
11:53:54.087 [main] INFO  - Selected 'Extras only' from dropdown.
11:53:54.307 [main] INFO  - Attempting to select 'Starter Extras'.
11:53:54.561 [main] INFO  - Verifying 'Starter Extras' is disabled.
13:26:50.961 [main] INFO  - Browser selected: chrome
13:26:54.693 [main] INFO  - ChromeDriver initialized.
13:27:00.921 [main] INFO  - Navigated to URL: https://dms.uat.doctorshealthfund.com.au/
13:27:00.995 [main] INFO  - Navigating to the quote page.
13:27:01.189 [main] INFO  - Page title: Private Health Insurance for Doctors | Doctors' Health Fund
13:27:01.602 [main] INFO  - Clicking the 'Get Quote' button.
13:27:01.860 [main] INFO  - 'Get Quote' button clicked successfully.
13:27:03.044 [main] INFO  - Selected cover for: Single
13:27:03.607 [main] INFO  - Selected residence: NSW
13:27:04.815 [main] INFO  - Selected annual income: Below $97k
13:27:15.622 [main] INFO  - Selected 'Mr' from dropdown.
13:29:08.958 [main] INFO  - Browser selected: chrome
13:29:11.502 [main] INFO  - ChromeDriver initialized.
13:29:14.658 [main] INFO  - Navigated to URL: https://dms.uat.doctorshealthfund.com.au/
13:29:14.713 [main] INFO  - Navigating to the quote page.
13:29:14.741 [main] INFO  - Page title: Private Health Insurance for Doctors | Doctors' Health Fund
13:29:15.142 [main] INFO  - Clicking the 'Get Quote' button.
13:29:15.324 [main] INFO  - 'Get Quote' button clicked successfully.
13:29:16.698 [main] INFO  - Selected cover for: Single
13:29:17.252 [main] INFO  - Selected residence: NSW
13:29:18.509 [main] INFO  - Selected annual income: Below $97k
13:30:15.301 [main] INFO  - Browser selected: chrome
13:30:18.277 [main] INFO  - ChromeDriver initialized.
13:30:19.134 [main] INFO  - Navigated to URL: https://dms.uat.doctorshealthfund.com.au/
13:30:19.199 [main] INFO  - Navigating to the quote page.
13:30:21.848 [main] INFO  - Page title: Private Health Insurance for Doctors | Doctors' Health Fund
13:30:22.262 [main] INFO  - Clicking the 'Get Quote' button.
13:30:22.458 [main] INFO  - 'Get Quote' button clicked successfully.
13:30:23.929 [main] INFO  - Selected cover for: Single
13:30:24.646 [main] INFO  - Selected residence: NSW
13:30:26.045 [main] INFO  - Selected annual income: Below $97k
13:30:37.395 [main] INFO  - Selected 'Mr' from dropdown.
13:31:10.583 [main] INFO  - Browser selected: chrome
13:31:13.425 [main] INFO  - ChromeDriver initialized.
13:31:13.887 [main] INFO  - Navigated to URL: https://dms.uat.doctorshealthfund.com.au/
13:31:13.948 [main] INFO  - Navigating to the quote page.
13:31:16.821 [main] INFO  - Page title: Private Health Insurance for Doctors | Doctors' Health Fund
13:31:17.175 [main] INFO  - Clicking the 'Get Quote' button.
13:31:17.505 [main] INFO  - 'Get Quote' button clicked successfully.
13:31:18.057 [main] INFO  - Selected cover for: Single
13:31:18.634 [main] INFO  - Selected residence: NSW
13:31:20.129 [main] INFO  - Selected annual income: Below $97k
13:32:00.413 [main] INFO  - Browser selected: chrome
13:32:03.401 [main] INFO  - ChromeDriver initialized.
13:32:06.673 [main] INFO  - Navigated to URL: https://dms.uat.doctorshealthfund.com.au/
13:32:06.714 [main] INFO  - Navigating to the quote page.
13:32:06.760 [main] INFO  - Page title: Private Health Insurance for Doctors | Doctors' Health Fund
13:32:07.286 [main] INFO  - Clicking the 'Get Quote' button.
13:32:07.455 [main] INFO  - 'Get Quote' button clicked successfully.
13:32:07.999 [main] INFO  - Selected cover for: Single
13:32:08.589 [main] INFO  - Selected residence: NSW
13:32:09.792 [main] INFO  - Selected annual income: Below $97k
13:32:21.157 [main] INFO  - Selected 'Mr' from dropdown.
13:51:54.327 [main] INFO  - Browser selected: chrome
13:51:57.020 [main] INFO  - ChromeDriver initialized.
13:52:02.415 [main] INFO  - Navigated to URL: https://dms.uat.doctorshealthfund.com.au/
13:52:02.492 [main] INFO  - Navigating to the quote page.
13:52:02.564 [main] INFO  - Page title: Private Health Insurance for Doctors | Doctors' Health Fund
13:52:02.935 [main] INFO  - Clicking the 'Get Quote' button.
13:52:03.096 [main] INFO  - 'Get Quote' button clicked successfully.
13:52:04.275 [main] INFO  - Selected cover for: Single
13:52:04.827 [main] INFO  - Selected residence: NSW
13:52:06.031 [main] INFO  - Selected annual income: Below $97k
13:54:54.051 [main] INFO  - Browser selected: chrome
13:54:56.936 [main] INFO  - ChromeDriver initialized.
13:54:58.389 [main] INFO  - Navigated to URL: https://dms.uat.doctorshealthfund.com.au/
13:54:58.479 [main] INFO  - Navigating to the quote page.
13:54:59.712 [main] INFO  - Page title: Private Health Insurance for Doctors | Doctors' Health Fund
13:55:00.178 [main] INFO  - Clicking the 'Get Quote' button.
13:55:00.405 [main] INFO  - 'Get Quote' button clicked successfully.
13:55:01.852 [main] INFO  - Selected cover for: Single
13:55:02.370 [main] INFO  - Selected residence: NSW
13:55:03.730 [main] INFO  - Selected annual income: Below $97k
13:55:14.863 [main] INFO  - Selected 'Mr' from dropdown.
13:58:04.014 [main] INFO  - Browser selected: chrome
13:58:06.629 [main] INFO  - ChromeDriver initialized.
13:58:08.118 [main] INFO  - Navigated to URL: https://dms.uat.doctorshealthfund.com.au/
13:58:08.174 [main] INFO  - Navigating to the quote page.
13:58:09.147 [main] INFO  - Page title: Private Health Insurance for Doctors | Doctors' Health Fund
13:58:09.837 [main] INFO  - Clicking the 'Get Quote' button.
13:58:10.046 [main] INFO  - 'Get Quote' button clicked successfully.
13:58:11.722 [main] INFO  - Selected cover for: Single
13:58:12.252 [main] INFO  - Selected residence: NSW
13:58:13.363 [main] INFO  - Selected annual income: Below $97k
13:58:24.068 [main] INFO  - Selected 'Mr' from dropdown.
14:13:13.461 [main] INFO  - Browser selected: chrome
14:13:16.089 [main] INFO  - ChromeDriver initialized.
14:13:21.836 [main] INFO  - Navigated to URL: https://dms.uat.doctorshealthfund.com.au/
14:13:21.907 [main] INFO  - Navigating to the quote page.
14:13:22.005 [main] INFO  - Page title: Private Health Insurance for Doctors | Doctors' Health Fund
14:13:22.358 [main] INFO  - Clicking the 'Get Quote' button.
14:13:22.538 [main] INFO  - 'Get Quote' button clicked successfully.
14:13:23.754 [main] INFO  - Selected cover for: Single
14:13:24.296 [main] INFO  - Selected residence: NSW
14:13:25.469 [main] INFO  - Selected annual income: Below $97k
14:14:19.138 [main] INFO  - Browser selected: chrome
14:14:21.750 [main] INFO  - ChromeDriver initialized.
14:14:22.524 [main] INFO  - Navigated to URL: https://dms.uat.doctorshealthfund.com.au/
14:14:22.589 [main] INFO  - Navigating to the quote page.
14:14:24.916 [main] INFO  - Page title: Private Health Insurance for Doctors | Doctors' Health Fund
14:14:25.299 [main] INFO  - Clicking the 'Get Quote' button.
14:14:25.513 [main] INFO  - 'Get Quote' button clicked successfully.
14:14:26.849 [main] INFO  - Selected cover for: Single
14:14:27.408 [main] INFO  - Selected residence: NSW
14:14:28.900 [main] INFO  - Selected annual income: Below $97k
14:14:40.537 [main] INFO  - Selected 'Mr' from dropdown.
14:16:24.289 [main] INFO  - Browser selected: chrome
14:16:27.083 [main] INFO  - ChromeDriver initialized.
14:16:27.689 [main] INFO  - Navigated to URL: https://dms.uat.doctorshealthfund.com.au/
14:16:27.747 [main] INFO  - Navigating to the quote page.
14:16:30.248 [main] INFO  - Page title: Private Health Insurance for Doctors | Doctors' Health Fund
14:16:31.115 [main] INFO  - Clicking the 'Get Quote' button.
14:16:31.287 [main] INFO  - 'Get Quote' button clicked successfully.
14:16:32.830 [main] INFO  - Selected cover for: Single
14:16:33.543 [main] INFO  - Selected residence: NSW
14:16:35.029 [main] INFO  - Selected annual income: Below $97k
14:17:46.343 [main] INFO  - Browser selected: chrome
14:17:49.071 [main] INFO  - ChromeDriver initialized.
14:17:53.372 [main] INFO  - Navigated to URL: https://dms.uat.doctorshealthfund.com.au/
14:17:53.427 [main] INFO  - Navigating to the quote page.
14:17:53.476 [main] INFO  - Page title: Private Health Insurance for Doctors | Doctors' Health Fund
14:17:53.877 [main] INFO  - Clicking the 'Get Quote' button.
14:17:54.087 [main] INFO  - 'Get Quote' button clicked successfully.
14:17:55.567 [main] INFO  - Selected cover for: Single
14:17:56.192 [main] INFO  - Selected residence: NSW
14:17:57.442 [main] INFO  - Selected annual income: Below $97k
14:18:08.783 [main] INFO  - Selected 'Mr' from dropdown.
14:28:51.849 [main] INFO  - Browser selected: chrome
14:28:55.480 [main] INFO  - ChromeDriver initialized.
14:28:58.859 [main] INFO  - Navigated to URL: https://dms.uat.doctorshealthfund.com.au/
14:28:58.901 [main] INFO  - Navigating to the quote page.
14:28:58.954 [main] INFO  - Page title: Private Health Insurance for Doctors | Doctors' Health Fund
14:28:59.371 [main] INFO  - Clicking the 'Get Quote' button.
14:28:59.602 [main] INFO  - 'Get Quote' button clicked successfully.
14:29:00.841 [main] INFO  - Selected cover for: Single
14:29:01.345 [main] INFO  - Selected residence: NSW
14:29:02.526 [main] INFO  - Selected annual income: Below $97k
14:29:13.519 [main] INFO  - Selected 'Mr' from dropdown.
14:39:21.181 [main] INFO  - Browser selected: chrome
14:39:23.950 [main] INFO  - ChromeDriver initialized.
14:39:24.396 [main] INFO  - Navigated to URL: https://dms.uat.doctorshealthfund.com.au/
14:39:24.462 [main] INFO  - Navigating to the quote page.
14:39:26.806 [main] INFO  - Page title: Private Health Insurance for Doctors | Doctors' Health Fund
14:39:27.451 [main] INFO  - Clicking the 'Get Quote' button.
14:39:27.693 [main] INFO  - 'Get Quote' button clicked successfully.
14:39:28.889 [main] INFO  - Selected cover for: Single
14:39:29.432 [main] INFO  - Selected residence: NSW
14:39:30.616 [main] INFO  - Selected annual income: Below $97k
14:39:40.824 [main] INFO  - Selected 'Mr' from dropdown.
14:55:54.038 [main] INFO  - Browser selected: chrome
14:55:56.936 [main] INFO  - ChromeDriver initialized.
14:56:01.858 [main] INFO  - Navigated to URL: https://dms.uat.doctorshealthfund.com.au/
14:56:01.911 [main] INFO  - Navigating to the quote page.
14:56:01.958 [main] INFO  - Page title: Private Health Insurance for Doctors | Doctors' Health Fund
14:56:02.136 [main] INFO  - Clicking the 'Get Quote' button.
14:56:46.258 [main] INFO  - Browser selected: chrome
14:56:49.044 [main] INFO  - ChromeDriver initialized.
14:56:50.421 [main] INFO  - Navigated to URL: https://dms.uat.doctorshealthfund.com.au/
14:56:50.504 [main] INFO  - Navigating to the quote page.
14:56:51.124 [main] INFO  - Page title: Private Health Insurance for Doctors | Doctors' Health Fund
14:56:51.291 [main] INFO  - Clicking the 'Get Quote' button.
14:56:51.747 [main] INFO  - 'Get Quote' button clicked successfully.
14:56:53.689 [main] INFO  - Selected cover for: Single
14:56:54.215 [main] INFO  - Selected residence: NSW
14:56:55.417 [main] INFO  - Selected annual income: Below $97k
14:57:06.117 [main] INFO  - Selected 'Mr' from dropdown.
15:04:00.544 [main] INFO  - Browser selected: chrome
15:04:03.449 [main] INFO  - ChromeDriver initialized.
15:04:03.873 [main] INFO  - Navigated to URL: https://dms.uat.doctorshealthfund.com.au/
15:04:03.933 [main] INFO  - Navigating to the quote page.
15:04:06.301 [main] INFO  - Page title: Private Health Insurance for Doctors | Doctors' Health Fund
15:04:06.853 [main] INFO  - Clicking the 'Get Quote' button.
15:04:07.094 [main] INFO  - 'Get Quote' button clicked successfully.
15:04:08.263 [main] INFO  - Selected cover for: Single
15:04:08.761 [main] INFO  - Selected residence: NSW
15:04:09.995 [main] INFO  - Selected annual income: Below $97k
15:05:08.166 [main] INFO  - Browser selected: chrome
15:05:10.760 [main] INFO  - ChromeDriver initialized.
15:05:12.230 [main] INFO  - Navigated to URL: https://dms.uat.doctorshealthfund.com.au/
15:05:12.318 [main] INFO  - Navigating to the quote page.
15:05:13.500 [main] INFO  - Page title: Private Health Insurance for Doctors | Doctors' Health Fund
15:05:13.866 [main] INFO  - Clicking the 'Get Quote' button.
15:05:14.052 [main] INFO  - 'Get Quote' button clicked successfully.
15:05:15.562 [main] INFO  - Selected cover for: Single
15:05:16.061 [main] INFO  - Selected residence: NSW
15:05:17.806 [main] INFO  - Selected annual income: Below $97k
15:05:31.047 [main] INFO  - Selected 'Mr' from dropdown.
15:15:15.721 [main] INFO  - Browser selected: chrome
15:15:18.508 [main] INFO  - ChromeDriver initialized.
15:15:22.593 [main] INFO  - Navigated to URL: https://dms.uat.doctorshealthfund.com.au/
15:15:22.686 [main] INFO  - Navigating to the quote page.
15:15:22.777 [main] INFO  - Page title: Private Health Insurance for Doctors | Doctors' Health Fund
15:15:23.119 [main] INFO  - Clicking the 'Get Quote' button.
15:15:23.264 [main] INFO  - 'Get Quote' button clicked successfully.
15:15:24.403 [main] INFO  - Selected cover for: Single
15:15:24.971 [main] INFO  - Selected residence: NSW
15:15:26.223 [main] INFO  - Selected annual income: Below $97k
15:15:39.949 [main] INFO  - Selected 'Mr' from dropdown.
15:17:54.091 [main] INFO  - Browser selected: chrome
15:17:56.883 [main] INFO  - ChromeDriver initialized.
15:18:00.253 [main] INFO  - Navigated to URL: https://dms.uat.doctorshealthfund.com.au/
15:18:00.304 [main] INFO  - Navigating to the quote page.
15:18:00.341 [main] INFO  - Page title: Private Health Insurance for Doctors | Doctors' Health Fund
15:18:00.770 [main] INFO  - Clicking the 'Get Quote' button.
15:18:52.126 [main] INFO  - Browser selected: chrome
15:18:54.741 [main] INFO  - ChromeDriver initialized.
15:18:57.897 [main] INFO  - Navigated to URL: https://dms.uat.doctorshealthfund.com.au/
15:18:57.941 [main] INFO  - Navigating to the quote page.
15:18:57.973 [main] INFO  - Page title: Private Health Insurance for Doctors | Doctors' Health Fund
15:18:58.358 [main] INFO  - Clicking the 'Get Quote' button.
15:18:58.560 [main] INFO  - 'Get Quote' button clicked successfully.
15:18:59.754 [main] INFO  - Selected cover for: Single
15:19:00.333 [main] INFO  - Selected residence: NSW
15:19:01.536 [main] INFO  - Selected annual income: Below $97k
15:19:14.464 [main] INFO  - Selected 'Mr' from dropdown.
15:21:26.219 [main] INFO  - Browser selected: chrome
15:21:28.921 [main] INFO  - ChromeDriver initialized.
15:21:29.553 [main] INFO  - Navigated to URL: https://dms.uat.doctorshealthfund.com.au/
15:21:29.608 [main] INFO  - Navigating to the quote page.
15:21:31.280 [main] INFO  - Page title: Private Health Insurance for Doctors | Doctors' Health Fund
15:21:31.864 [main] INFO  - Clicking the 'Get Quote' button.
15:23:44.535 [main] INFO  - Browser selected: chrome
15:23:47.183 [main] INFO  - ChromeDriver initialized.
15:23:49.957 [main] INFO  - Navigated to URL: https://dms.uat.doctorshealthfund.com.au/
15:23:50.001 [main] INFO  - Navigating to the quote page.
15:23:50.035 [main] INFO  - Page title: Private Health Insurance for Doctors | Doctors' Health Fund
15:23:50.371 [main] INFO  - Clicking the 'Get Quote' button.
15:23:50.602 [main] INFO  - 'Get Quote' button clicked successfully.
15:23:51.169 [main] INFO  - Selected cover for: Single
15:23:51.710 [main] INFO  - Selected residence: NSW
15:23:52.980 [main] INFO  - Selected annual income: Below $97k
15:24:06.757 [main] INFO  - Selected 'Mr' from dropdown.
15:28:14.483 [main] INFO  - Browser selected: chrome
15:28:17.189 [main] INFO  - ChromeDriver initialized.
15:28:20.521 [main] INFO  - Navigated to URL: https://dms.uat.doctorshealthfund.com.au/
15:28:20.574 [main] INFO  - Navigating to the quote page.
15:28:20.604 [main] INFO  - Page title: Private Health Insurance for Doctors | Doctors' Health Fund
15:28:21.003 [main] INFO  - Clicking the 'Get Quote' button.
15:28:21.207 [main] INFO  - 'Get Quote' button clicked successfully.
15:28:21.779 [main] INFO  - Selected cover for: Single
15:28:22.282 [main] INFO  - Selected residence: NSW
15:28:23.503 [main] INFO  - Selected annual income: Below $97k
15:29:27.509 [main] INFO  - Browser selected: chrome
15:29:30.936 [main] INFO  - ChromeDriver initialized.
15:29:33.896 [main] INFO  - Navigated to URL: https://dms.uat.doctorshealthfund.com.au/
15:29:33.945 [main] INFO  - Navigating to the quote page.
15:29:33.984 [main] INFO  - Page title: Private Health Insurance for Doctors | Doctors' Health Fund
15:29:34.378 [main] INFO  - Clicking the 'Get Quote' button.
15:29:34.616 [main] INFO  - 'Get Quote' button clicked successfully.
15:29:35.192 [main] INFO  - Selected cover for: Single
15:29:35.672 [main] INFO  - Selected residence: NSW
15:29:36.942 [main] INFO  - Selected annual income: Below $97k
15:29:48.980 [main] INFO  - Selected 'Mr' from dropdown.
15:30:38.826 [main] INFO  - Browser selected: chrome
15:30:41.688 [main] INFO  - ChromeDriver initialized.
15:30:42.559 [main] INFO  - Navigated to URL: https://dms.uat.doctorshealthfund.com.au/
15:30:42.617 [main] INFO  - Navigating to the quote page.
15:30:44.744 [main] INFO  - Page title: Private Health Insurance for Doctors | Doctors' Health Fund
15:30:45.158 [main] INFO  - Clicking the 'Get Quote' button.
15:30:45.426 [main] INFO  - 'Get Quote' button clicked successfully.
15:30:46.617 [main] INFO  - Selected cover for: Single
15:30:47.167 [main] INFO  - Selected residence: NSW
15:30:48.599 [main] INFO  - Selected annual income: Below $97k
15:31:01.580 [main] INFO  - Selected 'Mr' from dropdown.
15:31:24.743 [main] INFO  - Browser selected: chrome
15:31:28.051 [main] INFO  - ChromeDriver initialized.
15:31:31.249 [main] INFO  - Navigated to URL: https://dms.uat.doctorshealthfund.com.au/
15:31:31.307 [main] INFO  - Navigating to the quote page.
15:31:31.409 [main] INFO  - Page title: Private Health Insurance for Doctors | Doctors' Health Fund
15:31:31.797 [main] INFO  - Clicking the 'Get Quote' button.
15:31:31.999 [main] INFO  - 'Get Quote' button clicked successfully.
15:31:33.365 [main] INFO  - Selected cover for: Single
15:31:34.085 [main] INFO  - Selected residence: NSW
15:31:35.697 [main] INFO  - Selected annual income: Below $97k
15:31:49.204 [main] INFO  - Selected 'Mr' from dropdown.
15:33:10.556 [main] INFO  - Browser selected: chrome
15:33:13.309 [main] INFO  - ChromeDriver initialized.
15:33:16.382 [main] INFO  - Navigated to URL: https://dms.uat.doctorshealthfund.com.au/
15:33:16.434 [main] INFO  - Navigating to the quote page.
15:33:16.493 [main] INFO  - Page title: Private Health Insurance for Doctors | Doctors' Health Fund
15:33:16.858 [main] INFO  - Clicking the 'Get Quote' button.
15:33:17.078 [main] INFO  - 'Get Quote' button clicked successfully.
15:33:18.389 [main] INFO  - Selected cover for: Single
15:33:18.949 [main] INFO  - Selected residence: NSW
15:33:20.271 [main] INFO  - Selected annual income: Below $97k
15:33:32.522 [main] INFO  - Selected 'Mr' from dropdown.
15:34:38.188 [main] INFO  - Browser selected: chrome
15:34:41.258 [main] INFO  - ChromeDriver initialized.
15:34:45.128 [main] INFO  - Navigated to URL: https://dms.uat.doctorshealthfund.com.au/
15:34:45.166 [main] INFO  - Navigating to the quote page.
15:34:45.295 [main] INFO  - Page title: Private Health Insurance for Doctors | Doctors' Health Fund
15:34:45.751 [main] INFO  - Clicking the 'Get Quote' button.
15:34:45.955 [main] INFO  - 'Get Quote' button clicked successfully.
15:34:46.543 [main] INFO  - Selected cover for: Single
15:34:47.045 [main] INFO  - Selected residence: NSW
15:34:48.234 [main] INFO  - Selected annual income: Below $97k
15:35:01.687 [main] INFO  - Selected 'Mr' from dropdown.
15:37:40.718 [main] INFO  - Browser selected: chrome
15:37:43.510 [main] INFO  - ChromeDriver initialized.
15:37:46.566 [main] INFO  - Navigated to URL: https://dms.uat.doctorshealthfund.com.au/
15:37:46.615 [main] INFO  - Navigating to the quote page.
15:37:46.644 [main] INFO  - Page title: Private Health Insurance for Doctors | Doctors' Health Fund
15:37:47.035 [main] INFO  - Clicking the 'Get Quote' button.
15:37:47.230 [main] INFO  - 'Get Quote' button clicked successfully.
15:37:47.760 [main] INFO  - Selected cover for: Single
15:37:48.315 [main] INFO  - Selected residence: NSW
15:37:49.511 [main] INFO  - Selected annual income: Below $97k
15:38:02.708 [main] INFO  - Selected 'Mr' from dropdown.
15:45:40.779 [main] INFO  - Browser selected: chrome
15:45:43.527 [main] INFO  - ChromeDriver initialized.
15:45:44.971 [main] INFO  - Navigated to URL: https://dms.uat.doctorshealthfund.com.au/
15:45:45.039 [main] INFO  - Navigating to the quote page.
15:45:45.114 [main] INFO  - Page title: Private Health Insurance for Doctors | Doctors' Health Fund
15:45:45.299 [main] INFO  - Clicking the 'Get Quote' button.
15:45:46.915 [main] INFO  - 'Get Quote' button clicked successfully.
15:45:48.222 [main] INFO  - Selected cover for: Single
15:45:48.722 [main] INFO  - Selected residence: NSW
15:45:49.985 [main] INFO  - Selected annual income: Below $97k
15:46:03.029 [main] INFO  - Selected 'Mr' from dropdown.
15:55:50.864 [main] INFO  - Browser selected: chrome
15:55:53.471 [main] INFO  - ChromeDriver initialized.
15:55:57.693 [main] INFO  - Navigated to URL: https://dms.uat.doctorshealthfund.com.au/
15:55:57.738 [main] INFO  - Navigating to the quote page.
15:55:57.805 [main] INFO  - Page title: Private Health Insurance for Doctors | Doctors' Health Fund
15:55:58.300 [main] INFO  - Clicking the 'Get Quote' button.
15:55:58.515 [main] INFO  - 'Get Quote' button clicked successfully.
15:55:59.707 [main] INFO  - Selected cover for: Single
15:56:00.259 [main] INFO  - Selected residence: NSW
15:56:01.643 [main] INFO  - Selected annual income: Below $97k
15:56:13.902 [main] INFO  - Selected 'Mr' from dropdown.
15:59:11.376 [main] INFO  - Browser selected: chrome
15:59:14.143 [main] INFO  - ChromeDriver initialized.
15:59:15.287 [main] INFO  - Navigated to URL: https://dms.uat.doctorshealthfund.com.au/
15:59:15.377 [main] INFO  - Navigating to the quote page.
15:59:16.689 [main] INFO  - Page title: Private Health Insurance for Doctors | Doctors' Health Fund
15:59:17.210 [main] INFO  - Clicking the 'Get Quote' button.
15:59:44.004 [main] INFO  - Browser selected: chrome
15:59:46.706 [main] INFO  - ChromeDriver initialized.
15:59:49.343 [main] INFO  - Navigated to URL: https://dms.uat.doctorshealthfund.com.au/
15:59:49.394 [main] INFO  - Navigating to the quote page.
15:59:49.424 [main] INFO  - Page title: Private Health Insurance for Doctors | Doctors' Health Fund
15:59:49.819 [main] INFO  - Clicking the 'Get Quote' button.
15:59:50.070 [main] INFO  - 'Get Quote' button clicked successfully.
15:59:51.209 [main] INFO  - Selected cover for: Single
15:59:51.694 [main] INFO  - Selected residence: NSW
15:59:53.381 [main] INFO  - Selected annual income: Below $97k
16:00:06.993 [main] INFO  - Selected 'Mr' from dropdown.
16:01:53.435 [main] INFO  - Browser selected: chrome
16:01:56.696 [main] INFO  - ChromeDriver initialized.
16:01:59.768 [main] INFO  - Navigated to URL: https://dms.uat.doctorshealthfund.com.au/
16:01:59.848 [main] INFO  - Navigating to the quote page.
16:01:59.888 [main] INFO  - Page title: Private Health Insurance for Doctors | Doctors' Health Fund
16:02:00.420 [main] INFO  - Clicking the 'Get Quote' button.
16:02:00.607 [main] INFO  - 'Get Quote' button clicked successfully.
16:02:01.788 [main] INFO  - Selected cover for: Single
16:02:02.304 [main] INFO  - Selected residence: NSW
16:02:03.503 [main] INFO  - Selected annual income: Below $97k
16:02:16.215 [main] INFO  - Selected 'Mr' from dropdown.
16:03:41.157 [main] INFO  - Browser selected: chrome
16:03:43.803 [main] INFO  - ChromeDriver initialized.
16:03:46.659 [main] INFO  - Navigated to URL: https://dms.uat.doctorshealthfund.com.au/
16:03:46.701 [main] INFO  - Navigating to the quote page.
16:03:46.733 [main] INFO  - Page title: Private Health Insurance for Doctors | Doctors' Health Fund
16:03:47.114 [main] INFO  - Clicking the 'Get Quote' button.
16:03:47.345 [main] INFO  - 'Get Quote' button clicked successfully.
16:03:48.728 [main] INFO  - Selected cover for: Single
16:03:49.229 [main] INFO  - Selected residence: NSW
16:03:50.417 [main] INFO  - Selected annual income: Below $97k
16:04:02.980 [main] INFO  - Selected 'Mr' from dropdown.
16:04:33.083 [main] INFO  - Browser selected: chrome
16:04:35.809 [main] INFO  - ChromeDriver initialized.
16:04:38.763 [main] INFO  - Navigated to URL: https://dms.uat.doctorshealthfund.com.au/
16:04:38.825 [main] INFO  - Navigating to the quote page.
16:04:38.858 [main] INFO  - Page title: Private Health Insurance for Doctors | Doctors' Health Fund
16:04:39.239 [main] INFO  - Clicking the 'Get Quote' button.
16:04:39.472 [main] INFO  - 'Get Quote' button clicked successfully.
16:04:40.752 [main] INFO  - Selected cover for: Single
16:04:41.415 [main] INFO  - Selected residence: NSW
16:04:42.826 [main] INFO  - Selected annual income: Below $97k
16:04:55.714 [main] INFO  - Selected 'Mr' from dropdown.
16:05:22.492 [main] INFO  - Browser selected: chrome
16:05:25.639 [main] INFO  - ChromeDriver initialized.
16:05:28.423 [main] INFO  - Navigated to URL: https://dms.uat.doctorshealthfund.com.au/
16:05:28.480 [main] INFO  - Navigating to the quote page.
16:05:28.512 [main] INFO  - Page title: Private Health Insurance for Doctors | Doctors' Health Fund
16:05:28.930 [main] INFO  - Clicking the 'Get Quote' button.
16:05:29.126 [main] INFO  - 'Get Quote' button clicked successfully.
16:05:30.434 [main] INFO  - Selected cover for: Single
16:05:30.937 [main] INFO  - Selected residence: NSW
16:05:32.287 [main] INFO  - Selected annual income: Below $97k
16:05:45.039 [main] INFO  - Selected 'Mr' from dropdown.
16:06:47.977 [main] INFO  - Browser selected: chrome
16:06:50.711 [main] INFO  - ChromeDriver initialized.
16:06:51.332 [main] INFO  - Navigated to URL: https://dms.uat.doctorshealthfund.com.au/
16:06:51.389 [main] INFO  - Navigating to the quote page.
16:06:53.919 [main] INFO  - Page title: Private Health Insurance for Doctors | Doctors' Health Fund
16:06:54.467 [main] INFO  - Clicking the 'Get Quote' button.
16:06:54.683 [main] INFO  - 'Get Quote' button clicked successfully.
16:06:56.026 [main] INFO  - Selected cover for: Single
16:06:56.571 [main] INFO  - Selected residence: NSW
16:06:57.756 [main] INFO  - Selected annual income: Below $97k
16:07:10.346 [main] INFO  - Selected 'Mr' from dropdown.
16:07:36.628 [main] INFO  - Browser selected: chrome
16:07:39.200 [main] INFO  - ChromeDriver initialized.
16:07:39.686 [main] INFO  - Navigated to URL: https://dms.uat.doctorshealthfund.com.au/
16:07:39.744 [main] INFO  - Navigating to the quote page.
16:07:42.418 [main] INFO  - Page title: Private Health Insurance for Doctors | Doctors' Health Fund
16:07:42.868 [main] INFO  - Clicking the 'Get Quote' button.
16:07:43.079 [main] INFO  - 'Get Quote' button clicked successfully.
16:07:43.610 [main] INFO  - Selected cover for: Single
16:07:44.123 [main] INFO  - Selected residence: NSW
16:07:45.535 [main] INFO  - Selected annual income: Below $97k
16:07:58.311 [main] INFO  - Selected 'Mr' from dropdown.
16:08:39.765 [main] INFO  - Browser selected: chrome
16:08:42.318 [main] INFO  - ChromeDriver initialized.
16:08:42.619 [main] INFO  - Navigated to URL: https://dms.uat.doctorshealthfund.com.au/
16:08:42.662 [main] INFO  - Navigating to the quote page.
16:08:45.047 [main] INFO  - Page title: Private Health Insurance for Doctors | Doctors' Health Fund
16:08:45.482 [main] INFO  - Clicking the 'Get Quote' button.
16:08:45.833 [main] INFO  - 'Get Quote' button clicked successfully.
16:08:46.387 [main] INFO  - Selected cover for: Single
16:08:46.954 [main] INFO  - Selected residence: NSW
16:08:48.175 [main] INFO  - Selected annual income: Below $97k
16:09:01.284 [main] INFO  - Selected 'Mr' from dropdown.
16:10:06.279 [main] INFO  - Browser selected: chrome
16:10:08.992 [main] INFO  - ChromeDriver initialized.
16:10:10.689 [main] INFO  - Navigated to URL: https://dms.uat.doctorshealthfund.com.au/
16:10:10.840 [main] INFO  - Navigating to the quote page.
16:10:10.877 [main] INFO  - Page title: Private Health Insurance for Doctors | Doctors' Health Fund
16:10:12.060 [main] INFO  - Clicking the 'Get Quote' button.
16:10:12.289 [main] INFO  - 'Get Quote' button clicked successfully.
16:10:12.888 [main] INFO  - Selected cover for: Single
16:10:13.423 [main] INFO  - Selected residence: NSW
16:10:14.610 [main] INFO  - Selected annual income: Below $97k
16:10:26.901 [main] INFO  - Selected 'Mr' from dropdown.
16:11:51.206 [main] INFO  - Browser selected: chrome
16:11:53.996 [main] INFO  - ChromeDriver initialized.
16:11:57.263 [main] INFO  - Navigated to URL: https://dms.uat.doctorshealthfund.com.au/
16:11:57.316 [main] INFO  - Navigating to the quote page.
16:11:57.392 [main] INFO  - Page title: Private Health Insurance for Doctors | Doctors' Health Fund
16:11:57.775 [main] INFO  - Clicking the 'Get Quote' button.
16:11:57.998 [main] INFO  - 'Get Quote' button clicked successfully.
16:11:58.568 [main] INFO  - Selected cover for: Single
16:11:59.040 [main] INFO  - Selected residence: NSW
16:12:00.281 [main] INFO  - Selected annual income: Below $97k
16:12:12.864 [main] INFO  - Selected 'Mr' from dropdown.
16:12:53.670 [main] INFO  - Browser selected: chrome
16:12:56.486 [main] INFO  - ChromeDriver initialized.
16:12:59.688 [main] INFO  - Navigated to URL: https://dms.uat.doctorshealthfund.com.au/
16:12:59.739 [main] INFO  - Navigating to the quote page.
16:12:59.769 [main] INFO  - Page title: Private Health Insurance for Doctors | Doctors' Health Fund
16:13:01.621 [main] INFO  - Clicking the 'Get Quote' button.
16:13:01.800 [main] INFO  - 'Get Quote' button clicked successfully.
16:13:02.383 [main] INFO  - Selected cover for: Single
16:13:03.074 [main] INFO  - Selected residence: NSW
16:13:04.271 [main] INFO  - Selected annual income: Below $97k
16:13:16.897 [main] INFO  - Selected 'Mr' from dropdown.
16:13:56.927 [main] INFO  - Browser selected: chrome
16:13:59.695 [main] INFO  - ChromeDriver initialized.
16:14:02.854 [main] INFO  - Navigated to URL: https://dms.uat.doctorshealthfund.com.au/
16:14:02.944 [main] INFO  - Navigating to the quote page.
16:14:02.998 [main] INFO  - Page title: Private Health Insurance for Doctors | Doctors' Health Fund
16:14:03.387 [main] INFO  - Clicking the 'Get Quote' button.
16:14:03.665 [main] INFO  - 'Get Quote' button clicked successfully.
16:14:04.208 [main] INFO  - Selected cover for: Single
16:14:04.772 [main] INFO  - Selected residence: NSW
16:14:06.003 [main] INFO  - Selected annual income: Below $97k
16:14:19.054 [main] INFO  - Selected 'Mr' from dropdown.
16:15:04.350 [main] INFO  - Browser selected: chrome
16:15:07.612 [main] INFO  - ChromeDriver initialized.
16:15:10.651 [main] INFO  - Navigated to URL: https://dms.uat.doctorshealthfund.com.au/
16:15:10.697 [main] INFO  - Navigating to the quote page.
16:15:10.731 [main] INFO  - Page title: Private Health Insurance for Doctors | Doctors' Health Fund
16:15:11.068 [main] INFO  - Clicking the 'Get Quote' button.
16:15:11.375 [main] INFO  - 'Get Quote' button clicked successfully.
16:15:11.950 [main] INFO  - Selected cover for: Single
16:15:12.433 [main] INFO  - Selected residence: NSW
16:15:13.619 [main] INFO  - Selected annual income: Below $97k
16:15:26.191 [main] INFO  - Selected 'Mr' from dropdown.
16:19:33.376 [main] INFO  - Browser selected: chrome
16:19:35.916 [main] INFO  - ChromeDriver initialized.
16:19:38.965 [main] INFO  - Navigated to URL: https://dms.uat.doctorshealthfund.com.au/
16:19:39.015 [main] INFO  - Navigating to the quote page.
16:19:39.053 [main] INFO  - Page title: Private Health Insurance for Doctors | Doctors' Health Fund
16:19:39.426 [main] INFO  - Clicking the 'Get Quote' button.
16:19:39.640 [main] INFO  - 'Get Quote' button clicked successfully.
16:19:40.910 [main] INFO  - Selected cover for: Single
16:19:41.420 [main] INFO  - Selected residence: NSW
16:19:42.915 [main] INFO  - Selected annual income: Below $97k
16:19:56.002 [main] INFO  - Selected 'Mr' from dropdown.
16:21:17.357 [main] INFO  - Browser selected: chrome
16:21:19.946 [main] INFO  - ChromeDriver initialized.
16:21:23.183 [main] INFO  - Navigated to URL: https://dms.uat.doctorshealthfund.com.au/
16:21:23.245 [main] INFO  - Navigating to the quote page.
16:21:23.457 [main] INFO  - Page title: Private Health Insurance for Doctors | Doctors' Health Fund
16:21:23.815 [main] INFO  - Clicking the 'Get Quote' button.
16:21:24.111 [main] INFO  - 'Get Quote' button clicked successfully.
16:21:24.711 [main] INFO  - Selected cover for: Single
16:21:25.611 [main] INFO  - Selected residence: NSW
16:21:27.235 [main] INFO  - Selected annual income: Below $97k
16:21:40.216 [main] INFO  - Selected 'Mr' from dropdown.
16:22:16.368 [main] INFO  - Browser selected: chrome
16:22:19.101 [main] INFO  - ChromeDriver initialized.
16:22:22.176 [main] INFO  - Navigated to URL: https://dms.uat.doctorshealthfund.com.au/
16:22:22.228 [main] INFO  - Navigating to the quote page.
16:22:22.272 [main] INFO  - Page title: Private Health Insurance for Doctors | Doctors' Health Fund
16:22:22.649 [main] INFO  - Clicking the 'Get Quote' button.
16:22:22.944 [main] INFO  - 'Get Quote' button clicked successfully.
16:22:23.444 [main] INFO  - Selected cover for: Single
16:22:24.078 [main] INFO  - Selected residence: NSW
16:22:25.328 [main] INFO  - Selected annual income: Below $97k
16:22:38.210 [main] INFO  - Selected 'Mr' from dropdown.
16:24:41.758 [main] INFO  - Browser selected: chrome
16:24:44.567 [main] INFO  - ChromeDriver initialized.
16:24:47.977 [main] INFO  - Navigated to URL: https://dms.uat.doctorshealthfund.com.au/
16:24:48.020 [main] INFO  - Navigating to the quote page.
16:24:48.074 [main] INFO  - Page title: Private Health Insurance for Doctors | Doctors' Health Fund
16:24:48.486 [main] INFO  - Clicking the 'Get Quote' button.
16:24:48.738 [main] INFO  - 'Get Quote' button clicked successfully.
16:24:49.950 [main] INFO  - Selected cover for: Single
16:24:50.657 [main] INFO  - Selected residence: NSW
16:24:51.963 [main] INFO  - Selected annual income: Below $97k
16:25:04.929 [main] INFO  - Selected 'Mr' from dropdown.
16:25:40.354 [main] INFO  - Browser selected: chrome
16:25:43.370 [main] INFO  - ChromeDriver initialized.
16:25:43.828 [main] INFO  - Navigated to URL: https://dms.uat.doctorshealthfund.com.au/
16:25:43.891 [main] INFO  - Navigating to the quote page.
16:25:46.596 [main] INFO  - Page title: Private Health Insurance for Doctors | Doctors' Health Fund
16:25:47.024 [main] INFO  - Clicking the 'Get Quote' button.
16:25:47.251 [main] INFO  - 'Get Quote' button clicked successfully.
16:25:47.774 [main] INFO  - Selected cover for: Single
16:25:48.345 [main] INFO  - Selected residence: NSW
16:25:49.692 [main] INFO  - Selected annual income: Below $97k
16:26:02.490 [main] INFO  - Selected 'Mr' from dropdown.
09:31:55.828 [main] INFO  - Browser selected: chrome
09:32:00.188 [main] INFO  - ChromeDriver initialized.
09:32:05.232 [main] INFO  - Navigated to URL: https://dms.uat.doctorshealthfund.com.au/
09:32:05.296 [main] INFO  - Navigating to the quote page.
09:32:05.799 [main] INFO  - Page title: Private Health Insurance for Doctors | Doctors' Health Fund
09:32:06.268 [main] INFO  - Clicking the 'Get Quote' button.
09:32:06.442 [main] INFO  - 'Get Quote' button clicked successfully.
09:32:07.601 [main] INFO  - Selected cover for: Single
09:32:08.089 [main] INFO  - Selected residence: NSW
09:32:09.344 [main] INFO  - Selected annual income: Below $97k
09:32:10.185 [main] INFO  - Selecting the plan: Smart Starter Bronze Plus
09:32:11.658 [main] INFO  - Clicked the element successfully
09:32:11.864 [main] INFO  - Selecting 'Starter Extras'.
09:32:12.190 [main] INFO  - Verifying 'Starter Extras' is enabled.
09:32:12.408 [main] INFO  - Selecting the plan: Prime Choice
09:32:12.630 [main] INFO  - Clicked the element successfully
09:32:12.812 [main] INFO  - Attempting to select 'Starter Extras'.
09:32:13.090 [main] INFO  - Verifying 'Starter Extras' is disabled.
09:32:13.236 [main] INFO  - Selecting the plan: Top Cover
09:32:14.420 [main] WARN  - Element click intercepted, retrying... attempt: 1
09:32:15.514 [main] WARN  - Element click intercepted, retrying... attempt: 2
09:32:16.633 [main] WARN  - Element click intercepted, retrying... attempt: 3
09:32:16.700 [main] INFO  - Clicked the element using JavaScript click as a fallback
09:32:16.833 [main] INFO  - Attempting to select 'Starter Extras'.
09:32:17.045 [main] INFO  - Verifying 'Starter Extras' is disabled.
09:32:20.490 [main] INFO  - Selected 'Extras only' from dropdown.
09:32:20.652 [main] INFO  - Attempting to select 'Starter Extras'.
09:32:23.109 [main] INFO  - Verifying 'Starter Extras' is disabled.
09:32:26.930 [main] INFO  - Selected 'Couple' from dropdown.
09:36:10.118 [main] INFO  - Browser selected: chrome
09:36:13.106 [main] INFO  - ChromeDriver initialized.
09:36:13.921 [main] INFO  - Navigated to URL: https://dms.uat.doctorshealthfund.com.au/
