09:36:14.035 [main] INFO  - Navigating to the quote page.
09:36:17.001 [main] INFO  - Page title: Private Health Insurance for Doctors | Doctors' Health Fund
09:36:17.352 [main] INFO  - Clicking the 'Get Quote' button.
09:36:39.658 [main] INFO  - Browser selected: chrome
09:36:42.519 [main] INFO  - ChromeDriver initialized.
09:36:45.731 [main] INFO  - Navigated to URL: https://dms.uat.doctorshealthfund.com.au/
09:36:45.787 [main] INFO  - Navigating to the quote page.
09:36:45.821 [main] INFO  - Page title: Private Health Insurance for Doctors | Doctors' Health Fund
09:36:46.233 [main] INFO  - Clicking the 'Get Quote' button.
09:36:46.458 [main] INFO  - 'Get Quote' button clicked successfully.
09:36:47.729 [main] INFO  - Selected cover for: Single
09:36:48.242 [main] INFO  - Selected residence: NSW
09:36:49.628 [main] INFO  - Selected annual income: Below $97k
09:36:50.596 [main] INFO  - Selecting the plan: Smart Starter Bronze Plus
09:36:52.487 [main] INFO  - Clicked the element successfully
09:36:52.725 [main] INFO  - Selecting 'Starter Extras'.
09:36:53.117 [main] INFO  - Verifying 'Starter Extras' is enabled.
09:36:53.346 [main] INFO  - Selecting the plan: Prime Choice
09:36:53.567 [main] INFO  - Clicked the element successfully
09:36:53.740 [main] INFO  - Attempting to select 'Starter Extras'.
09:36:54.021 [main] INFO  - Verifying 'Starter Extras' is disabled.
09:36:54.205 [main] INFO  - Selecting the plan: Top Cover
09:36:55.327 [main] WARN  - Element click intercepted, retrying... attempt: 1
09:36:56.425 [main] WARN  - Element click intercepted, retrying... attempt: 2
09:36:57.541 [main] WARN  - Element click intercepted, retrying... attempt: 3
09:36:57.620 [main] INFO  - Clicked the element using JavaScript click as a fallback
09:36:57.785 [main] INFO  - Attempting to select 'Starter Extras'.
09:36:58.040 [main] INFO  - Verifying 'Starter Extras' is disabled.
09:37:01.890 [main] INFO  - Selected 'Extras only' from dropdown.
09:37:02.200 [main] INFO  - Attempting to select 'Starter Extras'.
09:37:04.688 [main] INFO  - Verifying 'Starter Extras' is disabled.
09:37:08.657 [main] INFO  - Selected 'Couple' from dropdown.
09:37:10.265 [main] INFO  - Selecting the plan: Smart Starter Bronze Plus
09:37:11.047 [main] INFO  - Clicked the element successfully
09:37:11.224 [main] INFO  - Selecting 'Starter Extras'.
09:37:11.505 [main] INFO  - Verifying 'Starter Extras' is enabled.
09:37:15.011 [main] INFO  - Selected 'Extras only' from dropdown.
09:37:15.172 [main] INFO  - Attempting to select 'Starter Extras'.
09:37:15.958 [main] INFO  - Verifying 'Starter Extras' is disabled.
09:37:20.235 [main] INFO  - Selected 'Family' from dropdown.
09:37:23.965 [main] INFO  - Selected 'Hospital & Extras' from dropdown.
09:37:24.158 [main] INFO  - Attempting to select 'Starter Extras'.
09:37:25.052 [main] INFO  - Verifying 'Starter Extras' is disabled.
09:37:28.497 [main] INFO  - Selected 'Extras only' from dropdown.
09:37:28.708 [main] INFO  - Attempting to select 'Starter Extras'.
09:37:28.984 [main] INFO  - Verifying 'Starter Extras' is disabled.
09:37:32.969 [main] INFO  - Selected 'Single Parent' from dropdown.
09:37:36.710 [main] INFO  - Selected 'Hospital & Extras' from dropdown.
09:37:36.921 [main] INFO  - Attempting to select 'Starter Extras'.
09:37:37.644 [main] INFO  - Verifying 'Starter Extras' is disabled.
09:37:41.087 [main] INFO  - Selected 'Extras only' from dropdown.
09:37:41.244 [main] INFO  - Attempting to select 'Starter Extras'.
09:37:41.487 [main] INFO  - Verifying 'Starter Extras' is disabled.
09:40:18.305 [main] INFO  - Browser selected: chrome
09:40:21.244 [main] INFO  - ChromeDriver initialized.
09:40:24.137 [main] INFO  - Navigated to URL: https://dms.uat.doctorshealthfund.com.au/
09:40:24.221 [main] INFO  - Navigating to the quote page.
09:40:24.254 [main] INFO  - Page title: Private Health Insurance for Doctors | Doctors' Health Fund
09:40:24.260 [main] INFO  - Clicking the 'Get Quote' button.
09:40:24.526 [main] INFO  - 'Get Quote' button clicked successfully.
09:47:14.935 [main] INFO  - Browser selected: chrome
09:47:17.825 [main] INFO  - ChromeDriver initialized.
09:47:21.278 [main] INFO  - Navigated to URL: https://dms.uat.doctorshealthfund.com.au/
09:47:21.336 [main] INFO  - Navigating to the quote page.
09:47:21.792 [main] INFO  - Page title: Private Health Insurance for Doctors | Doctors' Health Fund
09:47:21.797 [main] INFO  - Clicking the 'Get Quote' button.
09:47:22.063 [main] INFO  - 'Get Quote' button clicked successfully.
09:53:57.813 [main] INFO  - Browser selected: chrome
09:54:00.717 [main] INFO  - ChromeDriver initialized.
09:54:01.344 [main] INFO  - Navigated to URL: https://dms.uat.doctorshealthfund.com.au/
09:54:01.421 [main] INFO  - Navigating to the quote page.
09:54:04.705 [main] INFO  - Page title: Private Health Insurance for Doctors | Doctors' Health Fund
09:54:04.712 [main] INFO  - Clicking the 'Get Quote' button.
09:54:04.970 [main] INFO  - 'Get Quote' button clicked successfully.
09:58:11.371 [main] INFO  - Browser selected: chrome
09:58:14.137 [main] INFO  - ChromeDriver initialized.
09:58:16.957 [main] INFO  - Navigated to URL: https://dms.uat.doctorshealthfund.com.au/
09:58:17.015 [main] INFO  - Navigating to the quote page.
09:58:17.072 [main] INFO  - Page title: Private Health Insurance for Doctors | Doctors' Health Fund
09:58:17.078 [main] INFO  - Clicking the 'Get Quote' button.
09:58:17.307 [main] INFO  - 'Get Quote' button clicked successfully.
09:58:18.672 [main] INFO  - Selected cover for: Single
09:58:18.913 [main] INFO  - Selected residence: QLD
09:58:19.662 [main] INFO  - Selected annual income: Below $97k
10:00:08.474 [main] INFO  - Browser selected: chrome
10:00:11.171 [main] INFO  - ChromeDriver initialized.
10:00:14.020 [main] INFO  - Navigated to URL: https://dms.uat.doctorshealthfund.com.au/
10:00:14.085 [main] INFO  - Navigating to the quote page.
10:00:14.137 [main] INFO  - Page title: Private Health Insurance for Doctors | Doctors' Health Fund
10:00:14.144 [main] INFO  - Clicking the 'Get Quote' button.
10:00:14.383 [main] INFO  - 'Get Quote' button clicked successfully.
10:00:15.796 [main] INFO  - Selected cover for: Single
10:00:16.027 [main] INFO  - Selected residence: QLD
10:00:16.774 [main] INFO  - Selected annual income: Below $97k
10:04:14.312 [main] INFO  - Browser selected: chrome
10:04:17.007 [main] INFO  - ChromeDriver initialized.
10:04:19.900 [main] INFO  - Navigated to URL: https://dms.uat.doctorshealthfund.com.au/
10:04:19.959 [main] INFO  - Navigating to the quote page.
10:04:19.989 [main] INFO  - Page title: Private Health Insurance for Doctors | Doctors' Health Fund
10:04:19.994 [main] INFO  - Clicking the 'Get Quote' button.
10:04:20.202 [main] INFO  - 'Get Quote' button clicked successfully.
10:07:50.071 [main] INFO  - Browser selected: chrome
10:07:53.168 [main] INFO  - ChromeDriver initialized.
10:07:57.635 [main] INFO  - Navigated to URL: https://dms.uat.doctorshealthfund.com.au/
10:07:57.719 [main] INFO  - Navigating to the quote page.
10:07:57.763 [main] INFO  - Page title: Private Health Insurance for Doctors | Doctors' Health Fund
10:07:57.769 [main] INFO  - Clicking the 'Get Quote' button.
10:07:58.234 [main] INFO  - 'Get Quote' button clicked successfully.
10:07:58.792 [main] INFO  - Selected cover for: Single
10:07:59.117 [main] INFO  - Selected residence: NSW
10:07:59.943 [main] INFO  - Selected annual income: Below $97k
10:08:00.259 [main] INFO  - Selecting the plan: Smart Starter Bronze Plus
10:08:02.203 [main] INFO  - Clicked the element successfully
10:08:02.206 [main] INFO  - Selecting 'Starter Extras'.
10:08:02.360 [main] INFO  - Verifying 'Starter Extras' is enabled.
10:08:02.451 [main] INFO  - Selecting the plan: Prime Choice
10:08:02.649 [main] INFO  - Clicked the element successfully
10:08:02.664 [main] INFO  - Attempting to select 'Starter Extras'.
10:08:02.749 [main] INFO  - Verifying 'Starter Extras' is disabled.
10:08:02.794 [main] INFO  - Selecting the plan: Top Cover
10:08:03.918 [main] WARN  - Element click intercepted, retrying... attempt: 1
10:08:04.991 [main] WARN  - Element click intercepted, retrying... attempt: 2
10:08:06.115 [main] WARN  - Element click intercepted, retrying... attempt: 3
10:08:06.210 [main] INFO  - Clicked the element using JavaScript click as a fallback
10:08:06.231 [main] INFO  - Attempting to select 'Starter Extras'.
10:08:06.341 [main] INFO  - Verifying 'Starter Extras' is disabled.
10:08:09.823 [main] INFO  - Selected 'Extras only' from dropdown.
10:08:09.835 [main] INFO  - Attempting to select 'Starter Extras'.
10:08:10.711 [main] INFO  - Verifying 'Starter Extras' is disabled.
10:08:14.919 [main] INFO  - Selected 'Couple' from dropdown.
10:08:16.596 [main] INFO  - Selecting the plan: Smart Starter Bronze Plus
10:08:17.500 [main] INFO  - Clicked the element successfully
10:08:17.502 [main] INFO  - Selecting 'Starter Extras'.
10:08:17.663 [main] INFO  - Verifying 'Starter Extras' is enabled.
10:08:21.035 [main] INFO  - Selected 'Extras only' from dropdown.
10:08:21.045 [main] INFO  - Attempting to select 'Starter Extras'.
10:08:21.733 [main] INFO  - Verifying 'Starter Extras' is disabled.
10:08:25.730 [main] INFO  - Selected 'Family' from dropdown.
10:08:29.136 [main] INFO  - Selected 'Hospital & Extras' from dropdown.
10:08:29.152 [main] INFO  - Attempting to select 'Starter Extras'.
10:08:30.012 [main] INFO  - Verifying 'Starter Extras' is disabled.
10:08:33.338 [main] INFO  - Selected 'Extras only' from dropdown.
10:08:33.346 [main] INFO  - Attempting to select 'Starter Extras'.
10:08:33.428 [main] INFO  - Verifying 'Starter Extras' is disabled.
10:08:37.455 [main] INFO  - Selected 'Single Parent' from dropdown.
10:08:40.839 [main] INFO  - Selected 'Hospital & Extras' from dropdown.
10:08:40.855 [main] INFO  - Attempting to select 'Starter Extras'.
10:08:42.445 [main] INFO  - Verifying 'Starter Extras' is disabled.
10:08:45.796 [main] INFO  - Selected 'Extras only' from dropdown.
10:08:45.804 [main] INFO  - Attempting to select 'Starter Extras'.
10:08:45.887 [main] INFO  - Verifying 'Starter Extras' is disabled.
10:52:10.913 [main] INFO  - Browser selected: chrome
10:52:14.526 [main] INFO  - ChromeDriver initialized.
10:52:20.203 [main] INFO  - Navigated to URL: https://dms.uat.doctorshealthfund.com.au/
10:52:20.265 [main] INFO  - Navigating to the quote page.
10:52:20.301 [main] INFO  - Page title: Private Health Insurance for Doctors | Doctors' Health Fund
10:52:20.306 [main] INFO  - Clicking the 'Get Quote' button.
10:52:20.552 [main] INFO  - 'Get Quote' button clicked successfully.
10:52:21.914 [main] INFO  - Selected cover for: Single
10:52:22.265 [main] INFO  - Selected residence: NSW
10:52:23.030 [main] INFO  - Selected annual income: Below $97k
10:52:23.322 [main] INFO  - Selecting the plan: Smart Starter Bronze Plus
10:52:24.701 [main] INFO  - Clicked the element successfully
10:52:24.704 [main] INFO  - Selecting 'Starter Extras'.
10:52:24.898 [main] INFO  - Verifying 'Starter Extras' is enabled.
10:52:24.962 [main] INFO  - Selecting the plan: Prime Choice
10:52:25.174 [main] INFO  - Clicked the element successfully
10:52:25.192 [main] INFO  - Attempting to select 'Starter Extras'.
10:52:25.278 [main] INFO  - Verifying 'Starter Extras' is disabled.
10:52:25.320 [main] INFO  - Selecting the plan: Top Cover
10:52:26.427 [main] WARN  - Element click intercepted, retrying... attempt: 1
10:52:27.508 [main] WARN  - Element click intercepted, retrying... attempt: 2
10:52:28.675 [main] WARN  - Element click intercepted, retrying... attempt: 3
10:52:28.744 [main] INFO  - Clicked the element using JavaScript click as a fallback
10:52:28.753 [main] INFO  - Attempting to select 'Starter Extras'.
10:52:28.840 [main] INFO  - Verifying 'Starter Extras' is disabled.
10:52:32.400 [main] INFO  - Selected 'Extras only' from dropdown.
10:52:32.415 [main] INFO  - Attempting to select 'Starter Extras'.
10:52:34.491 [main] INFO  - Verifying 'Starter Extras' is disabled.
10:52:38.702 [main] INFO  - Selected 'Couple' from dropdown.
10:52:57.999 [main] INFO  - Selecting the plan: Smart Starter Bronze Plus
10:52:59.001 [main] INFO  - Clicked the element successfully
10:52:59.003 [main] INFO  - Selecting 'Starter Extras'.
10:52:59.170 [main] INFO  - Verifying 'Starter Extras' is enabled.
10:53:02.482 [main] INFO  - Selected 'Extras only' from dropdown.
10:53:02.491 [main] INFO  - Attempting to select 'Starter Extras'.
10:53:03.496 [main] INFO  - Verifying 'Starter Extras' is disabled.
10:53:07.489 [main] INFO  - Selected 'Family' from dropdown.
10:53:10.891 [main] INFO  - Selected 'Hospital & Extras' from dropdown.
10:53:10.907 [main] INFO  - Attempting to select 'Starter Extras'.
10:53:12.170 [main] INFO  - Verifying 'Starter Extras' is disabled.
10:53:15.464 [main] INFO  - Selected 'Extras only' from dropdown.
10:53:15.472 [main] INFO  - Attempting to select 'Starter Extras'.
10:53:15.551 [main] INFO  - Verifying 'Starter Extras' is disabled.
10:53:19.595 [main] INFO  - Selected 'Single Parent' from dropdown.
10:53:23.063 [main] INFO  - Selected 'Hospital & Extras' from dropdown.
10:53:23.084 [main] INFO  - Attempting to select 'Starter Extras'.
10:53:25.526 [main] INFO  - Verifying 'Starter Extras' is disabled.
10:53:28.841 [main] INFO  - Selected 'Extras only' from dropdown.
10:53:28.849 [main] INFO  - Attempting to select 'Starter Extras'.
10:53:28.932 [main] INFO  - Verifying 'Starter Extras' is disabled.
10:55:33.740 [main] INFO  - Browser selected: chrome
10:55:36.351 [main] INFO  - ChromeDriver initialized.
10:55:40.026 [main] INFO  - Navigated to URL: https://dms.uat.doctorshealthfund.com.au/
10:55:40.084 [main] INFO  - Navigating to the quote page.
10:55:40.113 [main] INFO  - Page title: Private Health Insurance for Doctors | Doctors' Health Fund
10:55:40.118 [main] INFO  - Clicking the 'Get Quote' button.
10:55:40.362 [main] INFO  - 'Get Quote' button clicked successfully.
10:55:41.875 [main] INFO  - Selected cover for: Single
12:58:43.024 [main] INFO  - Browser selected: chrome
12:58:47.113 [main] INFO  - ChromeDriver initialized.
12:58:51.984 [main] INFO  - Navigated to URL: https://dms.uat.doctorshealthfund.com.au/
12:58:52.040 [main] INFO  - Navigating to the quote page.
12:58:52.069 [main] INFO  - Page title: Private Health Insurance for Doctors | Doctors' Health Fund
12:58:52.073 [main] INFO  - Clicking the 'Get Quote' button.
12:58:53.637 [main] INFO  - 'Get Quote' button clicked successfully.
12:58:54.854 [main] INFO  - Selected cover for: Single
12:58:55.095 [main] INFO  - Selected residence: NSW
12:58:55.779 [main] INFO  - Selected annual income: Below $97k
13:00:07.894 [main] INFO  - Browser selected: chrome
13:00:10.602 [main] INFO  - ChromeDriver initialized.
13:00:14.125 [main] INFO  - Navigated to URL: https://dms.uat.doctorshealthfund.com.au/
13:00:14.175 [main] INFO  - Navigating to the quote page.
13:00:14.206 [main] INFO  - Page title: Private Health Insurance for Doctors | Doctors' Health Fund
13:00:14.214 [main] INFO  - Clicking the 'Get Quote' button.
13:00:14.466 [main] INFO  - 'Get Quote' button clicked successfully.
13:00:15.793 [main] INFO  - Selected cover for: Single
13:00:16.034 [main] INFO  - Selected residence: NSW
13:00:16.769 [main] INFO  - Selected annual income: Below $97k
13:01:09.105 [main] INFO  - Browser selected: chrome
13:01:13.163 [main] INFO  - ChromeDriver initialized.
13:01:14.306 [main] INFO  - Navigated to URL: https://dms.uat.doctorshealthfund.com.au/
13:01:14.364 [main] INFO  - Navigating to the quote page.
13:01:16.772 [main] INFO  - Page title: Private Health Insurance for Doctors | Doctors' Health Fund
13:01:16.779 [main] INFO  - Clicking the 'Get Quote' button.
13:01:17.623 [main] INFO  - 'Get Quote' button clicked successfully.
13:01:18.063 [main] INFO  - Selected cover for: Single
13:01:18.331 [main] INFO  - Selected residence: NSW
13:01:19.049 [main] INFO  - Selected annual income: Below $97k
13:06:43.236 [main] INFO  - Browser selected: chrome
13:06:46.200 [main] INFO  - ChromeDriver initialized.
13:06:49.227 [main] INFO  - Navigated to URL: https://dms.uat.doctorshealthfund.com.au/
13:06:49.282 [main] INFO  - Navigating to the quote page.
13:06:49.388 [main] INFO  - Page title: Private Health Insurance for Doctors | Doctors' Health Fund
13:06:49.393 [main] INFO  - Clicking the 'Get Quote' button.
13:06:49.620 [main] INFO  - 'Get Quote' button clicked successfully.
13:06:50.198 [main] INFO  - Selected cover for: Single
13:06:50.504 [main] INFO  - Selected residence: NSW
13:06:51.250 [main] INFO  - Selected annual income: Below $97k
13:07:32.173 [main] INFO  - Browser selected: chrome
13:07:35.358 [main] INFO  - ChromeDriver initialized.
13:07:38.700 [main] INFO  - Navigated to URL: https://dms.uat.doctorshealthfund.com.au/
13:07:38.751 [main] INFO  - Navigating to the quote page.
13:07:38.836 [main] INFO  - Page title: Private Health Insurance for Doctors | Doctors' Health Fund
13:07:38.841 [main] INFO  - Clicking the 'Get Quote' button.
13:07:39.176 [main] INFO  - 'Get Quote' button clicked successfully.
13:07:40.625 [main] INFO  - Selected cover for: Single
13:07:40.887 [main] INFO  - Selected residence: NSW
13:07:41.594 [main] INFO  - Selected annual income: Below $97k
13:07:55.790 [main] INFO  - Selected 'Mr' from dropdown.
13:09:14.759 [main] INFO  - Browser selected: chrome
13:09:17.576 [main] INFO  - ChromeDriver initialized.
13:09:22.122 [main] INFO  - Navigated to URL: https://dms.uat.doctorshealthfund.com.au/
13:09:22.209 [main] INFO  - Navigating to the quote page.
13:09:22.275 [main] INFO  - Page title: Private Health Insurance for Doctors | Doctors' Health Fund
13:09:22.280 [main] INFO  - Clicking the 'Get Quote' button.
13:09:22.689 [main] INFO  - 'Get Quote' button clicked successfully.
13:09:23.231 [main] INFO  - Selected cover for: Single
13:09:23.663 [main] INFO  - Selected residence: NSW
13:09:24.580 [main] INFO  - Selected annual income: Below $97k
14:33:06.476 [main] INFO  - Browser selected: chrome
14:33:11.005 [main] INFO  - ChromeDriver initialized.
14:33:17.182 [main] INFO  - Navigated to URL: https://dms.uat.doctorshealthfund.com.au/
14:33:17.286 [main] INFO  - Navigating to the quote page.
14:33:17.415 [main] INFO  - Page title: Private Health Insurance for Doctors | Doctors' Health Fund
14:33:17.421 [main] INFO  - Clicking the 'Get Quote' button.
14:33:17.631 [main] INFO  - 'Get Quote' button clicked successfully.
14:33:18.835 [main] INFO  - Selected cover for: Single
14:33:19.085 [main] INFO  - Selected residence: NSW
14:33:19.779 [main] INFO  - Selected annual income: Below $97k
14:35:05.149 [main] INFO  - Browser selected: chrome
14:35:08.240 [main] INFO  - ChromeDriver initialized.
14:35:08.913 [main] INFO  - Navigated to URL: https://dms.uat.doctorshealthfund.com.au/
14:35:08.979 [main] INFO  - Navigating to the quote page.
14:35:11.516 [main] INFO  - Page title: Private Health Insurance for Doctors | Doctors' Health Fund
14:35:11.522 [main] INFO  - Clicking the 'Get Quote' button.
14:35:11.785 [main] INFO  - 'Get Quote' button clicked successfully.
14:35:13.184 [main] INFO  - Selected cover for: Single
14:35:13.430 [main] INFO  - Selected residence: NSW
14:35:14.125 [main] INFO  - Selected annual income: Below $97k
14:37:10.641 [main] INFO  - Browser selected: chrome
14:37:13.697 [main] INFO  - ChromeDriver initialized.
14:37:16.792 [main] INFO  - Navigated to URL: https://dms.uat.doctorshealthfund.com.au/
14:37:16.840 [main] INFO  - Navigating to the quote page.
14:37:16.934 [main] INFO  - Page title: Private Health Insurance for Doctors | Doctors' Health Fund
14:37:16.942 [main] INFO  - Clicking the 'Get Quote' button.
14:37:17.312 [main] INFO  - 'Get Quote' button clicked successfully.
14:37:18.740 [main] INFO  - Selected cover for: Single
14:37:18.986 [main] INFO  - Selected residence: NSW
14:37:19.815 [main] INFO  - Selected annual income: Below $97k
14:38:47.915 [main] INFO  - Browser selected: chrome
14:38:50.684 [main] INFO  - ChromeDriver initialized.
14:38:52.434 [main] INFO  - Navigated to URL: https://dms.uat.doctorshealthfund.com.au/
14:38:52.508 [main] INFO  - Navigating to the quote page.
14:38:53.491 [main] INFO  - Page title: Private Health Insurance for Doctors | Doctors' Health Fund
14:38:53.496 [main] INFO  - Clicking the 'Get Quote' button.
14:38:54.325 [main] INFO  - 'Get Quote' button clicked successfully.
14:38:55.154 [main] INFO  - Selected cover for: Single
14:38:55.495 [main] INFO  - Selected residence: NSW
14:38:56.291 [main] INFO  - Selected annual income: Below $97k
14:41:58.969 [main] INFO  - Browser selected: chrome
14:42:01.610 [main] INFO  - ChromeDriver initialized.
14:42:02.092 [main] INFO  - Navigated to URL: https://dms.uat.doctorshealthfund.com.au/
14:42:02.152 [main] INFO  - Navigating to the quote page.
14:42:04.827 [main] INFO  - Page title: Private Health Insurance for Doctors | Doctors' Health Fund
14:42:04.835 [main] INFO  - Clicking the 'Get Quote' button.
14:42:05.104 [main] INFO  - 'Get Quote' button clicked successfully.
14:42:05.666 [main] INFO  - Selected cover for: Single
14:42:05.965 [main] INFO  - Selected residence: NSW
14:42:06.747 [main] INFO  - Selected annual income: Below $97k
14:45:24.544 [main] INFO  - Browser selected: chrome
14:45:27.899 [main] INFO  - ChromeDriver initialized.
14:45:31.537 [main] INFO  - Navigated to URL: https://dms.uat.doctorshealthfund.com.au/
14:45:31.584 [main] INFO  - Navigating to the quote page.
14:45:31.751 [main] INFO  - Page title: Private Health Insurance for Doctors | Doctors' Health Fund
14:45:31.756 [main] INFO  - Clicking the 'Get Quote' button.
14:45:32.026 [main] INFO  - 'Get Quote' button clicked successfully.
14:45:33.649 [main] INFO  - Selected cover for: Single
14:45:33.971 [main] INFO  - Selected residence: NSW
14:45:35.124 [main] INFO  - Selected annual income: Below $97k
15:06:16.119 [main] INFO  - Browser selected: chrome
15:06:19.063 [main] INFO  - ChromeDriver initialized.
15:06:25.205 [main] INFO  - Navigated to URL: https://dms.uat.doctorshealthfund.com.au/
15:06:25.293 [main] INFO  - Navigating to the quote page.
15:06:25.333 [main] INFO  - Page title: Private Health Insurance for Doctors | Doctors' Health Fund
15:06:25.339 [main] INFO  - Clicking the 'Get Quote' button.
15:06:25.539 [main] INFO  - 'Get Quote' button clicked successfully.
15:06:27.053 [main] INFO  - Selected cover for: Single
15:06:27.314 [main] INFO  - Selected residence: NSW
15:06:28.117 [main] INFO  - Selected annual income: Below $97k
15:08:57.782 [main] INFO  - Browser selected: chrome
15:09:01.737 [main] INFO  - ChromeDriver initialized.
15:09:04.702 [main] INFO  - Navigated to URL: https://dms.uat.doctorshealthfund.com.au/
15:09:04.753 [main] INFO  - Navigating to the quote page.
15:09:04.786 [main] INFO  - Page title: Private Health Insurance for Doctors | Doctors' Health Fund
15:09:04.792 [main] INFO  - Clicking the 'Get Quote' button.
15:09:05.018 [main] INFO  - 'Get Quote' button clicked successfully.
15:09:05.564 [main] INFO  - Selected cover for: Single
15:09:05.828 [main] INFO  - Selected residence: NSW
15:09:06.604 [main] INFO  - Selected annual income: Below $97k
15:11:31.246 [main] INFO  - Browser selected: chrome
15:11:34.321 [main] INFO  - ChromeDriver initialized.
15:11:37.992 [main] INFO  - Navigated to URL: https://dms.uat.doctorshealthfund.com.au/
15:11:55.550 [main] INFO  - Browser selected: chrome
15:12:23.120 [main] INFO  - Browser selected: chrome
15:12:25.859 [main] INFO  - ChromeDriver initialized.
15:12:26.477 [main] INFO  - Navigated to URL: https://dms.uat.doctorshealthfund.com.au/
15:12:26.532 [main] INFO  - Navigating to the quote page.
15:12:29.093 [main] INFO  - Page title: Private Health Insurance for Doctors | Doctors' Health Fund
15:12:29.099 [main] INFO  - Clicking the 'Get Quote' button.
15:12:29.393 [main] INFO  - 'Get Quote' button clicked successfully.
15:12:29.984 [main] INFO  - Selected cover for: Single
15:12:30.253 [main] INFO  - Selected residence: NSW
15:12:30.954 [main] INFO  - Selected annual income: Below $97k
15:16:43.851 [main] INFO  - Browser selected: chrome
15:16:46.681 [main] INFO  - ChromeDriver initialized.
15:16:49.856 [main] INFO  - Navigated to URL: https://dms.uat.doctorshealthfund.com.au/
15:16:49.990 [main] INFO  - Navigating to the quote page.
15:16:50.028 [main] INFO  - Page title: Private Health Insurance for Doctors | Doctors' Health Fund
15:16:50.033 [main] INFO  - Clicking the 'Get Quote' button.
15:16:50.323 [main] INFO  - 'Get Quote' button clicked successfully.
15:16:50.903 [main] INFO  - Selected cover for: Single
15:16:51.199 [main] INFO  - Selected residence: NSW
15:16:52.229 [main] INFO  - Selected annual income: Below $97k
07:18:02.770 [main] INFO  - Browser selected: chrome
07:18:07.518 [main] INFO  - ChromeDriver initialized.
07:18:13.252 [main] INFO  - Navigated to URL: https://dms.uat.doctorshealthfund.com.au/
07:18:13.322 [main] INFO  - Navigating to the quote page.
07:18:13.469 [main] INFO  - Page title: Private Health Insurance for Doctors | Doctors' Health Fund
07:18:13.475 [main] INFO  - Clicking the 'Get Quote' button.
07:18:13.682 [main] INFO  - 'Get Quote' button clicked successfully.
07:18:15.093 [main] INFO  - Selected cover for: Single
07:18:15.391 [main] INFO  - Selected residence: NSW
07:18:16.249 [main] INFO  - Selected annual income: Below $97k
07:19:38.198 [main] INFO  - Browser selected: chrome
07:19:40.999 [main] INFO  - ChromeDriver initialized.
07:19:44.272 [main] INFO  - Navigated to URL: https://dms.uat.doctorshealthfund.com.au/
07:19:44.332 [main] INFO  - Navigating to the quote page.
07:19:44.370 [main] INFO  - Page title: Private Health Insurance for Doctors | Doctors' Health Fund
07:19:44.375 [main] INFO  - Clicking the 'Get Quote' button.
07:19:44.655 [main] INFO  - 'Get Quote' button clicked successfully.
07:19:46.007 [main] INFO  - Selected cover for: Single
07:19:46.286 [main] INFO  - Selected residence: NSW
07:19:47.024 [main] INFO  - Selected annual income: Below $97k
07:20:02.172 [main] INFO  - Selected 'Mr' from dropdown.
07:26:19.860 [main] INFO  - Browser selected: chrome
07:26:23.677 [main] INFO  - ChromeDriver initialized.
07:26:25.573 [main] INFO  - Navigated to URL: https://dms.uat.doctorshealthfund.com.au/
07:26:25.641 [main] INFO  - Navigating to the quote page.
07:26:25.680 [main] INFO  - Page title: Private Health Insurance for Doctors | Doctors' Health Fund
07:26:25.686 [main] INFO  - Clicking the 'Get Quote' button.
07:26:27.572 [main] INFO  - 'Get Quote' button clicked successfully.
07:26:28.784 [main] INFO  - Selected cover for: Single
07:26:29.116 [main] INFO  - Selected residence: NSW
07:26:29.991 [main] INFO  - Selected annual income: Below $97k
07:26:45.175 [main] INFO  - Selected 'Mr' from dropdown.
07:28:07.164 [main] INFO  - Browser selected: chrome
07:28:10.150 [main] INFO  - ChromeDriver initialized.
07:28:13.595 [main] INFO  - Navigated to URL: https://dms.uat.doctorshealthfund.com.au/
07:28:13.643 [main] INFO  - Navigating to the quote page.
07:28:13.677 [main] INFO  - Page title: Private Health Insurance for Doctors | Doctors' Health Fund
07:28:13.683 [main] INFO  - Clicking the 'Get Quote' button.
07:28:13.947 [main] INFO  - 'Get Quote' button clicked successfully.
07:28:15.391 [main] INFO  - Selected cover for: Single
07:28:15.694 [main] INFO  - Selected residence: NSW
07:28:16.470 [main] INFO  - Selected annual income: Below $97k
07:29:26.063 [main] INFO  - Browser selected: chrome
07:29:29.122 [main] INFO  - ChromeDriver initialized.
07:29:32.109 [main] INFO  - Navigated to URL: https://dms.uat.doctorshealthfund.com.au/
07:29:32.159 [main] INFO  - Navigating to the quote page.
07:29:32.214 [main] INFO  - Page title: Private Health Insurance for Doctors | Doctors' Health Fund
07:29:32.220 [main] INFO  - Clicking the 'Get Quote' button.
07:29:32.452 [main] INFO  - 'Get Quote' button clicked successfully.
07:29:33.215 [main] INFO  - Selected cover for: Single
07:29:33.555 [main] INFO  - Selected residence: NSW
07:29:34.360 [main] INFO  - Selected annual income: Below $97k
07:29:49.122 [main] INFO  - Selected 'Mr' from dropdown.
07:32:13.942 [main] INFO  - Browser selected: chrome
07:32:16.702 [main] INFO  - ChromeDriver initialized.
07:32:19.847 [main] INFO  - Navigated to URL: https://dms.uat.doctorshealthfund.com.au/
07:32:19.897 [main] INFO  - Navigating to the quote page.
07:32:19.939 [main] INFO  - Page title: Private Health Insurance for Doctors | Doctors' Health Fund
07:32:19.943 [main] INFO  - Clicking the 'Get Quote' button.
07:32:20.251 [main] INFO  - 'Get Quote' button clicked successfully.
07:32:21.622 [main] INFO  - Selected cover for: Single
07:32:21.868 [main] INFO  - Selected residence: NSW
07:32:22.638 [main] INFO  - Selected annual income: Below $97k
07:32:53.318 [main] INFO  - Browser selected: chrome
07:32:56.065 [main] INFO  - ChromeDriver initialized.
07:32:56.653 [main] INFO  - Navigated to URL: https://dms.uat.doctorshealthfund.com.au/
07:32:56.715 [main] INFO  - Navigating to the quote page.
07:32:59.531 [main] INFO  - Page title: Private Health Insurance for Doctors | Doctors' Health Fund
07:32:59.537 [main] INFO  - Clicking the 'Get Quote' button.
07:32:59.785 [main] INFO  - 'Get Quote' button clicked successfully.
07:33:00.418 [main] INFO  - Selected cover for: Single
07:33:00.790 [main] INFO  - Selected residence: NSW
07:33:01.822 [main] INFO  - Selected annual income: Below $97k
07:40:33.983 [main] INFO  - Browser selected: chrome
07:40:36.915 [main] INFO  - ChromeDriver initialized.
07:40:40.393 [main] INFO  - Navigated to URL: https://dms.uat.doctorshealthfund.com.au/
07:40:40.457 [main] INFO  - Navigating to the quote page.
07:40:40.487 [main] INFO  - Page title: Private Health Insurance for Doctors | Doctors' Health Fund
07:40:40.493 [main] INFO  - Clicking the 'Get Quote' button.
07:40:40.727 [main] INFO  - 'Get Quote' button clicked successfully.
07:40:42.008 [main] INFO  - Selected cover for: Single
07:40:42.254 [main] INFO  - Selected residence: NSW
07:40:42.994 [main] INFO  - Selected annual income: Below $97k
07:41:34.695 [main] INFO  - Browser selected: chrome
07:41:37.832 [main] INFO  - ChromeDriver initialized.
07:41:40.788 [main] INFO  - Navigated to URL: https://dms.uat.doctorshealthfund.com.au/
07:41:40.840 [main] INFO  - Navigating to the quote page.
07:41:40.878 [main] INFO  - Page title: Private Health Insurance for Doctors | Doctors' Health Fund
07:41:40.883 [main] INFO  - Clicking the 'Get Quote' button.
07:41:54.990 [main] INFO  - Browser selected: chrome
07:41:57.899 [main] INFO  - ChromeDriver initialized.
07:42:01.527 [main] INFO  - Navigated to URL: https://dms.uat.doctorshealthfund.com.au/
07:42:01.572 [main] INFO  - Navigating to the quote page.
07:42:01.681 [main] INFO  - Page title: Private Health Insurance for Doctors | Doctors' Health Fund
07:42:01.686 [main] INFO  - Clicking the 'Get Quote' button.
07:42:02.038 [main] INFO  - 'Get Quote' button clicked successfully.
07:42:03.547 [main] INFO  - Selected cover for: Single
07:42:03.798 [main] INFO  - Selected residence: NSW
07:42:04.639 [main] INFO  - Selected annual income: Below $97k
07:43:57.166 [main] INFO  - Browser selected: chrome
07:44:00.166 [main] INFO  - ChromeDriver initialized.
07:44:00.981 [main] INFO  - Navigated to URL: https://dms.uat.doctorshealthfund.com.au/
07:44:01.055 [main] INFO  - Navigating to the quote page.
07:44:03.896 [main] INFO  - Page title: Private Health Insurance for Doctors | Doctors' Health Fund
07:44:03.901 [main] INFO  - Clicking the 'Get Quote' button.
07:44:04.239 [main] INFO  - 'Get Quote' button clicked successfully.
07:44:04.841 [main] INFO  - Selected cover for: Single
07:44:05.381 [main] INFO  - Selected residence: NSW
07:44:06.435 [main] INFO  - Selected annual income: Below $97k
07:44:39.447 [main] INFO  - Selected 'Mr' from dropdown.
07:46:10.248 [main] INFO  - Browser selected: chrome
07:46:13.980 [main] INFO  - ChromeDriver initialized.
07:46:17.549 [main] INFO  - Navigated to URL: https://dms.uat.doctorshealthfund.com.au/
07:46:17.608 [main] INFO  - Navigating to the quote page.
07:46:17.648 [main] INFO  - Page title: Private Health Insurance for Doctors | Doctors' Health Fund
07:46:17.653 [main] INFO  - Clicking the 'Get Quote' button.
07:46:17.865 [main] INFO  - 'Get Quote' button clicked successfully.
07:46:18.489 [main] INFO  - Selected cover for: Single
07:46:18.842 [main] INFO  - Selected residence: NSW
07:46:19.624 [main] INFO  - Selected annual income: Below $97k
07:48:20.512 [main] INFO  - Browser selected: chrome
07:48:24.341 [main] INFO  - ChromeDriver initialized.
07:48:28.726 [main] INFO  - Navigated to URL: https://dms.uat.doctorshealthfund.com.au/
07:48:28.793 [main] INFO  - Navigating to the quote page.
07:48:28.879 [main] INFO  - Page title: Private Health Insurance for Doctors | Doctors' Health Fund
07:48:28.886 [main] INFO  - Clicking the 'Get Quote' button.
07:48:29.371 [main] INFO  - 'Get Quote' button clicked successfully.
07:48:30.784 [main] INFO  - Selected cover for: Single
07:48:31.105 [main] INFO  - Selected residence: NSW
07:48:31.966 [main] INFO  - Selected annual income: Below $97k
08:34:47.216 [main] INFO  - Browser selected: chrome
08:34:50.775 [main] INFO  - ChromeDriver initialized.
08:34:56.986 [main] INFO  - Navigated to URL: https://dms.uat.doctorshealthfund.com.au/
08:34:57.068 [main] INFO  - Navigating to the quote page.
08:34:57.347 [main] INFO  - Page title: Private Health Insurance for Doctors | Doctors' Health Fund
08:34:57.353 [main] INFO  - Clicking the 'Get Quote' button.
08:34:57.595 [main] INFO  - 'Get Quote' button clicked successfully.
08:34:58.785 [main] INFO  - Selected cover for: Single
08:34:59.078 [main] INFO  - Selected residence: NSW
08:34:59.834 [main] INFO  - Selected annual income: Below $97k
08:37:08.410 [main] INFO  - Browser selected: chrome
08:37:11.811 [main] INFO  - ChromeDriver initialized.
08:37:15.227 [main] INFO  - Navigated to URL: https://dms.uat.doctorshealthfund.com.au/
08:37:15.281 [main] INFO  - Navigating to the quote page.
08:37:15.321 [main] INFO  - Page title: Private Health Insurance for Doctors | Doctors' Health Fund
08:37:15.327 [main] INFO  - Clicking the 'Get Quote' button.
08:37:15.740 [main] INFO  - 'Get Quote' button clicked successfully.
08:37:17.315 [main] INFO  - Selected cover for: Single
08:37:17.610 [main] INFO  - Selected residence: NSW
08:37:18.401 [main] INFO  - Selected annual income: Below $97k
08:49:33.283 [main] INFO  - Browser selected: chrome
08:49:36.452 [main] INFO  - ChromeDriver initialized.
08:49:39.769 [main] INFO  - Navigated to URL: https://dms.uat.doctorshealthfund.com.au/
08:49:39.824 [main] INFO  - Navigating to the quote page.
08:49:39.869 [main] INFO  - Page title: Private Health Insurance for Doctors | Doctors' Health Fund
08:49:39.877 [main] INFO  - Clicking the 'Get Quote' button.
08:49:40.104 [main] INFO  - 'Get Quote' button clicked successfully.
08:49:40.721 [main] INFO  - Selected cover for: Single
08:49:41.098 [main] INFO  - Selected residence: NSW
08:49:41.985 [main] INFO  - Selected annual income: Below $97k
08:49:52.665 [main] INFO  - Selected 'Mr' from dropdown.
08:51:08.146 [main] INFO  - Browser selected: chrome
08:51:11.174 [main] INFO  - ChromeDriver initialized.
08:51:11.860 [main] INFO  - Navigated to URL: https://dms.uat.doctorshealthfund.com.au/
08:51:11.920 [main] INFO  - Navigating to the quote page.
08:51:13.173 [main] INFO  - Page title: Private Health Insurance for Doctors | Doctors' Health Fund
08:51:13.184 [main] INFO  - Clicking the 'Get Quote' button.
08:51:14.387 [main] INFO  - 'Get Quote' button clicked successfully.
08:51:15.352 [main] INFO  - Selected cover for: Single
08:51:15.636 [main] INFO  - Selected residence: NSW
08:51:16.403 [main] INFO  - Selected annual income: Below $97k
08:51:27.080 [main] INFO  - Selected 'Mr' from dropdown.
09:00:06.184 [main] INFO  - Browser selected: chrome
09:00:10.308 [main] INFO  - ChromeDriver initialized.
09:00:13.209 [main] INFO  - Navigated to URL: https://dms.uat.doctorshealthfund.com.au/
09:00:13.265 [main] INFO  - Navigating to the quote page.
09:00:13.302 [main] INFO  - Page title: Private Health Insurance for Doctors | Doctors' Health Fund
09:00:13.307 [main] INFO  - Clicking the 'Get Quote' button.
09:00:13.664 [main] INFO  - 'Get Quote' button clicked successfully.
09:00:14.912 [main] INFO  - Selected cover for: Single
09:00:15.184 [main] INFO  - Selected residence: NSW
09:00:15.924 [main] INFO  - Selected annual income: Below $97k
09:01:14.512 [main] INFO  - Browser selected: chrome
09:01:17.344 [main] INFO  - ChromeDriver initialized.
09:01:20.217 [main] INFO  - Navigated to URL: https://dms.uat.doctorshealthfund.com.au/
09:01:20.266 [main] INFO  - Navigating to the quote page.
09:01:20.305 [main] INFO  - Page title: Private Health Insurance for Doctors | Doctors' Health Fund
09:01:20.310 [main] INFO  - Clicking the 'Get Quote' button.
09:01:35.182 [main] INFO  - Browser selected: chrome
09:01:38.126 [main] INFO  - ChromeDriver initialized.
09:01:41.783 [main] INFO  - Navigated to URL: https://dms.uat.doctorshealthfund.com.au/
09:01:41.833 [main] INFO  - Navigating to the quote page.
09:01:41.874 [main] INFO  - Page title: Private Health Insurance for Doctors | Doctors' Health Fund
09:01:41.878 [main] INFO  - Clicking the 'Get Quote' button.
09:01:42.138 [main] INFO  - 'Get Quote' button clicked successfully.
09:01:43.505 [main] INFO  - Selected cover for: Single
09:01:43.759 [main] INFO  - Selected residence: NSW
09:01:44.524 [main] INFO  - Selected annual income: Below $97k
09:09:17.179 [main] INFO  - Browser selected: chrome
09:09:20.155 [main] INFO  - ChromeDriver initialized.
09:09:24.000 [main] INFO  - Navigated to URL: https://dms.uat.doctorshealthfund.com.au/
09:09:24.070 [main] INFO  - Navigating to the quote page.
09:09:24.128 [main] INFO  - Page title: Private Health Insurance for Doctors | Doctors' Health Fund
09:09:24.133 [main] INFO  - Clicking the 'Get Quote' button.
09:09:24.339 [main] INFO  - 'Get Quote' button clicked successfully.
09:09:25.507 [main] INFO  - Selected cover for: Single
09:09:25.771 [main] INFO  - Selected residence: NSW
09:09:26.525 [main] INFO  - Selected annual income: Below $97k
09:19:50.167 [main] INFO  - Browser selected: chrome
09:19:53.324 [main] INFO  - ChromeDriver initialized.
09:19:56.652 [main] INFO  - Navigated to URL: https://dms.uat.doctorshealthfund.com.au/
09:19:56.705 [main] INFO  - Navigating to the quote page.
09:19:56.752 [main] INFO  - Page title: Private Health Insurance for Doctors | Doctors' Health Fund
09:19:56.757 [main] INFO  - Clicking the 'Get Quote' button.
09:19:57.015 [main] INFO  - 'Get Quote' button clicked successfully.
09:19:57.532 [main] INFO  - Selected cover for: Single
09:19:57.855 [main] INFO  - Selected residence: NSW
09:19:58.702 [main] INFO  - Selected annual income: Below $97k
09:20:39.223 [main] INFO  - Browser selected: chrome
09:20:42.183 [main] INFO  - ChromeDriver initialized.
09:20:45.585 [main] INFO  - Navigated to URL: https://dms.uat.doctorshealthfund.com.au/
09:20:45.661 [main] INFO  - Navigating to the quote page.
09:20:45.699 [main] INFO  - Page title: Private Health Insurance for Doctors | Doctors' Health Fund
09:20:45.706 [main] INFO  - Clicking the 'Get Quote' button.
09:20:45.938 [main] INFO  - 'Get Quote' button clicked successfully.
09:20:46.555 [main] INFO  - Selected cover for: Single
09:20:46.867 [main] INFO  - Selected residence: NSW
09:20:47.646 [main] INFO  - Selected annual income: Below $97k
09:30:52.686 [main] INFO  - Browser selected: chrome
09:30:55.794 [main] INFO  - ChromeDriver initialized.
09:31:01.686 [main] INFO  - Navigated to URL: https://dms.uat.doctorshealthfund.com.au/
09:31:01.737 [main] INFO  - Navigating to the quote page.
09:31:01.825 [main] INFO  - Page title: Private Health Insurance for Doctors | Doctors' Health Fund
09:31:01.830 [main] INFO  - Clicking the 'Get Quote' button.
09:31:02.082 [main] INFO  - 'Get Quote' button clicked successfully.
09:31:02.906 [main] INFO  - Selected cover for: Single
09:31:03.304 [main] INFO  - Selected residence: NSW
09:31:04.334 [main] INFO  - Selected annual income: Below $97k
09:31:13.285 [main] INFO  - click on continue button
09:34:48.272 [main] INFO  - Browser selected: chrome
09:34:52.127 [main] INFO  - ChromeDriver initialized.
09:34:55.551 [main] INFO  - Navigated to URL: https://dms.uat.doctorshealthfund.com.au/
09:34:55.620 [main] INFO  - Navigating to the quote page.
09:34:55.668 [main] INFO  - Page title: Private Health Insurance for Doctors | Doctors' Health Fund
09:34:55.673 [main] INFO  - Clicking the 'Get Quote' button.
09:34:55.946 [main] INFO  - 'Get Quote' button clicked successfully.
09:34:57.495 [main] INFO  - Selected cover for: Single
09:34:57.813 [main] INFO  - Selected residence: NSW
09:34:58.602 [main] INFO  - Selected annual income: Below $97k
09:35:07.215 [main] INFO  - click on continue button
09:36:55.865 [main] INFO  - Browser selected: chrome
09:37:00.871 [main] INFO  - ChromeDriver initialized.
09:37:08.411 [main] INFO  - Navigated to URL: https://dms.uat.doctorshealthfund.com.au/
09:37:08.459 [main] INFO  - Navigating to the quote page.
09:37:08.499 [main] INFO  - Page title: Private Health Insurance for Doctors | Doctors' Health Fund
09:37:08.504 [main] INFO  - Clicking the 'Get Quote' button.
09:37:08.769 [main] INFO  - 'Get Quote' button clicked successfully.
09:37:10.238 [main] INFO  - Selected cover for: Single
09:37:10.564 [main] INFO  - Selected residence: NSW
09:37:11.629 [main] INFO  - Selected annual income: Below $97k
09:37:20.560 [main] INFO  - click on continue button
09:41:19.655 [main] INFO  - Browser selected: chrome
09:41:23.014 [main] INFO  - ChromeDriver initialized.
09:41:29.484 [main] INFO  - Navigated to URL: https://dms.uat.doctorshealthfund.com.au/
09:41:29.555 [main] INFO  - Navigating to the quote page.
09:41:29.590 [main] INFO  - Page title: Private Health Insurance for Doctors | Doctors' Health Fund
09:41:29.596 [main] INFO  - Clicking the 'Get Quote' button.
09:41:29.965 [main] INFO  - 'Get Quote' button clicked successfully.
09:41:30.552 [main] INFO  - Selected cover for: Single
09:41:30.865 [main] INFO  - Selected residence: NSW
09:41:31.795 [main] INFO  - Selected annual income: Below $97k
09:41:40.463 [main] INFO  - click on continue button
09:55:08.632 [main] INFO  - Browser selected: chrome
09:55:11.496 [main] INFO  - ChromeDriver initialized.
09:55:23.430 [main] INFO  - Navigated to URL: https://dms.uat.doctorshealthfund.com.au/
09:55:23.482 [main] INFO  - Navigating to the quote page.
09:55:23.509 [main] INFO  - Page title: Private Health Insurance for Doctors | Doctors' Health Fund
09:55:23.517 [main] INFO  - Clicking the 'Get Quote' button.
09:55:23.806 [main] INFO  - 'Get Quote' button clicked successfully.
09:55:25.200 [main] INFO  - Selected cover for: Single
09:55:25.528 [main] INFO  - Selected residence: NSW
09:55:26.349 [main] INFO  - Selected annual income: Below $97k
09:56:03.927 [main] INFO  - Browser selected: chrome
09:56:06.477 [main] INFO  - ChromeDriver initialized.
09:56:11.301 [main] INFO  - Navigated to URL: https://dms.uat.doctorshealthfund.com.au/
09:56:11.350 [main] INFO  - Navigating to the quote page.
09:56:11.400 [main] INFO  - Page title: Private Health Insurance for Doctors | Doctors' Health Fund
09:56:11.411 [main] INFO  - Clicking the 'Get Quote' button.
09:56:11.670 [main] INFO  - 'Get Quote' button clicked successfully.
09:56:12.276 [main] INFO  - Selected cover for: Single
09:56:12.612 [main] INFO  - Selected residence: NSW
09:56:13.661 [main] INFO  - Selected annual income: Below $97k
09:58:18.022 [main] INFO  - Browser selected: chrome
09:58:21.586 [main] INFO  - ChromeDriver initialized.
09:58:32.982 [main] INFO  - Navigated to URL: https://dms.uat.doctorshealthfund.com.au/
09:58:33.053 [main] INFO  - Navigating to the quote page.
09:58:33.091 [main] INFO  - Page title: Private Health Insurance for Doctors | Doctors' Health Fund
09:58:33.097 [main] INFO  - Clicking the 'Get Quote' button.
09:58:33.361 [main] INFO  - 'Get Quote' button clicked successfully.
09:58:34.873 [main] INFO  - Selected cover for: Single
09:58:35.179 [main] INFO  - Selected residence: NSW
09:58:36.108 [main] INFO  - Selected annual income: Below $97k
10:19:00.416 [main] INFO  - Browser selected: chrome
10:19:03.236 [main] INFO  - ChromeDriver initialized.
10:19:09.580 [main] INFO  - Navigated to URL: https://dms.uat.doctorshealthfund.com.au/
10:19:09.681 [main] INFO  - Navigating to the quote page.
10:19:09.857 [main] INFO  - Page title: Private Health Insurance for Doctors | Doctors' Health Fund
10:19:09.862 [main] INFO  - Clicking the 'Get Quote' button.
10:19:10.140 [main] INFO  - 'Get Quote' button clicked successfully.
10:19:11.326 [main] INFO  - Selected cover for: Single
10:19:11.578 [main] INFO  - Selected residence: NSW
10:19:12.325 [main] INFO  - Selected annual income: Below $97k
10:19:15.757 [main] INFO  - click on continue button
10:20:12.362 [main] INFO  - Browser selected: chrome
10:20:15.168 [main] INFO  - ChromeDriver initialized.
10:20:15.741 [main] INFO  - Navigated to URL: https://dms.uat.doctorshealthfund.com.au/
10:20:15.798 [main] INFO  - Navigating to the quote page.
10:20:21.652 [main] INFO  - Page title: Private Health Insurance for Doctors | Doctors' Health Fund
10:20:21.657 [main] INFO  - Clicking the 'Get Quote' button.
10:20:21.914 [main] INFO  - 'Get Quote' button clicked successfully.
10:20:23.408 [main] INFO  - Selected cover for: Single
10:20:23.719 [main] INFO  - Selected residence: NSW
10:20:24.480 [main] INFO  - Selected annual income: Below $97k
10:20:33.794 [main] INFO  - click on continue button
10:21:24.235 [main] INFO  - Browser selected: chrome
10:21:26.917 [main] INFO  - ChromeDriver initialized.
10:21:31.360 [main] INFO  - Navigated to URL: https://dms.uat.doctorshealthfund.com.au/
10:21:31.414 [main] INFO  - Navigating to the quote page.
10:21:31.449 [main] INFO  - Page title: Private Health Insurance for Doctors | Doctors' Health Fund
10:21:31.454 [main] INFO  - Clicking the 'Get Quote' button.
10:21:31.752 [main] INFO  - 'Get Quote' button clicked successfully.
10:21:33.359 [main] INFO  - Selected cover for: Single
10:21:33.740 [main] INFO  - Selected residence: NSW
10:21:34.739 [main] INFO  - Selected annual income: Below $97k
10:21:40.822 [main] INFO  - click on continue button
10:22:15.938 [main] INFO  - Browser selected: chrome
10:22:18.964 [main] INFO  - ChromeDriver initialized.
10:22:20.874 [main] INFO  - Navigated to URL: https://dms.uat.doctorshealthfund.com.au/
10:22:20.972 [main] INFO  - Navigating to the quote page.
10:22:21.021 [main] INFO  - Page title: Private Health Insurance for Doctors | Doctors' Health Fund
10:22:21.027 [main] INFO  - Clicking the 'Get Quote' button.
10:22:22.079 [main] INFO  - 'Get Quote' button clicked successfully.
10:22:23.510 [main] INFO  - Selected cover for: Single
10:22:23.861 [main] INFO  - Selected residence: NSW
10:22:24.819 [main] INFO  - Selected annual income: Below $97k
10:22:29.572 [main] INFO  - click on continue button
10:28:03.528 [main] INFO  - Browser selected: chrome
10:28:07.098 [main] INFO  - ChromeDriver initialized.
10:28:11.710 [main] INFO  - Navigated to URL: https://dms.uat.doctorshealthfund.com.au/
10:28:11.765 [main] INFO  - Navigating to the quote page.
10:28:11.801 [main] INFO  - Page title: Private Health Insurance for Doctors | Doctors' Health Fund
10:28:11.805 [main] INFO  - Clicking the 'Get Quote' button.
10:28:12.030 [main] INFO  - 'Get Quote' button clicked successfully.
10:28:12.555 [main] INFO  - Selected cover for: Single
10:28:12.963 [main] INFO  - Selected residence: NSW
10:28:13.801 [main] INFO  - Selected annual income: Below $97k
10:33:49.876 [main] INFO  - Browser selected: chrome
10:33:53.017 [main] INFO  - ChromeDriver initialized.
10:33:57.980 [main] INFO  - Navigated to URL: https://dms.uat.doctorshealthfund.com.au/
10:33:58.035 [main] INFO  - Navigating to the quote page.
10:33:58.080 [main] INFO  - Page title: Private Health Insurance for Doctors | Doctors' Health Fund
10:33:58.086 [main] INFO  - Clicking the 'Get Quote' button.
10:33:58.426 [main] INFO  - 'Get Quote' button clicked successfully.
10:33:59.072 [main] INFO  - Selected cover for: Single
10:33:59.429 [main] INFO  - Selected residence: NSW
10:34:00.441 [main] INFO  - Selected annual income: Below $97k
10:35:53.052 [main] INFO  - Browser selected: chrome
10:35:56.844 [main] INFO  - ChromeDriver initialized.
10:36:00.405 [main] INFO  - Navigated to URL: https://dms.uat.doctorshealthfund.com.au/
10:36:00.463 [main] INFO  - Navigating to the quote page.
10:36:00.498 [main] INFO  - Page title: Private Health Insurance for Doctors | Doctors' Health Fund
10:36:00.505 [main] INFO  - Clicking the 'Get Quote' button.
10:36:00.826 [main] INFO  - 'Get Quote' button clicked successfully.
10:36:02.027 [main] INFO  - Selected cover for: Single
10:36:02.404 [main] INFO  - Selected residence: NSW
10:36:03.384 [main] INFO  - Selected annual income: Below $97k
10:40:04.356 [main] INFO  - Browser selected: chrome
